[1.986s] Invoking command in '/root/deepracer_ws/aws-deepracer-launcher/aws-deepracer-status-led-pkg/status_led_pkg': AMENT_PREFIX_PATH=/root/deepracer_ws/aws-deepracer-launcher/install/deepracer_interfaces_pkg CMAKE_PREFIX_PATH=/root/deepracer_ws/aws-deepracer-launcher/install/deepracer_interfaces_pkg LD_LIBRARY_PATH=/root/deepracer_ws/aws-deepracer-launcher/install/deepracer_interfaces_pkg/lib PYTHONPATH=/root/deepracer_ws/aws-deepracer-launcher/install/status_led_pkg/lib/python3.8/site-packages:/root/deepracer_ws/aws-deepracer-launcher/install/deepracer_interfaces_pkg/lib/python3.8/site-packages /usr/bin/python3 setup.py egg_info --egg-base ../../build/status_led_pkg build --build-base /root/deepracer_ws/aws-deepracer-launcher/build/status_led_pkg/build install --prefix /root/deepracer_ws/aws-deepracer-launcher/install/status_led_pkg --record /root/deepracer_ws/aws-deepracer-launcher/build/status_led_pkg/install.log --single-version-externally-managed
[3.716s] running egg_info
[3.718s] writing ../../build/status_led_pkg/status_led_pkg.egg-info/PKG-INFO
[3.728s] writing dependency_links to ../../build/status_led_pkg/status_led_pkg.egg-info/dependency_links.txt
[3.728s] writing entry points to ../../build/status_led_pkg/status_led_pkg.egg-info/entry_points.txt
[3.729s] writing requirements to ../../build/status_led_pkg/status_led_pkg.egg-info/requires.txt
[3.729s] writing top-level names to ../../build/status_led_pkg/status_led_pkg.egg-info/top_level.txt
[3.933s] reading manifest file '../../build/status_led_pkg/status_led_pkg.egg-info/SOURCES.txt'
[3.938s] writing manifest file '../../build/status_led_pkg/status_led_pkg.egg-info/SOURCES.txt'
[3.946s] running build
[3.947s] running build_py
[3.947s] running install
[3.947s] running install_lib
[3.951s] running install_data
[3.959s] running install_egg_info
[3.964s] removing '/root/deepracer_ws/aws-deepracer-launcher/install/status_led_pkg/lib/python3.8/site-packages/status_led_pkg-0.0.1-py3.8.egg-info' (and everything under it)
[3.965s] Copying ../../build/status_led_pkg/status_led_pkg.egg-info to /root/deepracer_ws/aws-deepracer-launcher/install/status_led_pkg/lib/python3.8/site-packages/status_led_pkg-0.0.1-py3.8.egg-info
[3.980s] running install_scripts
[4.081s] Installing status_led_node script to /root/deepracer_ws/aws-deepracer-launcher/install/status_led_pkg/lib/status_led_pkg
[4.081s] writing list of installed files to '/root/deepracer_ws/aws-deepracer-launcher/build/status_led_pkg/install.log'
[4.209s] Invoked command in '/root/deepracer_ws/aws-deepracer-launcher/aws-deepracer-status-led-pkg/status_led_pkg' returned '0': AMENT_PREFIX_PATH=/root/deepracer_ws/aws-deepracer-launcher/install/deepracer_interfaces_pkg CMAKE_PREFIX_PATH=/root/deepracer_ws/aws-deepracer-launcher/install/deepracer_interfaces_pkg LD_LIBRARY_PATH=/root/deepracer_ws/aws-deepracer-launcher/install/deepracer_interfaces_pkg/lib PYTHONPATH=/root/deepracer_ws/aws-deepracer-launcher/install/status_led_pkg/lib/python3.8/site-packages:/root/deepracer_ws/aws-deepracer-launcher/install/deepracer_interfaces_pkg/lib/python3.8/site-packages /usr/bin/python3 setup.py egg_info --egg-base ../../build/status_led_pkg build --build-base /root/deepracer_ws/aws-deepracer-launcher/build/status_led_pkg/build install --prefix /root/deepracer_ws/aws-deepracer-launcher/install/status_led_pkg --record /root/deepracer_ws/aws-deepracer-launcher/build/status_led_pkg/install.log --single-version-externally-managed
