[0.048s] Invoking command in '/root/deepracer_ws/aws-deepracer-launcher/build/inference_pkg': AMENT_PREFIX_PATH=/root/deepracer_ws/aws-deepracer-launcher/install/deepracer_interfaces_pkg CMAKE_PREFIX_PATH=/root/deepracer_ws/aws-deepracer-launcher/install/deepracer_interfaces_pkg LD_LIBRARY_PATH=/root/deepracer_ws/aws-deepracer-launcher/install/deepracer_interfaces_pkg/lib PYTHONPATH=/root/deepracer_ws/aws-deepracer-launcher/install/deepracer_interfaces_pkg/lib/python3.8/site-packages /usr/bin/cmake --build /root/deepracer_ws/aws-deepracer-launcher/build/inference_pkg -- -j2 -l2
[0.696s] [35m[1mScanning dependencies of target inference_node[0m
[1.009s] [ 25%] [32mBuilding CXX object CMakeFiles/inference_node.dir/src/intel_inference_eng.cpp.o[0m
[2.848s] [01m[K/root/deepracer_ws/aws-deepracer-launcher/aws-deepracer-inference-pkg/inference_pkg/src/intel_inference_eng.cpp:175:2:[m[K [01;35m[Kwarning: [m[K"/*" within comment [[01;35m[K-Wcomment[m[K]
[2.849s]   175 |  /*
[2.850s]       |   
[21.814s] [01m[K/root/deepracer_ws/aws-deepracer-launcher/aws-deepracer-inference-pkg/inference_pkg/src/intel_inference_eng.cpp:[m[K In function ‘[01m[Kvoid {anonymous}::loadLidarData(float*, const std::vector<float>&)[m[K’:
[21.814s] [01m[K/root/deepracer_ws/aws-deepracer-launcher/aws-deepracer-inference-pkg/inference_pkg/src/intel_inference_eng.cpp:262:25:[m[K [01;35m[Kwarning: [m[Kunused variable ‘[01m[Klidar_value[m[K’ [[01;35m[K-Wunused-variable[m[K]
[21.815s]   262 |         for(const auto& [01;35m[Klidar_value[m[K : lidar_data) {
[21.815s]       |                         [01;35m[K^~~~~~~~~~~[m[K
[44.025s] [ 50%] [32m[1mLinking CXX executable inference_node[0m
[49.905s] [100%] Built target inference_node
[49.944s] Invoked command in '/root/deepracer_ws/aws-deepracer-launcher/build/inference_pkg' returned '0': AMENT_PREFIX_PATH=/root/deepracer_ws/aws-deepracer-launcher/install/deepracer_interfaces_pkg CMAKE_PREFIX_PATH=/root/deepracer_ws/aws-deepracer-launcher/install/deepracer_interfaces_pkg LD_LIBRARY_PATH=/root/deepracer_ws/aws-deepracer-launcher/install/deepracer_interfaces_pkg/lib PYTHONPATH=/root/deepracer_ws/aws-deepracer-launcher/install/deepracer_interfaces_pkg/lib/python3.8/site-packages /usr/bin/cmake --build /root/deepracer_ws/aws-deepracer-launcher/build/inference_pkg -- -j2 -l2
[50.004s] Invoking command in '/root/deepracer_ws/aws-deepracer-launcher/build/inference_pkg': AMENT_PREFIX_PATH=/root/deepracer_ws/aws-deepracer-launcher/install/deepracer_interfaces_pkg CMAKE_PREFIX_PATH=/root/deepracer_ws/aws-deepracer-launcher/install/deepracer_interfaces_pkg LD_LIBRARY_PATH=/root/deepracer_ws/aws-deepracer-launcher/install/deepracer_interfaces_pkg/lib PYTHONPATH=/root/deepracer_ws/aws-deepracer-launcher/install/deepracer_interfaces_pkg/lib/python3.8/site-packages /usr/bin/cmake --install /root/deepracer_ws/aws-deepracer-launcher/build/inference_pkg
[50.205s] -- Install configuration: ""
[50.205s] -- Installing: /root/deepracer_ws/aws-deepracer-launcher/install/inference_pkg/lib/inference_pkg/inference_node
[50.225s] -- Set runtime path of "/root/deepracer_ws/aws-deepracer-launcher/install/inference_pkg/lib/inference_pkg/inference_node" to ""
[50.227s] -- Up-to-date: /root/deepracer_ws/aws-deepracer-launcher/install/inference_pkg/include
[50.227s] -- Up-to-date: /root/deepracer_ws/aws-deepracer-launcher/install/inference_pkg/include/inference_pkg
[50.228s] -- Up-to-date: /root/deepracer_ws/aws-deepracer-launcher/install/inference_pkg/include/inference_pkg/image_process.hpp
[50.229s] -- Up-to-date: /root/deepracer_ws/aws-deepracer-launcher/install/inference_pkg/include/inference_pkg/inference_base.hpp
[50.230s] -- Up-to-date: /root/deepracer_ws/aws-deepracer-launcher/install/inference_pkg/include/inference_pkg/intel_inference_eng.hpp
[50.231s] -- Up-to-date: /root/deepracer_ws/aws-deepracer-launcher/install/inference_pkg/share/inference_pkg//launch
[50.231s] -- Up-to-date: /root/deepracer_ws/aws-deepracer-launcher/install/inference_pkg/share/inference_pkg//launch/inference_pkg_launch.py
[50.232s] -- Up-to-date: /root/deepracer_ws/aws-deepracer-launcher/install/inference_pkg/share/inference_pkg//launch/log
[50.233s] -- Up-to-date: /root/deepracer_ws/aws-deepracer-launcher/install/inference_pkg/share/inference_pkg//launch/log/build_2022-06-18_03-00-47
[50.233s] -- Up-to-date: /root/deepracer_ws/aws-deepracer-launcher/install/inference_pkg/share/inference_pkg//launch/log/build_2022-06-18_03-00-47/logger_all.log
[50.234s] -- Up-to-date: /root/deepracer_ws/aws-deepracer-launcher/install/inference_pkg/share/inference_pkg//launch/log/build_2022-06-18_03-00-47/events.log
[50.234s] -- Up-to-date: /root/deepracer_ws/aws-deepracer-launcher/install/inference_pkg/share/inference_pkg//launch/log/COLCON_IGNORE
[50.235s] -- Up-to-date: /root/deepracer_ws/aws-deepracer-launcher/install/inference_pkg/share/inference_pkg//launch/log/latest_build
[50.235s] -- Up-to-date: /root/deepracer_ws/aws-deepracer-launcher/install/inference_pkg/share/inference_pkg//launch/log/latest
[50.236s] -- Up-to-date: /root/deepracer_ws/aws-deepracer-launcher/install/inference_pkg/share/inference_pkg//launch/build
[50.237s] -- Up-to-date: /root/deepracer_ws/aws-deepracer-launcher/install/inference_pkg/share/inference_pkg//launch/build/.built_by
[50.237s] -- Up-to-date: /root/deepracer_ws/aws-deepracer-launcher/install/inference_pkg/share/inference_pkg//launch/build/COLCON_IGNORE
[50.237s] -- Up-to-date: /root/deepracer_ws/aws-deepracer-launcher/install/inference_pkg/share/inference_pkg//launch/install
[50.238s] -- Up-to-date: /root/deepracer_ws/aws-deepracer-launcher/install/inference_pkg/share/inference_pkg//launch/install/.colcon_install_layout
[50.241s] -- Up-to-date: /root/deepracer_ws/aws-deepracer-launcher/install/inference_pkg/share/inference_pkg//launch/install/COLCON_IGNORE
[50.241s] -- Up-to-date: /root/deepracer_ws/aws-deepracer-launcher/install/inference_pkg/share/inference_pkg//launch/install/local_setup.ps1
[50.241s] -- Up-to-date: /root/deepracer_ws/aws-deepracer-launcher/install/inference_pkg/share/inference_pkg//launch/install/_local_setup_util_ps1.py
[50.242s] -- Up-to-date: /root/deepracer_ws/aws-deepracer-launcher/install/inference_pkg/share/inference_pkg//launch/install/setup.ps1
[50.242s] -- Up-to-date: /root/deepracer_ws/aws-deepracer-launcher/install/inference_pkg/share/inference_pkg//launch/install/local_setup.sh
[50.243s] -- Up-to-date: /root/deepracer_ws/aws-deepracer-launcher/install/inference_pkg/share/inference_pkg//launch/install/_local_setup_util_sh.py
[50.244s] -- Up-to-date: /root/deepracer_ws/aws-deepracer-launcher/install/inference_pkg/share/inference_pkg//launch/install/setup.sh
[50.244s] -- Up-to-date: /root/deepracer_ws/aws-deepracer-launcher/install/inference_pkg/share/inference_pkg//launch/install/local_setup.bash
[50.244s] -- Up-to-date: /root/deepracer_ws/aws-deepracer-launcher/install/inference_pkg/share/inference_pkg//launch/install/setup.bash
[50.245s] -- Up-to-date: /root/deepracer_ws/aws-deepracer-launcher/install/inference_pkg/share/inference_pkg//launch/install/local_setup.zsh
[50.245s] -- Up-to-date: /root/deepracer_ws/aws-deepracer-launcher/install/inference_pkg/share/inference_pkg//launch/install/setup.zsh
[50.245s] -- Up-to-date: /root/deepracer_ws/aws-deepracer-launcher/install/inference_pkg/share/ament_index/resource_index/package_run_dependencies/inference_pkg
[50.246s] -- Up-to-date: /root/deepracer_ws/aws-deepracer-launcher/install/inference_pkg/share/ament_index/resource_index/parent_prefix_path/inference_pkg
[50.246s] -- Up-to-date: /root/deepracer_ws/aws-deepracer-launcher/install/inference_pkg/share/inference_pkg/environment/ament_prefix_path.sh
[50.246s] -- Up-to-date: /root/deepracer_ws/aws-deepracer-launcher/install/inference_pkg/share/inference_pkg/environment/ament_prefix_path.dsv
[50.246s] -- Up-to-date: /root/deepracer_ws/aws-deepracer-launcher/install/inference_pkg/share/inference_pkg/environment/path.sh
[50.247s] -- Up-to-date: /root/deepracer_ws/aws-deepracer-launcher/install/inference_pkg/share/inference_pkg/environment/path.dsv
[50.257s] -- Up-to-date: /root/deepracer_ws/aws-deepracer-launcher/install/inference_pkg/share/inference_pkg/local_setup.bash
[50.258s] -- Up-to-date: /root/deepracer_ws/aws-deepracer-launcher/install/inference_pkg/share/inference_pkg/local_setup.sh
[50.258s] -- Up-to-date: /root/deepracer_ws/aws-deepracer-launcher/install/inference_pkg/share/inference_pkg/local_setup.zsh
[50.258s] -- Up-to-date: /root/deepracer_ws/aws-deepracer-launcher/install/inference_pkg/share/inference_pkg/local_setup.dsv
[50.259s] -- Installing: /root/deepracer_ws/aws-deepracer-launcher/install/inference_pkg/share/inference_pkg/package.dsv
[50.259s] -- Up-to-date: /root/deepracer_ws/aws-deepracer-launcher/install/inference_pkg/share/ament_index/resource_index/packages/inference_pkg
[50.261s] -- Up-to-date: /root/deepracer_ws/aws-deepracer-launcher/install/inference_pkg/share/inference_pkg/cmake/ament_cmake_export_include_directories-extras.cmake
[50.262s] -- Up-to-date: /root/deepracer_ws/aws-deepracer-launcher/install/inference_pkg/share/inference_pkg/cmake/ament_cmake_export_dependencies-extras.cmake
[50.262s] -- Up-to-date: /root/deepracer_ws/aws-deepracer-launcher/install/inference_pkg/share/inference_pkg/cmake/inference_pkgConfig.cmake
[50.263s] -- Up-to-date: /root/deepracer_ws/aws-deepracer-launcher/install/inference_pkg/share/inference_pkg/cmake/inference_pkgConfig-version.cmake
[50.263s] -- Up-to-date: /root/deepracer_ws/aws-deepracer-launcher/install/inference_pkg/share/inference_pkg/package.xml
[50.263s] Invoked command in '/root/deepracer_ws/aws-deepracer-launcher/build/inference_pkg' returned '0': AMENT_PREFIX_PATH=/root/deepracer_ws/aws-deepracer-launcher/install/deepracer_interfaces_pkg CMAKE_PREFIX_PATH=/root/deepracer_ws/aws-deepracer-launcher/install/deepracer_interfaces_pkg LD_LIBRARY_PATH=/root/deepracer_ws/aws-deepracer-launcher/install/deepracer_interfaces_pkg/lib PYTHONPATH=/root/deepracer_ws/aws-deepracer-launcher/install/deepracer_interfaces_pkg/lib/python3.8/site-packages /usr/bin/cmake --install /root/deepracer_ws/aws-deepracer-launcher/build/inference_pkg
