[0.093s] Invoking command in '/root/deepracer_ws/aws-deepracer-launcher/build/async_web_server_cpp': /usr/bin/cmake --build /root/deepracer_ws/aws-deepracer-launcher/build/async_web_server_cpp -- -j2 -l2
[0.459s] [ 83%] Built target async_web_server_cpp
[0.613s] [100%] Built target test_web_server
[0.658s] Invoked command in '/root/deepracer_ws/aws-deepracer-launcher/build/async_web_server_cpp' returned '0': /usr/bin/cmake --build /root/deepracer_ws/aws-deepracer-launcher/build/async_web_server_cpp -- -j2 -l2
[1.076s] Invoking command in '/root/deepracer_ws/aws-deepracer-launcher/build/async_web_server_cpp': /usr/bin/cmake --install /root/deepracer_ws/aws-deepracer-launcher/build/async_web_server_cpp
[1.136s] -- Install configuration: ""
[1.140s] -- Up-to-date: /root/deepracer_ws/aws-deepracer-launcher/install/async_web_server_cpp/share/async_web_server_cpp/environment/library_path.sh
[1.148s] -- Up-to-date: /root/deepracer_ws/aws-deepracer-launcher/install/async_web_server_cpp/share/async_web_server_cpp/environment/library_path.dsv
[1.149s] -- Up-to-date: /root/deepracer_ws/aws-deepracer-launcher/install/async_web_server_cpp/share/ament_index/resource_index/package_run_dependencies/async_web_server_cpp
[1.151s] -- Up-to-date: /root/deepracer_ws/aws-deepracer-launcher/install/async_web_server_cpp/share/ament_index/resource_index/parent_prefix_path/async_web_server_cpp
[1.152s] -- Up-to-date: /root/deepracer_ws/aws-deepracer-launcher/install/async_web_server_cpp/share/async_web_server_cpp/environment/ament_prefix_path.sh
[1.152s] -- Up-to-date: /root/deepracer_ws/aws-deepracer-launcher/install/async_web_server_cpp/share/async_web_server_cpp/environment/ament_prefix_path.dsv
[1.152s] -- Up-to-date: /root/deepracer_ws/aws-deepracer-launcher/install/async_web_server_cpp/share/async_web_server_cpp/environment/path.sh
[1.156s] -- Up-to-date: /root/deepracer_ws/aws-deepracer-launcher/install/async_web_server_cpp/share/async_web_server_cpp/environment/path.dsv
[1.156s] -- Up-to-date: /root/deepracer_ws/aws-deepracer-launcher/install/async_web_server_cpp/share/async_web_server_cpp/local_setup.bash
[1.157s] -- Up-to-date: /root/deepracer_ws/aws-deepracer-launcher/install/async_web_server_cpp/share/async_web_server_cpp/local_setup.sh
[1.167s] -- Up-to-date: /root/deepracer_ws/aws-deepracer-launcher/install/async_web_server_cpp/share/async_web_server_cpp/local_setup.zsh
[1.171s] -- Up-to-date: /root/deepracer_ws/aws-deepracer-launcher/install/async_web_server_cpp/share/async_web_server_cpp/local_setup.dsv
[1.171s] -- Installing: /root/deepracer_ws/aws-deepracer-launcher/install/async_web_server_cpp/share/async_web_server_cpp/package.dsv
[1.172s] -- Up-to-date: /root/deepracer_ws/aws-deepracer-launcher/install/async_web_server_cpp/share/ament_index/resource_index/packages/async_web_server_cpp
[1.172s] -- Up-to-date: /root/deepracer_ws/aws-deepracer-launcher/install/async_web_server_cpp/share/async_web_server_cpp/cmake/ament_cmake_export_dependencies-extras.cmake
[1.173s] -- Up-to-date: /root/deepracer_ws/aws-deepracer-launcher/install/async_web_server_cpp/share/async_web_server_cpp/cmake/ament_cmake_export_include_directories-extras.cmake
[1.173s] -- Up-to-date: /root/deepracer_ws/aws-deepracer-launcher/install/async_web_server_cpp/share/async_web_server_cpp/cmake/ament_cmake_export_libraries-extras.cmake
[1.182s] -- Up-to-date: /root/deepracer_ws/aws-deepracer-launcher/install/async_web_server_cpp/share/async_web_server_cpp/cmake/async_web_server_cppConfig.cmake
[1.183s] -- Up-to-date: /root/deepracer_ws/aws-deepracer-launcher/install/async_web_server_cpp/share/async_web_server_cpp/cmake/async_web_server_cppConfig-version.cmake
[1.184s] -- Up-to-date: /root/deepracer_ws/aws-deepracer-launcher/install/async_web_server_cpp/share/async_web_server_cpp/package.xml
[1.188s] -- Up-to-date: /root/deepracer_ws/aws-deepracer-launcher/install/async_web_server_cpp/lib/libasync_web_server_cpp.so
[1.188s] -- Up-to-date: /root/deepracer_ws/aws-deepracer-launcher/install/async_web_server_cpp/include/async_web_server_cpp
[1.189s] -- Up-to-date: /root/deepracer_ws/aws-deepracer-launcher/install/async_web_server_cpp/include/async_web_server_cpp/http_header.hpp
[1.189s] -- Up-to-date: /root/deepracer_ws/aws-deepracer-launcher/install/async_web_server_cpp/include/async_web_server_cpp/http_request.hpp
[1.190s] -- Up-to-date: /root/deepracer_ws/aws-deepracer-launcher/install/async_web_server_cpp/include/async_web_server_cpp/http_request_handler.hpp
[1.190s] -- Up-to-date: /root/deepracer_ws/aws-deepracer-launcher/install/async_web_server_cpp/include/async_web_server_cpp/http_request_parser.hpp
[1.191s] -- Up-to-date: /root/deepracer_ws/aws-deepracer-launcher/install/async_web_server_cpp/include/async_web_server_cpp/http_server.hpp
[1.191s] -- Up-to-date: /root/deepracer_ws/aws-deepracer-launcher/install/async_web_server_cpp/include/async_web_server_cpp/websocket_connection.hpp
[1.204s] -- Up-to-date: /root/deepracer_ws/aws-deepracer-launcher/install/async_web_server_cpp/include/async_web_server_cpp/websocket_message.hpp
[1.205s] -- Up-to-date: /root/deepracer_ws/aws-deepracer-launcher/install/async_web_server_cpp/include/async_web_server_cpp/websocket_request_handler.hpp
[1.205s] -- Up-to-date: /root/deepracer_ws/aws-deepracer-launcher/install/async_web_server_cpp/include/async_web_server_cpp/http_connection.hpp
[1.206s] -- Up-to-date: /root/deepracer_ws/aws-deepracer-launcher/install/async_web_server_cpp/include/async_web_server_cpp/http_reply.hpp
[1.206s] Invoked command in '/root/deepracer_ws/aws-deepracer-launcher/build/async_web_server_cpp' returned '0': /usr/bin/cmake --install /root/deepracer_ws/aws-deepracer-launcher/build/async_web_server_cpp
