[3.190s] Invoking command in '/root/deepracer_ws/aws-deepracer-launcher/aws-deepracer-model-optimizer-pkg/model_optimizer_pkg': AMENT_PREFIX_PATH=/root/deepracer_ws/aws-deepracer-launcher/install/deepracer_interfaces_pkg CMAKE_PREFIX_PATH=/root/deepracer_ws/aws-deepracer-launcher/install/deepracer_interfaces_pkg LD_LIBRARY_PATH=/root/deepracer_ws/aws-deepracer-launcher/install/deepracer_interfaces_pkg/lib PYTHONPATH=/root/deepracer_ws/aws-deepracer-launcher/install/model_optimizer_pkg/lib/python3.8/site-packages:/root/deepracer_ws/aws-deepracer-launcher/install/deepracer_interfaces_pkg/lib/python3.8/site-packages /usr/bin/python3 setup.py egg_info --egg-base ../../build/model_optimizer_pkg build --build-base /root/deepracer_ws/aws-deepracer-launcher/build/model_optimizer_pkg/build install --prefix /root/deepracer_ws/aws-deepracer-launcher/install/model_optimizer_pkg --record /root/deepracer_ws/aws-deepracer-launcher/build/model_optimizer_pkg/install.log --single-version-externally-managed
[5.822s] running egg_info
[5.836s] writing ../../build/model_optimizer_pkg/model_optimizer_pkg.egg-info/PKG-INFO
[5.842s] writing dependency_links to ../../build/model_optimizer_pkg/model_optimizer_pkg.egg-info/dependency_links.txt
[5.855s] writing entry points to ../../build/model_optimizer_pkg/model_optimizer_pkg.egg-info/entry_points.txt
[5.868s] writing requirements to ../../build/model_optimizer_pkg/model_optimizer_pkg.egg-info/requires.txt
[5.873s] writing top-level names to ../../build/model_optimizer_pkg/model_optimizer_pkg.egg-info/top_level.txt
[6.707s] reading manifest file '../../build/model_optimizer_pkg/model_optimizer_pkg.egg-info/SOURCES.txt'
[6.714s] writing manifest file '../../build/model_optimizer_pkg/model_optimizer_pkg.egg-info/SOURCES.txt'
[6.716s] running build
[6.716s] running build_py
[6.722s] running install
[6.737s] running install_lib
[6.751s] running install_data
[6.752s] running install_egg_info
[6.775s] removing '/root/deepracer_ws/aws-deepracer-launcher/install/model_optimizer_pkg/lib/python3.8/site-packages/model_optimizer_pkg-0.0.1-py3.8.egg-info' (and everything under it)
[6.776s] Copying ../../build/model_optimizer_pkg/model_optimizer_pkg.egg-info to /root/deepracer_ws/aws-deepracer-launcher/install/model_optimizer_pkg/lib/python3.8/site-packages/model_optimizer_pkg-0.0.1-py3.8.egg-info
[6.789s] running install_scripts
[7.003s] Installing model_optimizer_node script to /root/deepracer_ws/aws-deepracer-launcher/install/model_optimizer_pkg/lib/model_optimizer_pkg
[7.168s] writing list of installed files to '/root/deepracer_ws/aws-deepracer-launcher/build/model_optimizer_pkg/install.log'
[7.432s] Invoked command in '/root/deepracer_ws/aws-deepracer-launcher/aws-deepracer-model-optimizer-pkg/model_optimizer_pkg' returned '0': AMENT_PREFIX_PATH=/root/deepracer_ws/aws-deepracer-launcher/install/deepracer_interfaces_pkg CMAKE_PREFIX_PATH=/root/deepracer_ws/aws-deepracer-launcher/install/deepracer_interfaces_pkg LD_LIBRARY_PATH=/root/deepracer_ws/aws-deepracer-launcher/install/deepracer_interfaces_pkg/lib PYTHONPATH=/root/deepracer_ws/aws-deepracer-launcher/install/model_optimizer_pkg/lib/python3.8/site-packages:/root/deepracer_ws/aws-deepracer-launcher/install/deepracer_interfaces_pkg/lib/python3.8/site-packages /usr/bin/python3 setup.py egg_info --egg-base ../../build/model_optimizer_pkg build --build-base /root/deepracer_ws/aws-deepracer-launcher/build/model_optimizer_pkg/build install --prefix /root/deepracer_ws/aws-deepracer-launcher/install/model_optimizer_pkg --record /root/deepracer_ws/aws-deepracer-launcher/build/model_optimizer_pkg/install.log --single-version-externally-managed
