[2.128s] Invoking command in '/root/deepracer_ws/aws-deepracer-launcher/aws-deepracer-model-optimizer-pkg/model_optimizer_pkg': AMENT_PREFIX_PATH=/root/deepracer_ws/aws-deepracer-launcher/install/deepracer_interfaces_pkg CMAKE_PREFIX_PATH=/root/deepracer_ws/aws-deepracer-launcher/install/deepracer_interfaces_pkg LD_LIBRARY_PATH=/root/deepracer_ws/aws-deepracer-launcher/install/deepracer_interfaces_pkg/lib PYTHONPATH=/root/deepracer_ws/aws-deepracer-launcher/install/model_optimizer_pkg/lib/python3.8/site-packages:/root/deepracer_ws/aws-deepracer-launcher/install/deepracer_interfaces_pkg/lib/python3.8/site-packages /usr/bin/python3 setup.py egg_info --egg-base ../../build/model_optimizer_pkg build --build-base /root/deepracer_ws/aws-deepracer-launcher/build/model_optimizer_pkg/build install --prefix /root/deepracer_ws/aws-deepracer-launcher/install/model_optimizer_pkg --record /root/deepracer_ws/aws-deepracer-launcher/build/model_optimizer_pkg/install.log --single-version-externally-managed
[3.842s] running egg_info
[3.848s] writing ../../build/model_optimizer_pkg/model_optimizer_pkg.egg-info/PKG-INFO
[3.848s] writing dependency_links to ../../build/model_optimizer_pkg/model_optimizer_pkg.egg-info/dependency_links.txt
[3.852s] writing entry points to ../../build/model_optimizer_pkg/model_optimizer_pkg.egg-info/entry_points.txt
[3.860s] writing requirements to ../../build/model_optimizer_pkg/model_optimizer_pkg.egg-info/requires.txt
[3.860s] writing top-level names to ../../build/model_optimizer_pkg/model_optimizer_pkg.egg-info/top_level.txt
[4.273s] reading manifest file '../../build/model_optimizer_pkg/model_optimizer_pkg.egg-info/SOURCES.txt'
[4.276s] writing manifest file '../../build/model_optimizer_pkg/model_optimizer_pkg.egg-info/SOURCES.txt'
[4.277s] running build
[4.277s] running build_py
[4.283s] running install
[4.286s] running install_lib
[4.297s] running install_data
[4.309s] running install_egg_info
[4.315s] removing '/root/deepracer_ws/aws-deepracer-launcher/install/model_optimizer_pkg/lib/python3.8/site-packages/model_optimizer_pkg-0.0.1-py3.8.egg-info' (and everything under it)
[4.318s] Copying ../../build/model_optimizer_pkg/model_optimizer_pkg.egg-info to /root/deepracer_ws/aws-deepracer-launcher/install/model_optimizer_pkg/lib/python3.8/site-packages/model_optimizer_pkg-0.0.1-py3.8.egg-info
[4.323s] running install_scripts
[4.444s] Installing model_optimizer_node script to /root/deepracer_ws/aws-deepracer-launcher/install/model_optimizer_pkg/lib/model_optimizer_pkg
[4.556s] writing list of installed files to '/root/deepracer_ws/aws-deepracer-launcher/build/model_optimizer_pkg/install.log'
[4.629s] Invoked command in '/root/deepracer_ws/aws-deepracer-launcher/aws-deepracer-model-optimizer-pkg/model_optimizer_pkg' returned '0': AMENT_PREFIX_PATH=/root/deepracer_ws/aws-deepracer-launcher/install/deepracer_interfaces_pkg CMAKE_PREFIX_PATH=/root/deepracer_ws/aws-deepracer-launcher/install/deepracer_interfaces_pkg LD_LIBRARY_PATH=/root/deepracer_ws/aws-deepracer-launcher/install/deepracer_interfaces_pkg/lib PYTHONPATH=/root/deepracer_ws/aws-deepracer-launcher/install/model_optimizer_pkg/lib/python3.8/site-packages:/root/deepracer_ws/aws-deepracer-launcher/install/deepracer_interfaces_pkg/lib/python3.8/site-packages /usr/bin/python3 setup.py egg_info --egg-base ../../build/model_optimizer_pkg build --build-base /root/deepracer_ws/aws-deepracer-launcher/build/model_optimizer_pkg/build install --prefix /root/deepracer_ws/aws-deepracer-launcher/install/model_optimizer_pkg --record /root/deepracer_ws/aws-deepracer-launcher/build/model_optimizer_pkg/install.log --single-version-externally-managed
