[0.238s] Invoking command in '/root/deepracer_ws/aws-deepracer-launcher/build/ctrl_pkg': AMENT_PREFIX_PATH=/root/deepracer_ws/aws-deepracer-launcher/install/servo_pkg:/root/deepracer_ws/aws-deepracer-launcher/install/model_optimizer_pkg:/root/deepracer_ws/aws-deepracer-launcher/install/inference_pkg:/root/deepracer_ws/aws-deepracer-launcher/install/deepracer_navigation_pkg:/root/deepracer_ws/aws-deepracer-launcher/install/camera_pkg:/root/deepracer_ws/aws-deepracer-launcher/install/deepracer_interfaces_pkg CMAKE_PREFIX_PATH=/root/deepracer_ws/aws-deepracer-launcher/install/servo_pkg:/root/deepracer_ws/aws-deepracer-launcher/install/inference_pkg:/root/deepracer_ws/aws-deepracer-launcher/install/camera_pkg:/root/deepracer_ws/aws-deepracer-launcher/install/deepracer_interfaces_pkg LD_LIBRARY_PATH=/root/deepracer_ws/aws-deepracer-launcher/install/deepracer_interfaces_pkg/lib PYTHONPATH=/root/deepracer_ws/aws-deepracer-launcher/install/model_optimizer_pkg/lib/python3.8/site-packages:/root/deepracer_ws/aws-deepracer-launcher/install/deepracer_navigation_pkg/lib/python3.8/site-packages:/root/deepracer_ws/aws-deepracer-launcher/install/deepracer_interfaces_pkg/lib/python3.8/site-packages /usr/bin/cmake --build /root/deepracer_ws/aws-deepracer-launcher/build/ctrl_pkg -- -j2 -l2
[0.953s] [100%] Built target ctrl_node
[1.658s] Invoked command in '/root/deepracer_ws/aws-deepracer-launcher/build/ctrl_pkg' returned '0': AMENT_PREFIX_PATH=/root/deepracer_ws/aws-deepracer-launcher/install/servo_pkg:/root/deepracer_ws/aws-deepracer-launcher/install/model_optimizer_pkg:/root/deepracer_ws/aws-deepracer-launcher/install/inference_pkg:/root/deepracer_ws/aws-deepracer-launcher/install/deepracer_navigation_pkg:/root/deepracer_ws/aws-deepracer-launcher/install/camera_pkg:/root/deepracer_ws/aws-deepracer-launcher/install/deepracer_interfaces_pkg CMAKE_PREFIX_PATH=/root/deepracer_ws/aws-deepracer-launcher/install/servo_pkg:/root/deepracer_ws/aws-deepracer-launcher/install/inference_pkg:/root/deepracer_ws/aws-deepracer-launcher/install/camera_pkg:/root/deepracer_ws/aws-deepracer-launcher/install/deepracer_interfaces_pkg LD_LIBRARY_PATH=/root/deepracer_ws/aws-deepracer-launcher/install/deepracer_interfaces_pkg/lib PYTHONPATH=/root/deepracer_ws/aws-deepracer-launcher/install/model_optimizer_pkg/lib/python3.8/site-packages:/root/deepracer_ws/aws-deepracer-launcher/install/deepracer_navigation_pkg/lib/python3.8/site-packages:/root/deepracer_ws/aws-deepracer-launcher/install/deepracer_interfaces_pkg/lib/python3.8/site-packages /usr/bin/cmake --build /root/deepracer_ws/aws-deepracer-launcher/build/ctrl_pkg -- -j2 -l2
[1.868s] Invoking command in '/root/deepracer_ws/aws-deepracer-launcher/build/ctrl_pkg': AMENT_PREFIX_PATH=/root/deepracer_ws/aws-deepracer-launcher/install/servo_pkg:/root/deepracer_ws/aws-deepracer-launcher/install/model_optimizer_pkg:/root/deepracer_ws/aws-deepracer-launcher/install/inference_pkg:/root/deepracer_ws/aws-deepracer-launcher/install/deepracer_navigation_pkg:/root/deepracer_ws/aws-deepracer-launcher/install/camera_pkg:/root/deepracer_ws/aws-deepracer-launcher/install/deepracer_interfaces_pkg CMAKE_PREFIX_PATH=/root/deepracer_ws/aws-deepracer-launcher/install/servo_pkg:/root/deepracer_ws/aws-deepracer-launcher/install/inference_pkg:/root/deepracer_ws/aws-deepracer-launcher/install/camera_pkg:/root/deepracer_ws/aws-deepracer-launcher/install/deepracer_interfaces_pkg LD_LIBRARY_PATH=/root/deepracer_ws/aws-deepracer-launcher/install/deepracer_interfaces_pkg/lib PYTHONPATH=/root/deepracer_ws/aws-deepracer-launcher/install/model_optimizer_pkg/lib/python3.8/site-packages:/root/deepracer_ws/aws-deepracer-launcher/install/deepracer_navigation_pkg/lib/python3.8/site-packages:/root/deepracer_ws/aws-deepracer-launcher/install/deepracer_interfaces_pkg/lib/python3.8/site-packages /usr/bin/cmake --install /root/deepracer_ws/aws-deepracer-launcher/build/ctrl_pkg
[2.080s] -- Install configuration: ""
[2.087s] -- Up-to-date: /root/deepracer_ws/aws-deepracer-launcher/install/ctrl_pkg/lib/ctrl_pkg/ctrl_node
[2.087s] -- Up-to-date: /root/deepracer_ws/aws-deepracer-launcher/install/ctrl_pkg/include
[2.087s] -- Up-to-date: /root/deepracer_ws/aws-deepracer-launcher/install/ctrl_pkg/include/ctrl_pkg
[2.088s] -- Up-to-date: /root/deepracer_ws/aws-deepracer-launcher/install/ctrl_pkg/include/ctrl_pkg/ctrl_state.hpp
[2.088s] -- Up-to-date: /root/deepracer_ws/aws-deepracer-launcher/install/ctrl_pkg/include/ctrl_pkg/ctrl_state_base.hpp
[2.088s] -- Up-to-date: /root/deepracer_ws/aws-deepracer-launcher/install/ctrl_pkg/share/ctrl_pkg//launch
[2.089s] -- Up-to-date: /root/deepracer_ws/aws-deepracer-launcher/install/ctrl_pkg/share/ctrl_pkg//launch/ctrl_pkg_launch.py
[2.089s] -- Up-to-date: /root/deepracer_ws/aws-deepracer-launcher/install/ctrl_pkg/share/ament_index/resource_index/package_run_dependencies/ctrl_pkg
[2.092s] -- Up-to-date: /root/deepracer_ws/aws-deepracer-launcher/install/ctrl_pkg/share/ament_index/resource_index/parent_prefix_path/ctrl_pkg
[2.092s] -- Up-to-date: /root/deepracer_ws/aws-deepracer-launcher/install/ctrl_pkg/share/ctrl_pkg/environment/ament_prefix_path.sh
[2.092s] -- Up-to-date: /root/deepracer_ws/aws-deepracer-launcher/install/ctrl_pkg/share/ctrl_pkg/environment/ament_prefix_path.dsv
[2.093s] -- Up-to-date: /root/deepracer_ws/aws-deepracer-launcher/install/ctrl_pkg/share/ctrl_pkg/environment/path.sh
[2.093s] -- Up-to-date: /root/deepracer_ws/aws-deepracer-launcher/install/ctrl_pkg/share/ctrl_pkg/environment/path.dsv
[2.093s] -- Up-to-date: /root/deepracer_ws/aws-deepracer-launcher/install/ctrl_pkg/share/ctrl_pkg/local_setup.bash
[2.094s] -- Up-to-date: /root/deepracer_ws/aws-deepracer-launcher/install/ctrl_pkg/share/ctrl_pkg/local_setup.sh
[2.094s] -- Up-to-date: /root/deepracer_ws/aws-deepracer-launcher/install/ctrl_pkg/share/ctrl_pkg/local_setup.zsh
[2.094s] -- Up-to-date: /root/deepracer_ws/aws-deepracer-launcher/install/ctrl_pkg/share/ctrl_pkg/local_setup.dsv
[2.097s] -- Installing: /root/deepracer_ws/aws-deepracer-launcher/install/ctrl_pkg/share/ctrl_pkg/package.dsv
[2.098s] -- Up-to-date: /root/deepracer_ws/aws-deepracer-launcher/install/ctrl_pkg/share/ament_index/resource_index/packages/ctrl_pkg
[2.098s] -- Up-to-date: /root/deepracer_ws/aws-deepracer-launcher/install/ctrl_pkg/share/ctrl_pkg/cmake/ament_cmake_export_include_directories-extras.cmake
[2.098s] -- Up-to-date: /root/deepracer_ws/aws-deepracer-launcher/install/ctrl_pkg/share/ctrl_pkg/cmake/ament_cmake_export_dependencies-extras.cmake
[2.099s] -- Up-to-date: /root/deepracer_ws/aws-deepracer-launcher/install/ctrl_pkg/share/ctrl_pkg/cmake/ctrl_pkgConfig.cmake
[2.099s] -- Up-to-date: /root/deepracer_ws/aws-deepracer-launcher/install/ctrl_pkg/share/ctrl_pkg/cmake/ctrl_pkgConfig-version.cmake
[2.099s] -- Up-to-date: /root/deepracer_ws/aws-deepracer-launcher/install/ctrl_pkg/share/ctrl_pkg/package.xml
[2.117s] Invoked command in '/root/deepracer_ws/aws-deepracer-launcher/build/ctrl_pkg' returned '0': AMENT_PREFIX_PATH=/root/deepracer_ws/aws-deepracer-launcher/install/servo_pkg:/root/deepracer_ws/aws-deepracer-launcher/install/model_optimizer_pkg:/root/deepracer_ws/aws-deepracer-launcher/install/inference_pkg:/root/deepracer_ws/aws-deepracer-launcher/install/deepracer_navigation_pkg:/root/deepracer_ws/aws-deepracer-launcher/install/camera_pkg:/root/deepracer_ws/aws-deepracer-launcher/install/deepracer_interfaces_pkg CMAKE_PREFIX_PATH=/root/deepracer_ws/aws-deepracer-launcher/install/servo_pkg:/root/deepracer_ws/aws-deepracer-launcher/install/inference_pkg:/root/deepracer_ws/aws-deepracer-launcher/install/camera_pkg:/root/deepracer_ws/aws-deepracer-launcher/install/deepracer_interfaces_pkg LD_LIBRARY_PATH=/root/deepracer_ws/aws-deepracer-launcher/install/deepracer_interfaces_pkg/lib PYTHONPATH=/root/deepracer_ws/aws-deepracer-launcher/install/model_optimizer_pkg/lib/python3.8/site-packages:/root/deepracer_ws/aws-deepracer-launcher/install/deepracer_navigation_pkg/lib/python3.8/site-packages:/root/deepracer_ws/aws-deepracer-launcher/install/deepracer_interfaces_pkg/lib/python3.8/site-packages /usr/bin/cmake --install /root/deepracer_ws/aws-deepracer-launcher/build/ctrl_pkg
