[1.851s] Invoking command in '/root/deepracer_ws/aws-deepracer-launcher/aws-deepracer-device-info-pkg/device_info_pkg': AMENT_PREFIX_PATH=/root/deepracer_ws/aws-deepracer-launcher/install/deepracer_interfaces_pkg CMAKE_PREFIX_PATH=/root/deepracer_ws/aws-deepracer-launcher/install/deepracer_interfaces_pkg LD_LIBRARY_PATH=/root/deepracer_ws/aws-deepracer-launcher/install/deepracer_interfaces_pkg/lib PYTHONPATH=/root/deepracer_ws/aws-deepracer-launcher/install/device_info_pkg/lib/python3.8/site-packages:/root/deepracer_ws/aws-deepracer-launcher/install/deepracer_interfaces_pkg/lib/python3.8/site-packages /usr/bin/python3 setup.py egg_info --egg-base ../../build/device_info_pkg build --build-base /root/deepracer_ws/aws-deepracer-launcher/build/device_info_pkg/build install --prefix /root/deepracer_ws/aws-deepracer-launcher/install/device_info_pkg --record /root/deepracer_ws/aws-deepracer-launcher/build/device_info_pkg/install.log --single-version-externally-managed
[3.724s] running egg_info
[3.730s] writing ../../build/device_info_pkg/device_info_pkg.egg-info/PKG-INFO
[3.738s] writing dependency_links to ../../build/device_info_pkg/device_info_pkg.egg-info/dependency_links.txt
[3.739s] writing entry points to ../../build/device_info_pkg/device_info_pkg.egg-info/entry_points.txt
[3.739s] writing requirements to ../../build/device_info_pkg/device_info_pkg.egg-info/requires.txt
[3.739s] writing top-level names to ../../build/device_info_pkg/device_info_pkg.egg-info/top_level.txt
[3.996s] reading manifest file '../../build/device_info_pkg/device_info_pkg.egg-info/SOURCES.txt'
[4.003s] writing manifest file '../../build/device_info_pkg/device_info_pkg.egg-info/SOURCES.txt'
[4.004s] running build
[4.004s] running build_py
[4.004s] running install
[4.010s] running install_lib
[4.013s] running install_data
[4.013s] running install_egg_info
[4.026s] removing '/root/deepracer_ws/aws-deepracer-launcher/install/device_info_pkg/lib/python3.8/site-packages/device_info_pkg-0.0.1-py3.8.egg-info' (and everything under it)
[4.026s] Copying ../../build/device_info_pkg/device_info_pkg.egg-info to /root/deepracer_ws/aws-deepracer-launcher/install/device_info_pkg/lib/python3.8/site-packages/device_info_pkg-0.0.1-py3.8.egg-info
[4.031s] running install_scripts
[4.167s] Installing device_info_node script to /root/deepracer_ws/aws-deepracer-launcher/install/device_info_pkg/lib/device_info_pkg
[4.173s] writing list of installed files to '/root/deepracer_ws/aws-deepracer-launcher/build/device_info_pkg/install.log'
[4.330s] Invoked command in '/root/deepracer_ws/aws-deepracer-launcher/aws-deepracer-device-info-pkg/device_info_pkg' returned '0': AMENT_PREFIX_PATH=/root/deepracer_ws/aws-deepracer-launcher/install/deepracer_interfaces_pkg CMAKE_PREFIX_PATH=/root/deepracer_ws/aws-deepracer-launcher/install/deepracer_interfaces_pkg LD_LIBRARY_PATH=/root/deepracer_ws/aws-deepracer-launcher/install/deepracer_interfaces_pkg/lib PYTHONPATH=/root/deepracer_ws/aws-deepracer-launcher/install/device_info_pkg/lib/python3.8/site-packages:/root/deepracer_ws/aws-deepracer-launcher/install/deepracer_interfaces_pkg/lib/python3.8/site-packages /usr/bin/python3 setup.py egg_info --egg-base ../../build/device_info_pkg build --build-base /root/deepracer_ws/aws-deepracer-launcher/build/device_info_pkg/build install --prefix /root/deepracer_ws/aws-deepracer-launcher/install/device_info_pkg --record /root/deepracer_ws/aws-deepracer-launcher/build/device_info_pkg/install.log --single-version-externally-managed
