[0.043s] Invoking command in '/root/deepracer_ws/aws-deepracer-launcher/build/inference_pkg': AMENT_PREFIX_PATH=/root/deepracer_ws/aws-deepracer-launcher/install/deepracer_interfaces_pkg:${AMENT_PREFIX_PATH} CMAKE_PREFIX_PATH=/root/deepracer_ws/aws-deepracer-launcher/install/deepracer_interfaces_pkg:/opt/ros/foxy LD_LIBRARY_PATH=/root/deepracer_ws/aws-deepracer-launcher/install/deepracer_interfaces_pkg/lib:/home/deepracer/intel/openvino_2022/tools/compile_tool:/home/deepracer/intel/openvino_2022/runtime/3rdparty/tbb/lib:/home/deepracer/intel/openvino_2022/runtime/3rdparty/hddl/lib:/home/deepracer/intel/openvino_2022/runtime/lib/intel64:/opt/ros/foxy/opt/yaml_cpp_vendor/lib:/opt/ros/foxy/opt/rviz_ogre_vendor/lib:/opt/ros/foxy/lib/x86_64-linux-gnu:/opt/ros/foxy/lib PYTHONPATH=/root/deepracer_ws/aws-deepracer-launcher/install/deepracer_interfaces_pkg/lib/python3.8/site-packages:${PYTHONPATH} /usr/bin/cmake /root/deepracer_ws/aws-deepracer-launcher/aws-deepracer-inference-pkg/inference_pkg -DCMAKE_INSTALL_PREFIX=/root/deepracer_ws/aws-deepracer-launcher/install/inference_pkg
[0.495s] -- The C compiler identification is GNU 9.3.0
[0.777s] -- The CXX compiler identification is GNU 9.3.0
[0.843s] -- Check for working C compiler: /usr/bin/cc
[1.106s] -- Check for working C compiler: /usr/bin/cc -- works
[1.121s] -- Detecting C compiler ABI info
[1.849s] -- Detecting C compiler ABI info - done
[1.931s] -- Detecting C compile features
[1.938s] -- Detecting C compile features - done
[2.111s] -- Check for working CXX compiler: /usr/bin/c++
[2.429s] -- Check for working CXX compiler: /usr/bin/c++ -- works
[2.441s] -- Detecting CXX compiler ABI info
[3.101s] -- Detecting CXX compiler ABI info - done
[3.195s] -- Detecting CXX compile features
[3.203s] -- Detecting CXX compile features - done
[3.375s] -- Found ament_cmake: 0.9.8 (/opt/ros/foxy/share/ament_cmake/cmake)
[3.546s] -- Found PythonInterp: /usr/bin/python3 (found suitable version "3.8.10", minimum required is "3") 
[3.547s] -- Using PYTHON_EXECUTABLE: /usr/bin/python3
[4.901s] -- Found rclcpp: 2.3.0 (/opt/ros/foxy/share/rclcpp/cmake)
[5.093s] -- Using all available rosidl_typesupport_c: rosidl_typesupport_fastrtps_c;rosidl_typesupport_introspection_c
[5.112s] -- Found rosidl_adapter: 1.2.0 (/opt/ros/foxy/share/rosidl_adapter/cmake)
[5.369s] -- Found OpenSSL: /usr/lib/x86_64-linux-gnu/libcrypto.so (found version "1.1.1f")  
[5.497s] -- Found FastRTPS: /opt/ros/foxy/include  
[5.984s] -- Using all available rosidl_typesupport_cpp: rosidl_typesupport_fastrtps_cpp;rosidl_typesupport_introspection_cpp
[6.401s] -- Found rmw_implementation_cmake: 1.0.2 (/opt/ros/foxy/share/rmw_implementation_cmake/cmake)
[6.406s] -- Using RMW implementation 'rmw_fastrtps_cpp' as default
[6.410s] -- Looking for pthread.h
[6.950s] -- Looking for pthread.h - found
[6.952s] -- Performing Test CMAKE_HAVE_LIBC_PTHREAD
[7.277s] -- Performing Test CMAKE_HAVE_LIBC_PTHREAD - Failed
[7.278s] -- Looking for pthread_create in pthreads
[7.712s] -- Looking for pthread_create in pthreads - not found
[7.713s] -- Looking for pthread_create in pthread
[8.035s] -- Looking for pthread_create in pthread - found
[8.038s] -- Found Threads: TRUE  
[8.889s] -- Found deepracer_interfaces_pkg: 0.0.1 (/root/deepracer_ws/aws-deepracer-launcher/install/deepracer_interfaces_pkg/share/deepracer_interfaces_pkg/cmake)
[10.322s] -- Found image_transport: 2.3.0 (/opt/ros/foxy/share/image_transport/cmake)
[10.547s] -- Found cv_bridge: 2.2.1 (/opt/ros/foxy/share/cv_bridge/cmake)
[10.919s] -- Found ament_lint_auto: 0.9.6 (/opt/ros/foxy/share/ament_lint_auto/cmake)
[11.302s] -- Added test 'copyright' to check source files copyright and LICENSE
[11.307s] -- Added test 'cppcheck' to perform static code analysis on C / C++ code
[11.309s] -- Configured cppcheck include dirs: /root/deepracer_ws/aws-deepracer-launcher/aws-deepracer-inference-pkg/inference_pkg/include
[11.310s] -- Configured cppcheck exclude dirs and/or files: 
[11.318s] -- Added test 'cpplint' to check C / C++ code against the Google style
[11.319s] -- Configured cpplint exclude dirs and/or files: 
[11.325s] -- Added test 'flake8' to check Python code syntax and style conventions
[11.337s] -- Added test 'lint_cmake' to check CMake code style
[11.339s] -- Added test 'pep257' to check Python code against some of the style conventions in PEP 257
[11.344s] -- Added test 'uncrustify' to check C / C++ code style
[11.344s] -- Configured uncrustify additional arguments: 
[11.347s] -- Added test 'xmllint' to check XML markup files
[11.366s] -- Configuring done
[11.624s] -- Generating done
[11.634s] -- Build files have been written to: /root/deepracer_ws/aws-deepracer-launcher/build/inference_pkg
[11.721s] Invoked command in '/root/deepracer_ws/aws-deepracer-launcher/build/inference_pkg' returned '0': AMENT_PREFIX_PATH=/root/deepracer_ws/aws-deepracer-launcher/install/deepracer_interfaces_pkg:${AMENT_PREFIX_PATH} CMAKE_PREFIX_PATH=/root/deepracer_ws/aws-deepracer-launcher/install/deepracer_interfaces_pkg:/opt/ros/foxy LD_LIBRARY_PATH=/root/deepracer_ws/aws-deepracer-launcher/install/deepracer_interfaces_pkg/lib:/home/deepracer/intel/openvino_2022/tools/compile_tool:/home/deepracer/intel/openvino_2022/runtime/3rdparty/tbb/lib:/home/deepracer/intel/openvino_2022/runtime/3rdparty/hddl/lib:/home/deepracer/intel/openvino_2022/runtime/lib/intel64:/opt/ros/foxy/opt/yaml_cpp_vendor/lib:/opt/ros/foxy/opt/rviz_ogre_vendor/lib:/opt/ros/foxy/lib/x86_64-linux-gnu:/opt/ros/foxy/lib PYTHONPATH=/root/deepracer_ws/aws-deepracer-launcher/install/deepracer_interfaces_pkg/lib/python3.8/site-packages:${PYTHONPATH} /usr/bin/cmake /root/deepracer_ws/aws-deepracer-launcher/aws-deepracer-inference-pkg/inference_pkg -DCMAKE_INSTALL_PREFIX=/root/deepracer_ws/aws-deepracer-launcher/install/inference_pkg
[11.722s] Invoking command in '/root/deepracer_ws/aws-deepracer-launcher/build/inference_pkg': AMENT_PREFIX_PATH=/root/deepracer_ws/aws-deepracer-launcher/install/deepracer_interfaces_pkg:${AMENT_PREFIX_PATH} CMAKE_PREFIX_PATH=/root/deepracer_ws/aws-deepracer-launcher/install/deepracer_interfaces_pkg:/opt/ros/foxy LD_LIBRARY_PATH=/root/deepracer_ws/aws-deepracer-launcher/install/deepracer_interfaces_pkg/lib:/home/deepracer/intel/openvino_2022/tools/compile_tool:/home/deepracer/intel/openvino_2022/runtime/3rdparty/tbb/lib:/home/deepracer/intel/openvino_2022/runtime/3rdparty/hddl/lib:/home/deepracer/intel/openvino_2022/runtime/lib/intel64:/opt/ros/foxy/opt/yaml_cpp_vendor/lib:/opt/ros/foxy/opt/rviz_ogre_vendor/lib:/opt/ros/foxy/lib/x86_64-linux-gnu:/opt/ros/foxy/lib PYTHONPATH=/root/deepracer_ws/aws-deepracer-launcher/install/deepracer_interfaces_pkg/lib/python3.8/site-packages:${PYTHONPATH} /usr/bin/cmake --build /root/deepracer_ws/aws-deepracer-launcher/build/inference_pkg -- -j2 -l2
[11.865s] [35m[1mScanning dependencies of target inference_node[0m
[12.894s] [ 25%] [32mBuilding CXX object CMakeFiles/inference_node.dir/src/inference_node.cpp.o[0m
[46.278s] [ 50%] [32mBuilding CXX object CMakeFiles/inference_node.dir/src/intel_inference_eng.cpp.o[0m
[76.544s] [ 75%] [32mBuilding CXX object CMakeFiles/inference_node.dir/src/image_process.cpp.o[0m
[87.191s] [100%] [32m[1mLinking CXX executable inference_node[0m
[91.777s] [100%] Built target inference_node
[91.810s] Invoked command in '/root/deepracer_ws/aws-deepracer-launcher/build/inference_pkg' returned '0': AMENT_PREFIX_PATH=/root/deepracer_ws/aws-deepracer-launcher/install/deepracer_interfaces_pkg:${AMENT_PREFIX_PATH} CMAKE_PREFIX_PATH=/root/deepracer_ws/aws-deepracer-launcher/install/deepracer_interfaces_pkg:/opt/ros/foxy LD_LIBRARY_PATH=/root/deepracer_ws/aws-deepracer-launcher/install/deepracer_interfaces_pkg/lib:/home/deepracer/intel/openvino_2022/tools/compile_tool:/home/deepracer/intel/openvino_2022/runtime/3rdparty/tbb/lib:/home/deepracer/intel/openvino_2022/runtime/3rdparty/hddl/lib:/home/deepracer/intel/openvino_2022/runtime/lib/intel64:/opt/ros/foxy/opt/yaml_cpp_vendor/lib:/opt/ros/foxy/opt/rviz_ogre_vendor/lib:/opt/ros/foxy/lib/x86_64-linux-gnu:/opt/ros/foxy/lib PYTHONPATH=/root/deepracer_ws/aws-deepracer-launcher/install/deepracer_interfaces_pkg/lib/python3.8/site-packages:${PYTHONPATH} /usr/bin/cmake --build /root/deepracer_ws/aws-deepracer-launcher/build/inference_pkg -- -j2 -l2
[92.063s] Invoking command in '/root/deepracer_ws/aws-deepracer-launcher/build/inference_pkg': AMENT_PREFIX_PATH=/root/deepracer_ws/aws-deepracer-launcher/install/deepracer_interfaces_pkg:${AMENT_PREFIX_PATH} CMAKE_PREFIX_PATH=/root/deepracer_ws/aws-deepracer-launcher/install/deepracer_interfaces_pkg:/opt/ros/foxy LD_LIBRARY_PATH=/root/deepracer_ws/aws-deepracer-launcher/install/deepracer_interfaces_pkg/lib:/home/deepracer/intel/openvino_2022/tools/compile_tool:/home/deepracer/intel/openvino_2022/runtime/3rdparty/tbb/lib:/home/deepracer/intel/openvino_2022/runtime/3rdparty/hddl/lib:/home/deepracer/intel/openvino_2022/runtime/lib/intel64:/opt/ros/foxy/opt/yaml_cpp_vendor/lib:/opt/ros/foxy/opt/rviz_ogre_vendor/lib:/opt/ros/foxy/lib/x86_64-linux-gnu:/opt/ros/foxy/lib PYTHONPATH=/root/deepracer_ws/aws-deepracer-launcher/install/deepracer_interfaces_pkg/lib/python3.8/site-packages:${PYTHONPATH} /usr/bin/cmake --install /root/deepracer_ws/aws-deepracer-launcher/build/inference_pkg
[92.255s] -- Install configuration: ""
[92.256s] -- Installing: /root/deepracer_ws/aws-deepracer-launcher/install/inference_pkg/lib/inference_pkg/inference_node
[92.296s] -- Set runtime path of "/root/deepracer_ws/aws-deepracer-launcher/install/inference_pkg/lib/inference_pkg/inference_node" to ""
[92.296s] -- Installing: /root/deepracer_ws/aws-deepracer-launcher/install/inference_pkg/include
[92.297s] -- Installing: /root/deepracer_ws/aws-deepracer-launcher/install/inference_pkg/include/inference_pkg
[92.298s] -- Installing: /root/deepracer_ws/aws-deepracer-launcher/install/inference_pkg/include/inference_pkg/image_process.hpp
[92.299s] -- Installing: /root/deepracer_ws/aws-deepracer-launcher/install/inference_pkg/include/inference_pkg/inference_base.hpp
[92.299s] -- Installing: /root/deepracer_ws/aws-deepracer-launcher/install/inference_pkg/include/inference_pkg/intel_inference_eng.hpp
[92.300s] -- Installing: /root/deepracer_ws/aws-deepracer-launcher/install/inference_pkg/share/inference_pkg//launch
[92.300s] -- Installing: /root/deepracer_ws/aws-deepracer-launcher/install/inference_pkg/share/inference_pkg//launch/inference_pkg_launch.py
[92.301s] -- Installing: /root/deepracer_ws/aws-deepracer-launcher/install/inference_pkg/share/ament_index/resource_index/package_run_dependencies/inference_pkg
[92.301s] -- Installing: /root/deepracer_ws/aws-deepracer-launcher/install/inference_pkg/share/ament_index/resource_index/parent_prefix_path/inference_pkg
[92.302s] -- Installing: /root/deepracer_ws/aws-deepracer-launcher/install/inference_pkg/share/inference_pkg/environment/ament_prefix_path.sh
[92.302s] -- Installing: /root/deepracer_ws/aws-deepracer-launcher/install/inference_pkg/share/inference_pkg/environment/ament_prefix_path.dsv
[92.303s] -- Installing: /root/deepracer_ws/aws-deepracer-launcher/install/inference_pkg/share/inference_pkg/environment/path.sh
[92.303s] -- Installing: /root/deepracer_ws/aws-deepracer-launcher/install/inference_pkg/share/inference_pkg/environment/path.dsv
[92.303s] -- Installing: /root/deepracer_ws/aws-deepracer-launcher/install/inference_pkg/share/inference_pkg/local_setup.bash
[92.304s] -- Installing: /root/deepracer_ws/aws-deepracer-launcher/install/inference_pkg/share/inference_pkg/local_setup.sh
[92.304s] -- Installing: /root/deepracer_ws/aws-deepracer-launcher/install/inference_pkg/share/inference_pkg/local_setup.zsh
[92.304s] -- Installing: /root/deepracer_ws/aws-deepracer-launcher/install/inference_pkg/share/inference_pkg/local_setup.dsv
[92.306s] -- Installing: /root/deepracer_ws/aws-deepracer-launcher/install/inference_pkg/share/inference_pkg/package.dsv
[92.318s] -- Installing: /root/deepracer_ws/aws-deepracer-launcher/install/inference_pkg/share/ament_index/resource_index/packages/inference_pkg
[92.319s] -- Installing: /root/deepracer_ws/aws-deepracer-launcher/install/inference_pkg/share/inference_pkg/cmake/ament_cmake_export_include_directories-extras.cmake
[92.319s] -- Installing: /root/deepracer_ws/aws-deepracer-launcher/install/inference_pkg/share/inference_pkg/cmake/ament_cmake_export_dependencies-extras.cmake
[92.320s] -- Installing: /root/deepracer_ws/aws-deepracer-launcher/install/inference_pkg/share/inference_pkg/cmake/inference_pkgConfig.cmake
[92.321s] -- Installing: /root/deepracer_ws/aws-deepracer-launcher/install/inference_pkg/share/inference_pkg/cmake/inference_pkgConfig-version.cmake
[92.322s] -- Installing: /root/deepracer_ws/aws-deepracer-launcher/install/inference_pkg/share/inference_pkg/package.xml
[92.322s] Invoked command in '/root/deepracer_ws/aws-deepracer-launcher/build/inference_pkg' returned '0': AMENT_PREFIX_PATH=/root/deepracer_ws/aws-deepracer-launcher/install/deepracer_interfaces_pkg:${AMENT_PREFIX_PATH} CMAKE_PREFIX_PATH=/root/deepracer_ws/aws-deepracer-launcher/install/deepracer_interfaces_pkg:/opt/ros/foxy LD_LIBRARY_PATH=/root/deepracer_ws/aws-deepracer-launcher/install/deepracer_interfaces_pkg/lib:/home/deepracer/intel/openvino_2022/tools/compile_tool:/home/deepracer/intel/openvino_2022/runtime/3rdparty/tbb/lib:/home/deepracer/intel/openvino_2022/runtime/3rdparty/hddl/lib:/home/deepracer/intel/openvino_2022/runtime/lib/intel64:/opt/ros/foxy/opt/yaml_cpp_vendor/lib:/opt/ros/foxy/opt/rviz_ogre_vendor/lib:/opt/ros/foxy/lib/x86_64-linux-gnu:/opt/ros/foxy/lib PYTHONPATH=/root/deepracer_ws/aws-deepracer-launcher/install/deepracer_interfaces_pkg/lib/python3.8/site-packages:${PYTHONPATH} /usr/bin/cmake --install /root/deepracer_ws/aws-deepracer-launcher/build/inference_pkg
