[0.488s] Invoking command in '/root/deepracer_ws/aws-deepracer-launcher/build/async_web_server_cpp': /usr/bin/cmake --build /root/deepracer_ws/aws-deepracer-launcher/build/async_web_server_cpp -- -j2 -l2
[2.034s] [ 83%] Built target async_web_server_cpp
[2.565s] [100%] Built target test_web_server
[2.675s] Invoked command in '/root/deepracer_ws/aws-deepracer-launcher/build/async_web_server_cpp' returned '0': /usr/bin/cmake --build /root/deepracer_ws/aws-deepracer-launcher/build/async_web_server_cpp -- -j2 -l2
[4.299s] Invoking command in '/root/deepracer_ws/aws-deepracer-launcher/build/async_web_server_cpp': /usr/bin/cmake --install /root/deepracer_ws/aws-deepracer-launcher/build/async_web_server_cpp
[4.439s] -- Install configuration: ""
[4.439s] -- Up-to-date: /root/deepracer_ws/aws-deepracer-launcher/install/async_web_server_cpp/share/async_web_server_cpp/environment/library_path.sh
[4.440s] -- Up-to-date: /root/deepracer_ws/aws-deepracer-launcher/install/async_web_server_cpp/share/async_web_server_cpp/environment/library_path.dsv
[4.443s] -- Up-to-date: /root/deepracer_ws/aws-deepracer-launcher/install/async_web_server_cpp/share/ament_index/resource_index/package_run_dependencies/async_web_server_cpp
[4.445s] -- Up-to-date: /root/deepracer_ws/aws-deepracer-launcher/install/async_web_server_cpp/share/ament_index/resource_index/parent_prefix_path/async_web_server_cpp
[4.449s] -- Up-to-date: /root/deepracer_ws/aws-deepracer-launcher/install/async_web_server_cpp/share/async_web_server_cpp/environment/ament_prefix_path.sh
[4.449s] -- Up-to-date: /root/deepracer_ws/aws-deepracer-launcher/install/async_web_server_cpp/share/async_web_server_cpp/environment/ament_prefix_path.dsv
[4.453s] -- Up-to-date: /root/deepracer_ws/aws-deepracer-launcher/install/async_web_server_cpp/share/async_web_server_cpp/environment/path.sh
[4.454s] -- Up-to-date: /root/deepracer_ws/aws-deepracer-launcher/install/async_web_server_cpp/share/async_web_server_cpp/environment/path.dsv
[4.454s] -- Up-to-date: /root/deepracer_ws/aws-deepracer-launcher/install/async_web_server_cpp/share/async_web_server_cpp/local_setup.bash
[4.458s] -- Up-to-date: /root/deepracer_ws/aws-deepracer-launcher/install/async_web_server_cpp/share/async_web_server_cpp/local_setup.sh
[4.469s] -- Up-to-date: /root/deepracer_ws/aws-deepracer-launcher/install/async_web_server_cpp/share/async_web_server_cpp/local_setup.zsh
[4.489s] -- Up-to-date: /root/deepracer_ws/aws-deepracer-launcher/install/async_web_server_cpp/share/async_web_server_cpp/local_setup.dsv
[4.502s] -- Installing: /root/deepracer_ws/aws-deepracer-launcher/install/async_web_server_cpp/share/async_web_server_cpp/package.dsv
[4.503s] -- Up-to-date: /root/deepracer_ws/aws-deepracer-launcher/install/async_web_server_cpp/share/ament_index/resource_index/packages/async_web_server_cpp
[4.503s] -- Up-to-date: /root/deepracer_ws/aws-deepracer-launcher/install/async_web_server_cpp/share/async_web_server_cpp/cmake/ament_cmake_export_dependencies-extras.cmake
[4.503s] -- Up-to-date: /root/deepracer_ws/aws-deepracer-launcher/install/async_web_server_cpp/share/async_web_server_cpp/cmake/ament_cmake_export_include_directories-extras.cmake
[4.504s] -- Up-to-date: /root/deepracer_ws/aws-deepracer-launcher/install/async_web_server_cpp/share/async_web_server_cpp/cmake/ament_cmake_export_libraries-extras.cmake
[4.513s] -- Up-to-date: /root/deepracer_ws/aws-deepracer-launcher/install/async_web_server_cpp/share/async_web_server_cpp/cmake/async_web_server_cppConfig.cmake
[4.518s] -- Up-to-date: /root/deepracer_ws/aws-deepracer-launcher/install/async_web_server_cpp/share/async_web_server_cpp/cmake/async_web_server_cppConfig-version.cmake
[4.519s] -- Up-to-date: /root/deepracer_ws/aws-deepracer-launcher/install/async_web_server_cpp/share/async_web_server_cpp/package.xml
[4.519s] -- Up-to-date: /root/deepracer_ws/aws-deepracer-launcher/install/async_web_server_cpp/lib/libasync_web_server_cpp.so
[4.522s] -- Up-to-date: /root/deepracer_ws/aws-deepracer-launcher/install/async_web_server_cpp/include/async_web_server_cpp
[4.538s] -- Up-to-date: /root/deepracer_ws/aws-deepracer-launcher/install/async_web_server_cpp/include/async_web_server_cpp/http_header.hpp
[4.539s] -- Up-to-date: /root/deepracer_ws/aws-deepracer-launcher/install/async_web_server_cpp/include/async_web_server_cpp/http_request.hpp
[4.539s] -- Up-to-date: /root/deepracer_ws/aws-deepracer-launcher/install/async_web_server_cpp/include/async_web_server_cpp/http_request_handler.hpp
[4.539s] -- Up-to-date: /root/deepracer_ws/aws-deepracer-launcher/install/async_web_server_cpp/include/async_web_server_cpp/http_request_parser.hpp
[4.540s] -- Up-to-date: /root/deepracer_ws/aws-deepracer-launcher/install/async_web_server_cpp/include/async_web_server_cpp/http_server.hpp
[4.540s] -- Up-to-date: /root/deepracer_ws/aws-deepracer-launcher/install/async_web_server_cpp/include/async_web_server_cpp/websocket_connection.hpp
[4.540s] -- Up-to-date: /root/deepracer_ws/aws-deepracer-launcher/install/async_web_server_cpp/include/async_web_server_cpp/websocket_message.hpp
[4.541s] -- Up-to-date: /root/deepracer_ws/aws-deepracer-launcher/install/async_web_server_cpp/include/async_web_server_cpp/websocket_request_handler.hpp
[4.541s] -- Up-to-date: /root/deepracer_ws/aws-deepracer-launcher/install/async_web_server_cpp/include/async_web_server_cpp/http_connection.hpp
[4.565s] -- Up-to-date: /root/deepracer_ws/aws-deepracer-launcher/install/async_web_server_cpp/include/async_web_server_cpp/http_reply.hpp
[4.583s] Invoked command in '/root/deepracer_ws/aws-deepracer-launcher/build/async_web_server_cpp' returned '0': /usr/bin/cmake --install /root/deepracer_ws/aws-deepracer-launcher/build/async_web_server_cpp
