[1.473s] Invoking command in '/root/deepracer_ws/aws-deepracer-launcher/aws-deepracer-device-info-pkg/device_info_pkg': AMENT_PREFIX_PATH=/root/deepracer_ws/aws-deepracer-launcher/install/deepracer_interfaces_pkg CMAKE_PREFIX_PATH=/root/deepracer_ws/aws-deepracer-launcher/install/deepracer_interfaces_pkg LD_LIBRARY_PATH=/root/deepracer_ws/aws-deepracer-launcher/install/deepracer_interfaces_pkg/lib PYTHONPATH=/root/deepracer_ws/aws-deepracer-launcher/install/device_info_pkg/lib/python3.8/site-packages:/root/deepracer_ws/aws-deepracer-launcher/install/deepracer_interfaces_pkg/lib/python3.8/site-packages /usr/bin/python3 setup.py egg_info --egg-base ../../build/device_info_pkg build --build-base /root/deepracer_ws/aws-deepracer-launcher/build/device_info_pkg/build install --prefix /root/deepracer_ws/aws-deepracer-launcher/install/device_info_pkg --record /root/deepracer_ws/aws-deepracer-launcher/build/device_info_pkg/install.log --single-version-externally-managed
[2.483s] running egg_info
[2.485s] writing ../../build/device_info_pkg/device_info_pkg.egg-info/PKG-INFO
[2.486s] writing dependency_links to ../../build/device_info_pkg/device_info_pkg.egg-info/dependency_links.txt
[2.487s] writing entry points to ../../build/device_info_pkg/device_info_pkg.egg-info/entry_points.txt
[2.487s] writing requirements to ../../build/device_info_pkg/device_info_pkg.egg-info/requires.txt
[2.488s] writing top-level names to ../../build/device_info_pkg/device_info_pkg.egg-info/top_level.txt
[2.675s] reading manifest file '../../build/device_info_pkg/device_info_pkg.egg-info/SOURCES.txt'
[2.684s] writing manifest file '../../build/device_info_pkg/device_info_pkg.egg-info/SOURCES.txt'
[2.684s] running build
[2.684s] running build_py
[2.686s] running install
[2.700s] running install_lib
[2.700s] running install_data
[2.702s] running install_egg_info
[2.708s] removing '/root/deepracer_ws/aws-deepracer-launcher/install/device_info_pkg/lib/python3.8/site-packages/device_info_pkg-0.0.1-py3.8.egg-info' (and everything under it)
[2.709s] Copying ../../build/device_info_pkg/device_info_pkg.egg-info to /root/deepracer_ws/aws-deepracer-launcher/install/device_info_pkg/lib/python3.8/site-packages/device_info_pkg-0.0.1-py3.8.egg-info
[2.718s] running install_scripts
[2.803s] Installing device_info_node script to /root/deepracer_ws/aws-deepracer-launcher/install/device_info_pkg/lib/device_info_pkg
[2.805s] writing list of installed files to '/root/deepracer_ws/aws-deepracer-launcher/build/device_info_pkg/install.log'
[2.906s] Invoked command in '/root/deepracer_ws/aws-deepracer-launcher/aws-deepracer-device-info-pkg/device_info_pkg' returned '0': AMENT_PREFIX_PATH=/root/deepracer_ws/aws-deepracer-launcher/install/deepracer_interfaces_pkg CMAKE_PREFIX_PATH=/root/deepracer_ws/aws-deepracer-launcher/install/deepracer_interfaces_pkg LD_LIBRARY_PATH=/root/deepracer_ws/aws-deepracer-launcher/install/deepracer_interfaces_pkg/lib PYTHONPATH=/root/deepracer_ws/aws-deepracer-launcher/install/device_info_pkg/lib/python3.8/site-packages:/root/deepracer_ws/aws-deepracer-launcher/install/deepracer_interfaces_pkg/lib/python3.8/site-packages /usr/bin/python3 setup.py egg_info --egg-base ../../build/device_info_pkg build --build-base /root/deepracer_ws/aws-deepracer-launcher/build/device_info_pkg/build install --prefix /root/deepracer_ws/aws-deepracer-launcher/install/device_info_pkg --record /root/deepracer_ws/aws-deepracer-launcher/build/device_info_pkg/install.log --single-version-externally-managed
