running egg_info
writing ../../build/model_optimizer_pkg/model_optimizer_pkg.egg-info/PKG-INFO
writing dependency_links to ../../build/model_optimizer_pkg/model_optimizer_pkg.egg-info/dependency_links.txt
writing entry points to ../../build/model_optimizer_pkg/model_optimizer_pkg.egg-info/entry_points.txt
writing requirements to ../../build/model_optimizer_pkg/model_optimizer_pkg.egg-info/requires.txt
writing top-level names to ../../build/model_optimizer_pkg/model_optimizer_pkg.egg-info/top_level.txt
reading manifest file '../../build/model_optimizer_pkg/model_optimizer_pkg.egg-info/SOURCES.txt'
writing manifest file '../../build/model_optimizer_pkg/model_optimizer_pkg.egg-info/SOURCES.txt'
running build
running build_py
copying model_optimizer_pkg/model_optimizer_node.py -> /root/deepracer_ws/aws-deepracer-launcher/build/model_optimizer_pkg/build/lib/model_optimizer_pkg
copying model_optimizer_pkg/constants.py -> /root/deepracer_ws/aws-deepracer-launcher/build/model_optimizer_pkg/build/lib/model_optimizer_pkg
running install
running install_lib
copying /root/deepracer_ws/aws-deepracer-launcher/build/model_optimizer_pkg/build/lib/model_optimizer_pkg/model_optimizer_node.py -> /root/deepracer_ws/aws-deepracer-launcher/install/model_optimizer_pkg/lib/python3.8/site-packages/model_optimizer_pkg
copying /root/deepracer_ws/aws-deepracer-launcher/build/model_optimizer_pkg/build/lib/model_optimizer_pkg/constants.py -> /root/deepracer_ws/aws-deepracer-launcher/install/model_optimizer_pkg/lib/python3.8/site-packages/model_optimizer_pkg
byte-compiling /root/deepracer_ws/aws-deepracer-launcher/install/model_optimizer_pkg/lib/python3.8/site-packages/model_optimizer_pkg/model_optimizer_node.py to model_optimizer_node.cpython-38.pyc
byte-compiling /root/deepracer_ws/aws-deepracer-launcher/install/model_optimizer_pkg/lib/python3.8/site-packages/model_optimizer_pkg/constants.py to constants.cpython-38.pyc
running install_data
running install_egg_info
removing '/root/deepracer_ws/aws-deepracer-launcher/install/model_optimizer_pkg/lib/python3.8/site-packages/model_optimizer_pkg-0.0.1-py3.8.egg-info' (and everything under it)
Copying ../../build/model_optimizer_pkg/model_optimizer_pkg.egg-info to /root/deepracer_ws/aws-deepracer-launcher/install/model_optimizer_pkg/lib/python3.8/site-packages/model_optimizer_pkg-0.0.1-py3.8.egg-info
running install_scripts
Installing model_optimizer_node script to /root/deepracer_ws/aws-deepracer-launcher/install/model_optimizer_pkg/lib/model_optimizer_pkg
writing list of installed files to '/root/deepracer_ws/aws-deepracer-launcher/build/model_optimizer_pkg/install.log'
