[0.072s] Invoking command in '/root/deepracer_ws/aws-deepracer-launcher/build/ctrl_pkg': AMENT_PREFIX_PATH=/root/deepracer_ws/aws-deepracer-launcher/install/servo_pkg:/root/deepracer_ws/aws-deepracer-launcher/install/model_optimizer_pkg:/root/deepracer_ws/aws-deepracer-launcher/install/inference_pkg:/root/deepracer_ws/aws-deepracer-launcher/install/deepracer_navigation_pkg:/root/deepracer_ws/aws-deepracer-launcher/install/camera_pkg:/root/deepracer_ws/aws-deepracer-launcher/install/deepracer_interfaces_pkg CMAKE_PREFIX_PATH=/root/deepracer_ws/aws-deepracer-launcher/install/servo_pkg:/root/deepracer_ws/aws-deepracer-launcher/install/inference_pkg:/root/deepracer_ws/aws-deepracer-launcher/install/camera_pkg:/root/deepracer_ws/aws-deepracer-launcher/install/deepracer_interfaces_pkg LD_LIBRARY_PATH=/root/deepracer_ws/aws-deepracer-launcher/install/deepracer_interfaces_pkg/lib PYTHONPATH=/root/deepracer_ws/aws-deepracer-launcher/install/model_optimizer_pkg/lib/python3.8/site-packages:/root/deepracer_ws/aws-deepracer-launcher/install/deepracer_navigation_pkg/lib/python3.8/site-packages:/root/deepracer_ws/aws-deepracer-launcher/install/deepracer_interfaces_pkg/lib/python3.8/site-packages /usr/bin/cmake --build /root/deepracer_ws/aws-deepracer-launcher/build/ctrl_pkg -- -j2 -l2
[0.285s] [100%] Built target ctrl_node
[0.317s] Invoked command in '/root/deepracer_ws/aws-deepracer-launcher/build/ctrl_pkg' returned '0': AMENT_PREFIX_PATH=/root/deepracer_ws/aws-deepracer-launcher/install/servo_pkg:/root/deepracer_ws/aws-deepracer-launcher/install/model_optimizer_pkg:/root/deepracer_ws/aws-deepracer-launcher/install/inference_pkg:/root/deepracer_ws/aws-deepracer-launcher/install/deepracer_navigation_pkg:/root/deepracer_ws/aws-deepracer-launcher/install/camera_pkg:/root/deepracer_ws/aws-deepracer-launcher/install/deepracer_interfaces_pkg CMAKE_PREFIX_PATH=/root/deepracer_ws/aws-deepracer-launcher/install/servo_pkg:/root/deepracer_ws/aws-deepracer-launcher/install/inference_pkg:/root/deepracer_ws/aws-deepracer-launcher/install/camera_pkg:/root/deepracer_ws/aws-deepracer-launcher/install/deepracer_interfaces_pkg LD_LIBRARY_PATH=/root/deepracer_ws/aws-deepracer-launcher/install/deepracer_interfaces_pkg/lib PYTHONPATH=/root/deepracer_ws/aws-deepracer-launcher/install/model_optimizer_pkg/lib/python3.8/site-packages:/root/deepracer_ws/aws-deepracer-launcher/install/deepracer_navigation_pkg/lib/python3.8/site-packages:/root/deepracer_ws/aws-deepracer-launcher/install/deepracer_interfaces_pkg/lib/python3.8/site-packages /usr/bin/cmake --build /root/deepracer_ws/aws-deepracer-launcher/build/ctrl_pkg -- -j2 -l2
[0.431s] Invoking command in '/root/deepracer_ws/aws-deepracer-launcher/build/ctrl_pkg': AMENT_PREFIX_PATH=/root/deepracer_ws/aws-deepracer-launcher/install/servo_pkg:/root/deepracer_ws/aws-deepracer-launcher/install/model_optimizer_pkg:/root/deepracer_ws/aws-deepracer-launcher/install/inference_pkg:/root/deepracer_ws/aws-deepracer-launcher/install/deepracer_navigation_pkg:/root/deepracer_ws/aws-deepracer-launcher/install/camera_pkg:/root/deepracer_ws/aws-deepracer-launcher/install/deepracer_interfaces_pkg CMAKE_PREFIX_PATH=/root/deepracer_ws/aws-deepracer-launcher/install/servo_pkg:/root/deepracer_ws/aws-deepracer-launcher/install/inference_pkg:/root/deepracer_ws/aws-deepracer-launcher/install/camera_pkg:/root/deepracer_ws/aws-deepracer-launcher/install/deepracer_interfaces_pkg LD_LIBRARY_PATH=/root/deepracer_ws/aws-deepracer-launcher/install/deepracer_interfaces_pkg/lib PYTHONPATH=/root/deepracer_ws/aws-deepracer-launcher/install/model_optimizer_pkg/lib/python3.8/site-packages:/root/deepracer_ws/aws-deepracer-launcher/install/deepracer_navigation_pkg/lib/python3.8/site-packages:/root/deepracer_ws/aws-deepracer-launcher/install/deepracer_interfaces_pkg/lib/python3.8/site-packages /usr/bin/cmake --install /root/deepracer_ws/aws-deepracer-launcher/build/ctrl_pkg
[0.530s] -- Install configuration: ""
[0.530s] -- Up-to-date: /root/deepracer_ws/aws-deepracer-launcher/install/ctrl_pkg/lib/ctrl_pkg/ctrl_node
[0.530s] -- Up-to-date: /root/deepracer_ws/aws-deepracer-launcher/install/ctrl_pkg/include
[0.531s] -- Up-to-date: /root/deepracer_ws/aws-deepracer-launcher/install/ctrl_pkg/include/ctrl_pkg
[0.531s] -- Up-to-date: /root/deepracer_ws/aws-deepracer-launcher/install/ctrl_pkg/include/ctrl_pkg/ctrl_state.hpp
[0.531s] -- Up-to-date: /root/deepracer_ws/aws-deepracer-launcher/install/ctrl_pkg/include/ctrl_pkg/ctrl_state_base.hpp
[0.532s] -- Up-to-date: /root/deepracer_ws/aws-deepracer-launcher/install/ctrl_pkg/share/ctrl_pkg//launch
[0.532s] -- Up-to-date: /root/deepracer_ws/aws-deepracer-launcher/install/ctrl_pkg/share/ctrl_pkg//launch/ctrl_pkg_launch.py
[0.532s] -- Up-to-date: /root/deepracer_ws/aws-deepracer-launcher/install/ctrl_pkg/share/ament_index/resource_index/package_run_dependencies/ctrl_pkg
[0.532s] -- Up-to-date: /root/deepracer_ws/aws-deepracer-launcher/install/ctrl_pkg/share/ament_index/resource_index/parent_prefix_path/ctrl_pkg
[0.533s] -- Up-to-date: /root/deepracer_ws/aws-deepracer-launcher/install/ctrl_pkg/share/ctrl_pkg/environment/ament_prefix_path.sh
[0.533s] -- Up-to-date: /root/deepracer_ws/aws-deepracer-launcher/install/ctrl_pkg/share/ctrl_pkg/environment/ament_prefix_path.dsv
[0.533s] -- Up-to-date: /root/deepracer_ws/aws-deepracer-launcher/install/ctrl_pkg/share/ctrl_pkg/environment/path.sh
[0.534s] -- Up-to-date: /root/deepracer_ws/aws-deepracer-launcher/install/ctrl_pkg/share/ctrl_pkg/environment/path.dsv
[0.534s] -- Up-to-date: /root/deepracer_ws/aws-deepracer-launcher/install/ctrl_pkg/share/ctrl_pkg/local_setup.bash
[0.534s] -- Up-to-date: /root/deepracer_ws/aws-deepracer-launcher/install/ctrl_pkg/share/ctrl_pkg/local_setup.sh
[0.535s] -- Up-to-date: /root/deepracer_ws/aws-deepracer-launcher/install/ctrl_pkg/share/ctrl_pkg/local_setup.zsh
[0.535s] -- Up-to-date: /root/deepracer_ws/aws-deepracer-launcher/install/ctrl_pkg/share/ctrl_pkg/local_setup.dsv
[0.535s] -- Installing: /root/deepracer_ws/aws-deepracer-launcher/install/ctrl_pkg/share/ctrl_pkg/package.dsv
[0.535s] -- Up-to-date: /root/deepracer_ws/aws-deepracer-launcher/install/ctrl_pkg/share/ament_index/resource_index/packages/ctrl_pkg
[0.536s] -- Up-to-date: /root/deepracer_ws/aws-deepracer-launcher/install/ctrl_pkg/share/ctrl_pkg/cmake/ament_cmake_export_include_directories-extras.cmake
[0.536s] -- Up-to-date: /root/deepracer_ws/aws-deepracer-launcher/install/ctrl_pkg/share/ctrl_pkg/cmake/ament_cmake_export_dependencies-extras.cmake
[0.536s] -- Up-to-date: /root/deepracer_ws/aws-deepracer-launcher/install/ctrl_pkg/share/ctrl_pkg/cmake/ctrl_pkgConfig.cmake
[0.537s] -- Up-to-date: /root/deepracer_ws/aws-deepracer-launcher/install/ctrl_pkg/share/ctrl_pkg/cmake/ctrl_pkgConfig-version.cmake
[0.537s] -- Up-to-date: /root/deepracer_ws/aws-deepracer-launcher/install/ctrl_pkg/share/ctrl_pkg/package.xml
[1.308s] Invoked command in '/root/deepracer_ws/aws-deepracer-launcher/build/ctrl_pkg' returned '0': AMENT_PREFIX_PATH=/root/deepracer_ws/aws-deepracer-launcher/install/servo_pkg:/root/deepracer_ws/aws-deepracer-launcher/install/model_optimizer_pkg:/root/deepracer_ws/aws-deepracer-launcher/install/inference_pkg:/root/deepracer_ws/aws-deepracer-launcher/install/deepracer_navigation_pkg:/root/deepracer_ws/aws-deepracer-launcher/install/camera_pkg:/root/deepracer_ws/aws-deepracer-launcher/install/deepracer_interfaces_pkg CMAKE_PREFIX_PATH=/root/deepracer_ws/aws-deepracer-launcher/install/servo_pkg:/root/deepracer_ws/aws-deepracer-launcher/install/inference_pkg:/root/deepracer_ws/aws-deepracer-launcher/install/camera_pkg:/root/deepracer_ws/aws-deepracer-launcher/install/deepracer_interfaces_pkg LD_LIBRARY_PATH=/root/deepracer_ws/aws-deepracer-launcher/install/deepracer_interfaces_pkg/lib PYTHONPATH=/root/deepracer_ws/aws-deepracer-launcher/install/model_optimizer_pkg/lib/python3.8/site-packages:/root/deepracer_ws/aws-deepracer-launcher/install/deepracer_navigation_pkg/lib/python3.8/site-packages:/root/deepracer_ws/aws-deepracer-launcher/install/deepracer_interfaces_pkg/lib/python3.8/site-packages /usr/bin/cmake --install /root/deepracer_ws/aws-deepracer-launcher/build/ctrl_pkg
