[0.073s] Invoking command in '/root/deepracer_ws/aws-deepracer-launcher/build/servo_pkg': AMENT_PREFIX_PATH=/root/deepracer_ws/aws-deepracer-launcher/install/deepracer_interfaces_pkg CMAKE_PREFIX_PATH=/root/deepracer_ws/aws-deepracer-launcher/install/deepracer_interfaces_pkg LD_LIBRARY_PATH=/root/deepracer_ws/aws-deepracer-launcher/install/deepracer_interfaces_pkg/lib PYTHONPATH=/root/deepracer_ws/aws-deepracer-launcher/install/deepracer_interfaces_pkg/lib/python3.8/site-packages /usr/bin/cmake --build /root/deepracer_ws/aws-deepracer-launcher/build/servo_pkg -- -j2 -l2
[0.342s] [100%] Built target servo_node
[0.380s] Invoked command in '/root/deepracer_ws/aws-deepracer-launcher/build/servo_pkg' returned '0': AMENT_PREFIX_PATH=/root/deepracer_ws/aws-deepracer-launcher/install/deepracer_interfaces_pkg CMAKE_PREFIX_PATH=/root/deepracer_ws/aws-deepracer-launcher/install/deepracer_interfaces_pkg LD_LIBRARY_PATH=/root/deepracer_ws/aws-deepracer-launcher/install/deepracer_interfaces_pkg/lib PYTHONPATH=/root/deepracer_ws/aws-deepracer-launcher/install/deepracer_interfaces_pkg/lib/python3.8/site-packages /usr/bin/cmake --build /root/deepracer_ws/aws-deepracer-launcher/build/servo_pkg -- -j2 -l2
[0.486s] Invoking command in '/root/deepracer_ws/aws-deepracer-launcher/build/servo_pkg': AMENT_PREFIX_PATH=/root/deepracer_ws/aws-deepracer-launcher/install/deepracer_interfaces_pkg CMAKE_PREFIX_PATH=/root/deepracer_ws/aws-deepracer-launcher/install/deepracer_interfaces_pkg LD_LIBRARY_PATH=/root/deepracer_ws/aws-deepracer-launcher/install/deepracer_interfaces_pkg/lib PYTHONPATH=/root/deepracer_ws/aws-deepracer-launcher/install/deepracer_interfaces_pkg/lib/python3.8/site-packages /usr/bin/cmake --install /root/deepracer_ws/aws-deepracer-launcher/build/servo_pkg
[0.522s] -- Install configuration: ""
[0.524s] -- Up-to-date: /root/deepracer_ws/aws-deepracer-launcher/install/servo_pkg/lib/servo_pkg/servo_node
[0.525s] -- Up-to-date: /root/deepracer_ws/aws-deepracer-launcher/install/servo_pkg/include
[0.526s] -- Up-to-date: /root/deepracer_ws/aws-deepracer-launcher/install/servo_pkg/include/servo_pkg
[0.526s] -- Up-to-date: /root/deepracer_ws/aws-deepracer-launcher/install/servo_pkg/include/servo_pkg/bios_version.hpp
[0.530s] -- Up-to-date: /root/deepracer_ws/aws-deepracer-launcher/install/servo_pkg/include/servo_pkg/led_mgr.hpp
[0.530s] -- Up-to-date: /root/deepracer_ws/aws-deepracer-launcher/install/servo_pkg/include/servo_pkg/pwm.hpp
[0.530s] -- Up-to-date: /root/deepracer_ws/aws-deepracer-launcher/install/servo_pkg/include/servo_pkg/servo_mgr.hpp
[0.531s] -- Up-to-date: /root/deepracer_ws/aws-deepracer-launcher/install/servo_pkg/include/servo_pkg/utility.hpp
[0.533s] -- Up-to-date: /root/deepracer_ws/aws-deepracer-launcher/install/servo_pkg/share/servo_pkg//launch
[0.533s] -- Up-to-date: /root/deepracer_ws/aws-deepracer-launcher/install/servo_pkg/share/servo_pkg//launch/servo_pkg_launch.py
[0.533s] -- Up-to-date: /root/deepracer_ws/aws-deepracer-launcher/install/servo_pkg/share/ament_index/resource_index/package_run_dependencies/servo_pkg
[0.534s] -- Up-to-date: /root/deepracer_ws/aws-deepracer-launcher/install/servo_pkg/share/ament_index/resource_index/parent_prefix_path/servo_pkg
[0.534s] -- Up-to-date: /root/deepracer_ws/aws-deepracer-launcher/install/servo_pkg/share/servo_pkg/environment/ament_prefix_path.sh
[0.535s] -- Up-to-date: /root/deepracer_ws/aws-deepracer-launcher/install/servo_pkg/share/servo_pkg/environment/ament_prefix_path.dsv
[0.536s] -- Up-to-date: /root/deepracer_ws/aws-deepracer-launcher/install/servo_pkg/share/servo_pkg/environment/path.sh
[0.537s] -- Up-to-date: /root/deepracer_ws/aws-deepracer-launcher/install/servo_pkg/share/servo_pkg/environment/path.dsv
[0.538s] -- Up-to-date: /root/deepracer_ws/aws-deepracer-launcher/install/servo_pkg/share/servo_pkg/local_setup.bash
[0.539s] -- Up-to-date: /root/deepracer_ws/aws-deepracer-launcher/install/servo_pkg/share/servo_pkg/local_setup.sh
[0.539s] -- Up-to-date: /root/deepracer_ws/aws-deepracer-launcher/install/servo_pkg/share/servo_pkg/local_setup.zsh
[0.553s] -- Up-to-date: /root/deepracer_ws/aws-deepracer-launcher/install/servo_pkg/share/servo_pkg/local_setup.dsv
[0.556s] -- Installing: /root/deepracer_ws/aws-deepracer-launcher/install/servo_pkg/share/servo_pkg/package.dsv
[0.556s] -- Up-to-date: /root/deepracer_ws/aws-deepracer-launcher/install/servo_pkg/share/ament_index/resource_index/packages/servo_pkg
[0.557s] -- Up-to-date: /root/deepracer_ws/aws-deepracer-launcher/install/servo_pkg/share/servo_pkg/cmake/ament_cmake_export_include_directories-extras.cmake
[0.557s] -- Up-to-date: /root/deepracer_ws/aws-deepracer-launcher/install/servo_pkg/share/servo_pkg/cmake/ament_cmake_export_dependencies-extras.cmake
[0.557s] -- Up-to-date: /root/deepracer_ws/aws-deepracer-launcher/install/servo_pkg/share/servo_pkg/cmake/servo_pkgConfig.cmake
[0.558s] -- Up-to-date: /root/deepracer_ws/aws-deepracer-launcher/install/servo_pkg/share/servo_pkg/cmake/servo_pkgConfig-version.cmake
[0.558s] -- Up-to-date: /root/deepracer_ws/aws-deepracer-launcher/install/servo_pkg/share/servo_pkg/package.xml
[0.559s] Invoked command in '/root/deepracer_ws/aws-deepracer-launcher/build/servo_pkg' returned '0': AMENT_PREFIX_PATH=/root/deepracer_ws/aws-deepracer-launcher/install/deepracer_interfaces_pkg CMAKE_PREFIX_PATH=/root/deepracer_ws/aws-deepracer-launcher/install/deepracer_interfaces_pkg LD_LIBRARY_PATH=/root/deepracer_ws/aws-deepracer-launcher/install/deepracer_interfaces_pkg/lib PYTHONPATH=/root/deepracer_ws/aws-deepracer-launcher/install/deepracer_interfaces_pkg/lib/python3.8/site-packages /usr/bin/cmake --install /root/deepracer_ws/aws-deepracer-launcher/build/servo_pkg
