[1.443s] Invoking command in '/root/deepracer_ws/aws-deepracer-launcher/aws-deepracer-usb-monitor-pkg/usb_monitor_pkg': AMENT_PREFIX_PATH=/root/deepracer_ws/aws-deepracer-launcher/install/deepracer_interfaces_pkg CMAKE_PREFIX_PATH=/root/deepracer_ws/aws-deepracer-launcher/install/deepracer_interfaces_pkg LD_LIBRARY_PATH=/root/deepracer_ws/aws-deepracer-launcher/install/deepracer_interfaces_pkg/lib PYTHONPATH=/root/deepracer_ws/aws-deepracer-launcher/install/usb_monitor_pkg/lib/python3.8/site-packages:/root/deepracer_ws/aws-deepracer-launcher/install/deepracer_interfaces_pkg/lib/python3.8/site-packages /usr/bin/python3 setup.py egg_info --egg-base ../../build/usb_monitor_pkg build --build-base /root/deepracer_ws/aws-deepracer-launcher/build/usb_monitor_pkg/build install --prefix /root/deepracer_ws/aws-deepracer-launcher/install/usb_monitor_pkg --record /root/deepracer_ws/aws-deepracer-launcher/build/usb_monitor_pkg/install.log --single-version-externally-managed
[3.152s] running egg_info
[3.154s] writing ../../build/usb_monitor_pkg/usb_monitor_pkg.egg-info/PKG-INFO
[3.155s] writing dependency_links to ../../build/usb_monitor_pkg/usb_monitor_pkg.egg-info/dependency_links.txt
[3.156s] writing entry points to ../../build/usb_monitor_pkg/usb_monitor_pkg.egg-info/entry_points.txt
[3.207s] writing requirements to ../../build/usb_monitor_pkg/usb_monitor_pkg.egg-info/requires.txt
[3.207s] writing top-level names to ../../build/usb_monitor_pkg/usb_monitor_pkg.egg-info/top_level.txt
[3.498s] reading manifest file '../../build/usb_monitor_pkg/usb_monitor_pkg.egg-info/SOURCES.txt'
[3.506s] writing manifest file '../../build/usb_monitor_pkg/usb_monitor_pkg.egg-info/SOURCES.txt'
[3.506s] running build
[3.506s] running build_py
[3.514s] running install
[3.530s] running install_lib
[3.535s] running install_data
[3.697s] running install_egg_info
[3.700s] removing '/root/deepracer_ws/aws-deepracer-launcher/install/usb_monitor_pkg/lib/python3.8/site-packages/usb_monitor_pkg-0.0.1-py3.8.egg-info' (and everything under it)
[3.712s] Copying ../../build/usb_monitor_pkg/usb_monitor_pkg.egg-info to /root/deepracer_ws/aws-deepracer-launcher/install/usb_monitor_pkg/lib/python3.8/site-packages/usb_monitor_pkg-0.0.1-py3.8.egg-info
[3.716s] running install_scripts
[3.825s] Installing usb_monitor_node script to /root/deepracer_ws/aws-deepracer-launcher/install/usb_monitor_pkg/lib/usb_monitor_pkg
[3.827s] writing list of installed files to '/root/deepracer_ws/aws-deepracer-launcher/build/usb_monitor_pkg/install.log'
[3.909s] Invoked command in '/root/deepracer_ws/aws-deepracer-launcher/aws-deepracer-usb-monitor-pkg/usb_monitor_pkg' returned '0': AMENT_PREFIX_PATH=/root/deepracer_ws/aws-deepracer-launcher/install/deepracer_interfaces_pkg CMAKE_PREFIX_PATH=/root/deepracer_ws/aws-deepracer-launcher/install/deepracer_interfaces_pkg LD_LIBRARY_PATH=/root/deepracer_ws/aws-deepracer-launcher/install/deepracer_interfaces_pkg/lib PYTHONPATH=/root/deepracer_ws/aws-deepracer-launcher/install/usb_monitor_pkg/lib/python3.8/site-packages:/root/deepracer_ws/aws-deepracer-launcher/install/deepracer_interfaces_pkg/lib/python3.8/site-packages /usr/bin/python3 setup.py egg_info --egg-base ../../build/usb_monitor_pkg build --build-base /root/deepracer_ws/aws-deepracer-launcher/build/usb_monitor_pkg/build install --prefix /root/deepracer_ws/aws-deepracer-launcher/install/usb_monitor_pkg --record /root/deepracer_ws/aws-deepracer-launcher/build/usb_monitor_pkg/install.log --single-version-externally-managed
