[1.243s] Invoking command in '/root/deepracer_ws/aws-deepracer-launcher/aws-deepracer-systems-pkg/deepracer_systems_pkg': AMENT_PREFIX_PATH=/root/deepracer_ws/aws-deepracer-launcher/install/usb_monitor_pkg:/root/deepracer_ws/aws-deepracer-launcher/install/status_led_pkg:/root/deepracer_ws/aws-deepracer-launcher/install/deepracer_interfaces_pkg CMAKE_PREFIX_PATH=/root/deepracer_ws/aws-deepracer-launcher/install/deepracer_interfaces_pkg LD_LIBRARY_PATH=/root/deepracer_ws/aws-deepracer-launcher/install/deepracer_interfaces_pkg/lib PYTHONPATH=/root/deepracer_ws/aws-deepracer-launcher/install/deepracer_systems_pkg/lib/python3.8/site-packages:/root/deepracer_ws/aws-deepracer-launcher/install/usb_monitor_pkg/lib/python3.8/site-packages:/root/deepracer_ws/aws-deepracer-launcher/install/status_led_pkg/lib/python3.8/site-packages:/root/deepracer_ws/aws-deepracer-launcher/install/deepracer_interfaces_pkg/lib/python3.8/site-packages /usr/bin/python3 setup.py egg_info --egg-base ../../build/deepracer_systems_pkg build --build-base /root/deepracer_ws/aws-deepracer-launcher/build/deepracer_systems_pkg/build install --prefix /root/deepracer_ws/aws-deepracer-launcher/install/deepracer_systems_pkg --record /root/deepracer_ws/aws-deepracer-launcher/build/deepracer_systems_pkg/install.log --single-version-externally-managed
[2.116s] running egg_info
[2.117s] writing ../../build/deepracer_systems_pkg/deepracer_systems_pkg.egg-info/PKG-INFO
[2.117s] writing dependency_links to ../../build/deepracer_systems_pkg/deepracer_systems_pkg.egg-info/dependency_links.txt
[2.118s] writing entry points to ../../build/deepracer_systems_pkg/deepracer_systems_pkg.egg-info/entry_points.txt
[2.120s] writing requirements to ../../build/deepracer_systems_pkg/deepracer_systems_pkg.egg-info/requires.txt
[2.121s] writing top-level names to ../../build/deepracer_systems_pkg/deepracer_systems_pkg.egg-info/top_level.txt
[2.264s] reading manifest file '../../build/deepracer_systems_pkg/deepracer_systems_pkg.egg-info/SOURCES.txt'
[2.269s] writing manifest file '../../build/deepracer_systems_pkg/deepracer_systems_pkg.egg-info/SOURCES.txt'
[2.270s] running build
[2.271s] running build_py
[2.285s] running install
[2.288s] running install_lib
[2.299s] running install_data
[2.302s] running install_egg_info
[2.308s] removing '/root/deepracer_ws/aws-deepracer-launcher/install/deepracer_systems_pkg/lib/python3.8/site-packages/deepracer_systems_pkg-0.0.1-py3.8.egg-info' (and everything under it)
[2.310s] Copying ../../build/deepracer_systems_pkg/deepracer_systems_pkg.egg-info to /root/deepracer_ws/aws-deepracer-launcher/install/deepracer_systems_pkg/lib/python3.8/site-packages/deepracer_systems_pkg-0.0.1-py3.8.egg-info
[2.316s] running install_scripts
[2.378s] Installing deepracer_systems_scripts_node script to /root/deepracer_ws/aws-deepracer-launcher/install/deepracer_systems_pkg/lib/deepracer_systems_pkg
[2.385s] Installing model_loader_node script to /root/deepracer_ws/aws-deepracer-launcher/install/deepracer_systems_pkg/lib/deepracer_systems_pkg
[2.385s] Installing network_monitor_node script to /root/deepracer_ws/aws-deepracer-launcher/install/deepracer_systems_pkg/lib/deepracer_systems_pkg
[2.386s] Installing otg_control_node script to /root/deepracer_ws/aws-deepracer-launcher/install/deepracer_systems_pkg/lib/deepracer_systems_pkg
[2.386s] Installing software_update_node script to /root/deepracer_ws/aws-deepracer-launcher/install/deepracer_systems_pkg/lib/deepracer_systems_pkg
[2.397s] writing list of installed files to '/root/deepracer_ws/aws-deepracer-launcher/build/deepracer_systems_pkg/install.log'
[2.503s] Invoked command in '/root/deepracer_ws/aws-deepracer-launcher/aws-deepracer-systems-pkg/deepracer_systems_pkg' returned '0': AMENT_PREFIX_PATH=/root/deepracer_ws/aws-deepracer-launcher/install/usb_monitor_pkg:/root/deepracer_ws/aws-deepracer-launcher/install/status_led_pkg:/root/deepracer_ws/aws-deepracer-launcher/install/deepracer_interfaces_pkg CMAKE_PREFIX_PATH=/root/deepracer_ws/aws-deepracer-launcher/install/deepracer_interfaces_pkg LD_LIBRARY_PATH=/root/deepracer_ws/aws-deepracer-launcher/install/deepracer_interfaces_pkg/lib PYTHONPATH=/root/deepracer_ws/aws-deepracer-launcher/install/deepracer_systems_pkg/lib/python3.8/site-packages:/root/deepracer_ws/aws-deepracer-launcher/install/usb_monitor_pkg/lib/python3.8/site-packages:/root/deepracer_ws/aws-deepracer-launcher/install/status_led_pkg/lib/python3.8/site-packages:/root/deepracer_ws/aws-deepracer-launcher/install/deepracer_interfaces_pkg/lib/python3.8/site-packages /usr/bin/python3 setup.py egg_info --egg-base ../../build/deepracer_systems_pkg build --build-base /root/deepracer_ws/aws-deepracer-launcher/build/deepracer_systems_pkg/build install --prefix /root/deepracer_ws/aws-deepracer-launcher/install/deepracer_systems_pkg --record /root/deepracer_ws/aws-deepracer-launcher/build/deepracer_systems_pkg/install.log --single-version-externally-managed
