[0.132s] Invoking command in '/root/deepracer_ws/aws-deepracer-launcher/build/sensor_fusion_pkg': AMENT_PREFIX_PATH=/root/deepracer_ws/aws-deepracer-launcher/install/deepracer_interfaces_pkg:${AMENT_PREFIX_PATH} CMAKE_PREFIX_PATH=/root/deepracer_ws/aws-deepracer-launcher/install/deepracer_interfaces_pkg:/opt/ros/foxy LD_LIBRARY_PATH=/root/deepracer_ws/aws-deepracer-launcher/install/deepracer_interfaces_pkg/lib:/home/deepracer/intel/openvino_2022/tools/compile_tool:/home/deepracer/intel/openvino_2022/runtime/3rdparty/tbb/lib:/home/deepracer/intel/openvino_2022/runtime/3rdparty/hddl/lib:/home/deepracer/intel/openvino_2022/runtime/lib/intel64:/opt/ros/foxy/opt/yaml_cpp_vendor/lib:/opt/ros/foxy/opt/rviz_ogre_vendor/lib:/opt/ros/foxy/lib/x86_64-linux-gnu:/opt/ros/foxy/lib PYTHONPATH=/root/deepracer_ws/aws-deepracer-launcher/install/deepracer_interfaces_pkg/lib/python3.8/site-packages:${PYTHONPATH} /usr/bin/cmake --build /root/deepracer_ws/aws-deepracer-launcher/build/sensor_fusion_pkg -- -j2 -l2
[0.356s] [100%] Built target sensor_fusion_node
[0.390s] Invoked command in '/root/deepracer_ws/aws-deepracer-launcher/build/sensor_fusion_pkg' returned '0': AMENT_PREFIX_PATH=/root/deepracer_ws/aws-deepracer-launcher/install/deepracer_interfaces_pkg:${AMENT_PREFIX_PATH} CMAKE_PREFIX_PATH=/root/deepracer_ws/aws-deepracer-launcher/install/deepracer_interfaces_pkg:/opt/ros/foxy LD_LIBRARY_PATH=/root/deepracer_ws/aws-deepracer-launcher/install/deepracer_interfaces_pkg/lib:/home/deepracer/intel/openvino_2022/tools/compile_tool:/home/deepracer/intel/openvino_2022/runtime/3rdparty/tbb/lib:/home/deepracer/intel/openvino_2022/runtime/3rdparty/hddl/lib:/home/deepracer/intel/openvino_2022/runtime/lib/intel64:/opt/ros/foxy/opt/yaml_cpp_vendor/lib:/opt/ros/foxy/opt/rviz_ogre_vendor/lib:/opt/ros/foxy/lib/x86_64-linux-gnu:/opt/ros/foxy/lib PYTHONPATH=/root/deepracer_ws/aws-deepracer-launcher/install/deepracer_interfaces_pkg/lib/python3.8/site-packages:${PYTHONPATH} /usr/bin/cmake --build /root/deepracer_ws/aws-deepracer-launcher/build/sensor_fusion_pkg -- -j2 -l2
[0.497s] Invoking command in '/root/deepracer_ws/aws-deepracer-launcher/build/sensor_fusion_pkg': AMENT_PREFIX_PATH=/root/deepracer_ws/aws-deepracer-launcher/install/deepracer_interfaces_pkg:${AMENT_PREFIX_PATH} CMAKE_PREFIX_PATH=/root/deepracer_ws/aws-deepracer-launcher/install/deepracer_interfaces_pkg:/opt/ros/foxy LD_LIBRARY_PATH=/root/deepracer_ws/aws-deepracer-launcher/install/deepracer_interfaces_pkg/lib:/home/deepracer/intel/openvino_2022/tools/compile_tool:/home/deepracer/intel/openvino_2022/runtime/3rdparty/tbb/lib:/home/deepracer/intel/openvino_2022/runtime/3rdparty/hddl/lib:/home/deepracer/intel/openvino_2022/runtime/lib/intel64:/opt/ros/foxy/opt/yaml_cpp_vendor/lib:/opt/ros/foxy/opt/rviz_ogre_vendor/lib:/opt/ros/foxy/lib/x86_64-linux-gnu:/opt/ros/foxy/lib PYTHONPATH=/root/deepracer_ws/aws-deepracer-launcher/install/deepracer_interfaces_pkg/lib/python3.8/site-packages:${PYTHONPATH} /usr/bin/cmake --install /root/deepracer_ws/aws-deepracer-launcher/build/sensor_fusion_pkg
[0.675s] -- Install configuration: ""
[0.680s] -- Up-to-date: /root/deepracer_ws/aws-deepracer-launcher/install/sensor_fusion_pkg/lib/sensor_fusion_pkg/sensor_fusion_node
[0.680s] -- Up-to-date: /root/deepracer_ws/aws-deepracer-launcher/install/sensor_fusion_pkg/share/sensor_fusion_pkg//launch
[0.681s] -- Up-to-date: /root/deepracer_ws/aws-deepracer-launcher/install/sensor_fusion_pkg/share/sensor_fusion_pkg//launch/sensor_fusion_launch.py
[0.682s] -- Up-to-date: /root/deepracer_ws/aws-deepracer-launcher/install/sensor_fusion_pkg/share/ament_index/resource_index/package_run_dependencies/sensor_fusion_pkg
[0.683s] -- Up-to-date: /root/deepracer_ws/aws-deepracer-launcher/install/sensor_fusion_pkg/share/ament_index/resource_index/parent_prefix_path/sensor_fusion_pkg
[0.683s] -- Up-to-date: /root/deepracer_ws/aws-deepracer-launcher/install/sensor_fusion_pkg/share/sensor_fusion_pkg/environment/ament_prefix_path.sh
[0.684s] -- Up-to-date: /root/deepracer_ws/aws-deepracer-launcher/install/sensor_fusion_pkg/share/sensor_fusion_pkg/environment/ament_prefix_path.dsv
[0.684s] -- Up-to-date: /root/deepracer_ws/aws-deepracer-launcher/install/sensor_fusion_pkg/share/sensor_fusion_pkg/environment/path.sh
[0.685s] -- Up-to-date: /root/deepracer_ws/aws-deepracer-launcher/install/sensor_fusion_pkg/share/sensor_fusion_pkg/environment/path.dsv
[0.685s] -- Up-to-date: /root/deepracer_ws/aws-deepracer-launcher/install/sensor_fusion_pkg/share/sensor_fusion_pkg/local_setup.bash
[0.686s] -- Up-to-date: /root/deepracer_ws/aws-deepracer-launcher/install/sensor_fusion_pkg/share/sensor_fusion_pkg/local_setup.sh
[0.686s] -- Up-to-date: /root/deepracer_ws/aws-deepracer-launcher/install/sensor_fusion_pkg/share/sensor_fusion_pkg/local_setup.zsh
[0.687s] -- Up-to-date: /root/deepracer_ws/aws-deepracer-launcher/install/sensor_fusion_pkg/share/sensor_fusion_pkg/local_setup.dsv
[0.691s] -- Installing: /root/deepracer_ws/aws-deepracer-launcher/install/sensor_fusion_pkg/share/sensor_fusion_pkg/package.dsv
[0.692s] -- Up-to-date: /root/deepracer_ws/aws-deepracer-launcher/install/sensor_fusion_pkg/share/ament_index/resource_index/packages/sensor_fusion_pkg
[0.692s] -- Up-to-date: /root/deepracer_ws/aws-deepracer-launcher/install/sensor_fusion_pkg/share/sensor_fusion_pkg/cmake/sensor_fusion_pkgConfig.cmake
[0.693s] -- Up-to-date: /root/deepracer_ws/aws-deepracer-launcher/install/sensor_fusion_pkg/share/sensor_fusion_pkg/cmake/sensor_fusion_pkgConfig-version.cmake
[0.699s] -- Up-to-date: /root/deepracer_ws/aws-deepracer-launcher/install/sensor_fusion_pkg/share/sensor_fusion_pkg/package.xml
[0.701s] Invoked command in '/root/deepracer_ws/aws-deepracer-launcher/build/sensor_fusion_pkg' returned '0': AMENT_PREFIX_PATH=/root/deepracer_ws/aws-deepracer-launcher/install/deepracer_interfaces_pkg:${AMENT_PREFIX_PATH} CMAKE_PREFIX_PATH=/root/deepracer_ws/aws-deepracer-launcher/install/deepracer_interfaces_pkg:/opt/ros/foxy LD_LIBRARY_PATH=/root/deepracer_ws/aws-deepracer-launcher/install/deepracer_interfaces_pkg/lib:/home/deepracer/intel/openvino_2022/tools/compile_tool:/home/deepracer/intel/openvino_2022/runtime/3rdparty/tbb/lib:/home/deepracer/intel/openvino_2022/runtime/3rdparty/hddl/lib:/home/deepracer/intel/openvino_2022/runtime/lib/intel64:/opt/ros/foxy/opt/yaml_cpp_vendor/lib:/opt/ros/foxy/opt/rviz_ogre_vendor/lib:/opt/ros/foxy/lib/x86_64-linux-gnu:/opt/ros/foxy/lib PYTHONPATH=/root/deepracer_ws/aws-deepracer-launcher/install/deepracer_interfaces_pkg/lib/python3.8/site-packages:${PYTHONPATH} /usr/bin/cmake --install /root/deepracer_ws/aws-deepracer-launcher/build/sensor_fusion_pkg
