[0.328s] Invoking command in '/root/deepracer_ws/aws-deepracer-launcher/build/web_video_server': CMAKE_PREFIX_PATH=/opt/ros/foxy:/root/deepracer_ws/aws-deepracer-launcher/install/async_web_server_cpp LD_LIBRARY_PATH=/root/deepracer_ws/aws-deepracer-launcher/install/async_web_server_cpp/lib:${LD_LIBRARY_PATH} PKG_CONFIG_PATH=/root/deepracer_ws/aws-deepracer-launcher/install/async_web_server_cpp/lib/x86_64-linux-gnu/pkgconfig:/root/deepracer_ws/aws-deepracer-launcher/install/async_web_server_cpp/lib/pkgconfig ROS_PACKAGE_PATH=/root/deepracer_ws/aws-deepracer-launcher/install/async_web_server_cpp/share /usr/bin/cmake --build /root/deepracer_ws/aws-deepracer-launcher/build/web_video_server -- -j2 -l2
[2.793s] [100%] Built target web_video_server
[2.881s] Invoked command in '/root/deepracer_ws/aws-deepracer-launcher/build/web_video_server' returned '0': CMAKE_PREFIX_PATH=/opt/ros/foxy:/root/deepracer_ws/aws-deepracer-launcher/install/async_web_server_cpp LD_LIBRARY_PATH=/root/deepracer_ws/aws-deepracer-launcher/install/async_web_server_cpp/lib:${LD_LIBRARY_PATH} PKG_CONFIG_PATH=/root/deepracer_ws/aws-deepracer-launcher/install/async_web_server_cpp/lib/x86_64-linux-gnu/pkgconfig:/root/deepracer_ws/aws-deepracer-launcher/install/async_web_server_cpp/lib/pkgconfig ROS_PACKAGE_PATH=/root/deepracer_ws/aws-deepracer-launcher/install/async_web_server_cpp/share /usr/bin/cmake --build /root/deepracer_ws/aws-deepracer-launcher/build/web_video_server -- -j2 -l2
[3.483s] Invoking command in '/root/deepracer_ws/aws-deepracer-launcher/build/web_video_server': CMAKE_PREFIX_PATH=/opt/ros/foxy:/root/deepracer_ws/aws-deepracer-launcher/install/async_web_server_cpp LD_LIBRARY_PATH=/root/deepracer_ws/aws-deepracer-launcher/install/async_web_server_cpp/lib:${LD_LIBRARY_PATH} PKG_CONFIG_PATH=/root/deepracer_ws/aws-deepracer-launcher/install/async_web_server_cpp/lib/x86_64-linux-gnu/pkgconfig:/root/deepracer_ws/aws-deepracer-launcher/install/async_web_server_cpp/lib/pkgconfig ROS_PACKAGE_PATH=/root/deepracer_ws/aws-deepracer-launcher/install/async_web_server_cpp/share /usr/bin/cmake --install /root/deepracer_ws/aws-deepracer-launcher/build/web_video_server
[3.595s] -- Install configuration: ""
[3.595s] -- Up-to-date: /root/deepracer_ws/aws-deepracer-launcher/install/web_video_server/lib/web_video_server/web_video_server
[3.596s] -- Up-to-date: /root/deepracer_ws/aws-deepracer-launcher/install/web_video_server/include/web_video_server
[3.607s] -- Up-to-date: /root/deepracer_ws/aws-deepracer-launcher/install/web_video_server/include/web_video_server/h264_streamer.h
[3.607s] -- Up-to-date: /root/deepracer_ws/aws-deepracer-launcher/install/web_video_server/include/web_video_server/image_streamer.h
[3.608s] -- Up-to-date: /root/deepracer_ws/aws-deepracer-launcher/install/web_video_server/include/web_video_server/jpeg_streamers.h
[3.608s] -- Up-to-date: /root/deepracer_ws/aws-deepracer-launcher/install/web_video_server/include/web_video_server/libav_streamer.h
[3.608s] -- Up-to-date: /root/deepracer_ws/aws-deepracer-launcher/install/web_video_server/include/web_video_server/multipart_stream.h
[3.609s] -- Up-to-date: /root/deepracer_ws/aws-deepracer-launcher/install/web_video_server/include/web_video_server/png_streamers.h
[3.609s] -- Up-to-date: /root/deepracer_ws/aws-deepracer-launcher/install/web_video_server/include/web_video_server/ros_compressed_streamer.h
[3.609s] -- Up-to-date: /root/deepracer_ws/aws-deepracer-launcher/install/web_video_server/include/web_video_server/vp8_streamer.h
[3.609s] -- Up-to-date: /root/deepracer_ws/aws-deepracer-launcher/install/web_video_server/include/web_video_server/vp9_streamer.h
[3.612s] -- Up-to-date: /root/deepracer_ws/aws-deepracer-launcher/install/web_video_server/include/web_video_server/web_video_server.h
[3.619s] -- Up-to-date: /root/deepracer_ws/aws-deepracer-launcher/install/web_video_server/share/ament_index/resource_index/package_run_dependencies/web_video_server
[3.619s] -- Up-to-date: /root/deepracer_ws/aws-deepracer-launcher/install/web_video_server/share/ament_index/resource_index/parent_prefix_path/web_video_server
[3.620s] -- Up-to-date: /root/deepracer_ws/aws-deepracer-launcher/install/web_video_server/share/web_video_server/environment/ament_prefix_path.sh
[3.629s] -- Up-to-date: /root/deepracer_ws/aws-deepracer-launcher/install/web_video_server/share/web_video_server/environment/ament_prefix_path.dsv
[3.629s] -- Up-to-date: /root/deepracer_ws/aws-deepracer-launcher/install/web_video_server/share/web_video_server/environment/path.sh
[3.635s] -- Up-to-date: /root/deepracer_ws/aws-deepracer-launcher/install/web_video_server/share/web_video_server/environment/path.dsv
[3.635s] -- Up-to-date: /root/deepracer_ws/aws-deepracer-launcher/install/web_video_server/share/web_video_server/local_setup.bash
[3.635s] -- Up-to-date: /root/deepracer_ws/aws-deepracer-launcher/install/web_video_server/share/web_video_server/local_setup.sh
[3.636s] -- Up-to-date: /root/deepracer_ws/aws-deepracer-launcher/install/web_video_server/share/web_video_server/local_setup.zsh
[3.636s] -- Up-to-date: /root/deepracer_ws/aws-deepracer-launcher/install/web_video_server/share/web_video_server/local_setup.dsv
[3.636s] -- Installing: /root/deepracer_ws/aws-deepracer-launcher/install/web_video_server/share/web_video_server/package.dsv
[3.652s] -- Up-to-date: /root/deepracer_ws/aws-deepracer-launcher/install/web_video_server/share/ament_index/resource_index/packages/web_video_server
[3.660s] -- Up-to-date: /root/deepracer_ws/aws-deepracer-launcher/install/web_video_server/share/web_video_server/cmake/web_video_serverConfig.cmake
[3.661s] -- Up-to-date: /root/deepracer_ws/aws-deepracer-launcher/install/web_video_server/share/web_video_server/cmake/web_video_serverConfig-version.cmake
[3.661s] -- Up-to-date: /root/deepracer_ws/aws-deepracer-launcher/install/web_video_server/share/web_video_server/package.xml
[3.684s] Invoked command in '/root/deepracer_ws/aws-deepracer-launcher/build/web_video_server' returned '0': CMAKE_PREFIX_PATH=/opt/ros/foxy:/root/deepracer_ws/aws-deepracer-launcher/install/async_web_server_cpp LD_LIBRARY_PATH=/root/deepracer_ws/aws-deepracer-launcher/install/async_web_server_cpp/lib:${LD_LIBRARY_PATH} PKG_CONFIG_PATH=/root/deepracer_ws/aws-deepracer-launcher/install/async_web_server_cpp/lib/x86_64-linux-gnu/pkgconfig:/root/deepracer_ws/aws-deepracer-launcher/install/async_web_server_cpp/lib/pkgconfig ROS_PACKAGE_PATH=/root/deepracer_ws/aws-deepracer-launcher/install/async_web_server_cpp/share /usr/bin/cmake --install /root/deepracer_ws/aws-deepracer-launcher/build/web_video_server
