[0.230s] Invoking command in '/root/deepracer_ws/aws-deepracer-launcher/build/ctrl_pkg': AMENT_PREFIX_PATH=/root/deepracer_ws/aws-deepracer-launcher/install/servo_pkg:/root/deepracer_ws/aws-deepracer-launcher/install/model_optimizer_pkg:/root/deepracer_ws/aws-deepracer-launcher/install/inference_pkg:/root/deepracer_ws/aws-deepracer-launcher/install/deepracer_navigation_pkg:/root/deepracer_ws/aws-deepracer-launcher/install/camera_pkg:/root/deepracer_ws/aws-deepracer-launcher/install/deepracer_interfaces_pkg:${AMENT_PREFIX_PATH} CMAKE_PREFIX_PATH=/root/deepracer_ws/aws-deepracer-launcher/install/servo_pkg:/root/deepracer_ws/aws-deepracer-launcher/install/inference_pkg:/root/deepracer_ws/aws-deepracer-launcher/install/camera_pkg:/root/deepracer_ws/aws-deepracer-launcher/install/deepracer_interfaces_pkg:/opt/ros/foxy LD_LIBRARY_PATH=/root/deepracer_ws/aws-deepracer-launcher/install/deepracer_interfaces_pkg/lib:${LD_LIBRARY_PATH} PYTHONPATH=/root/deepracer_ws/aws-deepracer-launcher/install/model_optimizer_pkg/lib/python3.8/site-packages:/root/deepracer_ws/aws-deepracer-launcher/install/deepracer_navigation_pkg/lib/python3.8/site-packages:/root/deepracer_ws/aws-deepracer-launcher/install/deepracer_interfaces_pkg/lib/python3.8/site-packages:${PYTHONPATH} /usr/bin/cmake --build /root/deepracer_ws/aws-deepracer-launcher/build/ctrl_pkg -- -j2 -l2
[1.187s] [100%] Built target ctrl_node
[1.289s] Invoked command in '/root/deepracer_ws/aws-deepracer-launcher/build/ctrl_pkg' returned '0': AMENT_PREFIX_PATH=/root/deepracer_ws/aws-deepracer-launcher/install/servo_pkg:/root/deepracer_ws/aws-deepracer-launcher/install/model_optimizer_pkg:/root/deepracer_ws/aws-deepracer-launcher/install/inference_pkg:/root/deepracer_ws/aws-deepracer-launcher/install/deepracer_navigation_pkg:/root/deepracer_ws/aws-deepracer-launcher/install/camera_pkg:/root/deepracer_ws/aws-deepracer-launcher/install/deepracer_interfaces_pkg:${AMENT_PREFIX_PATH} CMAKE_PREFIX_PATH=/root/deepracer_ws/aws-deepracer-launcher/install/servo_pkg:/root/deepracer_ws/aws-deepracer-launcher/install/inference_pkg:/root/deepracer_ws/aws-deepracer-launcher/install/camera_pkg:/root/deepracer_ws/aws-deepracer-launcher/install/deepracer_interfaces_pkg:/opt/ros/foxy LD_LIBRARY_PATH=/root/deepracer_ws/aws-deepracer-launcher/install/deepracer_interfaces_pkg/lib:${LD_LIBRARY_PATH} PYTHONPATH=/root/deepracer_ws/aws-deepracer-launcher/install/model_optimizer_pkg/lib/python3.8/site-packages:/root/deepracer_ws/aws-deepracer-launcher/install/deepracer_navigation_pkg/lib/python3.8/site-packages:/root/deepracer_ws/aws-deepracer-launcher/install/deepracer_interfaces_pkg/lib/python3.8/site-packages:${PYTHONPATH} /usr/bin/cmake --build /root/deepracer_ws/aws-deepracer-launcher/build/ctrl_pkg -- -j2 -l2
[1.540s] Invoking command in '/root/deepracer_ws/aws-deepracer-launcher/build/ctrl_pkg': AMENT_PREFIX_PATH=/root/deepracer_ws/aws-deepracer-launcher/install/servo_pkg:/root/deepracer_ws/aws-deepracer-launcher/install/model_optimizer_pkg:/root/deepracer_ws/aws-deepracer-launcher/install/inference_pkg:/root/deepracer_ws/aws-deepracer-launcher/install/deepracer_navigation_pkg:/root/deepracer_ws/aws-deepracer-launcher/install/camera_pkg:/root/deepracer_ws/aws-deepracer-launcher/install/deepracer_interfaces_pkg:${AMENT_PREFIX_PATH} CMAKE_PREFIX_PATH=/root/deepracer_ws/aws-deepracer-launcher/install/servo_pkg:/root/deepracer_ws/aws-deepracer-launcher/install/inference_pkg:/root/deepracer_ws/aws-deepracer-launcher/install/camera_pkg:/root/deepracer_ws/aws-deepracer-launcher/install/deepracer_interfaces_pkg:/opt/ros/foxy LD_LIBRARY_PATH=/root/deepracer_ws/aws-deepracer-launcher/install/deepracer_interfaces_pkg/lib:${LD_LIBRARY_PATH} PYTHONPATH=/root/deepracer_ws/aws-deepracer-launcher/install/model_optimizer_pkg/lib/python3.8/site-packages:/root/deepracer_ws/aws-deepracer-launcher/install/deepracer_navigation_pkg/lib/python3.8/site-packages:/root/deepracer_ws/aws-deepracer-launcher/install/deepracer_interfaces_pkg/lib/python3.8/site-packages:${PYTHONPATH} /usr/bin/cmake --install /root/deepracer_ws/aws-deepracer-launcher/build/ctrl_pkg
[1.744s] -- Install configuration: ""
[1.745s] -- Up-to-date: /root/deepracer_ws/aws-deepracer-launcher/install/ctrl_pkg/lib/ctrl_pkg/ctrl_node
[1.746s] -- Up-to-date: /root/deepracer_ws/aws-deepracer-launcher/install/ctrl_pkg/include
[1.746s] -- Up-to-date: /root/deepracer_ws/aws-deepracer-launcher/install/ctrl_pkg/include/ctrl_pkg
[1.750s] -- Up-to-date: /root/deepracer_ws/aws-deepracer-launcher/install/ctrl_pkg/include/ctrl_pkg/ctrl_state.hpp
[1.751s] -- Up-to-date: /root/deepracer_ws/aws-deepracer-launcher/install/ctrl_pkg/include/ctrl_pkg/ctrl_state_base.hpp
[1.751s] -- Up-to-date: /root/deepracer_ws/aws-deepracer-launcher/install/ctrl_pkg/share/ctrl_pkg//launch
[1.753s] -- Up-to-date: /root/deepracer_ws/aws-deepracer-launcher/install/ctrl_pkg/share/ctrl_pkg//launch/ctrl_pkg_launch.py
[1.758s] -- Up-to-date: /root/deepracer_ws/aws-deepracer-launcher/install/ctrl_pkg/share/ament_index/resource_index/package_run_dependencies/ctrl_pkg
[1.759s] -- Up-to-date: /root/deepracer_ws/aws-deepracer-launcher/install/ctrl_pkg/share/ament_index/resource_index/parent_prefix_path/ctrl_pkg
[1.759s] -- Up-to-date: /root/deepracer_ws/aws-deepracer-launcher/install/ctrl_pkg/share/ctrl_pkg/environment/ament_prefix_path.sh
[1.759s] -- Up-to-date: /root/deepracer_ws/aws-deepracer-launcher/install/ctrl_pkg/share/ctrl_pkg/environment/ament_prefix_path.dsv
[1.759s] -- Up-to-date: /root/deepracer_ws/aws-deepracer-launcher/install/ctrl_pkg/share/ctrl_pkg/environment/path.sh
[1.760s] -- Up-to-date: /root/deepracer_ws/aws-deepracer-launcher/install/ctrl_pkg/share/ctrl_pkg/environment/path.dsv
[1.760s] -- Up-to-date: /root/deepracer_ws/aws-deepracer-launcher/install/ctrl_pkg/share/ctrl_pkg/local_setup.bash
[1.760s] -- Up-to-date: /root/deepracer_ws/aws-deepracer-launcher/install/ctrl_pkg/share/ctrl_pkg/local_setup.sh
[1.761s] -- Up-to-date: /root/deepracer_ws/aws-deepracer-launcher/install/ctrl_pkg/share/ctrl_pkg/local_setup.zsh
[1.761s] -- Up-to-date: /root/deepracer_ws/aws-deepracer-launcher/install/ctrl_pkg/share/ctrl_pkg/local_setup.dsv
[1.761s] -- Installing: /root/deepracer_ws/aws-deepracer-launcher/install/ctrl_pkg/share/ctrl_pkg/package.dsv
[1.776s] -- Up-to-date: /root/deepracer_ws/aws-deepracer-launcher/install/ctrl_pkg/share/ament_index/resource_index/packages/ctrl_pkg
[1.776s] -- Up-to-date: /root/deepracer_ws/aws-deepracer-launcher/install/ctrl_pkg/share/ctrl_pkg/cmake/ament_cmake_export_include_directories-extras.cmake
[1.777s] -- Up-to-date: /root/deepracer_ws/aws-deepracer-launcher/install/ctrl_pkg/share/ctrl_pkg/cmake/ament_cmake_export_dependencies-extras.cmake
[1.777s] -- Up-to-date: /root/deepracer_ws/aws-deepracer-launcher/install/ctrl_pkg/share/ctrl_pkg/cmake/ctrl_pkgConfig.cmake
[1.778s] -- Up-to-date: /root/deepracer_ws/aws-deepracer-launcher/install/ctrl_pkg/share/ctrl_pkg/cmake/ctrl_pkgConfig-version.cmake
[1.778s] -- Up-to-date: /root/deepracer_ws/aws-deepracer-launcher/install/ctrl_pkg/share/ctrl_pkg/package.xml
[1.779s] Invoked command in '/root/deepracer_ws/aws-deepracer-launcher/build/ctrl_pkg' returned '0': AMENT_PREFIX_PATH=/root/deepracer_ws/aws-deepracer-launcher/install/servo_pkg:/root/deepracer_ws/aws-deepracer-launcher/install/model_optimizer_pkg:/root/deepracer_ws/aws-deepracer-launcher/install/inference_pkg:/root/deepracer_ws/aws-deepracer-launcher/install/deepracer_navigation_pkg:/root/deepracer_ws/aws-deepracer-launcher/install/camera_pkg:/root/deepracer_ws/aws-deepracer-launcher/install/deepracer_interfaces_pkg:${AMENT_PREFIX_PATH} CMAKE_PREFIX_PATH=/root/deepracer_ws/aws-deepracer-launcher/install/servo_pkg:/root/deepracer_ws/aws-deepracer-launcher/install/inference_pkg:/root/deepracer_ws/aws-deepracer-launcher/install/camera_pkg:/root/deepracer_ws/aws-deepracer-launcher/install/deepracer_interfaces_pkg:/opt/ros/foxy LD_LIBRARY_PATH=/root/deepracer_ws/aws-deepracer-launcher/install/deepracer_interfaces_pkg/lib:${LD_LIBRARY_PATH} PYTHONPATH=/root/deepracer_ws/aws-deepracer-launcher/install/model_optimizer_pkg/lib/python3.8/site-packages:/root/deepracer_ws/aws-deepracer-launcher/install/deepracer_navigation_pkg/lib/python3.8/site-packages:/root/deepracer_ws/aws-deepracer-launcher/install/deepracer_interfaces_pkg/lib/python3.8/site-packages:${PYTHONPATH} /usr/bin/cmake --install /root/deepracer_ws/aws-deepracer-launcher/build/ctrl_pkg
