[35m[1mScanning dependencies of target inference_node[0m
[ 25%] [32mBuilding CXX object CMakeFiles/inference_node.dir/src/intel_inference_eng.cpp.o[0m
[01m[K/root/deepracer_ws/aws-deepracer-launcher/aws-deepracer-inference-pkg/inference_pkg/src/intel_inference_eng.cpp:168:2:[m[K [01;35m[Kwarning: [m[K"/*" within comment [[01;35m[K-Wcomment[m[K]
  168 |  /*
      |   
[01m[K/root/deepracer_ws/aws-deepracer-launcher/aws-deepracer-inference-pkg/inference_pkg/src/intel_inference_eng.cpp:[m[K In function ‘[01m[Kvoid {anonymous}::loadLidarData(float*, const std::vector<float>&)[m[K’:
[01m[K/root/deepracer_ws/aws-deepracer-launcher/aws-deepracer-inference-pkg/inference_pkg/src/intel_inference_eng.cpp:255:25:[m[K [01;35m[Kwarning: [m[Kunused variable ‘[01m[Klidar_value[m[K’ [[01;35m[K-Wunused-variable[m[K]
  255 |         for(const auto& [01;35m[Klidar_value[m[K : lidar_data) {
      |                         [01;35m[K^~~~~~~~~~~[m[K
[ 50%] [32m[1mLinking CXX executable inference_node[0m
[100%] Built target inference_node
-- Install configuration: ""
-- Installing: /root/deepracer_ws/aws-deepracer-launcher/install/inference_pkg/lib/inference_pkg/inference_node
-- Set runtime path of "/root/deepracer_ws/aws-deepracer-launcher/install/inference_pkg/lib/inference_pkg/inference_node" to ""
-- Up-to-date: /root/deepracer_ws/aws-deepracer-launcher/install/inference_pkg/include
-- Up-to-date: /root/deepracer_ws/aws-deepracer-launcher/install/inference_pkg/include/inference_pkg
-- Up-to-date: /root/deepracer_ws/aws-deepracer-launcher/install/inference_pkg/include/inference_pkg/image_process.hpp
-- Up-to-date: /root/deepracer_ws/aws-deepracer-launcher/install/inference_pkg/include/inference_pkg/inference_base.hpp
-- Up-to-date: /root/deepracer_ws/aws-deepracer-launcher/install/inference_pkg/include/inference_pkg/intel_inference_eng.hpp
-- Up-to-date: /root/deepracer_ws/aws-deepracer-launcher/install/inference_pkg/share/inference_pkg//launch
-- Up-to-date: /root/deepracer_ws/aws-deepracer-launcher/install/inference_pkg/share/inference_pkg//launch/inference_pkg_launch.py
-- Up-to-date: /root/deepracer_ws/aws-deepracer-launcher/install/inference_pkg/share/inference_pkg//launch/log
-- Up-to-date: /root/deepracer_ws/aws-deepracer-launcher/install/inference_pkg/share/inference_pkg//launch/log/build_2022-06-18_03-00-47
-- Up-to-date: /root/deepracer_ws/aws-deepracer-launcher/install/inference_pkg/share/inference_pkg//launch/log/build_2022-06-18_03-00-47/logger_all.log
-- Up-to-date: /root/deepracer_ws/aws-deepracer-launcher/install/inference_pkg/share/inference_pkg//launch/log/build_2022-06-18_03-00-47/events.log
-- Up-to-date: /root/deepracer_ws/aws-deepracer-launcher/install/inference_pkg/share/inference_pkg//launch/log/COLCON_IGNORE
-- Up-to-date: /root/deepracer_ws/aws-deepracer-launcher/install/inference_pkg/share/inference_pkg//launch/log/latest_build
-- Up-to-date: /root/deepracer_ws/aws-deepracer-launcher/install/inference_pkg/share/inference_pkg//launch/log/latest
-- Up-to-date: /root/deepracer_ws/aws-deepracer-launcher/install/inference_pkg/share/inference_pkg//launch/build
-- Up-to-date: /root/deepracer_ws/aws-deepracer-launcher/install/inference_pkg/share/inference_pkg//launch/build/.built_by
-- Up-to-date: /root/deepracer_ws/aws-deepracer-launcher/install/inference_pkg/share/inference_pkg//launch/build/COLCON_IGNORE
-- Up-to-date: /root/deepracer_ws/aws-deepracer-launcher/install/inference_pkg/share/inference_pkg//launch/install
-- Up-to-date: /root/deepracer_ws/aws-deepracer-launcher/install/inference_pkg/share/inference_pkg//launch/install/.colcon_install_layout
-- Up-to-date: /root/deepracer_ws/aws-deepracer-launcher/install/inference_pkg/share/inference_pkg//launch/install/COLCON_IGNORE
-- Up-to-date: /root/deepracer_ws/aws-deepracer-launcher/install/inference_pkg/share/inference_pkg//launch/install/local_setup.ps1
-- Up-to-date: /root/deepracer_ws/aws-deepracer-launcher/install/inference_pkg/share/inference_pkg//launch/install/_local_setup_util_ps1.py
-- Up-to-date: /root/deepracer_ws/aws-deepracer-launcher/install/inference_pkg/share/inference_pkg//launch/install/setup.ps1
-- Up-to-date: /root/deepracer_ws/aws-deepracer-launcher/install/inference_pkg/share/inference_pkg//launch/install/local_setup.sh
-- Up-to-date: /root/deepracer_ws/aws-deepracer-launcher/install/inference_pkg/share/inference_pkg//launch/install/_local_setup_util_sh.py
-- Up-to-date: /root/deepracer_ws/aws-deepracer-launcher/install/inference_pkg/share/inference_pkg//launch/install/setup.sh
-- Up-to-date: /root/deepracer_ws/aws-deepracer-launcher/install/inference_pkg/share/inference_pkg//launch/install/local_setup.bash
-- Up-to-date: /root/deepracer_ws/aws-deepracer-launcher/install/inference_pkg/share/inference_pkg//launch/install/setup.bash
-- Up-to-date: /root/deepracer_ws/aws-deepracer-launcher/install/inference_pkg/share/inference_pkg//launch/install/local_setup.zsh
-- Up-to-date: /root/deepracer_ws/aws-deepracer-launcher/install/inference_pkg/share/inference_pkg//launch/install/setup.zsh
-- Up-to-date: /root/deepracer_ws/aws-deepracer-launcher/install/inference_pkg/share/ament_index/resource_index/package_run_dependencies/inference_pkg
-- Up-to-date: /root/deepracer_ws/aws-deepracer-launcher/install/inference_pkg/share/ament_index/resource_index/parent_prefix_path/inference_pkg
-- Up-to-date: /root/deepracer_ws/aws-deepracer-launcher/install/inference_pkg/share/inference_pkg/environment/ament_prefix_path.sh
-- Up-to-date: /root/deepracer_ws/aws-deepracer-launcher/install/inference_pkg/share/inference_pkg/environment/ament_prefix_path.dsv
-- Up-to-date: /root/deepracer_ws/aws-deepracer-launcher/install/inference_pkg/share/inference_pkg/environment/path.sh
-- Up-to-date: /root/deepracer_ws/aws-deepracer-launcher/install/inference_pkg/share/inference_pkg/environment/path.dsv
-- Up-to-date: /root/deepracer_ws/aws-deepracer-launcher/install/inference_pkg/share/inference_pkg/local_setup.bash
-- Up-to-date: /root/deepracer_ws/aws-deepracer-launcher/install/inference_pkg/share/inference_pkg/local_setup.sh
-- Up-to-date: /root/deepracer_ws/aws-deepracer-launcher/install/inference_pkg/share/inference_pkg/local_setup.zsh
-- Up-to-date: /root/deepracer_ws/aws-deepracer-launcher/install/inference_pkg/share/inference_pkg/local_setup.dsv
-- Installing: /root/deepracer_ws/aws-deepracer-launcher/install/inference_pkg/share/inference_pkg/package.dsv
-- Up-to-date: /root/deepracer_ws/aws-deepracer-launcher/install/inference_pkg/share/ament_index/resource_index/packages/inference_pkg
-- Up-to-date: /root/deepracer_ws/aws-deepracer-launcher/install/inference_pkg/share/inference_pkg/cmake/ament_cmake_export_include_directories-extras.cmake
-- Up-to-date: /root/deepracer_ws/aws-deepracer-launcher/install/inference_pkg/share/inference_pkg/cmake/ament_cmake_export_dependencies-extras.cmake
-- Up-to-date: /root/deepracer_ws/aws-deepracer-launcher/install/inference_pkg/share/inference_pkg/cmake/inference_pkgConfig.cmake
-- Up-to-date: /root/deepracer_ws/aws-deepracer-launcher/install/inference_pkg/share/inference_pkg/cmake/inference_pkgConfig-version.cmake
-- Up-to-date: /root/deepracer_ws/aws-deepracer-launcher/install/inference_pkg/share/inference_pkg/package.xml
