[1.975s] DEBUG:colcon:Command line arguments: ['/usr/bin/colcon', 'build', '--packages-select', 'aws-deepracer-inference-pkg', 'inference_pkg']
[1.975s] DEBUG:colcon:Parsed command line arguments: Namespace(ament_cmake_args=None, base_paths=['.'], build_base='build', catkin_cmake_args=None, catkin_skip_building_tests=False, cmake_args=None, cmake_clean_cache=False, cmake_clean_first=False, cmake_force_configure=False, cmake_target=None, cmake_target_skip_unavailable=False, continue_on_error=False, event_handlers=None, executor='parallel', ignore_user_meta=False, install_base='install', log_base=None, log_level=None, main=<bound method BuildVerb.main of <colcon_core.verb.build.BuildVerb object at 0x7fe60eeb9520>>, merge_install=False, metas=['./colcon.meta'], packages_above=None, packages_above_and_dependencies=None, packages_above_depth=None, packages_end=None, packages_ignore=None, packages_ignore_regex=None, packages_select=['aws-deepracer-inference-pkg', 'inference_pkg'], packages_select_build_failed=False, packages_select_by_dep=None, packages_select_regex=None, packages_select_test_failures=False, packages_skip=None, packages_skip_build_finished=False, packages_skip_by_dep=None, packages_skip_regex=None, packages_skip_test_passed=False, packages_skip_up_to=None, packages_start=None, packages_up_to=None, packages_up_to_regex=None, parallel_workers=2, paths=None, symlink_install=False, test_result_base=None, verb_extension=<colcon_core.verb.build.BuildVerb object at 0x7fe60eeb9520>, verb_name='build', verb_parser=<colcon_defaults.argument_parser.defaults.DefaultArgumentsDecorator object at 0x7fe60eeb9a60>)
[2.189s] Level 1:colcon.colcon_core.package_discovery:discover_packages(colcon_meta) check parameters
[2.193s] Level 1:colcon.colcon_core.package_discovery:discover_packages(recursive) check parameters
[2.194s] Level 1:colcon.colcon_core.package_discovery:discover_packages(ignore) check parameters
[2.195s] Level 1:colcon.colcon_core.package_discovery:discover_packages(path) check parameters
[2.195s] Level 1:colcon.colcon_core.package_discovery:discover_packages(colcon_meta) discover
[2.195s] Level 1:colcon.colcon_core.package_discovery:discover_packages(recursive) discover
[2.196s] INFO:colcon.colcon_core.package_discovery:Crawling recursively for packages in '/root/deepracer_ws/aws-deepracer-launcher/aws-deepracer-inference-pkg/inference_pkg_new/launch'
[2.196s] Level 1:colcon.colcon_core.package_identification:_identify(.) by extensions ['ignore', 'ignore_ament_install']
[2.197s] Level 1:colcon.colcon_core.package_identification:_identify(.) by extension 'ignore'
[2.197s] Level 1:colcon.colcon_core.package_identification:_identify(.) by extension 'ignore_ament_install'
[2.197s] Level 1:colcon.colcon_core.package_identification:_identify(.) by extensions ['colcon_pkg']
[2.198s] Level 1:colcon.colcon_core.package_identification:_identify(.) by extension 'colcon_pkg'
[2.198s] Level 1:colcon.colcon_core.package_identification:_identify(.) by extensions ['colcon_meta']
[2.198s] Level 1:colcon.colcon_core.package_identification:_identify(.) by extension 'colcon_meta'
[2.198s] Level 1:colcon.colcon_core.package_identification:_identify(.) by extensions ['ros']
[2.199s] Level 1:colcon.colcon_core.package_identification:_identify(.) by extension 'ros'
[2.281s] Level 1:colcon.colcon_core.package_identification:_identify(.) by extensions ['cmake', 'python']
[2.281s] Level 1:colcon.colcon_core.package_identification:_identify(.) by extension 'cmake'
[2.281s] Level 1:colcon.colcon_core.package_identification:_identify(.) by extension 'python'
[2.282s] Level 1:colcon.colcon_core.package_identification:_identify(.) by extensions ['python_setup_py']
[2.282s] Level 1:colcon.colcon_core.package_identification:_identify(.) by extension 'python_setup_py'
[2.282s] Level 1:colcon.colcon_core.package_identification:_identify(build) by extensions ['ignore', 'ignore_ament_install']
[2.282s] Level 1:colcon.colcon_core.package_identification:_identify(build) by extension 'ignore'
[2.283s] Level 1:colcon.colcon_core.package_identification:_identify(build) ignored
[2.283s] Level 1:colcon.colcon_core.package_identification:_identify(install) by extensions ['ignore', 'ignore_ament_install']
[2.287s] Level 1:colcon.colcon_core.package_identification:_identify(install) by extension 'ignore'
[2.288s] Level 1:colcon.colcon_core.package_identification:_identify(install) ignored
[2.288s] Level 1:colcon.colcon_core.package_identification:_identify(log) by extensions ['ignore', 'ignore_ament_install']
[2.289s] Level 1:colcon.colcon_core.package_identification:_identify(log) by extension 'ignore'
[2.289s] Level 1:colcon.colcon_core.package_identification:_identify(log) ignored
[2.289s] Level 1:colcon.colcon_core.package_discovery:discover_packages(recursive) using defaults
[2.289s] Level 1:colcon.colcon_core.package_discovery:discover_packages(ignore) discover
[2.289s] Level 1:colcon.colcon_core.package_discovery:discover_packages(ignore) using defaults
[2.289s] Level 1:colcon.colcon_core.package_discovery:discover_packages(path) discover
[2.289s] Level 1:colcon.colcon_core.package_discovery:discover_packages(path) using defaults
[2.292s] WARNING:colcon.colcon_core.package_selection:ignoring unknown package 'aws-deepracer-inference-pkg' in --packages-select
[2.292s] WARNING:colcon.colcon_core.package_selection:ignoring unknown package 'inference_pkg' in --packages-select
[2.575s] INFO:colcon.colcon_core.executor:Executing jobs using 'parallel' executor
[2.587s] DEBUG:colcon.colcon_parallel_executor.executor.parallel:run_until_complete
[2.588s] DEBUG:colcon.colcon_parallel_executor.executor.parallel:closing loop
[2.588s] DEBUG:colcon.colcon_parallel_executor.executor.parallel:loop closed
[2.588s] DEBUG:colcon.colcon_parallel_executor.executor.parallel:run_until_complete finished with '0'
[2.588s] DEBUG:colcon.colcon_core.event_reactor:joining thread
[2.669s] INFO:colcon.colcon_core.plugin_system:Skipping extension 'colcon_notification.desktop_notification.terminal_notifier': Not used on non-Darwin systems
[2.669s] INFO:colcon.colcon_core.plugin_system:Skipping extension 'colcon_notification.desktop_notification.win32': Not used on non-Windows systems
[2.670s] INFO:colcon.colcon_notification.desktop_notification:Sending desktop notification using 'notify2'
[2.690s] DEBUG:colcon.colcon_notification.desktop_notification.notify2:Failed to initialize notify2: org.freedesktop.DBus.Error.ServiceUnknown: The name org.freedesktop.Notifications was not provided by any .service files
[2.691s] DEBUG:colcon.colcon_core.event_reactor:joined thread
[2.873s] INFO:colcon.colcon_core.plugin_system:Skipping extension 'colcon_core.shell.bat': Not used on non-Windows systems
[2.874s] INFO:colcon.colcon_core.shell:Creating prefix script '/root/deepracer_ws/aws-deepracer-launcher/aws-deepracer-inference-pkg/inference_pkg_new/launch/install/local_setup.ps1'
[2.878s] INFO:colcon.colcon_core.shell:Creating prefix util module '/root/deepracer_ws/aws-deepracer-launcher/aws-deepracer-inference-pkg/inference_pkg_new/launch/install/_local_setup_util_ps1.py'
[2.885s] INFO:colcon.colcon_core.shell:Creating prefix chain script '/root/deepracer_ws/aws-deepracer-launcher/aws-deepracer-inference-pkg/inference_pkg_new/launch/install/setup.ps1'
[2.926s] INFO:colcon.colcon_core.shell:Creating prefix script '/root/deepracer_ws/aws-deepracer-launcher/aws-deepracer-inference-pkg/inference_pkg_new/launch/install/local_setup.sh'
[2.928s] INFO:colcon.colcon_core.shell:Creating prefix util module '/root/deepracer_ws/aws-deepracer-launcher/aws-deepracer-inference-pkg/inference_pkg_new/launch/install/_local_setup_util_sh.py'
[2.930s] INFO:colcon.colcon_core.shell:Creating prefix chain script '/root/deepracer_ws/aws-deepracer-launcher/aws-deepracer-inference-pkg/inference_pkg_new/launch/install/setup.sh'
[2.960s] INFO:colcon.colcon_core.shell:Creating prefix script '/root/deepracer_ws/aws-deepracer-launcher/aws-deepracer-inference-pkg/inference_pkg_new/launch/install/local_setup.bash'
[2.963s] INFO:colcon.colcon_core.shell:Creating prefix chain script '/root/deepracer_ws/aws-deepracer-launcher/aws-deepracer-inference-pkg/inference_pkg_new/launch/install/setup.bash'
[2.982s] INFO:colcon.colcon_core.shell:Creating prefix script '/root/deepracer_ws/aws-deepracer-launcher/aws-deepracer-inference-pkg/inference_pkg_new/launch/install/local_setup.zsh'
[2.987s] INFO:colcon.colcon_core.shell:Creating prefix chain script '/root/deepracer_ws/aws-deepracer-launcher/aws-deepracer-inference-pkg/inference_pkg_new/launch/install/setup.zsh'
