[0.034s] Invoking command in '/root/deepracer_ws/aws-deepracer-launcher/build/sensor_fusion_pkg': AMENT_PREFIX_PATH=/root/deepracer_ws/aws-deepracer-launcher/install/deepracer_interfaces_pkg:${AMENT_PREFIX_PATH} CMAKE_PREFIX_PATH=/root/deepracer_ws/aws-deepracer-launcher/install/deepracer_interfaces_pkg:/opt/ros/foxy LD_LIBRARY_PATH=/root/deepracer_ws/aws-deepracer-launcher/install/deepracer_interfaces_pkg/lib:/home/deepracer/intel/openvino_2022/tools/compile_tool:/home/deepracer/intel/openvino_2022/runtime/3rdparty/tbb/lib:/home/deepracer/intel/openvino_2022/runtime/3rdparty/hddl/lib:/home/deepracer/intel/openvino_2022/runtime/lib/intel64:/opt/ros/foxy/opt/yaml_cpp_vendor/lib:/opt/ros/foxy/opt/rviz_ogre_vendor/lib:/opt/ros/foxy/lib/x86_64-linux-gnu:/opt/ros/foxy/lib PYTHONPATH=/root/deepracer_ws/aws-deepracer-launcher/install/deepracer_interfaces_pkg/lib/python3.8/site-packages:${PYTHONPATH} /usr/bin/cmake /root/deepracer_ws/aws-deepracer-launcher/aws-deepracer-sensor-fusion-pkg/sensor_fusion_pkg -DCMAKE_INSTALL_PREFIX=/root/deepracer_ws/aws-deepracer-launcher/install/sensor_fusion_pkg
[0.292s] -- The C compiler identification is GNU 9.3.0
[0.483s] -- The CXX compiler identification is GNU 9.3.0
[0.500s] -- Check for working C compiler: /usr/bin/cc
[0.709s] -- Check for working C compiler: /usr/bin/cc -- works
[0.712s] -- Detecting C compiler ABI info
[1.076s] -- Detecting C compiler ABI info - done
[1.119s] -- Detecting C compile features
[1.121s] -- Detecting C compile features - done
[1.132s] -- Check for working CXX compiler: /usr/bin/c++
[1.377s] -- Check for working CXX compiler: /usr/bin/c++ -- works
[1.381s] -- Detecting CXX compiler ABI info
[1.776s] -- Detecting CXX compiler ABI info - done
[1.822s] -- Detecting CXX compile features
[1.824s] -- Detecting CXX compile features - done
[1.833s] -- Found ament_cmake: 0.9.8 (/opt/ros/foxy/share/ament_cmake/cmake)
[1.916s] -- Found PythonInterp: /usr/bin/python3 (found suitable version "3.8.10", minimum required is "3") 
[1.917s] -- Using PYTHON_EXECUTABLE: /usr/bin/python3
[2.835s] -- Found cv_bridge: 2.2.1 (/opt/ros/foxy/share/cv_bridge/cmake)
[2.904s] -- Found rclcpp: 2.3.0 (/opt/ros/foxy/share/rclcpp/cmake)
[3.039s] -- Using all available rosidl_typesupport_c: rosidl_typesupport_fastrtps_c;rosidl_typesupport_introspection_c
[3.060s] -- Found rosidl_adapter: 1.2.0 (/opt/ros/foxy/share/rosidl_adapter/cmake)
[3.283s] -- Found OpenSSL: /usr/lib/x86_64-linux-gnu/libcrypto.so (found version "1.1.1f")  
[3.367s] -- Found FastRTPS: /opt/ros/foxy/include  
[3.609s] -- Using all available rosidl_typesupport_cpp: rosidl_typesupport_fastrtps_cpp;rosidl_typesupport_introspection_cpp
[3.808s] -- Found rmw_implementation_cmake: 1.0.2 (/opt/ros/foxy/share/rmw_implementation_cmake/cmake)
[3.814s] -- Using RMW implementation 'rmw_fastrtps_cpp' as default
[3.818s] -- Looking for pthread.h
[4.040s] -- Looking for pthread.h - found
[4.042s] -- Performing Test CMAKE_HAVE_LIBC_PTHREAD
[4.267s] -- Performing Test CMAKE_HAVE_LIBC_PTHREAD - Failed
[4.268s] -- Looking for pthread_create in pthreads
[4.429s] -- Looking for pthread_create in pthreads - not found
[4.431s] -- Looking for pthread_create in pthread
[4.647s] -- Looking for pthread_create in pthread - found
[4.651s] -- Found Threads: TRUE  
[5.204s] -- Found image_transport: 2.3.0 (/opt/ros/foxy/share/image_transport/cmake)
[6.013s] -- Found deepracer_interfaces_pkg: 0.0.1 (/root/deepracer_ws/aws-deepracer-launcher/install/deepracer_interfaces_pkg/share/deepracer_interfaces_pkg/cmake)
[6.499s] -- Found ament_lint_auto: 0.9.6 (/opt/ros/foxy/share/ament_lint_auto/cmake)
[6.910s] -- Added test 'copyright' to check source files copyright and LICENSE
[6.915s] -- Added test 'cppcheck' to perform static code analysis on C / C++ code
[6.917s] -- Configured cppcheck include dirs: $<BUILD_INTERFACE:/root/deepracer_ws/aws-deepracer-launcher/aws-deepracer-sensor-fusion-pkg/sensor_fusion_pkg/include>
[6.917s] -- Configured cppcheck exclude dirs and/or files: 
[6.922s] -- Added test 'cpplint' to check C / C++ code against the Google style
[6.922s] -- Configured cpplint exclude dirs and/or files: 
[6.925s] -- Added test 'flake8' to check Python code syntax and style conventions
[6.928s] -- Added test 'lint_cmake' to check CMake code style
[6.932s] -- Added test 'pep257' to check Python code against some of the style conventions in PEP 257
[6.936s] -- Added test 'uncrustify' to check C / C++ code style
[6.937s] -- Configured uncrustify additional arguments: 
[6.939s] -- Added test 'xmllint' to check XML markup files
[6.949s] -- Configuring done
[7.031s] -- Generating done
[7.038s] -- Build files have been written to: /root/deepracer_ws/aws-deepracer-launcher/build/sensor_fusion_pkg
[7.073s] Invoked command in '/root/deepracer_ws/aws-deepracer-launcher/build/sensor_fusion_pkg' returned '0': AMENT_PREFIX_PATH=/root/deepracer_ws/aws-deepracer-launcher/install/deepracer_interfaces_pkg:${AMENT_PREFIX_PATH} CMAKE_PREFIX_PATH=/root/deepracer_ws/aws-deepracer-launcher/install/deepracer_interfaces_pkg:/opt/ros/foxy LD_LIBRARY_PATH=/root/deepracer_ws/aws-deepracer-launcher/install/deepracer_interfaces_pkg/lib:/home/deepracer/intel/openvino_2022/tools/compile_tool:/home/deepracer/intel/openvino_2022/runtime/3rdparty/tbb/lib:/home/deepracer/intel/openvino_2022/runtime/3rdparty/hddl/lib:/home/deepracer/intel/openvino_2022/runtime/lib/intel64:/opt/ros/foxy/opt/yaml_cpp_vendor/lib:/opt/ros/foxy/opt/rviz_ogre_vendor/lib:/opt/ros/foxy/lib/x86_64-linux-gnu:/opt/ros/foxy/lib PYTHONPATH=/root/deepracer_ws/aws-deepracer-launcher/install/deepracer_interfaces_pkg/lib/python3.8/site-packages:${PYTHONPATH} /usr/bin/cmake /root/deepracer_ws/aws-deepracer-launcher/aws-deepracer-sensor-fusion-pkg/sensor_fusion_pkg -DCMAKE_INSTALL_PREFIX=/root/deepracer_ws/aws-deepracer-launcher/install/sensor_fusion_pkg
[7.076s] Invoking command in '/root/deepracer_ws/aws-deepracer-launcher/build/sensor_fusion_pkg': AMENT_PREFIX_PATH=/root/deepracer_ws/aws-deepracer-launcher/install/deepracer_interfaces_pkg:${AMENT_PREFIX_PATH} CMAKE_PREFIX_PATH=/root/deepracer_ws/aws-deepracer-launcher/install/deepracer_interfaces_pkg:/opt/ros/foxy LD_LIBRARY_PATH=/root/deepracer_ws/aws-deepracer-launcher/install/deepracer_interfaces_pkg/lib:/home/deepracer/intel/openvino_2022/tools/compile_tool:/home/deepracer/intel/openvino_2022/runtime/3rdparty/tbb/lib:/home/deepracer/intel/openvino_2022/runtime/3rdparty/hddl/lib:/home/deepracer/intel/openvino_2022/runtime/lib/intel64:/opt/ros/foxy/opt/yaml_cpp_vendor/lib:/opt/ros/foxy/opt/rviz_ogre_vendor/lib:/opt/ros/foxy/lib/x86_64-linux-gnu:/opt/ros/foxy/lib PYTHONPATH=/root/deepracer_ws/aws-deepracer-launcher/install/deepracer_interfaces_pkg/lib/python3.8/site-packages:${PYTHONPATH} /usr/bin/cmake --build /root/deepracer_ws/aws-deepracer-launcher/build/sensor_fusion_pkg -- -j2 -l2
[7.197s] [35m[1mScanning dependencies of target sensor_fusion_node[0m
[7.623s] [ 25%] [32mBuilding CXX object CMakeFiles/sensor_fusion_node.dir/src/sensor_fusion_node.cpp.o[0m
[54.508s] [ 50%] [32mBuilding CXX object CMakeFiles/sensor_fusion_node.dir/src/utility.cpp.o[0m
[56.828s] [ 75%] [32mBuilding CXX object CMakeFiles/sensor_fusion_node.dir/src/lidar_overlay.cpp.o[0m
[67.053s] [100%] [32m[1mLinking CXX executable sensor_fusion_node[0m
[72.795s] [100%] Built target sensor_fusion_node
[72.982s] Invoked command in '/root/deepracer_ws/aws-deepracer-launcher/build/sensor_fusion_pkg' returned '0': AMENT_PREFIX_PATH=/root/deepracer_ws/aws-deepracer-launcher/install/deepracer_interfaces_pkg:${AMENT_PREFIX_PATH} CMAKE_PREFIX_PATH=/root/deepracer_ws/aws-deepracer-launcher/install/deepracer_interfaces_pkg:/opt/ros/foxy LD_LIBRARY_PATH=/root/deepracer_ws/aws-deepracer-launcher/install/deepracer_interfaces_pkg/lib:/home/deepracer/intel/openvino_2022/tools/compile_tool:/home/deepracer/intel/openvino_2022/runtime/3rdparty/tbb/lib:/home/deepracer/intel/openvino_2022/runtime/3rdparty/hddl/lib:/home/deepracer/intel/openvino_2022/runtime/lib/intel64:/opt/ros/foxy/opt/yaml_cpp_vendor/lib:/opt/ros/foxy/opt/rviz_ogre_vendor/lib:/opt/ros/foxy/lib/x86_64-linux-gnu:/opt/ros/foxy/lib PYTHONPATH=/root/deepracer_ws/aws-deepracer-launcher/install/deepracer_interfaces_pkg/lib/python3.8/site-packages:${PYTHONPATH} /usr/bin/cmake --build /root/deepracer_ws/aws-deepracer-launcher/build/sensor_fusion_pkg -- -j2 -l2
[73.072s] Invoking command in '/root/deepracer_ws/aws-deepracer-launcher/build/sensor_fusion_pkg': AMENT_PREFIX_PATH=/root/deepracer_ws/aws-deepracer-launcher/install/deepracer_interfaces_pkg:${AMENT_PREFIX_PATH} CMAKE_PREFIX_PATH=/root/deepracer_ws/aws-deepracer-launcher/install/deepracer_interfaces_pkg:/opt/ros/foxy LD_LIBRARY_PATH=/root/deepracer_ws/aws-deepracer-launcher/install/deepracer_interfaces_pkg/lib:/home/deepracer/intel/openvino_2022/tools/compile_tool:/home/deepracer/intel/openvino_2022/runtime/3rdparty/tbb/lib:/home/deepracer/intel/openvino_2022/runtime/3rdparty/hddl/lib:/home/deepracer/intel/openvino_2022/runtime/lib/intel64:/opt/ros/foxy/opt/yaml_cpp_vendor/lib:/opt/ros/foxy/opt/rviz_ogre_vendor/lib:/opt/ros/foxy/lib/x86_64-linux-gnu:/opt/ros/foxy/lib PYTHONPATH=/root/deepracer_ws/aws-deepracer-launcher/install/deepracer_interfaces_pkg/lib/python3.8/site-packages:${PYTHONPATH} /usr/bin/cmake --install /root/deepracer_ws/aws-deepracer-launcher/build/sensor_fusion_pkg
[73.097s] -- Install configuration: ""
[73.098s] -- Installing: /root/deepracer_ws/aws-deepracer-launcher/install/sensor_fusion_pkg/lib/sensor_fusion_pkg/sensor_fusion_node
[73.295s] -- Set runtime path of "/root/deepracer_ws/aws-deepracer-launcher/install/sensor_fusion_pkg/lib/sensor_fusion_pkg/sensor_fusion_node" to ""
[73.296s] -- Installing: /root/deepracer_ws/aws-deepracer-launcher/install/sensor_fusion_pkg/share/sensor_fusion_pkg//launch
[73.296s] -- Installing: /root/deepracer_ws/aws-deepracer-launcher/install/sensor_fusion_pkg/share/sensor_fusion_pkg//launch/sensor_fusion_launch.py
[73.296s] -- Installing: /root/deepracer_ws/aws-deepracer-launcher/install/sensor_fusion_pkg/share/ament_index/resource_index/package_run_dependencies/sensor_fusion_pkg
[73.297s] -- Installing: /root/deepracer_ws/aws-deepracer-launcher/install/sensor_fusion_pkg/share/ament_index/resource_index/parent_prefix_path/sensor_fusion_pkg
[73.297s] -- Installing: /root/deepracer_ws/aws-deepracer-launcher/install/sensor_fusion_pkg/share/sensor_fusion_pkg/environment/ament_prefix_path.sh
[73.297s] -- Installing: /root/deepracer_ws/aws-deepracer-launcher/install/sensor_fusion_pkg/share/sensor_fusion_pkg/environment/ament_prefix_path.dsv
[73.298s] -- Installing: /root/deepracer_ws/aws-deepracer-launcher/install/sensor_fusion_pkg/share/sensor_fusion_pkg/environment/path.sh
[73.298s] -- Installing: /root/deepracer_ws/aws-deepracer-launcher/install/sensor_fusion_pkg/share/sensor_fusion_pkg/environment/path.dsv
[73.298s] -- Installing: /root/deepracer_ws/aws-deepracer-launcher/install/sensor_fusion_pkg/share/sensor_fusion_pkg/local_setup.bash
[73.299s] -- Installing: /root/deepracer_ws/aws-deepracer-launcher/install/sensor_fusion_pkg/share/sensor_fusion_pkg/local_setup.sh
[73.299s] -- Installing: /root/deepracer_ws/aws-deepracer-launcher/install/sensor_fusion_pkg/share/sensor_fusion_pkg/local_setup.zsh
[73.299s] -- Installing: /root/deepracer_ws/aws-deepracer-launcher/install/sensor_fusion_pkg/share/sensor_fusion_pkg/local_setup.dsv
[73.299s] -- Installing: /root/deepracer_ws/aws-deepracer-launcher/install/sensor_fusion_pkg/share/sensor_fusion_pkg/package.dsv
[73.300s] -- Installing: /root/deepracer_ws/aws-deepracer-launcher/install/sensor_fusion_pkg/share/ament_index/resource_index/packages/sensor_fusion_pkg
[73.300s] -- Installing: /root/deepracer_ws/aws-deepracer-launcher/install/sensor_fusion_pkg/share/sensor_fusion_pkg/cmake/sensor_fusion_pkgConfig.cmake
[73.300s] -- Installing: /root/deepracer_ws/aws-deepracer-launcher/install/sensor_fusion_pkg/share/sensor_fusion_pkg/cmake/sensor_fusion_pkgConfig-version.cmake
[73.301s] -- Installing: /root/deepracer_ws/aws-deepracer-launcher/install/sensor_fusion_pkg/share/sensor_fusion_pkg/package.xml
[73.311s] Invoked command in '/root/deepracer_ws/aws-deepracer-launcher/build/sensor_fusion_pkg' returned '0': AMENT_PREFIX_PATH=/root/deepracer_ws/aws-deepracer-launcher/install/deepracer_interfaces_pkg:${AMENT_PREFIX_PATH} CMAKE_PREFIX_PATH=/root/deepracer_ws/aws-deepracer-launcher/install/deepracer_interfaces_pkg:/opt/ros/foxy LD_LIBRARY_PATH=/root/deepracer_ws/aws-deepracer-launcher/install/deepracer_interfaces_pkg/lib:/home/deepracer/intel/openvino_2022/tools/compile_tool:/home/deepracer/intel/openvino_2022/runtime/3rdparty/tbb/lib:/home/deepracer/intel/openvino_2022/runtime/3rdparty/hddl/lib:/home/deepracer/intel/openvino_2022/runtime/lib/intel64:/opt/ros/foxy/opt/yaml_cpp_vendor/lib:/opt/ros/foxy/opt/rviz_ogre_vendor/lib:/opt/ros/foxy/lib/x86_64-linux-gnu:/opt/ros/foxy/lib PYTHONPATH=/root/deepracer_ws/aws-deepracer-launcher/install/deepracer_interfaces_pkg/lib/python3.8/site-packages:${PYTHONPATH} /usr/bin/cmake --install /root/deepracer_ws/aws-deepracer-launcher/build/sensor_fusion_pkg
