[01m[K/root/deepracer_ws/aws-deepracer-launcher/aws-deepracer-inference-pkg/inference_pkg/src/intel_inference_eng.cpp:[m[K In function ‘[01m[Kvoid {anonymous}::left1DImg(V*, cv::Mat&, std::shared_ptr<InferTask::ImgProcessBase>, const Image&, const std::unordered_map<std::__cxx11::basic_string<char>, int>&)[m[K’:
[01m[K/root/deepracer_ws/aws-deepracer-launcher/aws-deepracer-inference-pkg/inference_pkg/src/intel_inference_eng.cpp:128:44:[m[K [01;31m[Kerror: [m[Kno matching function for call to ‘[01m[Kgetline(std::ifstream&, float&)[m[K’
  128 |         for(float line; getline(input, line[01;31m[K)[m[K;)
      |                                            [01;31m[K^[m[K
In file included from [01m[K/usr/include/c++/9/cstdio:42[m[K,
                 from [01m[K/usr/include/c++/9/ext/string_conversions.h:43[m[K,
                 from [01m[K/usr/include/c++/9/bits/basic_string.h:6493[m[K,
                 from [01m[K/usr/include/c++/9/string:55[m[K,
                 from [01m[K/usr/include/c++/9/stdexcept:39[m[K,
                 from [01m[K/usr/include/c++/9/array:39[m[K,
                 from [01m[K/usr/include/c++/9/tuple:39[m[K,
                 from [01m[K/usr/include/c++/9/bits/unique_ptr.h:37[m[K,
                 from [01m[K/usr/include/c++/9/memory:80[m[K,
                 from [01m[K/opt/ros/foxy/include/rclcpp/rclcpp.hpp:144[m[K,
                 from [01m[K/root/deepracer_ws/aws-deepracer-launcher/aws-deepracer-inference-pkg/inference_pkg/include/inference_pkg/image_process.hpp:20[m[K,
                 from [01m[K/root/deepracer_ws/aws-deepracer-launcher/aws-deepracer-inference-pkg/inference_pkg/include/inference_pkg/inference_base.hpp:20[m[K,
                 from [01m[K/root/deepracer_ws/aws-deepracer-launcher/aws-deepracer-inference-pkg/inference_pkg/include/inference_pkg/intel_inference_eng.hpp:20[m[K,
                 from [01m[K/root/deepracer_ws/aws-deepracer-launcher/aws-deepracer-inference-pkg/inference_pkg/src/intel_inference_eng.cpp:17[m[K:
[01m[K/usr/include/stdio.h:616:18:[m[K [01;36m[Knote: [m[Kcandidate: ‘[01m[K__ssize_t getline(char**, size_t*, FILE*)[m[K’
  616 | extern __ssize_t [01;36m[Kgetline[m[K (char **__restrict __lineptr,
      |                  [01;36m[K^~~~~~~[m[K
[01m[K/usr/include/stdio.h:616:18:[m[K [01;36m[Knote: [m[K  candidate expects 3 arguments, 2 provided
In file included from [01m[K/usr/include/c++/9/string:56[m[K,
                 from [01m[K/usr/include/c++/9/stdexcept:39[m[K,
                 from [01m[K/usr/include/c++/9/array:39[m[K,
                 from [01m[K/usr/include/c++/9/tuple:39[m[K,
                 from [01m[K/usr/include/c++/9/bits/unique_ptr.h:37[m[K,
                 from [01m[K/usr/include/c++/9/memory:80[m[K,
                 from [01m[K/opt/ros/foxy/include/rclcpp/rclcpp.hpp:144[m[K,
                 from [01m[K/root/deepracer_ws/aws-deepracer-launcher/aws-deepracer-inference-pkg/inference_pkg/include/inference_pkg/image_process.hpp:20[m[K,
                 from [01m[K/root/deepracer_ws/aws-deepracer-launcher/aws-deepracer-inference-pkg/inference_pkg/include/inference_pkg/inference_base.hpp:20[m[K,
                 from [01m[K/root/deepracer_ws/aws-deepracer-launcher/aws-deepracer-inference-pkg/inference_pkg/include/inference_pkg/intel_inference_eng.hpp:20[m[K,
                 from [01m[K/root/deepracer_ws/aws-deepracer-launcher/aws-deepracer-inference-pkg/inference_pkg/src/intel_inference_eng.cpp:17[m[K:
[01m[K/usr/include/c++/9/bits/basic_string.tcc:1538:5:[m[K [01;36m[Knote: [m[Kcandidate: ‘[01m[Ktemplate<class _CharT, class _Traits, class _Alloc> std::basic_istream<_CharT, _Traits>& std::getline(std::basic_istream<_CharT, _Traits>&, std::__cxx11::basic_string<_CharT, _Traits, _Allocator>&, _CharT)[m[K’
 1538 |     [01;36m[Kgetline[m[K(basic_istream<_CharT, _Traits>& __in,
      |     [01;36m[K^~~~~~~[m[K
[01m[K/usr/include/c++/9/bits/basic_string.tcc:1538:5:[m[K [01;36m[Knote: [m[K  template argument deduction/substitution failed:
[01m[K/root/deepracer_ws/aws-deepracer-launcher/aws-deepracer-inference-pkg/inference_pkg/src/intel_inference_eng.cpp:128:44:[m[K [01;36m[Knote: [m[K  mismatched types ‘[01m[Kstd::__cxx11::basic_string<_CharT, _Traits, _Allocator>[m[K’ and ‘[01m[Kfloat[m[K’
  128 |         for(float line; getline(input, line[01;36m[K)[m[K;)
      |                                            [01;36m[K^[m[K
In file included from [01m[K/usr/include/c++/9/string:55[m[K,
                 from [01m[K/usr/include/c++/9/stdexcept:39[m[K,
                 from [01m[K/usr/include/c++/9/array:39[m[K,
                 from [01m[K/usr/include/c++/9/tuple:39[m[K,
                 from [01m[K/usr/include/c++/9/bits/unique_ptr.h:37[m[K,
                 from [01m[K/usr/include/c++/9/memory:80[m[K,
                 from [01m[K/opt/ros/foxy/include/rclcpp/rclcpp.hpp:144[m[K,
                 from [01m[K/root/deepracer_ws/aws-deepracer-launcher/aws-deepracer-inference-pkg/inference_pkg/include/inference_pkg/image_process.hpp:20[m[K,
                 from [01m[K/root/deepracer_ws/aws-deepracer-launcher/aws-deepracer-inference-pkg/inference_pkg/include/inference_pkg/inference_base.hpp:20[m[K,
                 from [01m[K/root/deepracer_ws/aws-deepracer-launcher/aws-deepracer-inference-pkg/inference_pkg/include/inference_pkg/intel_inference_eng.hpp:20[m[K,
                 from [01m[K/root/deepracer_ws/aws-deepracer-launcher/aws-deepracer-inference-pkg/inference_pkg/src/intel_inference_eng.cpp:17[m[K:
[01m[K/usr/include/c++/9/bits/basic_string.h:6456:5:[m[K [01;36m[Knote: [m[Kcandidate: ‘[01m[Ktemplate<class _CharT, class _Traits, class _Alloc> std::basic_istream<_CharT, _Traits>& std::getline(std::basic_istream<_CharT, _Traits>&, std::__cxx11::basic_string<_CharT, _Traits, _Allocator>&)[m[K’
 6456 |     [01;36m[Kgetline[m[K(basic_istream<_CharT, _Traits>& __is,
      |     [01;36m[K^~~~~~~[m[K
[01m[K/usr/include/c++/9/bits/basic_string.h:6456:5:[m[K [01;36m[Knote: [m[K  template argument deduction/substitution failed:
[01m[K/root/deepracer_ws/aws-deepracer-launcher/aws-deepracer-inference-pkg/inference_pkg/src/intel_inference_eng.cpp:128:44:[m[K [01;36m[Knote: [m[K  mismatched types ‘[01m[Kstd::__cxx11::basic_string<_CharT, _Traits, _Allocator>[m[K’ and ‘[01m[Kfloat[m[K’
  128 |         for(float line; getline(input, line[01;36m[K)[m[K;)
      |                                            [01;36m[K^[m[K
In file included from [01m[K/usr/include/c++/9/string:55[m[K,
                 from [01m[K/usr/include/c++/9/stdexcept:39[m[K,
                 from [01m[K/usr/include/c++/9/array:39[m[K,
                 from [01m[K/usr/include/c++/9/tuple:39[m[K,
                 from [01m[K/usr/include/c++/9/bits/unique_ptr.h:37[m[K,
                 from [01m[K/usr/include/c++/9/memory:80[m[K,
                 from [01m[K/opt/ros/foxy/include/rclcpp/rclcpp.hpp:144[m[K,
                 from [01m[K/root/deepracer_ws/aws-deepracer-launcher/aws-deepracer-inference-pkg/inference_pkg/include/inference_pkg/image_process.hpp:20[m[K,
                 from [01m[K/root/deepracer_ws/aws-deepracer-launcher/aws-deepracer-inference-pkg/inference_pkg/include/inference_pkg/inference_base.hpp:20[m[K,
                 from [01m[K/root/deepracer_ws/aws-deepracer-launcher/aws-deepracer-inference-pkg/inference_pkg/include/inference_pkg/intel_inference_eng.hpp:20[m[K,
                 from [01m[K/root/deepracer_ws/aws-deepracer-launcher/aws-deepracer-inference-pkg/inference_pkg/src/intel_inference_eng.cpp:17[m[K:
[01m[K/usr/include/c++/9/bits/basic_string.h:6464:5:[m[K [01;36m[Knote: [m[Kcandidate: ‘[01m[Ktemplate<class _CharT, class _Traits, class _Alloc> std::basic_istream<_CharT, _Traits>& std::getline(std::basic_istream<_CharT, _Traits>&&, std::__cxx11::basic_string<_CharT, _Traits, _Allocator>&, _CharT)[m[K’
 6464 |     [01;36m[Kgetline[m[K(basic_istream<_CharT, _Traits>&& __is,
      |     [01;36m[K^~~~~~~[m[K
[01m[K/usr/include/c++/9/bits/basic_string.h:6464:5:[m[K [01;36m[Knote: [m[K  template argument deduction/substitution failed:
[01m[K/root/deepracer_ws/aws-deepracer-launcher/aws-deepracer-inference-pkg/inference_pkg/src/intel_inference_eng.cpp:128:44:[m[K [01;36m[Knote: [m[K  mismatched types ‘[01m[Kstd::__cxx11::basic_string<_CharT, _Traits, _Allocator>[m[K’ and ‘[01m[Kfloat[m[K’
  128 |         for(float line; getline(input, line[01;36m[K)[m[K;)
      |                                            [01;36m[K^[m[K
In file included from [01m[K/usr/include/c++/9/string:55[m[K,
                 from [01m[K/usr/include/c++/9/stdexcept:39[m[K,
                 from [01m[K/usr/include/c++/9/array:39[m[K,
                 from [01m[K/usr/include/c++/9/tuple:39[m[K,
                 from [01m[K/usr/include/c++/9/bits/unique_ptr.h:37[m[K,
                 from [01m[K/usr/include/c++/9/memory:80[m[K,
                 from [01m[K/opt/ros/foxy/include/rclcpp/rclcpp.hpp:144[m[K,
                 from [01m[K/root/deepracer_ws/aws-deepracer-launcher/aws-deepracer-inference-pkg/inference_pkg/include/inference_pkg/image_process.hpp:20[m[K,
                 from [01m[K/root/deepracer_ws/aws-deepracer-launcher/aws-deepracer-inference-pkg/inference_pkg/include/inference_pkg/inference_base.hpp:20[m[K,
                 from [01m[K/root/deepracer_ws/aws-deepracer-launcher/aws-deepracer-inference-pkg/inference_pkg/include/inference_pkg/intel_inference_eng.hpp:20[m[K,
                 from [01m[K/root/deepracer_ws/aws-deepracer-launcher/aws-deepracer-inference-pkg/inference_pkg/src/intel_inference_eng.cpp:17[m[K:
[01m[K/usr/include/c++/9/bits/basic_string.h:6471:5:[m[K [01;36m[Knote: [m[Kcandidate: ‘[01m[Ktemplate<class _CharT, class _Traits, class _Alloc> std::basic_istream<_CharT, _Traits>& std::getline(std::basic_istream<_CharT, _Traits>&&, std::__cxx11::basic_string<_CharT, _Traits, _Allocator>&)[m[K’
 6471 |     [01;36m[Kgetline[m[K(basic_istream<_CharT, _Traits>&& __is,
      |     [01;36m[K^~~~~~~[m[K
[01m[K/usr/include/c++/9/bits/basic_string.h:6471:5:[m[K [01;36m[Knote: [m[K  template argument deduction/substitution failed:
[01m[K/root/deepracer_ws/aws-deepracer-launcher/aws-deepracer-inference-pkg/inference_pkg/src/intel_inference_eng.cpp:128:44:[m[K [01;36m[Knote: [m[K  mismatched types ‘[01m[Kstd::__cxx11::basic_string<_CharT, _Traits, _Allocator>[m[K’ and ‘[01m[Kfloat[m[K’
  128 |         for(float line; getline(input, line[01;36m[K)[m[K;)
      |                                            [01;36m[K^[m[K
[01m[K/root/deepracer_ws/aws-deepracer-launcher/aws-deepracer-inference-pkg/inference_pkg/src/intel_inference_eng.cpp:[m[K In function ‘[01m[Kvoid {anonymous}::right1DImg(V*, cv::Mat&, std::shared_ptr<InferTask::ImgProcessBase>, const Image&, const std::unordered_map<std::__cxx11::basic_string<char>, int>&)[m[K’:
[01m[K/root/deepracer_ws/aws-deepracer-launcher/aws-deepracer-inference-pkg/inference_pkg/src/intel_inference_eng.cpp:158:49:[m[K [01;31m[Kerror: [m[Kno matching function for call to ‘[01m[Kgetline(std::ifstream&, float&)[m[K’
  158 |         for(float line; std::getline(input, line[01;31m[K)[m[K;)
      |                                                 [01;31m[K^[m[K
In file included from [01m[K/usr/include/c++/9/string:56[m[K,
                 from [01m[K/usr/include/c++/9/stdexcept:39[m[K,
                 from [01m[K/usr/include/c++/9/array:39[m[K,
                 from [01m[K/usr/include/c++/9/tuple:39[m[K,
                 from [01m[K/usr/include/c++/9/bits/unique_ptr.h:37[m[K,
                 from [01m[K/usr/include/c++/9/memory:80[m[K,
                 from [01m[K/opt/ros/foxy/include/rclcpp/rclcpp.hpp:144[m[K,
                 from [01m[K/root/deepracer_ws/aws-deepracer-launcher/aws-deepracer-inference-pkg/inference_pkg/include/inference_pkg/image_process.hpp:20[m[K,
                 from [01m[K/root/deepracer_ws/aws-deepracer-launcher/aws-deepracer-inference-pkg/inference_pkg/include/inference_pkg/inference_base.hpp:20[m[K,
                 from [01m[K/root/deepracer_ws/aws-deepracer-launcher/aws-deepracer-inference-pkg/inference_pkg/include/inference_pkg/intel_inference_eng.hpp:20[m[K,
                 from [01m[K/root/deepracer_ws/aws-deepracer-launcher/aws-deepracer-inference-pkg/inference_pkg/src/intel_inference_eng.cpp:17[m[K:
[01m[K/usr/include/c++/9/bits/basic_string.tcc:1538:5:[m[K [01;36m[Knote: [m[Kcandidate: ‘[01m[Ktemplate<class _CharT, class _Traits, class _Alloc> std::basic_istream<_CharT, _Traits>& std::getline(std::basic_istream<_CharT, _Traits>&, std::__cxx11::basic_string<_CharT, _Traits, _Allocator>&, _CharT)[m[K’
 1538 |     [01;36m[Kgetline[m[K(basic_istream<_CharT, _Traits>& __in,
      |     [01;36m[K^~~~~~~[m[K
[01m[K/usr/include/c++/9/bits/basic_string.tcc:1538:5:[m[K [01;36m[Knote: [m[K  template argument deduction/substitution failed:
[01m[K/root/deepracer_ws/aws-deepracer-launcher/aws-deepracer-inference-pkg/inference_pkg/src/intel_inference_eng.cpp:158:49:[m[K [01;36m[Knote: [m[K  mismatched types ‘[01m[Kstd::__cxx11::basic_string<_CharT, _Traits, _Allocator>[m[K’ and ‘[01m[Kfloat[m[K’
  158 |         for(float line; std::getline(input, line[01;36m[K)[m[K;)
      |                                                 [01;36m[K^[m[K
In file included from [01m[K/usr/include/c++/9/string:55[m[K,
                 from [01m[K/usr/include/c++/9/stdexcept:39[m[K,
                 from [01m[K/usr/include/c++/9/array:39[m[K,
                 from [01m[K/usr/include/c++/9/tuple:39[m[K,
                 from [01m[K/usr/include/c++/9/bits/unique_ptr.h:37[m[K,
                 from [01m[K/usr/include/c++/9/memory:80[m[K,
                 from [01m[K/opt/ros/foxy/include/rclcpp/rclcpp.hpp:144[m[K,
                 from [01m[K/root/deepracer_ws/aws-deepracer-launcher/aws-deepracer-inference-pkg/inference_pkg/include/inference_pkg/image_process.hpp:20[m[K,
                 from [01m[K/root/deepracer_ws/aws-deepracer-launcher/aws-deepracer-inference-pkg/inference_pkg/include/inference_pkg/inference_base.hpp:20[m[K,
                 from [01m[K/root/deepracer_ws/aws-deepracer-launcher/aws-deepracer-inference-pkg/inference_pkg/include/inference_pkg/intel_inference_eng.hpp:20[m[K,
                 from [01m[K/root/deepracer_ws/aws-deepracer-launcher/aws-deepracer-inference-pkg/inference_pkg/src/intel_inference_eng.cpp:17[m[K:
[01m[K/usr/include/c++/9/bits/basic_string.h:6456:5:[m[K [01;36m[Knote: [m[Kcandidate: ‘[01m[Ktemplate<class _CharT, class _Traits, class _Alloc> std::basic_istream<_CharT, _Traits>& std::getline(std::basic_istream<_CharT, _Traits>&, std::__cxx11::basic_string<_CharT, _Traits, _Allocator>&)[m[K’
 6456 |     [01;36m[Kgetline[m[K(basic_istream<_CharT, _Traits>& __is,
      |     [01;36m[K^~~~~~~[m[K
[01m[K/usr/include/c++/9/bits/basic_string.h:6456:5:[m[K [01;36m[Knote: [m[K  template argument deduction/substitution failed:
[01m[K/root/deepracer_ws/aws-deepracer-launcher/aws-deepracer-inference-pkg/inference_pkg/src/intel_inference_eng.cpp:158:49:[m[K [01;36m[Knote: [m[K  mismatched types ‘[01m[Kstd::__cxx11::basic_string<_CharT, _Traits, _Allocator>[m[K’ and ‘[01m[Kfloat[m[K’
  158 |         for(float line; std::getline(input, line[01;36m[K)[m[K;)
      |                                                 [01;36m[K^[m[K
In file included from [01m[K/usr/include/c++/9/string:55[m[K,
                 from [01m[K/usr/include/c++/9/stdexcept:39[m[K,
                 from [01m[K/usr/include/c++/9/array:39[m[K,
                 from [01m[K/usr/include/c++/9/tuple:39[m[K,
                 from [01m[K/usr/include/c++/9/bits/unique_ptr.h:37[m[K,
                 from [01m[K/usr/include/c++/9/memory:80[m[K,
                 from [01m[K/opt/ros/foxy/include/rclcpp/rclcpp.hpp:144[m[K,
                 from [01m[K/root/deepracer_ws/aws-deepracer-launcher/aws-deepracer-inference-pkg/inference_pkg/include/inference_pkg/image_process.hpp:20[m[K,
                 from [01m[K/root/deepracer_ws/aws-deepracer-launcher/aws-deepracer-inference-pkg/inference_pkg/include/inference_pkg/inference_base.hpp:20[m[K,
                 from [01m[K/root/deepracer_ws/aws-deepracer-launcher/aws-deepracer-inference-pkg/inference_pkg/include/inference_pkg/intel_inference_eng.hpp:20[m[K,
                 from [01m[K/root/deepracer_ws/aws-deepracer-launcher/aws-deepracer-inference-pkg/inference_pkg/src/intel_inference_eng.cpp:17[m[K:
[01m[K/usr/include/c++/9/bits/basic_string.h:6464:5:[m[K [01;36m[Knote: [m[Kcandidate: ‘[01m[Ktemplate<class _CharT, class _Traits, class _Alloc> std::basic_istream<_CharT, _Traits>& std::getline(std::basic_istream<_CharT, _Traits>&&, std::__cxx11::basic_string<_CharT, _Traits, _Allocator>&, _CharT)[m[K’
 6464 |     [01;36m[Kgetline[m[K(basic_istream<_CharT, _Traits>&& __is,
      |     [01;36m[K^~~~~~~[m[K
[01m[K/usr/include/c++/9/bits/basic_string.h:6464:5:[m[K [01;36m[Knote: [m[K  template argument deduction/substitution failed:
[01m[K/root/deepracer_ws/aws-deepracer-launcher/aws-deepracer-inference-pkg/inference_pkg/src/intel_inference_eng.cpp:158:49:[m[K [01;36m[Knote: [m[K  mismatched types ‘[01m[Kstd::__cxx11::basic_string<_CharT, _Traits, _Allocator>[m[K’ and ‘[01m[Kfloat[m[K’
  158 |         for(float line; std::getline(input, line[01;36m[K)[m[K;)
      |                                                 [01;36m[K^[m[K
In file included from [01m[K/usr/include/c++/9/string:55[m[K,
                 from [01m[K/usr/include/c++/9/stdexcept:39[m[K,
                 from [01m[K/usr/include/c++/9/array:39[m[K,
                 from [01m[K/usr/include/c++/9/tuple:39[m[K,
                 from [01m[K/usr/include/c++/9/bits/unique_ptr.h:37[m[K,
                 from [01m[K/usr/include/c++/9/memory:80[m[K,
                 from [01m[K/opt/ros/foxy/include/rclcpp/rclcpp.hpp:144[m[K,
                 from [01m[K/root/deepracer_ws/aws-deepracer-launcher/aws-deepracer-inference-pkg/inference_pkg/include/inference_pkg/image_process.hpp:20[m[K,
                 from [01m[K/root/deepracer_ws/aws-deepracer-launcher/aws-deepracer-inference-pkg/inference_pkg/include/inference_pkg/inference_base.hpp:20[m[K,
                 from [01m[K/root/deepracer_ws/aws-deepracer-launcher/aws-deepracer-inference-pkg/inference_pkg/include/inference_pkg/intel_inference_eng.hpp:20[m[K,
                 from [01m[K/root/deepracer_ws/aws-deepracer-launcher/aws-deepracer-inference-pkg/inference_pkg/src/intel_inference_eng.cpp:17[m[K:
[01m[K/usr/include/c++/9/bits/basic_string.h:6471:5:[m[K [01;36m[Knote: [m[Kcandidate: ‘[01m[Ktemplate<class _CharT, class _Traits, class _Alloc> std::basic_istream<_CharT, _Traits>& std::getline(std::basic_istream<_CharT, _Traits>&&, std::__cxx11::basic_string<_CharT, _Traits, _Allocator>&)[m[K’
 6471 |     [01;36m[Kgetline[m[K(basic_istream<_CharT, _Traits>&& __is,
      |     [01;36m[K^~~~~~~[m[K
[01m[K/usr/include/c++/9/bits/basic_string.h:6471:5:[m[K [01;36m[Knote: [m[K  template argument deduction/substitution failed:
[01m[K/root/deepracer_ws/aws-deepracer-launcher/aws-deepracer-inference-pkg/inference_pkg/src/intel_inference_eng.cpp:158:49:[m[K [01;36m[Knote: [m[K  mismatched types ‘[01m[Kstd::__cxx11::basic_string<_CharT, _Traits, _Allocator>[m[K’ and ‘[01m[Kfloat[m[K’
  158 |         for(float line; std::getline(input, line[01;36m[K)[m[K;)
      |                                                 [01;36m[K^[m[K
[01m[K/root/deepracer_ws/aws-deepracer-launcher/aws-deepracer-inference-pkg/inference_pkg/src/intel_inference_eng.cpp:[m[K In function ‘[01m[Kvoid {anonymous}::load1DImg(V*, cv::Mat&, std::shared_ptr<InferTask::ImgProcessBase>, const Image&, const std::unordered_map<std::__cxx11::basic_string<char>, int>&)[m[K’:
[01m[K/root/deepracer_ws/aws-deepracer-launcher/aws-deepracer-inference-pkg/inference_pkg/src/intel_inference_eng.cpp:188:49:[m[K [01;31m[Kerror: [m[Kno matching function for call to ‘[01m[Kgetline(std::ifstream&, float&)[m[K’
  188 |         for(float line; std::getline(input, line[01;31m[K)[m[K;)
      |                                                 [01;31m[K^[m[K
In file included from [01m[K/usr/include/c++/9/string:56[m[K,
                 from [01m[K/usr/include/c++/9/stdexcept:39[m[K,
                 from [01m[K/usr/include/c++/9/array:39[m[K,
                 from [01m[K/usr/include/c++/9/tuple:39[m[K,
                 from [01m[K/usr/include/c++/9/bits/unique_ptr.h:37[m[K,
                 from [01m[K/usr/include/c++/9/memory:80[m[K,
                 from [01m[K/opt/ros/foxy/include/rclcpp/rclcpp.hpp:144[m[K,
                 from [01m[K/root/deepracer_ws/aws-deepracer-launcher/aws-deepracer-inference-pkg/inference_pkg/include/inference_pkg/image_process.hpp:20[m[K,
                 from [01m[K/root/deepracer_ws/aws-deepracer-launcher/aws-deepracer-inference-pkg/inference_pkg/include/inference_pkg/inference_base.hpp:20[m[K,
                 from [01m[K/root/deepracer_ws/aws-deepracer-launcher/aws-deepracer-inference-pkg/inference_pkg/include/inference_pkg/intel_inference_eng.hpp:20[m[K,
                 from [01m[K/root/deepracer_ws/aws-deepracer-launcher/aws-deepracer-inference-pkg/inference_pkg/src/intel_inference_eng.cpp:17[m[K:
[01m[K/usr/include/c++/9/bits/basic_string.tcc:1538:5:[m[K [01;36m[Knote: [m[Kcandidate: ‘[01m[Ktemplate<class _CharT, class _Traits, class _Alloc> std::basic_istream<_CharT, _Traits>& std::getline(std::basic_istream<_CharT, _Traits>&, std::__cxx11::basic_string<_CharT, _Traits, _Allocator>&, _CharT)[m[K’
 1538 |     [01;36m[Kgetline[m[K(basic_istream<_CharT, _Traits>& __in,
      |     [01;36m[K^~~~~~~[m[K
[01m[K/usr/include/c++/9/bits/basic_string.tcc:1538:5:[m[K [01;36m[Knote: [m[K  template argument deduction/substitution failed:
[01m[K/root/deepracer_ws/aws-deepracer-launcher/aws-deepracer-inference-pkg/inference_pkg/src/intel_inference_eng.cpp:188:49:[m[K [01;36m[Knote: [m[K  mismatched types ‘[01m[Kstd::__cxx11::basic_string<_CharT, _Traits, _Allocator>[m[K’ and ‘[01m[Kfloat[m[K’
  188 |         for(float line; std::getline(input, line[01;36m[K)[m[K;)
      |                                                 [01;36m[K^[m[K
In file included from [01m[K/usr/include/c++/9/string:55[m[K,
                 from [01m[K/usr/include/c++/9/stdexcept:39[m[K,
                 from [01m[K/usr/include/c++/9/array:39[m[K,
                 from [01m[K/usr/include/c++/9/tuple:39[m[K,
                 from [01m[K/usr/include/c++/9/bits/unique_ptr.h:37[m[K,
                 from [01m[K/usr/include/c++/9/memory:80[m[K,
                 from [01m[K/opt/ros/foxy/include/rclcpp/rclcpp.hpp:144[m[K,
                 from [01m[K/root/deepracer_ws/aws-deepracer-launcher/aws-deepracer-inference-pkg/inference_pkg/include/inference_pkg/image_process.hpp:20[m[K,
                 from [01m[K/root/deepracer_ws/aws-deepracer-launcher/aws-deepracer-inference-pkg/inference_pkg/include/inference_pkg/inference_base.hpp:20[m[K,
                 from [01m[K/root/deepracer_ws/aws-deepracer-launcher/aws-deepracer-inference-pkg/inference_pkg/include/inference_pkg/intel_inference_eng.hpp:20[m[K,
                 from [01m[K/root/deepracer_ws/aws-deepracer-launcher/aws-deepracer-inference-pkg/inference_pkg/src/intel_inference_eng.cpp:17[m[K:
[01m[K/usr/include/c++/9/bits/basic_string.h:6456:5:[m[K [01;36m[Knote: [m[Kcandidate: ‘[01m[Ktemplate<class _CharT, class _Traits, class _Alloc> std::basic_istream<_CharT, _Traits>& std::getline(std::basic_istream<_CharT, _Traits>&, std::__cxx11::basic_string<_CharT, _Traits, _Allocator>&)[m[K’
 6456 |     [01;36m[Kgetline[m[K(basic_istream<_CharT, _Traits>& __is,
      |     [01;36m[K^~~~~~~[m[K
[01m[K/usr/include/c++/9/bits/basic_string.h:6456:5:[m[K [01;36m[Knote: [m[K  template argument deduction/substitution failed:
[01m[K/root/deepracer_ws/aws-deepracer-launcher/aws-deepracer-inference-pkg/inference_pkg/src/intel_inference_eng.cpp:188:49:[m[K [01;36m[Knote: [m[K  mismatched types ‘[01m[Kstd::__cxx11::basic_string<_CharT, _Traits, _Allocator>[m[K’ and ‘[01m[Kfloat[m[K’
  188 |         for(float line; std::getline(input, line[01;36m[K)[m[K;)
      |                                                 [01;36m[K^[m[K
In file included from [01m[K/usr/include/c++/9/string:55[m[K,
                 from [01m[K/usr/include/c++/9/stdexcept:39[m[K,
                 from [01m[K/usr/include/c++/9/array:39[m[K,
                 from [01m[K/usr/include/c++/9/tuple:39[m[K,
                 from [01m[K/usr/include/c++/9/bits/unique_ptr.h:37[m[K,
                 from [01m[K/usr/include/c++/9/memory:80[m[K,
                 from [01m[K/opt/ros/foxy/include/rclcpp/rclcpp.hpp:144[m[K,
                 from [01m[K/root/deepracer_ws/aws-deepracer-launcher/aws-deepracer-inference-pkg/inference_pkg/include/inference_pkg/image_process.hpp:20[m[K,
                 from [01m[K/root/deepracer_ws/aws-deepracer-launcher/aws-deepracer-inference-pkg/inference_pkg/include/inference_pkg/inference_base.hpp:20[m[K,
                 from [01m[K/root/deepracer_ws/aws-deepracer-launcher/aws-deepracer-inference-pkg/inference_pkg/include/inference_pkg/intel_inference_eng.hpp:20[m[K,
                 from [01m[K/root/deepracer_ws/aws-deepracer-launcher/aws-deepracer-inference-pkg/inference_pkg/src/intel_inference_eng.cpp:17[m[K:
[01m[K/usr/include/c++/9/bits/basic_string.h:6464:5:[m[K [01;36m[Knote: [m[Kcandidate: ‘[01m[Ktemplate<class _CharT, class _Traits, class _Alloc> std::basic_istream<_CharT, _Traits>& std::getline(std::basic_istream<_CharT, _Traits>&&, std::__cxx11::basic_string<_CharT, _Traits, _Allocator>&, _CharT)[m[K’
 6464 |     [01;36m[Kgetline[m[K(basic_istream<_CharT, _Traits>&& __is,
      |     [01;36m[K^~~~~~~[m[K
[01m[K/usr/include/c++/9/bits/basic_string.h:6464:5:[m[K [01;36m[Knote: [m[K  template argument deduction/substitution failed:
[01m[K/root/deepracer_ws/aws-deepracer-launcher/aws-deepracer-inference-pkg/inference_pkg/src/intel_inference_eng.cpp:188:49:[m[K [01;36m[Knote: [m[K  mismatched types ‘[01m[Kstd::__cxx11::basic_string<_CharT, _Traits, _Allocator>[m[K’ and ‘[01m[Kfloat[m[K’
  188 |         for(float line; std::getline(input, line[01;36m[K)[m[K;)
      |                                                 [01;36m[K^[m[K
In file included from [01m[K/usr/include/c++/9/string:55[m[K,
                 from [01m[K/usr/include/c++/9/stdexcept:39[m[K,
                 from [01m[K/usr/include/c++/9/array:39[m[K,
                 from [01m[K/usr/include/c++/9/tuple:39[m[K,
                 from [01m[K/usr/include/c++/9/bits/unique_ptr.h:37[m[K,
                 from [01m[K/usr/include/c++/9/memory:80[m[K,
                 from [01m[K/opt/ros/foxy/include/rclcpp/rclcpp.hpp:144[m[K,
                 from [01m[K/root/deepracer_ws/aws-deepracer-launcher/aws-deepracer-inference-pkg/inference_pkg/include/inference_pkg/image_process.hpp:20[m[K,
                 from [01m[K/root/deepracer_ws/aws-deepracer-launcher/aws-deepracer-inference-pkg/inference_pkg/include/inference_pkg/inference_base.hpp:20[m[K,
                 from [01m[K/root/deepracer_ws/aws-deepracer-launcher/aws-deepracer-inference-pkg/inference_pkg/include/inference_pkg/intel_inference_eng.hpp:20[m[K,
                 from [01m[K/root/deepracer_ws/aws-deepracer-launcher/aws-deepracer-inference-pkg/inference_pkg/src/intel_inference_eng.cpp:17[m[K:
[01m[K/usr/include/c++/9/bits/basic_string.h:6471:5:[m[K [01;36m[Knote: [m[Kcandidate: ‘[01m[Ktemplate<class _CharT, class _Traits, class _Alloc> std::basic_istream<_CharT, _Traits>& std::getline(std::basic_istream<_CharT, _Traits>&&, std::__cxx11::basic_string<_CharT, _Traits, _Allocator>&)[m[K’
 6471 |     [01;36m[Kgetline[m[K(basic_istream<_CharT, _Traits>&& __is,
      |     [01;36m[K^~~~~~~[m[K
[01m[K/usr/include/c++/9/bits/basic_string.h:6471:5:[m[K [01;36m[Knote: [m[K  template argument deduction/substitution failed:
[01m[K/root/deepracer_ws/aws-deepracer-launcher/aws-deepracer-inference-pkg/inference_pkg/src/intel_inference_eng.cpp:188:49:[m[K [01;36m[Knote: [m[K  mismatched types ‘[01m[Kstd::__cxx11::basic_string<_CharT, _Traits, _Allocator>[m[K’ and ‘[01m[Kfloat[m[K’
  188 |         for(float line; std::getline(input, line[01;36m[K)[m[K;)
      |                                                 [01;36m[K^[m[K
[01m[K/root/deepracer_ws/aws-deepracer-launcher/aws-deepracer-inference-pkg/inference_pkg/src/intel_inference_eng.cpp:[m[K In function ‘[01m[Kvoid {anonymous}::loadLidarData(float*, const std::vector<float>&)[m[K’:
[01m[K/root/deepracer_ws/aws-deepracer-launcher/aws-deepracer-inference-pkg/inference_pkg/src/intel_inference_eng.cpp:264:25:[m[K [01;35m[Kwarning: [m[Kunused variable ‘[01m[Klidar_value[m[K’ [[01;35m[K-Wunused-variable[m[K]
  264 |         for(const auto& [01;35m[Klidar_value[m[K : lidar_data) {
      |                         [01;35m[K^~~~~~~~~~~[m[K
make[2]: *** [CMakeFiles/inference_node.dir/build.make:76: CMakeFiles/inference_node.dir/src/intel_inference_eng.cpp.o] Error 1
make[1]: *** [CMakeFiles/Makefile2:105: CMakeFiles/inference_node.dir/all] Error 2
make: *** [Makefile:141: all] Error 2
