[0.062s] Invoking command in '/root/deepracer_ws/aws-deepracer-launcher/build/inference_pkg': CMAKE_PREFIX_PATH=/root/deepracer_ws/aws-deepracer-launcher/install/deepracer_interfaces_pkg:/root/deepracer_ws/aws-deepracer-launcher/install/deepracer_launcher:/root/deepracer_ws/aws-deepracer-launcher/install/web_video_server:/root/deepracer_ws/aws-deepracer-launcher/install/ctrl_pkg:/root/deepracer_ws/aws-deepracer-launcher/install/servo_pkg:/root/deepracer_ws/aws-deepracer-launcher/install/sensor_fusion_pkg:/root/deepracer_ws/aws-deepracer-launcher/install/rplidar_ros2:/root/deepracer_ws/aws-deepracer-launcher/install/inference_pkg:/root/deepracer_ws/aws-deepracer-launcher/install/i2c_pkg:/root/deepracer_ws/aws-deepracer-launcher/install/camera_pkg:/root/deepracer_ws/aws-deepracer-launcher/install/webserver_pkg:/root/deepracer_ws/aws-deepracer-launcher/install/deepracer_systems_pkg:/root/deepracer_ws/aws-deepracer-launcher/install/usb_monitor_pkg:/root/deepracer_ws/aws-deepracer-launcher/install/status_led_pkg:/root/deepracer_ws/aws-deepracer-launcher/install/model_optimizer_pkg:/root/deepracer_ws/aws-deepracer-launcher/install/device_info_pkg:/root/deepracer_ws/aws-deepracer-launcher/install/deepracer_navigation_pkg:/opt/ros/foxy:/root/deepracer_ws/aws-deepracer-launcher/install/async_web_server_cpp LD_LIBRARY_PATH=/root/deepracer_ws/aws-deepracer-launcher/install/deepracer_interfaces_pkg/lib:/home/deepracer/intel/openvino_2022/tools/compile_tool:/home/deepracer/intel/openvino_2022/runtime/3rdparty/tbb/lib:/home/deepracer/intel/openvino_2022/runtime/3rdparty/hddl/lib:/home/deepracer/intel/openvino_2022/runtime/lib/intel64:/root/deepracer_ws/aws-deepracer-launcher/install/async_web_server_cpp/lib:/opt/ros/foxy/opt/yaml_cpp_vendor/lib:/opt/ros/foxy/opt/rviz_ogre_vendor/lib:/opt/ros/foxy/lib/x86_64-linux-gnu:/opt/ros/foxy/lib PYTHONPATH=/root/deepracer_ws/aws-deepracer-launcher/install/deepracer_interfaces_pkg/lib/python3.8/site-packages:/home/deepracer/intel/openvino_2022/python/python3.8:/home/deepracer/intel/openvino_2022/python/python3:/root/deepracer_ws/aws-deepracer-launcher/install/webserver_pkg/lib/python3.8/site-packages:/root/deepracer_ws/aws-deepracer-launcher/install/deepracer_systems_pkg/lib/python3.8/site-packages:/root/deepracer_ws/aws-deepracer-launcher/install/usb_monitor_pkg/lib/python3.8/site-packages:/root/deepracer_ws/aws-deepracer-launcher/install/status_led_pkg/lib/python3.8/site-packages:/root/deepracer_ws/aws-deepracer-launcher/install/model_optimizer_pkg/lib/python3.8/site-packages:/root/deepracer_ws/aws-deepracer-launcher/install/device_info_pkg/lib/python3.8/site-packages:/root/deepracer_ws/aws-deepracer-launcher/install/deepracer_navigation_pkg/lib/python3.8/site-packages:/opt/ros/foxy/lib/python3.8/site-packages /usr/bin/cmake --build /root/deepracer_ws/aws-deepracer-launcher/build/inference_pkg -- -j2 -l2
[0.262s] [35m[1mScanning dependencies of target inference_node[0m
[0.499s] [ 25%] [32mBuilding CXX object CMakeFiles/inference_node.dir/src/intel_inference_eng.cpp.o[0m
[14.580s] [01m[K/root/deepracer_ws/aws-deepracer-launcher/aws-deepracer-inference-pkg/inference_pkg/src/intel_inference_eng.cpp:[m[K In function ‘[01m[Kvoid {anonymous}::left1DImg(V*, cv::Mat&, std::shared_ptr<InferTask::ImgProcessBase>, const Image&, const std::unordered_map<std::__cxx11::basic_string<char>, int>&)[m[K’:
[14.580s] [01m[K/root/deepracer_ws/aws-deepracer-launcher/aws-deepracer-inference-pkg/inference_pkg/src/intel_inference_eng.cpp:128:44:[m[K [01;31m[Kerror: [m[Kno matching function for call to ‘[01m[Kgetline(std::ifstream&, float&)[m[K’
[14.581s]   128 |         for(float line; getline(input, line[01;31m[K)[m[K;)
[14.581s]       |                                            [01;31m[K^[m[K
[14.582s] In file included from [01m[K/usr/include/c++/9/cstdio:42[m[K,
[14.583s]                  from [01m[K/usr/include/c++/9/ext/string_conversions.h:43[m[K,
[14.583s]                  from [01m[K/usr/include/c++/9/bits/basic_string.h:6493[m[K,
[14.583s]                  from [01m[K/usr/include/c++/9/string:55[m[K,
[14.584s]                  from [01m[K/usr/include/c++/9/stdexcept:39[m[K,
[14.584s]                  from [01m[K/usr/include/c++/9/array:39[m[K,
[14.584s]                  from [01m[K/usr/include/c++/9/tuple:39[m[K,
[14.584s]                  from [01m[K/usr/include/c++/9/bits/unique_ptr.h:37[m[K,
[14.585s]                  from [01m[K/usr/include/c++/9/memory:80[m[K,
[14.585s]                  from [01m[K/opt/ros/foxy/include/rclcpp/rclcpp.hpp:144[m[K,
[14.585s]                  from [01m[K/root/deepracer_ws/aws-deepracer-launcher/aws-deepracer-inference-pkg/inference_pkg/include/inference_pkg/image_process.hpp:20[m[K,
[14.586s]                  from [01m[K/root/deepracer_ws/aws-deepracer-launcher/aws-deepracer-inference-pkg/inference_pkg/include/inference_pkg/inference_base.hpp:20[m[K,
[14.586s]                  from [01m[K/root/deepracer_ws/aws-deepracer-launcher/aws-deepracer-inference-pkg/inference_pkg/include/inference_pkg/intel_inference_eng.hpp:20[m[K,
[14.586s]                  from [01m[K/root/deepracer_ws/aws-deepracer-launcher/aws-deepracer-inference-pkg/inference_pkg/src/intel_inference_eng.cpp:17[m[K:
[14.586s] [01m[K/usr/include/stdio.h:616:18:[m[K [01;36m[Knote: [m[Kcandidate: ‘[01m[K__ssize_t getline(char**, size_t*, FILE*)[m[K’
[14.587s]   616 | extern __ssize_t [01;36m[Kgetline[m[K (char **__restrict __lineptr,
[14.592s]       |                  [01;36m[K^~~~~~~[m[K
[14.592s] [01m[K/usr/include/stdio.h:616:18:[m[K [01;36m[Knote: [m[K  candidate expects 3 arguments, 2 provided
[14.592s] In file included from [01m[K/usr/include/c++/9/string:56[m[K,
[14.593s]                  from [01m[K/usr/include/c++/9/stdexcept:39[m[K,
[14.595s]                  from [01m[K/usr/include/c++/9/array:39[m[K,
[14.596s]                  from [01m[K/usr/include/c++/9/tuple:39[m[K,
[14.596s]                  from [01m[K/usr/include/c++/9/bits/unique_ptr.h:37[m[K,
[14.596s]                  from [01m[K/usr/include/c++/9/memory:80[m[K,
[14.597s]                  from [01m[K/opt/ros/foxy/include/rclcpp/rclcpp.hpp:144[m[K,
[14.597s]                  from [01m[K/root/deepracer_ws/aws-deepracer-launcher/aws-deepracer-inference-pkg/inference_pkg/include/inference_pkg/image_process.hpp:20[m[K,
[14.597s]                  from [01m[K/root/deepracer_ws/aws-deepracer-launcher/aws-deepracer-inference-pkg/inference_pkg/include/inference_pkg/inference_base.hpp:20[m[K,
[14.598s]                  from [01m[K/root/deepracer_ws/aws-deepracer-launcher/aws-deepracer-inference-pkg/inference_pkg/include/inference_pkg/intel_inference_eng.hpp:20[m[K,
[14.598s]                  from [01m[K/root/deepracer_ws/aws-deepracer-launcher/aws-deepracer-inference-pkg/inference_pkg/src/intel_inference_eng.cpp:17[m[K:
[14.598s] [01m[K/usr/include/c++/9/bits/basic_string.tcc:1538:5:[m[K [01;36m[Knote: [m[Kcandidate: ‘[01m[Ktemplate<class _CharT, class _Traits, class _Alloc> std::basic_istream<_CharT, _Traits>& std::getline(std::basic_istream<_CharT, _Traits>&, std::__cxx11::basic_string<_CharT, _Traits, _Allocator>&, _CharT)[m[K’
[14.598s]  1538 |     [01;36m[Kgetline[m[K(basic_istream<_CharT, _Traits>& __in,
[14.599s]       |     [01;36m[K^~~~~~~[m[K
[14.600s] [01m[K/usr/include/c++/9/bits/basic_string.tcc:1538:5:[m[K [01;36m[Knote: [m[K  template argument deduction/substitution failed:
[14.600s] [01m[K/root/deepracer_ws/aws-deepracer-launcher/aws-deepracer-inference-pkg/inference_pkg/src/intel_inference_eng.cpp:128:44:[m[K [01;36m[Knote: [m[K  mismatched types ‘[01m[Kstd::__cxx11::basic_string<_CharT, _Traits, _Allocator>[m[K’ and ‘[01m[Kfloat[m[K’
[14.600s]   128 |         for(float line; getline(input, line[01;36m[K)[m[K;)
[14.601s]       |                                            [01;36m[K^[m[K
[14.601s] In file included from [01m[K/usr/include/c++/9/string:55[m[K,
[14.601s]                  from [01m[K/usr/include/c++/9/stdexcept:39[m[K,
[14.601s]                  from [01m[K/usr/include/c++/9/array:39[m[K,
[14.602s]                  from [01m[K/usr/include/c++/9/tuple:39[m[K,
[14.602s]                  from [01m[K/usr/include/c++/9/bits/unique_ptr.h:37[m[K,
[14.602s]                  from [01m[K/usr/include/c++/9/memory:80[m[K,
[14.603s]                  from [01m[K/opt/ros/foxy/include/rclcpp/rclcpp.hpp:144[m[K,
[14.603s]                  from [01m[K/root/deepracer_ws/aws-deepracer-launcher/aws-deepracer-inference-pkg/inference_pkg/include/inference_pkg/image_process.hpp:20[m[K,
[14.603s]                  from [01m[K/root/deepracer_ws/aws-deepracer-launcher/aws-deepracer-inference-pkg/inference_pkg/include/inference_pkg/inference_base.hpp:20[m[K,
[14.603s]                  from [01m[K/root/deepracer_ws/aws-deepracer-launcher/aws-deepracer-inference-pkg/inference_pkg/include/inference_pkg/intel_inference_eng.hpp:20[m[K,
[14.604s]                  from [01m[K/root/deepracer_ws/aws-deepracer-launcher/aws-deepracer-inference-pkg/inference_pkg/src/intel_inference_eng.cpp:17[m[K:
[14.616s] [01m[K/usr/include/c++/9/bits/basic_string.h:6456:5:[m[K [01;36m[Knote: [m[Kcandidate: ‘[01m[Ktemplate<class _CharT, class _Traits, class _Alloc> std::basic_istream<_CharT, _Traits>& std::getline(std::basic_istream<_CharT, _Traits>&, std::__cxx11::basic_string<_CharT, _Traits, _Allocator>&)[m[K’
[14.617s]  6456 |     [01;36m[Kgetline[m[K(basic_istream<_CharT, _Traits>& __is,
[14.617s]       |     [01;36m[K^~~~~~~[m[K
[14.617s] [01m[K/usr/include/c++/9/bits/basic_string.h:6456:5:[m[K [01;36m[Knote: [m[K  template argument deduction/substitution failed:
[14.617s] [01m[K/root/deepracer_ws/aws-deepracer-launcher/aws-deepracer-inference-pkg/inference_pkg/src/intel_inference_eng.cpp:128:44:[m[K [01;36m[Knote: [m[K  mismatched types ‘[01m[Kstd::__cxx11::basic_string<_CharT, _Traits, _Allocator>[m[K’ and ‘[01m[Kfloat[m[K’
[14.618s]   128 |         for(float line; getline(input, line[01;36m[K)[m[K;)
[14.618s]       |                                            [01;36m[K^[m[K
[14.618s] In file included from [01m[K/usr/include/c++/9/string:55[m[K,
[14.619s]                  from [01m[K/usr/include/c++/9/stdexcept:39[m[K,
[14.619s]                  from [01m[K/usr/include/c++/9/array:39[m[K,
[14.619s]                  from [01m[K/usr/include/c++/9/tuple:39[m[K,
[14.619s]                  from [01m[K/usr/include/c++/9/bits/unique_ptr.h:37[m[K,
[14.620s]                  from [01m[K/usr/include/c++/9/memory:80[m[K,
[14.620s]                  from [01m[K/opt/ros/foxy/include/rclcpp/rclcpp.hpp:144[m[K,
[14.620s]                  from [01m[K/root/deepracer_ws/aws-deepracer-launcher/aws-deepracer-inference-pkg/inference_pkg/include/inference_pkg/image_process.hpp:20[m[K,
[14.620s]                  from [01m[K/root/deepracer_ws/aws-deepracer-launcher/aws-deepracer-inference-pkg/inference_pkg/include/inference_pkg/inference_base.hpp:20[m[K,
[14.621s]                  from [01m[K/root/deepracer_ws/aws-deepracer-launcher/aws-deepracer-inference-pkg/inference_pkg/include/inference_pkg/intel_inference_eng.hpp:20[m[K,
[14.621s]                  from [01m[K/root/deepracer_ws/aws-deepracer-launcher/aws-deepracer-inference-pkg/inference_pkg/src/intel_inference_eng.cpp:17[m[K:
[14.621s] [01m[K/usr/include/c++/9/bits/basic_string.h:6464:5:[m[K [01;36m[Knote: [m[Kcandidate: ‘[01m[Ktemplate<class _CharT, class _Traits, class _Alloc> std::basic_istream<_CharT, _Traits>& std::getline(std::basic_istream<_CharT, _Traits>&&, std::__cxx11::basic_string<_CharT, _Traits, _Allocator>&, _CharT)[m[K’
[14.622s]  6464 |     [01;36m[Kgetline[m[K(basic_istream<_CharT, _Traits>&& __is,
[14.622s]       |     [01;36m[K^~~~~~~[m[K
[14.622s] [01m[K/usr/include/c++/9/bits/basic_string.h:6464:5:[m[K [01;36m[Knote: [m[K  template argument deduction/substitution failed:
[14.623s] [01m[K/root/deepracer_ws/aws-deepracer-launcher/aws-deepracer-inference-pkg/inference_pkg/src/intel_inference_eng.cpp:128:44:[m[K [01;36m[Knote: [m[K  mismatched types ‘[01m[Kstd::__cxx11::basic_string<_CharT, _Traits, _Allocator>[m[K’ and ‘[01m[Kfloat[m[K’
[14.623s]   128 |         for(float line; getline(input, line[01;36m[K)[m[K;)
[14.623s]       |                                            [01;36m[K^[m[K
[14.623s] In file included from [01m[K/usr/include/c++/9/string:55[m[K,
[14.624s]                  from [01m[K/usr/include/c++/9/stdexcept:39[m[K,
[14.624s]                  from [01m[K/usr/include/c++/9/array:39[m[K,
[14.624s]                  from [01m[K/usr/include/c++/9/tuple:39[m[K,
[14.635s]                  from [01m[K/usr/include/c++/9/bits/unique_ptr.h:37[m[K,
[14.636s]                  from [01m[K/usr/include/c++/9/memory:80[m[K,
[14.636s]                  from [01m[K/opt/ros/foxy/include/rclcpp/rclcpp.hpp:144[m[K,
[14.636s]                  from [01m[K/root/deepracer_ws/aws-deepracer-launcher/aws-deepracer-inference-pkg/inference_pkg/include/inference_pkg/image_process.hpp:20[m[K,
[14.637s]                  from [01m[K/root/deepracer_ws/aws-deepracer-launcher/aws-deepracer-inference-pkg/inference_pkg/include/inference_pkg/inference_base.hpp:20[m[K,
[14.637s]                  from [01m[K/root/deepracer_ws/aws-deepracer-launcher/aws-deepracer-inference-pkg/inference_pkg/include/inference_pkg/intel_inference_eng.hpp:20[m[K,
[14.638s]                  from [01m[K/root/deepracer_ws/aws-deepracer-launcher/aws-deepracer-inference-pkg/inference_pkg/src/intel_inference_eng.cpp:17[m[K:
[14.643s] [01m[K/usr/include/c++/9/bits/basic_string.h:6471:5:[m[K [01;36m[Knote: [m[Kcandidate: ‘[01m[Ktemplate<class _CharT, class _Traits, class _Alloc> std::basic_istream<_CharT, _Traits>& std::getline(std::basic_istream<_CharT, _Traits>&&, std::__cxx11::basic_string<_CharT, _Traits, _Allocator>&)[m[K’
[14.643s]  6471 |     [01;36m[Kgetline[m[K(basic_istream<_CharT, _Traits>&& __is,
[14.644s]       |     [01;36m[K^~~~~~~[m[K
[14.644s] [01m[K/usr/include/c++/9/bits/basic_string.h:6471:5:[m[K [01;36m[Knote: [m[K  template argument deduction/substitution failed:
[14.644s] [01m[K/root/deepracer_ws/aws-deepracer-launcher/aws-deepracer-inference-pkg/inference_pkg/src/intel_inference_eng.cpp:128:44:[m[K [01;36m[Knote: [m[K  mismatched types ‘[01m[Kstd::__cxx11::basic_string<_CharT, _Traits, _Allocator>[m[K’ and ‘[01m[Kfloat[m[K’
[14.645s]   128 |         for(float line; getline(input, line[01;36m[K)[m[K;)
[14.645s]       |                                            [01;36m[K^[m[K
[14.645s] [01m[K/root/deepracer_ws/aws-deepracer-launcher/aws-deepracer-inference-pkg/inference_pkg/src/intel_inference_eng.cpp:[m[K In function ‘[01m[Kvoid {anonymous}::right1DImg(V*, cv::Mat&, std::shared_ptr<InferTask::ImgProcessBase>, const Image&, const std::unordered_map<std::__cxx11::basic_string<char>, int>&)[m[K’:
[14.645s] [01m[K/root/deepracer_ws/aws-deepracer-launcher/aws-deepracer-inference-pkg/inference_pkg/src/intel_inference_eng.cpp:158:49:[m[K [01;31m[Kerror: [m[Kno matching function for call to ‘[01m[Kgetline(std::ifstream&, float&)[m[K’
[14.646s]   158 |         for(float line; std::getline(input, line[01;31m[K)[m[K;)
[14.646s]       |                                                 [01;31m[K^[m[K
[14.646s] In file included from [01m[K/usr/include/c++/9/string:56[m[K,
[14.647s]                  from [01m[K/usr/include/c++/9/stdexcept:39[m[K,
[14.647s]                  from [01m[K/usr/include/c++/9/array:39[m[K,
[14.647s]                  from [01m[K/usr/include/c++/9/tuple:39[m[K,
[14.647s]                  from [01m[K/usr/include/c++/9/bits/unique_ptr.h:37[m[K,
[14.648s]                  from [01m[K/usr/include/c++/9/memory:80[m[K,
[14.648s]                  from [01m[K/opt/ros/foxy/include/rclcpp/rclcpp.hpp:144[m[K,
[14.648s]                  from [01m[K/root/deepracer_ws/aws-deepracer-launcher/aws-deepracer-inference-pkg/inference_pkg/include/inference_pkg/image_process.hpp:20[m[K,
[14.649s]                  from [01m[K/root/deepracer_ws/aws-deepracer-launcher/aws-deepracer-inference-pkg/inference_pkg/include/inference_pkg/inference_base.hpp:20[m[K,
[14.650s]                  from [01m[K/root/deepracer_ws/aws-deepracer-launcher/aws-deepracer-inference-pkg/inference_pkg/include/inference_pkg/intel_inference_eng.hpp:20[m[K,
[14.650s]                  from [01m[K/root/deepracer_ws/aws-deepracer-launcher/aws-deepracer-inference-pkg/inference_pkg/src/intel_inference_eng.cpp:17[m[K:
[14.650s] [01m[K/usr/include/c++/9/bits/basic_string.tcc:1538:5:[m[K [01;36m[Knote: [m[Kcandidate: ‘[01m[Ktemplate<class _CharT, class _Traits, class _Alloc> std::basic_istream<_CharT, _Traits>& std::getline(std::basic_istream<_CharT, _Traits>&, std::__cxx11::basic_string<_CharT, _Traits, _Allocator>&, _CharT)[m[K’
[14.650s]  1538 |     [01;36m[Kgetline[m[K(basic_istream<_CharT, _Traits>& __in,
[14.651s]       |     [01;36m[K^~~~~~~[m[K
[14.651s] [01m[K/usr/include/c++/9/bits/basic_string.tcc:1538:5:[m[K [01;36m[Knote: [m[K  template argument deduction/substitution failed:
[14.651s] [01m[K/root/deepracer_ws/aws-deepracer-launcher/aws-deepracer-inference-pkg/inference_pkg/src/intel_inference_eng.cpp:158:49:[m[K [01;36m[Knote: [m[K  mismatched types ‘[01m[Kstd::__cxx11::basic_string<_CharT, _Traits, _Allocator>[m[K’ and ‘[01m[Kfloat[m[K’
[14.652s]   158 |         for(float line; std::getline(input, line[01;36m[K)[m[K;)
[14.652s]       |                                                 [01;36m[K^[m[K
[14.652s] In file included from [01m[K/usr/include/c++/9/string:55[m[K,
[14.652s]                  from [01m[K/usr/include/c++/9/stdexcept:39[m[K,
[14.653s]                  from [01m[K/usr/include/c++/9/array:39[m[K,
[14.653s]                  from [01m[K/usr/include/c++/9/tuple:39[m[K,
[14.653s]                  from [01m[K/usr/include/c++/9/bits/unique_ptr.h:37[m[K,
[14.654s]                  from [01m[K/usr/include/c++/9/memory:80[m[K,
[14.654s]                  from [01m[K/opt/ros/foxy/include/rclcpp/rclcpp.hpp:144[m[K,
[14.654s]                  from [01m[K/root/deepracer_ws/aws-deepracer-launcher/aws-deepracer-inference-pkg/inference_pkg/include/inference_pkg/image_process.hpp:20[m[K,
[14.654s]                  from [01m[K/root/deepracer_ws/aws-deepracer-launcher/aws-deepracer-inference-pkg/inference_pkg/include/inference_pkg/inference_base.hpp:20[m[K,
[14.655s]                  from [01m[K/root/deepracer_ws/aws-deepracer-launcher/aws-deepracer-inference-pkg/inference_pkg/include/inference_pkg/intel_inference_eng.hpp:20[m[K,
[14.655s]                  from [01m[K/root/deepracer_ws/aws-deepracer-launcher/aws-deepracer-inference-pkg/inference_pkg/src/intel_inference_eng.cpp:17[m[K:
[14.655s] [01m[K/usr/include/c++/9/bits/basic_string.h:6456:5:[m[K [01;36m[Knote: [m[Kcandidate: ‘[01m[Ktemplate<class _CharT, class _Traits, class _Alloc> std::basic_istream<_CharT, _Traits>& std::getline(std::basic_istream<_CharT, _Traits>&, std::__cxx11::basic_string<_CharT, _Traits, _Allocator>&)[m[K’
[14.660s]  6456 |     [01;36m[Kgetline[m[K(basic_istream<_CharT, _Traits>& __is,
[14.660s]       |     [01;36m[K^~~~~~~[m[K
[14.661s] [01m[K/usr/include/c++/9/bits/basic_string.h:6456:5:[m[K [01;36m[Knote: [m[K  template argument deduction/substitution failed:
[14.661s] [01m[K/root/deepracer_ws/aws-deepracer-launcher/aws-deepracer-inference-pkg/inference_pkg/src/intel_inference_eng.cpp:158:49:[m[K [01;36m[Knote: [m[K  mismatched types ‘[01m[Kstd::__cxx11::basic_string<_CharT, _Traits, _Allocator>[m[K’ and ‘[01m[Kfloat[m[K’
[14.661s]   158 |         for(float line; std::getline(input, line[01;36m[K)[m[K;)
[14.662s]       |                                                 [01;36m[K^[m[K
[14.662s] In file included from [01m[K/usr/include/c++/9/string:55[m[K,
[14.662s]                  from [01m[K/usr/include/c++/9/stdexcept:39[m[K,
[14.662s]                  from [01m[K/usr/include/c++/9/array:39[m[K,
[14.663s]                  from [01m[K/usr/include/c++/9/tuple:39[m[K,
[14.663s]                  from [01m[K/usr/include/c++/9/bits/unique_ptr.h:37[m[K,
[14.663s]                  from [01m[K/usr/include/c++/9/memory:80[m[K,
[14.664s]                  from [01m[K/opt/ros/foxy/include/rclcpp/rclcpp.hpp:144[m[K,
[14.664s]                  from [01m[K/root/deepracer_ws/aws-deepracer-launcher/aws-deepracer-inference-pkg/inference_pkg/include/inference_pkg/image_process.hpp:20[m[K,
[14.664s]                  from [01m[K/root/deepracer_ws/aws-deepracer-launcher/aws-deepracer-inference-pkg/inference_pkg/include/inference_pkg/inference_base.hpp:20[m[K,
[14.664s]                  from [01m[K/root/deepracer_ws/aws-deepracer-launcher/aws-deepracer-inference-pkg/inference_pkg/include/inference_pkg/intel_inference_eng.hpp:20[m[K,
[14.665s]                  from [01m[K/root/deepracer_ws/aws-deepracer-launcher/aws-deepracer-inference-pkg/inference_pkg/src/intel_inference_eng.cpp:17[m[K:
[14.665s] [01m[K/usr/include/c++/9/bits/basic_string.h:6464:5:[m[K [01;36m[Knote: [m[Kcandidate: ‘[01m[Ktemplate<class _CharT, class _Traits, class _Alloc> std::basic_istream<_CharT, _Traits>& std::getline(std::basic_istream<_CharT, _Traits>&&, std::__cxx11::basic_string<_CharT, _Traits, _Allocator>&, _CharT)[m[K’
[14.665s]  6464 |     [01;36m[Kgetline[m[K(basic_istream<_CharT, _Traits>&& __is,
[14.666s]       |     [01;36m[K^~~~~~~[m[K
[14.666s] [01m[K/usr/include/c++/9/bits/basic_string.h:6464:5:[m[K [01;36m[Knote: [m[K  template argument deduction/substitution failed:
[14.666s] [01m[K/root/deepracer_ws/aws-deepracer-launcher/aws-deepracer-inference-pkg/inference_pkg/src/intel_inference_eng.cpp:158:49:[m[K [01;36m[Knote: [m[K  mismatched types ‘[01m[Kstd::__cxx11::basic_string<_CharT, _Traits, _Allocator>[m[K’ and ‘[01m[Kfloat[m[K’
[14.666s]   158 |         for(float line; std::getline(input, line[01;36m[K)[m[K;)
[14.667s]       |                                                 [01;36m[K^[m[K
[14.667s] In file included from [01m[K/usr/include/c++/9/string:55[m[K,
[14.667s]                  from [01m[K/usr/include/c++/9/stdexcept:39[m[K,
[14.668s]                  from [01m[K/usr/include/c++/9/array:39[m[K,
[14.668s]                  from [01m[K/usr/include/c++/9/tuple:39[m[K,
[14.668s]                  from [01m[K/usr/include/c++/9/bits/unique_ptr.h:37[m[K,
[14.668s]                  from [01m[K/usr/include/c++/9/memory:80[m[K,
[14.669s]                  from [01m[K/opt/ros/foxy/include/rclcpp/rclcpp.hpp:144[m[K,
[14.669s]                  from [01m[K/root/deepracer_ws/aws-deepracer-launcher/aws-deepracer-inference-pkg/inference_pkg/include/inference_pkg/image_process.hpp:20[m[K,
[14.669s]                  from [01m[K/root/deepracer_ws/aws-deepracer-launcher/aws-deepracer-inference-pkg/inference_pkg/include/inference_pkg/inference_base.hpp:20[m[K,
[14.669s]                  from [01m[K/root/deepracer_ws/aws-deepracer-launcher/aws-deepracer-inference-pkg/inference_pkg/include/inference_pkg/intel_inference_eng.hpp:20[m[K,
[14.670s]                  from [01m[K/root/deepracer_ws/aws-deepracer-launcher/aws-deepracer-inference-pkg/inference_pkg/src/intel_inference_eng.cpp:17[m[K:
[14.670s] [01m[K/usr/include/c++/9/bits/basic_string.h:6471:5:[m[K [01;36m[Knote: [m[Kcandidate: ‘[01m[Ktemplate<class _CharT, class _Traits, class _Alloc> std::basic_istream<_CharT, _Traits>& std::getline(std::basic_istream<_CharT, _Traits>&&, std::__cxx11::basic_string<_CharT, _Traits, _Allocator>&)[m[K’
[14.670s]  6471 |     [01;36m[Kgetline[m[K(basic_istream<_CharT, _Traits>&& __is,
[14.671s]       |     [01;36m[K^~~~~~~[m[K
[14.671s] [01m[K/usr/include/c++/9/bits/basic_string.h:6471:5:[m[K [01;36m[Knote: [m[K  template argument deduction/substitution failed:
[14.675s] [01m[K/root/deepracer_ws/aws-deepracer-launcher/aws-deepracer-inference-pkg/inference_pkg/src/intel_inference_eng.cpp:158:49:[m[K [01;36m[Knote: [m[K  mismatched types ‘[01m[Kstd::__cxx11::basic_string<_CharT, _Traits, _Allocator>[m[K’ and ‘[01m[Kfloat[m[K’
[14.676s]   158 |         for(float line; std::getline(input, line[01;36m[K)[m[K;)
[14.676s]       |                                                 [01;36m[K^[m[K
[14.676s] [01m[K/root/deepracer_ws/aws-deepracer-launcher/aws-deepracer-inference-pkg/inference_pkg/src/intel_inference_eng.cpp:[m[K In function ‘[01m[Kvoid {anonymous}::load1DImg(V*, cv::Mat&, std::shared_ptr<InferTask::ImgProcessBase>, const Image&, const std::unordered_map<std::__cxx11::basic_string<char>, int>&)[m[K’:
[14.677s] [01m[K/root/deepracer_ws/aws-deepracer-launcher/aws-deepracer-inference-pkg/inference_pkg/src/intel_inference_eng.cpp:188:49:[m[K [01;31m[Kerror: [m[Kno matching function for call to ‘[01m[Kgetline(std::ifstream&, float&)[m[K’
[14.677s]   188 |         for(float line; std::getline(input, line[01;31m[K)[m[K;)
[14.677s]       |                                                 [01;31m[K^[m[K
[14.678s] In file included from [01m[K/usr/include/c++/9/string:56[m[K,
[14.678s]                  from [01m[K/usr/include/c++/9/stdexcept:39[m[K,
[14.678s]                  from [01m[K/usr/include/c++/9/array:39[m[K,
[14.678s]                  from [01m[K/usr/include/c++/9/tuple:39[m[K,
[14.681s]                  from [01m[K/usr/include/c++/9/bits/unique_ptr.h:37[m[K,
[14.681s]                  from [01m[K/usr/include/c++/9/memory:80[m[K,
[14.681s]                  from [01m[K/opt/ros/foxy/include/rclcpp/rclcpp.hpp:144[m[K,
[14.682s]                  from [01m[K/root/deepracer_ws/aws-deepracer-launcher/aws-deepracer-inference-pkg/inference_pkg/include/inference_pkg/image_process.hpp:20[m[K,
[14.682s]                  from [01m[K/root/deepracer_ws/aws-deepracer-launcher/aws-deepracer-inference-pkg/inference_pkg/include/inference_pkg/inference_base.hpp:20[m[K,
[14.682s]                  from [01m[K/root/deepracer_ws/aws-deepracer-launcher/aws-deepracer-inference-pkg/inference_pkg/include/inference_pkg/intel_inference_eng.hpp:20[m[K,
[14.683s]                  from [01m[K/root/deepracer_ws/aws-deepracer-launcher/aws-deepracer-inference-pkg/inference_pkg/src/intel_inference_eng.cpp:17[m[K:
[14.683s] [01m[K/usr/include/c++/9/bits/basic_string.tcc:1538:5:[m[K [01;36m[Knote: [m[Kcandidate: ‘[01m[Ktemplate<class _CharT, class _Traits, class _Alloc> std::basic_istream<_CharT, _Traits>& std::getline(std::basic_istream<_CharT, _Traits>&, std::__cxx11::basic_string<_CharT, _Traits, _Allocator>&, _CharT)[m[K’
[14.683s]  1538 |     [01;36m[Kgetline[m[K(basic_istream<_CharT, _Traits>& __in,
[14.683s]       |     [01;36m[K^~~~~~~[m[K
[14.684s] [01m[K/usr/include/c++/9/bits/basic_string.tcc:1538:5:[m[K [01;36m[Knote: [m[K  template argument deduction/substitution failed:
[14.684s] [01m[K/root/deepracer_ws/aws-deepracer-launcher/aws-deepracer-inference-pkg/inference_pkg/src/intel_inference_eng.cpp:188:49:[m[K [01;36m[Knote: [m[K  mismatched types ‘[01m[Kstd::__cxx11::basic_string<_CharT, _Traits, _Allocator>[m[K’ and ‘[01m[Kfloat[m[K’
[14.684s]   188 |         for(float line; std::getline(input, line[01;36m[K)[m[K;)
[14.684s]       |                                                 [01;36m[K^[m[K
[14.685s] In file included from [01m[K/usr/include/c++/9/string:55[m[K,
[14.685s]                  from [01m[K/usr/include/c++/9/stdexcept:39[m[K,
[14.685s]                  from [01m[K/usr/include/c++/9/array:39[m[K,
[14.686s]                  from [01m[K/usr/include/c++/9/tuple:39[m[K,
[14.686s]                  from [01m[K/usr/include/c++/9/bits/unique_ptr.h:37[m[K,
[14.686s]                  from [01m[K/usr/include/c++/9/memory:80[m[K,
[14.687s]                  from [01m[K/opt/ros/foxy/include/rclcpp/rclcpp.hpp:144[m[K,
[14.687s]                  from [01m[K/root/deepracer_ws/aws-deepracer-launcher/aws-deepracer-inference-pkg/inference_pkg/include/inference_pkg/image_process.hpp:20[m[K,
[14.687s]                  from [01m[K/root/deepracer_ws/aws-deepracer-launcher/aws-deepracer-inference-pkg/inference_pkg/include/inference_pkg/inference_base.hpp:20[m[K,
[14.688s]                  from [01m[K/root/deepracer_ws/aws-deepracer-launcher/aws-deepracer-inference-pkg/inference_pkg/include/inference_pkg/intel_inference_eng.hpp:20[m[K,
[14.688s]                  from [01m[K/root/deepracer_ws/aws-deepracer-launcher/aws-deepracer-inference-pkg/inference_pkg/src/intel_inference_eng.cpp:17[m[K:
[14.688s] [01m[K/usr/include/c++/9/bits/basic_string.h:6456:5:[m[K [01;36m[Knote: [m[Kcandidate: ‘[01m[Ktemplate<class _CharT, class _Traits, class _Alloc> std::basic_istream<_CharT, _Traits>& std::getline(std::basic_istream<_CharT, _Traits>&, std::__cxx11::basic_string<_CharT, _Traits, _Allocator>&)[m[K’
[14.699s]  6456 |     [01;36m[Kgetline[m[K(basic_istream<_CharT, _Traits>& __is,
[14.700s]       |     [01;36m[K^~~~~~~[m[K
[14.701s] [01m[K/usr/include/c++/9/bits/basic_string.h:6456:5:[m[K [01;36m[Knote: [m[K  template argument deduction/substitution failed:
[14.701s] [01m[K/root/deepracer_ws/aws-deepracer-launcher/aws-deepracer-inference-pkg/inference_pkg/src/intel_inference_eng.cpp:188:49:[m[K [01;36m[Knote: [m[K  mismatched types ‘[01m[Kstd::__cxx11::basic_string<_CharT, _Traits, _Allocator>[m[K’ and ‘[01m[Kfloat[m[K’
[14.701s]   188 |         for(float line; std::getline(input, line[01;36m[K)[m[K;)
[14.702s]       |                                                 [01;36m[K^[m[K
[14.702s] In file included from [01m[K/usr/include/c++/9/string:55[m[K,
[14.702s]                  from [01m[K/usr/include/c++/9/stdexcept:39[m[K,
[14.702s]                  from [01m[K/usr/include/c++/9/array:39[m[K,
[14.703s]                  from [01m[K/usr/include/c++/9/tuple:39[m[K,
[14.703s]                  from [01m[K/usr/include/c++/9/bits/unique_ptr.h:37[m[K,
[14.703s]                  from [01m[K/usr/include/c++/9/memory:80[m[K,
[14.704s]                  from [01m[K/opt/ros/foxy/include/rclcpp/rclcpp.hpp:144[m[K,
[14.704s]                  from [01m[K/root/deepracer_ws/aws-deepracer-launcher/aws-deepracer-inference-pkg/inference_pkg/include/inference_pkg/image_process.hpp:20[m[K,
[14.704s]                  from [01m[K/root/deepracer_ws/aws-deepracer-launcher/aws-deepracer-inference-pkg/inference_pkg/include/inference_pkg/inference_base.hpp:20[m[K,
[14.709s]                  from [01m[K/root/deepracer_ws/aws-deepracer-launcher/aws-deepracer-inference-pkg/inference_pkg/include/inference_pkg/intel_inference_eng.hpp:20[m[K,
[14.709s]                  from [01m[K/root/deepracer_ws/aws-deepracer-launcher/aws-deepracer-inference-pkg/inference_pkg/src/intel_inference_eng.cpp:17[m[K:
[14.710s] [01m[K/usr/include/c++/9/bits/basic_string.h:6464:5:[m[K [01;36m[Knote: [m[Kcandidate: ‘[01m[Ktemplate<class _CharT, class _Traits, class _Alloc> std::basic_istream<_CharT, _Traits>& std::getline(std::basic_istream<_CharT, _Traits>&&, std::__cxx11::basic_string<_CharT, _Traits, _Allocator>&, _CharT)[m[K’
[14.710s]  6464 |     [01;36m[Kgetline[m[K(basic_istream<_CharT, _Traits>&& __is,
[14.713s]       |     [01;36m[K^~~~~~~[m[K
[14.713s] [01m[K/usr/include/c++/9/bits/basic_string.h:6464:5:[m[K [01;36m[Knote: [m[K  template argument deduction/substitution failed:
[14.714s] [01m[K/root/deepracer_ws/aws-deepracer-launcher/aws-deepracer-inference-pkg/inference_pkg/src/intel_inference_eng.cpp:188:49:[m[K [01;36m[Knote: [m[K  mismatched types ‘[01m[Kstd::__cxx11::basic_string<_CharT, _Traits, _Allocator>[m[K’ and ‘[01m[Kfloat[m[K’
[14.714s]   188 |         for(float line; std::getline(input, line[01;36m[K)[m[K;)
[14.714s]       |                                                 [01;36m[K^[m[K
[14.715s] In file included from [01m[K/usr/include/c++/9/string:55[m[K,
[14.715s]                  from [01m[K/usr/include/c++/9/stdexcept:39[m[K,
[14.716s]                  from [01m[K/usr/include/c++/9/array:39[m[K,
[14.716s]                  from [01m[K/usr/include/c++/9/tuple:39[m[K,
[14.716s]                  from [01m[K/usr/include/c++/9/bits/unique_ptr.h:37[m[K,
[14.716s]                  from [01m[K/usr/include/c++/9/memory:80[m[K,
[14.717s]                  from [01m[K/opt/ros/foxy/include/rclcpp/rclcpp.hpp:144[m[K,
[14.717s]                  from [01m[K/root/deepracer_ws/aws-deepracer-launcher/aws-deepracer-inference-pkg/inference_pkg/include/inference_pkg/image_process.hpp:20[m[K,
[14.717s]                  from [01m[K/root/deepracer_ws/aws-deepracer-launcher/aws-deepracer-inference-pkg/inference_pkg/include/inference_pkg/inference_base.hpp:20[m[K,
[14.718s]                  from [01m[K/root/deepracer_ws/aws-deepracer-launcher/aws-deepracer-inference-pkg/inference_pkg/include/inference_pkg/intel_inference_eng.hpp:20[m[K,
[14.718s]                  from [01m[K/root/deepracer_ws/aws-deepracer-launcher/aws-deepracer-inference-pkg/inference_pkg/src/intel_inference_eng.cpp:17[m[K:
[14.719s] [01m[K/usr/include/c++/9/bits/basic_string.h:6471:5:[m[K [01;36m[Knote: [m[Kcandidate: ‘[01m[Ktemplate<class _CharT, class _Traits, class _Alloc> std::basic_istream<_CharT, _Traits>& std::getline(std::basic_istream<_CharT, _Traits>&&, std::__cxx11::basic_string<_CharT, _Traits, _Allocator>&)[m[K’
[14.719s]  6471 |     [01;36m[Kgetline[m[K(basic_istream<_CharT, _Traits>&& __is,
[14.719s]       |     [01;36m[K^~~~~~~[m[K
[14.719s] [01m[K/usr/include/c++/9/bits/basic_string.h:6471:5:[m[K [01;36m[Knote: [m[K  template argument deduction/substitution failed:
[14.720s] [01m[K/root/deepracer_ws/aws-deepracer-launcher/aws-deepracer-inference-pkg/inference_pkg/src/intel_inference_eng.cpp:188:49:[m[K [01;36m[Knote: [m[K  mismatched types ‘[01m[Kstd::__cxx11::basic_string<_CharT, _Traits, _Allocator>[m[K’ and ‘[01m[Kfloat[m[K’
[14.720s]   188 |         for(float line; std::getline(input, line[01;36m[K)[m[K;)
[14.720s]       |                                                 [01;36m[K^[m[K
[14.721s] [01m[K/root/deepracer_ws/aws-deepracer-launcher/aws-deepracer-inference-pkg/inference_pkg/src/intel_inference_eng.cpp:[m[K In function ‘[01m[Kvoid {anonymous}::loadLidarData(float*, const std::vector<float>&)[m[K’:
[14.721s] [01m[K/root/deepracer_ws/aws-deepracer-launcher/aws-deepracer-inference-pkg/inference_pkg/src/intel_inference_eng.cpp:264:25:[m[K [01;35m[Kwarning: [m[Kunused variable ‘[01m[Klidar_value[m[K’ [[01;35m[K-Wunused-variable[m[K]
[14.721s]   264 |         for(const auto& [01;35m[Klidar_value[m[K : lidar_data) {
[14.722s]       |                         [01;35m[K^~~~~~~~~~~[m[K
[24.601s] make[2]: *** [CMakeFiles/inference_node.dir/build.make:76: CMakeFiles/inference_node.dir/src/intel_inference_eng.cpp.o] Error 1
[24.601s] make[1]: *** [CMakeFiles/Makefile2:105: CMakeFiles/inference_node.dir/all] Error 2
[24.602s] make: *** [Makefile:141: all] Error 2
[24.612s] Invoked command in '/root/deepracer_ws/aws-deepracer-launcher/build/inference_pkg' returned '2': CMAKE_PREFIX_PATH=/root/deepracer_ws/aws-deepracer-launcher/install/deepracer_interfaces_pkg:/root/deepracer_ws/aws-deepracer-launcher/install/deepracer_launcher:/root/deepracer_ws/aws-deepracer-launcher/install/web_video_server:/root/deepracer_ws/aws-deepracer-launcher/install/ctrl_pkg:/root/deepracer_ws/aws-deepracer-launcher/install/servo_pkg:/root/deepracer_ws/aws-deepracer-launcher/install/sensor_fusion_pkg:/root/deepracer_ws/aws-deepracer-launcher/install/rplidar_ros2:/root/deepracer_ws/aws-deepracer-launcher/install/inference_pkg:/root/deepracer_ws/aws-deepracer-launcher/install/i2c_pkg:/root/deepracer_ws/aws-deepracer-launcher/install/camera_pkg:/root/deepracer_ws/aws-deepracer-launcher/install/webserver_pkg:/root/deepracer_ws/aws-deepracer-launcher/install/deepracer_systems_pkg:/root/deepracer_ws/aws-deepracer-launcher/install/usb_monitor_pkg:/root/deepracer_ws/aws-deepracer-launcher/install/status_led_pkg:/root/deepracer_ws/aws-deepracer-launcher/install/model_optimizer_pkg:/root/deepracer_ws/aws-deepracer-launcher/install/device_info_pkg:/root/deepracer_ws/aws-deepracer-launcher/install/deepracer_navigation_pkg:/opt/ros/foxy:/root/deepracer_ws/aws-deepracer-launcher/install/async_web_server_cpp LD_LIBRARY_PATH=/root/deepracer_ws/aws-deepracer-launcher/install/deepracer_interfaces_pkg/lib:/home/deepracer/intel/openvino_2022/tools/compile_tool:/home/deepracer/intel/openvino_2022/runtime/3rdparty/tbb/lib:/home/deepracer/intel/openvino_2022/runtime/3rdparty/hddl/lib:/home/deepracer/intel/openvino_2022/runtime/lib/intel64:/root/deepracer_ws/aws-deepracer-launcher/install/async_web_server_cpp/lib:/opt/ros/foxy/opt/yaml_cpp_vendor/lib:/opt/ros/foxy/opt/rviz_ogre_vendor/lib:/opt/ros/foxy/lib/x86_64-linux-gnu:/opt/ros/foxy/lib PYTHONPATH=/root/deepracer_ws/aws-deepracer-launcher/install/deepracer_interfaces_pkg/lib/python3.8/site-packages:/home/deepracer/intel/openvino_2022/python/python3.8:/home/deepracer/intel/openvino_2022/python/python3:/root/deepracer_ws/aws-deepracer-launcher/install/webserver_pkg/lib/python3.8/site-packages:/root/deepracer_ws/aws-deepracer-launcher/install/deepracer_systems_pkg/lib/python3.8/site-packages:/root/deepracer_ws/aws-deepracer-launcher/install/usb_monitor_pkg/lib/python3.8/site-packages:/root/deepracer_ws/aws-deepracer-launcher/install/status_led_pkg/lib/python3.8/site-packages:/root/deepracer_ws/aws-deepracer-launcher/install/model_optimizer_pkg/lib/python3.8/site-packages:/root/deepracer_ws/aws-deepracer-launcher/install/device_info_pkg/lib/python3.8/site-packages:/root/deepracer_ws/aws-deepracer-launcher/install/deepracer_navigation_pkg/lib/python3.8/site-packages:/opt/ros/foxy/lib/python3.8/site-packages /usr/bin/cmake --build /root/deepracer_ws/aws-deepracer-launcher/build/inference_pkg -- -j2 -l2
