[0.066s] Invoking command in '/root/deepracer_ws/aws-deepracer-launcher/build/inference_pkg': CMAKE_PREFIX_PATH=/root/deepracer_ws/aws-deepracer-launcher/install/deepracer_interfaces_pkg:/root/deepracer_ws/aws-deepracer-launcher/install/deepracer_launcher:/root/deepracer_ws/aws-deepracer-launcher/install/web_video_server:/root/deepracer_ws/aws-deepracer-launcher/install/ctrl_pkg:/root/deepracer_ws/aws-deepracer-launcher/install/servo_pkg:/root/deepracer_ws/aws-deepracer-launcher/install/sensor_fusion_pkg:/root/deepracer_ws/aws-deepracer-launcher/install/rplidar_ros2:/root/deepracer_ws/aws-deepracer-launcher/install/inference_pkg:/root/deepracer_ws/aws-deepracer-launcher/install/i2c_pkg:/root/deepracer_ws/aws-deepracer-launcher/install/camera_pkg:/root/deepracer_ws/aws-deepracer-launcher/install/webserver_pkg:/root/deepracer_ws/aws-deepracer-launcher/install/deepracer_systems_pkg:/root/deepracer_ws/aws-deepracer-launcher/install/usb_monitor_pkg:/root/deepracer_ws/aws-deepracer-launcher/install/status_led_pkg:/root/deepracer_ws/aws-deepracer-launcher/install/model_optimizer_pkg:/root/deepracer_ws/aws-deepracer-launcher/install/device_info_pkg:/root/deepracer_ws/aws-deepracer-launcher/install/deepracer_navigation_pkg:/opt/ros/foxy:/root/deepracer_ws/aws-deepracer-launcher/install/async_web_server_cpp LD_LIBRARY_PATH=/root/deepracer_ws/aws-deepracer-launcher/install/deepracer_interfaces_pkg/lib:/home/deepracer/intel/openvino_2022/tools/compile_tool:/home/deepracer/intel/openvino_2022/runtime/3rdparty/tbb/lib:/home/deepracer/intel/openvino_2022/runtime/3rdparty/hddl/lib:/home/deepracer/intel/openvino_2022/runtime/lib/intel64:/root/deepracer_ws/aws-deepracer-launcher/install/async_web_server_cpp/lib:/opt/ros/foxy/opt/yaml_cpp_vendor/lib:/opt/ros/foxy/opt/rviz_ogre_vendor/lib:/opt/ros/foxy/lib/x86_64-linux-gnu:/opt/ros/foxy/lib PYTHONPATH=/root/deepracer_ws/aws-deepracer-launcher/install/deepracer_interfaces_pkg/lib/python3.8/site-packages:/home/deepracer/intel/openvino_2022/python/python3.8:/home/deepracer/intel/openvino_2022/python/python3:/root/deepracer_ws/aws-deepracer-launcher/install/webserver_pkg/lib/python3.8/site-packages:/root/deepracer_ws/aws-deepracer-launcher/install/deepracer_systems_pkg/lib/python3.8/site-packages:/root/deepracer_ws/aws-deepracer-launcher/install/usb_monitor_pkg/lib/python3.8/site-packages:/root/deepracer_ws/aws-deepracer-launcher/install/status_led_pkg/lib/python3.8/site-packages:/root/deepracer_ws/aws-deepracer-launcher/install/model_optimizer_pkg/lib/python3.8/site-packages:/root/deepracer_ws/aws-deepracer-launcher/install/device_info_pkg/lib/python3.8/site-packages:/root/deepracer_ws/aws-deepracer-launcher/install/deepracer_navigation_pkg/lib/python3.8/site-packages:/opt/ros/foxy/lib/python3.8/site-packages /usr/bin/cmake --build /root/deepracer_ws/aws-deepracer-launcher/build/inference_pkg -- -j2 -l2
[0.233s] [35m[1mScanning dependencies of target inference_node[0m
[0.532s] [ 25%] [32mBuilding CXX object CMakeFiles/inference_node.dir/src/intel_inference_eng.cpp.o[0m
[15.960s] [01m[K/root/deepracer_ws/aws-deepracer-launcher/aws-deepracer-inference-pkg/inference_pkg/src/intel_inference_eng.cpp:[m[K In function ‘[01m[Kvoid {anonymous}::left1DImg(V*, cv::Mat&, std::shared_ptr<InferTask::ImgProcessBase>, const Image&, const std::unordered_map<std::__cxx11::basic_string<char>, int>&)[m[K’:
[15.963s] [01m[K/root/deepracer_ws/aws-deepracer-launcher/aws-deepracer-inference-pkg/inference_pkg/src/intel_inference_eng.cpp:128:44:[m[K [01;31m[Kerror: [m[Kno matching function for call to ‘[01m[Kgetline(std::ifstream&, float&)[m[K’
[15.963s]   128 |         for(float line; getline(input, line[01;31m[K)[m[K;)
[15.964s]       |                                            [01;31m[K^[m[K
[15.964s] In file included from [01m[K/usr/include/c++/9/cstdio:42[m[K,
[15.966s]                  from [01m[K/usr/include/c++/9/ext/string_conversions.h:43[m[K,
[15.966s]                  from [01m[K/usr/include/c++/9/bits/basic_string.h:6493[m[K,
[15.966s]                  from [01m[K/usr/include/c++/9/string:55[m[K,
[15.967s]                  from [01m[K/usr/include/c++/9/stdexcept:39[m[K,
[15.967s]                  from [01m[K/usr/include/c++/9/array:39[m[K,
[15.967s]                  from [01m[K/usr/include/c++/9/tuple:39[m[K,
[15.968s]                  from [01m[K/usr/include/c++/9/bits/unique_ptr.h:37[m[K,
[15.970s]                  from [01m[K/usr/include/c++/9/memory:80[m[K,
[15.970s]                  from [01m[K/opt/ros/foxy/include/rclcpp/rclcpp.hpp:144[m[K,
[15.970s]                  from [01m[K/root/deepracer_ws/aws-deepracer-launcher/aws-deepracer-inference-pkg/inference_pkg/include/inference_pkg/image_process.hpp:20[m[K,
[15.971s]                  from [01m[K/root/deepracer_ws/aws-deepracer-launcher/aws-deepracer-inference-pkg/inference_pkg/include/inference_pkg/inference_base.hpp:20[m[K,
[15.971s]                  from [01m[K/root/deepracer_ws/aws-deepracer-launcher/aws-deepracer-inference-pkg/inference_pkg/include/inference_pkg/intel_inference_eng.hpp:20[m[K,
[15.971s]                  from [01m[K/root/deepracer_ws/aws-deepracer-launcher/aws-deepracer-inference-pkg/inference_pkg/src/intel_inference_eng.cpp:17[m[K:
[15.972s] [01m[K/usr/include/stdio.h:616:18:[m[K [01;36m[Knote: [m[Kcandidate: ‘[01m[K__ssize_t getline(char**, size_t*, FILE*)[m[K’
[15.972s]   616 | extern __ssize_t [01;36m[Kgetline[m[K (char **__restrict __lineptr,
[15.972s]       |                  [01;36m[K^~~~~~~[m[K
[15.972s] [01m[K/usr/include/stdio.h:616:18:[m[K [01;36m[Knote: [m[K  candidate expects 3 arguments, 2 provided
[15.973s] In file included from [01m[K/usr/include/c++/9/string:56[m[K,
[15.973s]                  from [01m[K/usr/include/c++/9/stdexcept:39[m[K,
[15.973s]                  from [01m[K/usr/include/c++/9/array:39[m[K,
[15.974s]                  from [01m[K/usr/include/c++/9/tuple:39[m[K,
[15.974s]                  from [01m[K/usr/include/c++/9/bits/unique_ptr.h:37[m[K,
[15.974s]                  from [01m[K/usr/include/c++/9/memory:80[m[K,
[15.974s]                  from [01m[K/opt/ros/foxy/include/rclcpp/rclcpp.hpp:144[m[K,
[15.975s]                  from [01m[K/root/deepracer_ws/aws-deepracer-launcher/aws-deepracer-inference-pkg/inference_pkg/include/inference_pkg/image_process.hpp:20[m[K,
[15.975s]                  from [01m[K/root/deepracer_ws/aws-deepracer-launcher/aws-deepracer-inference-pkg/inference_pkg/include/inference_pkg/inference_base.hpp:20[m[K,
[15.976s]                  from [01m[K/root/deepracer_ws/aws-deepracer-launcher/aws-deepracer-inference-pkg/inference_pkg/include/inference_pkg/intel_inference_eng.hpp:20[m[K,
[15.976s]                  from [01m[K/root/deepracer_ws/aws-deepracer-launcher/aws-deepracer-inference-pkg/inference_pkg/src/intel_inference_eng.cpp:17[m[K:
[15.976s] [01m[K/usr/include/c++/9/bits/basic_string.tcc:1538:5:[m[K [01;36m[Knote: [m[Kcandidate: ‘[01m[Ktemplate<class _CharT, class _Traits, class _Alloc> std::basic_istream<_CharT, _Traits>& std::getline(std::basic_istream<_CharT, _Traits>&, std::__cxx11::basic_string<_CharT, _Traits, _Allocator>&, _CharT)[m[K’
[15.977s]  1538 |     [01;36m[Kgetline[m[K(basic_istream<_CharT, _Traits>& __in,
[15.977s]       |     [01;36m[K^~~~~~~[m[K
[15.977s] [01m[K/usr/include/c++/9/bits/basic_string.tcc:1538:5:[m[K [01;36m[Knote: [m[K  template argument deduction/substitution failed:
[15.978s] [01m[K/root/deepracer_ws/aws-deepracer-launcher/aws-deepracer-inference-pkg/inference_pkg/src/intel_inference_eng.cpp:128:44:[m[K [01;36m[Knote: [m[K  mismatched types ‘[01m[Kstd::__cxx11::basic_string<_CharT, _Traits, _Allocator>[m[K’ and ‘[01m[Kfloat[m[K’
[15.978s]   128 |         for(float line; getline(input, line[01;36m[K)[m[K;)
[15.978s]       |                                            [01;36m[K^[m[K
[15.979s] In file included from [01m[K/usr/include/c++/9/string:55[m[K,
[15.979s]                  from [01m[K/usr/include/c++/9/stdexcept:39[m[K,
[15.979s]                  from [01m[K/usr/include/c++/9/array:39[m[K,
[15.980s]                  from [01m[K/usr/include/c++/9/tuple:39[m[K,
[15.980s]                  from [01m[K/usr/include/c++/9/bits/unique_ptr.h:37[m[K,
[15.980s]                  from [01m[K/usr/include/c++/9/memory:80[m[K,
[15.981s]                  from [01m[K/opt/ros/foxy/include/rclcpp/rclcpp.hpp:144[m[K,
[15.981s]                  from [01m[K/root/deepracer_ws/aws-deepracer-launcher/aws-deepracer-inference-pkg/inference_pkg/include/inference_pkg/image_process.hpp:20[m[K,
[15.981s]                  from [01m[K/root/deepracer_ws/aws-deepracer-launcher/aws-deepracer-inference-pkg/inference_pkg/include/inference_pkg/inference_base.hpp:20[m[K,
[15.981s]                  from [01m[K/root/deepracer_ws/aws-deepracer-launcher/aws-deepracer-inference-pkg/inference_pkg/include/inference_pkg/intel_inference_eng.hpp:20[m[K,
[15.982s]                  from [01m[K/root/deepracer_ws/aws-deepracer-launcher/aws-deepracer-inference-pkg/inference_pkg/src/intel_inference_eng.cpp:17[m[K:
[15.982s] [01m[K/usr/include/c++/9/bits/basic_string.h:6456:5:[m[K [01;36m[Knote: [m[Kcandidate: ‘[01m[Ktemplate<class _CharT, class _Traits, class _Alloc> std::basic_istream<_CharT, _Traits>& std::getline(std::basic_istream<_CharT, _Traits>&, std::__cxx11::basic_string<_CharT, _Traits, _Allocator>&)[m[K’
[15.982s]  6456 |     [01;36m[Kgetline[m[K(basic_istream<_CharT, _Traits>& __is,
[15.983s]       |     [01;36m[K^~~~~~~[m[K
[15.983s] [01m[K/usr/include/c++/9/bits/basic_string.h:6456:5:[m[K [01;36m[Knote: [m[K  template argument deduction/substitution failed:
[15.983s] [01m[K/root/deepracer_ws/aws-deepracer-launcher/aws-deepracer-inference-pkg/inference_pkg/src/intel_inference_eng.cpp:128:44:[m[K [01;36m[Knote: [m[K  mismatched types ‘[01m[Kstd::__cxx11::basic_string<_CharT, _Traits, _Allocator>[m[K’ and ‘[01m[Kfloat[m[K’
[15.983s]   128 |         for(float line; getline(input, line[01;36m[K)[m[K;)
[15.984s]       |                                            [01;36m[K^[m[K
[15.984s] In file included from [01m[K/usr/include/c++/9/string:55[m[K,
[15.984s]                  from [01m[K/usr/include/c++/9/stdexcept:39[m[K,
[15.985s]                  from [01m[K/usr/include/c++/9/array:39[m[K,
[15.985s]                  from [01m[K/usr/include/c++/9/tuple:39[m[K,
[15.985s]                  from [01m[K/usr/include/c++/9/bits/unique_ptr.h:37[m[K,
[15.986s]                  from [01m[K/usr/include/c++/9/memory:80[m[K,
[15.986s]                  from [01m[K/opt/ros/foxy/include/rclcpp/rclcpp.hpp:144[m[K,
[15.986s]                  from [01m[K/root/deepracer_ws/aws-deepracer-launcher/aws-deepracer-inference-pkg/inference_pkg/include/inference_pkg/image_process.hpp:20[m[K,
[15.987s]                  from [01m[K/root/deepracer_ws/aws-deepracer-launcher/aws-deepracer-inference-pkg/inference_pkg/include/inference_pkg/inference_base.hpp:20[m[K,
[15.987s]                  from [01m[K/root/deepracer_ws/aws-deepracer-launcher/aws-deepracer-inference-pkg/inference_pkg/include/inference_pkg/intel_inference_eng.hpp:20[m[K,
[15.987s]                  from [01m[K/root/deepracer_ws/aws-deepracer-launcher/aws-deepracer-inference-pkg/inference_pkg/src/intel_inference_eng.cpp:17[m[K:
[15.988s] [01m[K/usr/include/c++/9/bits/basic_string.h:6464:5:[m[K [01;36m[Knote: [m[Kcandidate: ‘[01m[Ktemplate<class _CharT, class _Traits, class _Alloc> std::basic_istream<_CharT, _Traits>& std::getline(std::basic_istream<_CharT, _Traits>&&, std::__cxx11::basic_string<_CharT, _Traits, _Allocator>&, _CharT)[m[K’
[15.988s]  6464 |     [01;36m[Kgetline[m[K(basic_istream<_CharT, _Traits>&& __is,
[15.988s]       |     [01;36m[K^~~~~~~[m[K
[15.989s] [01m[K/usr/include/c++/9/bits/basic_string.h:6464:5:[m[K [01;36m[Knote: [m[K  template argument deduction/substitution failed:
[15.989s] [01m[K/root/deepracer_ws/aws-deepracer-launcher/aws-deepracer-inference-pkg/inference_pkg/src/intel_inference_eng.cpp:128:44:[m[K [01;36m[Knote: [m[K  mismatched types ‘[01m[Kstd::__cxx11::basic_string<_CharT, _Traits, _Allocator>[m[K’ and ‘[01m[Kfloat[m[K’
[15.989s]   128 |         for(float line; getline(input, line[01;36m[K)[m[K;)
[15.990s]       |                                            [01;36m[K^[m[K
[15.990s] In file included from [01m[K/usr/include/c++/9/string:55[m[K,
[15.990s]                  from [01m[K/usr/include/c++/9/stdexcept:39[m[K,
[15.990s]                  from [01m[K/usr/include/c++/9/array:39[m[K,
[15.991s]                  from [01m[K/usr/include/c++/9/tuple:39[m[K,
[15.991s]                  from [01m[K/usr/include/c++/9/bits/unique_ptr.h:37[m[K,
[15.992s]                  from [01m[K/usr/include/c++/9/memory:80[m[K,
[15.992s]                  from [01m[K/opt/ros/foxy/include/rclcpp/rclcpp.hpp:144[m[K,
[15.992s]                  from [01m[K/root/deepracer_ws/aws-deepracer-launcher/aws-deepracer-inference-pkg/inference_pkg/include/inference_pkg/image_process.hpp:20[m[K,
[15.993s]                  from [01m[K/root/deepracer_ws/aws-deepracer-launcher/aws-deepracer-inference-pkg/inference_pkg/include/inference_pkg/inference_base.hpp:20[m[K,
[15.993s]                  from [01m[K/root/deepracer_ws/aws-deepracer-launcher/aws-deepracer-inference-pkg/inference_pkg/include/inference_pkg/intel_inference_eng.hpp:20[m[K,
[15.993s]                  from [01m[K/root/deepracer_ws/aws-deepracer-launcher/aws-deepracer-inference-pkg/inference_pkg/src/intel_inference_eng.cpp:17[m[K:
[15.995s] [01m[K/usr/include/c++/9/bits/basic_string.h:6471:5:[m[K [01;36m[Knote: [m[Kcandidate: ‘[01m[Ktemplate<class _CharT, class _Traits, class _Alloc> std::basic_istream<_CharT, _Traits>& std::getline(std::basic_istream<_CharT, _Traits>&&, std::__cxx11::basic_string<_CharT, _Traits, _Allocator>&)[m[K’
[15.996s]  6471 |     [01;36m[Kgetline[m[K(basic_istream<_CharT, _Traits>&& __is,
[15.996s]       |     [01;36m[K^~~~~~~[m[K
[15.996s] [01m[K/usr/include/c++/9/bits/basic_string.h:6471:5:[m[K [01;36m[Knote: [m[K  template argument deduction/substitution failed:
[15.997s] [01m[K/root/deepracer_ws/aws-deepracer-launcher/aws-deepracer-inference-pkg/inference_pkg/src/intel_inference_eng.cpp:128:44:[m[K [01;36m[Knote: [m[K  mismatched types ‘[01m[Kstd::__cxx11::basic_string<_CharT, _Traits, _Allocator>[m[K’ and ‘[01m[Kfloat[m[K’
[15.997s]   128 |         for(float line; getline(input, line[01;36m[K)[m[K;)
[15.997s]       |                                            [01;36m[K^[m[K
[15.998s] [01m[K/root/deepracer_ws/aws-deepracer-launcher/aws-deepracer-inference-pkg/inference_pkg/src/intel_inference_eng.cpp:[m[K In function ‘[01m[Kvoid {anonymous}::right1DImg(V*, cv::Mat&, std::shared_ptr<InferTask::ImgProcessBase>, const Image&, const std::unordered_map<std::__cxx11::basic_string<char>, int>&)[m[K’:
[15.998s] [01m[K/root/deepracer_ws/aws-deepracer-launcher/aws-deepracer-inference-pkg/inference_pkg/src/intel_inference_eng.cpp:158:44:[m[K [01;31m[Kerror: [m[Kno matching function for call to ‘[01m[Kgetline(std::ifstream&, float&)[m[K’
[15.998s]   158 |         for(float line; getline(input, line[01;31m[K)[m[K;)
[15.998s]       |                                            [01;31m[K^[m[K
[15.999s] In file included from [01m[K/usr/include/c++/9/cstdio:42[m[K,
[15.999s]                  from [01m[K/usr/include/c++/9/ext/string_conversions.h:43[m[K,
[15.999s]                  from [01m[K/usr/include/c++/9/bits/basic_string.h:6493[m[K,
[16.000s]                  from [01m[K/usr/include/c++/9/string:55[m[K,
[16.000s]                  from [01m[K/usr/include/c++/9/stdexcept:39[m[K,
[16.000s]                  from [01m[K/usr/include/c++/9/array:39[m[K,
[16.001s]                  from [01m[K/usr/include/c++/9/tuple:39[m[K,
[16.001s]                  from [01m[K/usr/include/c++/9/bits/unique_ptr.h:37[m[K,
[16.001s]                  from [01m[K/usr/include/c++/9/memory:80[m[K,
[16.001s]                  from [01m[K/opt/ros/foxy/include/rclcpp/rclcpp.hpp:144[m[K,
[16.002s]                  from [01m[K/root/deepracer_ws/aws-deepracer-launcher/aws-deepracer-inference-pkg/inference_pkg/include/inference_pkg/image_process.hpp:20[m[K,
[16.002s]                  from [01m[K/root/deepracer_ws/aws-deepracer-launcher/aws-deepracer-inference-pkg/inference_pkg/include/inference_pkg/inference_base.hpp:20[m[K,
[16.002s]                  from [01m[K/root/deepracer_ws/aws-deepracer-launcher/aws-deepracer-inference-pkg/inference_pkg/include/inference_pkg/intel_inference_eng.hpp:20[m[K,
[16.003s]                  from [01m[K/root/deepracer_ws/aws-deepracer-launcher/aws-deepracer-inference-pkg/inference_pkg/src/intel_inference_eng.cpp:17[m[K:
[16.006s] [01m[K/usr/include/stdio.h:616:18:[m[K [01;36m[Knote: [m[Kcandidate: ‘[01m[K__ssize_t getline(char**, size_t*, FILE*)[m[K’
[16.006s]   616 | extern __ssize_t [01;36m[Kgetline[m[K (char **__restrict __lineptr,
[16.007s]       |                  [01;36m[K^~~~~~~[m[K
[16.007s] [01m[K/usr/include/stdio.h:616:18:[m[K [01;36m[Knote: [m[K  candidate expects 3 arguments, 2 provided
[16.007s] In file included from [01m[K/usr/include/c++/9/string:56[m[K,
[16.007s]                  from [01m[K/usr/include/c++/9/stdexcept:39[m[K,
[16.008s]                  from [01m[K/usr/include/c++/9/array:39[m[K,
[16.008s]                  from [01m[K/usr/include/c++/9/tuple:39[m[K,
[16.008s]                  from [01m[K/usr/include/c++/9/bits/unique_ptr.h:37[m[K,
[16.009s]                  from [01m[K/usr/include/c++/9/memory:80[m[K,
[16.009s]                  from [01m[K/opt/ros/foxy/include/rclcpp/rclcpp.hpp:144[m[K,
[16.010s]                  from [01m[K/root/deepracer_ws/aws-deepracer-launcher/aws-deepracer-inference-pkg/inference_pkg/include/inference_pkg/image_process.hpp:20[m[K,
[16.010s]                  from [01m[K/root/deepracer_ws/aws-deepracer-launcher/aws-deepracer-inference-pkg/inference_pkg/include/inference_pkg/inference_base.hpp:20[m[K,
[16.010s]                  from [01m[K/root/deepracer_ws/aws-deepracer-launcher/aws-deepracer-inference-pkg/inference_pkg/include/inference_pkg/intel_inference_eng.hpp:20[m[K,
[16.010s]                  from [01m[K/root/deepracer_ws/aws-deepracer-launcher/aws-deepracer-inference-pkg/inference_pkg/src/intel_inference_eng.cpp:17[m[K:
[16.011s] [01m[K/usr/include/c++/9/bits/basic_string.tcc:1538:5:[m[K [01;36m[Knote: [m[Kcandidate: ‘[01m[Ktemplate<class _CharT, class _Traits, class _Alloc> std::basic_istream<_CharT, _Traits>& std::getline(std::basic_istream<_CharT, _Traits>&, std::__cxx11::basic_string<_CharT, _Traits, _Allocator>&, _CharT)[m[K’
[16.011s]  1538 |     [01;36m[Kgetline[m[K(basic_istream<_CharT, _Traits>& __in,
[16.011s]       |     [01;36m[K^~~~~~~[m[K
[16.012s] [01m[K/usr/include/c++/9/bits/basic_string.tcc:1538:5:[m[K [01;36m[Knote: [m[K  template argument deduction/substitution failed:
[16.012s] [01m[K/root/deepracer_ws/aws-deepracer-launcher/aws-deepracer-inference-pkg/inference_pkg/src/intel_inference_eng.cpp:158:44:[m[K [01;36m[Knote: [m[K  mismatched types ‘[01m[Kstd::__cxx11::basic_string<_CharT, _Traits, _Allocator>[m[K’ and ‘[01m[Kfloat[m[K’
[16.012s]   158 |         for(float line; getline(input, line[01;36m[K)[m[K;)
[16.013s]       |                                            [01;36m[K^[m[K
[16.013s] In file included from [01m[K/usr/include/c++/9/string:55[m[K,
[16.013s]                  from [01m[K/usr/include/c++/9/stdexcept:39[m[K,
[16.013s]                  from [01m[K/usr/include/c++/9/array:39[m[K,
[16.014s]                  from [01m[K/usr/include/c++/9/tuple:39[m[K,
[16.014s]                  from [01m[K/usr/include/c++/9/bits/unique_ptr.h:37[m[K,
[16.014s]                  from [01m[K/usr/include/c++/9/memory:80[m[K,
[16.015s]                  from [01m[K/opt/ros/foxy/include/rclcpp/rclcpp.hpp:144[m[K,
[16.015s]                  from [01m[K/root/deepracer_ws/aws-deepracer-launcher/aws-deepracer-inference-pkg/inference_pkg/include/inference_pkg/image_process.hpp:20[m[K,
[16.015s]                  from [01m[K/root/deepracer_ws/aws-deepracer-launcher/aws-deepracer-inference-pkg/inference_pkg/include/inference_pkg/inference_base.hpp:20[m[K,
[16.015s]                  from [01m[K/root/deepracer_ws/aws-deepracer-launcher/aws-deepracer-inference-pkg/inference_pkg/include/inference_pkg/intel_inference_eng.hpp:20[m[K,
[16.016s]                  from [01m[K/root/deepracer_ws/aws-deepracer-launcher/aws-deepracer-inference-pkg/inference_pkg/src/intel_inference_eng.cpp:17[m[K:
[16.017s] [01m[K/usr/include/c++/9/bits/basic_string.h:6456:5:[m[K [01;36m[Knote: [m[Kcandidate: ‘[01m[Ktemplate<class _CharT, class _Traits, class _Alloc> std::basic_istream<_CharT, _Traits>& std::getline(std::basic_istream<_CharT, _Traits>&, std::__cxx11::basic_string<_CharT, _Traits, _Allocator>&)[m[K’
[16.017s]  6456 |     [01;36m[Kgetline[m[K(basic_istream<_CharT, _Traits>& __is,
[16.018s]       |     [01;36m[K^~~~~~~[m[K
[16.018s] [01m[K/usr/include/c++/9/bits/basic_string.h:6456:5:[m[K [01;36m[Knote: [m[K  template argument deduction/substitution failed:
[16.018s] [01m[K/root/deepracer_ws/aws-deepracer-launcher/aws-deepracer-inference-pkg/inference_pkg/src/intel_inference_eng.cpp:158:44:[m[K [01;36m[Knote: [m[K  mismatched types ‘[01m[Kstd::__cxx11::basic_string<_CharT, _Traits, _Allocator>[m[K’ and ‘[01m[Kfloat[m[K’
[16.019s]   158 |         for(float line; getline(input, line[01;36m[K)[m[K;)
[16.019s]       |                                            [01;36m[K^[m[K
[16.019s] In file included from [01m[K/usr/include/c++/9/string:55[m[K,
[16.020s]                  from [01m[K/usr/include/c++/9/stdexcept:39[m[K,
[16.020s]                  from [01m[K/usr/include/c++/9/array:39[m[K,
[16.020s]                  from [01m[K/usr/include/c++/9/tuple:39[m[K,
[16.020s]                  from [01m[K/usr/include/c++/9/bits/unique_ptr.h:37[m[K,
[16.021s]                  from [01m[K/usr/include/c++/9/memory:80[m[K,
[16.021s]                  from [01m[K/opt/ros/foxy/include/rclcpp/rclcpp.hpp:144[m[K,
[16.021s]                  from [01m[K/root/deepracer_ws/aws-deepracer-launcher/aws-deepracer-inference-pkg/inference_pkg/include/inference_pkg/image_process.hpp:20[m[K,
[16.022s]                  from [01m[K/root/deepracer_ws/aws-deepracer-launcher/aws-deepracer-inference-pkg/inference_pkg/include/inference_pkg/inference_base.hpp:20[m[K,
[16.022s]                  from [01m[K/root/deepracer_ws/aws-deepracer-launcher/aws-deepracer-inference-pkg/inference_pkg/include/inference_pkg/intel_inference_eng.hpp:20[m[K,
[16.022s]                  from [01m[K/root/deepracer_ws/aws-deepracer-launcher/aws-deepracer-inference-pkg/inference_pkg/src/intel_inference_eng.cpp:17[m[K:
[16.022s] [01m[K/usr/include/c++/9/bits/basic_string.h:6464:5:[m[K [01;36m[Knote: [m[Kcandidate: ‘[01m[Ktemplate<class _CharT, class _Traits, class _Alloc> std::basic_istream<_CharT, _Traits>& std::getline(std::basic_istream<_CharT, _Traits>&&, std::__cxx11::basic_string<_CharT, _Traits, _Allocator>&, _CharT)[m[K’
[16.023s]  6464 |     [01;36m[Kgetline[m[K(basic_istream<_CharT, _Traits>&& __is,
[16.023s]       |     [01;36m[K^~~~~~~[m[K
[16.023s] [01m[K/usr/include/c++/9/bits/basic_string.h:6464:5:[m[K [01;36m[Knote: [m[K  template argument deduction/substitution failed:
[16.024s] [01m[K/root/deepracer_ws/aws-deepracer-launcher/aws-deepracer-inference-pkg/inference_pkg/src/intel_inference_eng.cpp:158:44:[m[K [01;36m[Knote: [m[K  mismatched types ‘[01m[Kstd::__cxx11::basic_string<_CharT, _Traits, _Allocator>[m[K’ and ‘[01m[Kfloat[m[K’
[16.024s]   158 |         for(float line; getline(input, line[01;36m[K)[m[K;)
[16.024s]       |                                            [01;36m[K^[m[K
[16.024s] In file included from [01m[K/usr/include/c++/9/string:55[m[K,
[16.025s]                  from [01m[K/usr/include/c++/9/stdexcept:39[m[K,
[16.025s]                  from [01m[K/usr/include/c++/9/array:39[m[K,
[16.026s]                  from [01m[K/usr/include/c++/9/tuple:39[m[K,
[16.026s]                  from [01m[K/usr/include/c++/9/bits/unique_ptr.h:37[m[K,
[16.026s]                  from [01m[K/usr/include/c++/9/memory:80[m[K,
[16.027s]                  from [01m[K/opt/ros/foxy/include/rclcpp/rclcpp.hpp:144[m[K,
[16.027s]                  from [01m[K/root/deepracer_ws/aws-deepracer-launcher/aws-deepracer-inference-pkg/inference_pkg/include/inference_pkg/image_process.hpp:20[m[K,
[16.027s]                  from [01m[K/root/deepracer_ws/aws-deepracer-launcher/aws-deepracer-inference-pkg/inference_pkg/include/inference_pkg/inference_base.hpp:20[m[K,
[16.027s]                  from [01m[K/root/deepracer_ws/aws-deepracer-launcher/aws-deepracer-inference-pkg/inference_pkg/include/inference_pkg/intel_inference_eng.hpp:20[m[K,
[16.028s]                  from [01m[K/root/deepracer_ws/aws-deepracer-launcher/aws-deepracer-inference-pkg/inference_pkg/src/intel_inference_eng.cpp:17[m[K:
[16.028s] [01m[K/usr/include/c++/9/bits/basic_string.h:6471:5:[m[K [01;36m[Knote: [m[Kcandidate: ‘[01m[Ktemplate<class _CharT, class _Traits, class _Alloc> std::basic_istream<_CharT, _Traits>& std::getline(std::basic_istream<_CharT, _Traits>&&, std::__cxx11::basic_string<_CharT, _Traits, _Allocator>&)[m[K’
[16.028s]  6471 |     [01;36m[Kgetline[m[K(basic_istream<_CharT, _Traits>&& __is,
[16.029s]       |     [01;36m[K^~~~~~~[m[K
[16.029s] [01m[K/usr/include/c++/9/bits/basic_string.h:6471:5:[m[K [01;36m[Knote: [m[K  template argument deduction/substitution failed:
[16.029s] [01m[K/root/deepracer_ws/aws-deepracer-launcher/aws-deepracer-inference-pkg/inference_pkg/src/intel_inference_eng.cpp:158:44:[m[K [01;36m[Knote: [m[K  mismatched types ‘[01m[Kstd::__cxx11::basic_string<_CharT, _Traits, _Allocator>[m[K’ and ‘[01m[Kfloat[m[K’
[16.030s]   158 |         for(float line; getline(input, line[01;36m[K)[m[K;)
[16.030s]       |                                            [01;36m[K^[m[K
[16.030s] [01m[K/root/deepracer_ws/aws-deepracer-launcher/aws-deepracer-inference-pkg/inference_pkg/src/intel_inference_eng.cpp:[m[K In function ‘[01m[Kvoid {anonymous}::load1DImg(V*, cv::Mat&, std::shared_ptr<InferTask::ImgProcessBase>, const Image&, const std::unordered_map<std::__cxx11::basic_string<char>, int>&)[m[K’:
[16.030s] [01m[K/root/deepracer_ws/aws-deepracer-launcher/aws-deepracer-inference-pkg/inference_pkg/src/intel_inference_eng.cpp:188:44:[m[K [01;31m[Kerror: [m[Kno matching function for call to ‘[01m[Kgetline(std::ifstream&, float&)[m[K’
[16.031s]   188 |         for(float line; getline(input, line[01;31m[K)[m[K;)
[16.031s]       |                                            [01;31m[K^[m[K
[16.031s] In file included from [01m[K/usr/include/c++/9/cstdio:42[m[K,
[16.032s]                  from [01m[K/usr/include/c++/9/ext/string_conversions.h:43[m[K,
[16.032s]                  from [01m[K/usr/include/c++/9/bits/basic_string.h:6493[m[K,
[16.032s]                  from [01m[K/usr/include/c++/9/string:55[m[K,
[16.032s]                  from [01m[K/usr/include/c++/9/stdexcept:39[m[K,
[16.033s]                  from [01m[K/usr/include/c++/9/array:39[m[K,
[16.033s]                  from [01m[K/usr/include/c++/9/tuple:39[m[K,
[16.033s]                  from [01m[K/usr/include/c++/9/bits/unique_ptr.h:37[m[K,
[16.034s]                  from [01m[K/usr/include/c++/9/memory:80[m[K,
[16.034s]                  from [01m[K/opt/ros/foxy/include/rclcpp/rclcpp.hpp:144[m[K,
[16.034s]                  from [01m[K/root/deepracer_ws/aws-deepracer-launcher/aws-deepracer-inference-pkg/inference_pkg/include/inference_pkg/image_process.hpp:20[m[K,
[16.035s]                  from [01m[K/root/deepracer_ws/aws-deepracer-launcher/aws-deepracer-inference-pkg/inference_pkg/include/inference_pkg/inference_base.hpp:20[m[K,
[16.035s]                  from [01m[K/root/deepracer_ws/aws-deepracer-launcher/aws-deepracer-inference-pkg/inference_pkg/include/inference_pkg/intel_inference_eng.hpp:20[m[K,
[16.035s]                  from [01m[K/root/deepracer_ws/aws-deepracer-launcher/aws-deepracer-inference-pkg/inference_pkg/src/intel_inference_eng.cpp:17[m[K:
[16.035s] [01m[K/usr/include/stdio.h:616:18:[m[K [01;36m[Knote: [m[Kcandidate: ‘[01m[K__ssize_t getline(char**, size_t*, FILE*)[m[K’
[16.036s]   616 | extern __ssize_t [01;36m[Kgetline[m[K (char **__restrict __lineptr,
[16.036s]       |                  [01;36m[K^~~~~~~[m[K
[16.036s] [01m[K/usr/include/stdio.h:616:18:[m[K [01;36m[Knote: [m[K  candidate expects 3 arguments, 2 provided
[16.037s] In file included from [01m[K/usr/include/c++/9/string:56[m[K,
[16.037s]                  from [01m[K/usr/include/c++/9/stdexcept:39[m[K,
[16.037s]                  from [01m[K/usr/include/c++/9/array:39[m[K,
[16.038s]                  from [01m[K/usr/include/c++/9/tuple:39[m[K,
[16.038s]                  from [01m[K/usr/include/c++/9/bits/unique_ptr.h:37[m[K,
[16.038s]                  from [01m[K/usr/include/c++/9/memory:80[m[K,
[16.038s]                  from [01m[K/opt/ros/foxy/include/rclcpp/rclcpp.hpp:144[m[K,
[16.039s]                  from [01m[K/root/deepracer_ws/aws-deepracer-launcher/aws-deepracer-inference-pkg/inference_pkg/include/inference_pkg/image_process.hpp:20[m[K,
[16.039s]                  from [01m[K/root/deepracer_ws/aws-deepracer-launcher/aws-deepracer-inference-pkg/inference_pkg/include/inference_pkg/inference_base.hpp:20[m[K,
[16.039s]                  from [01m[K/root/deepracer_ws/aws-deepracer-launcher/aws-deepracer-inference-pkg/inference_pkg/include/inference_pkg/intel_inference_eng.hpp:20[m[K,
[16.040s]                  from [01m[K/root/deepracer_ws/aws-deepracer-launcher/aws-deepracer-inference-pkg/inference_pkg/src/intel_inference_eng.cpp:17[m[K:
[16.040s] [01m[K/usr/include/c++/9/bits/basic_string.tcc:1538:5:[m[K [01;36m[Knote: [m[Kcandidate: ‘[01m[Ktemplate<class _CharT, class _Traits, class _Alloc> std::basic_istream<_CharT, _Traits>& std::getline(std::basic_istream<_CharT, _Traits>&, std::__cxx11::basic_string<_CharT, _Traits, _Allocator>&, _CharT)[m[K’
[16.040s]  1538 |     [01;36m[Kgetline[m[K(basic_istream<_CharT, _Traits>& __in,
[16.040s]       |     [01;36m[K^~~~~~~[m[K
[16.041s] [01m[K/usr/include/c++/9/bits/basic_string.tcc:1538:5:[m[K [01;36m[Knote: [m[K  template argument deduction/substitution failed:
[16.041s] [01m[K/root/deepracer_ws/aws-deepracer-launcher/aws-deepracer-inference-pkg/inference_pkg/src/intel_inference_eng.cpp:188:44:[m[K [01;36m[Knote: [m[K  mismatched types ‘[01m[Kstd::__cxx11::basic_string<_CharT, _Traits, _Allocator>[m[K’ and ‘[01m[Kfloat[m[K’
[16.041s]   188 |         for(float line; getline(input, line[01;36m[K)[m[K;)
[16.042s]       |                                            [01;36m[K^[m[K
[16.042s] In file included from [01m[K/usr/include/c++/9/string:55[m[K,
[16.042s]                  from [01m[K/usr/include/c++/9/stdexcept:39[m[K,
[16.043s]                  from [01m[K/usr/include/c++/9/array:39[m[K,
[16.043s]                  from [01m[K/usr/include/c++/9/tuple:39[m[K,
[16.043s]                  from [01m[K/usr/include/c++/9/bits/unique_ptr.h:37[m[K,
[16.044s]                  from [01m[K/usr/include/c++/9/memory:80[m[K,
[16.044s]                  from [01m[K/opt/ros/foxy/include/rclcpp/rclcpp.hpp:144[m[K,
[16.044s]                  from [01m[K/root/deepracer_ws/aws-deepracer-launcher/aws-deepracer-inference-pkg/inference_pkg/include/inference_pkg/image_process.hpp:20[m[K,
[16.044s]                  from [01m[K/root/deepracer_ws/aws-deepracer-launcher/aws-deepracer-inference-pkg/inference_pkg/include/inference_pkg/inference_base.hpp:20[m[K,
[16.045s]                  from [01m[K/root/deepracer_ws/aws-deepracer-launcher/aws-deepracer-inference-pkg/inference_pkg/include/inference_pkg/intel_inference_eng.hpp:20[m[K,
[16.045s]                  from [01m[K/root/deepracer_ws/aws-deepracer-launcher/aws-deepracer-inference-pkg/inference_pkg/src/intel_inference_eng.cpp:17[m[K:
[16.045s] [01m[K/usr/include/c++/9/bits/basic_string.h:6456:5:[m[K [01;36m[Knote: [m[Kcandidate: ‘[01m[Ktemplate<class _CharT, class _Traits, class _Alloc> std::basic_istream<_CharT, _Traits>& std::getline(std::basic_istream<_CharT, _Traits>&, std::__cxx11::basic_string<_CharT, _Traits, _Allocator>&)[m[K’
[16.046s]  6456 |     [01;36m[Kgetline[m[K(basic_istream<_CharT, _Traits>& __is,
[16.046s]       |     [01;36m[K^~~~~~~[m[K
[16.046s] [01m[K/usr/include/c++/9/bits/basic_string.h:6456:5:[m[K [01;36m[Knote: [m[K  template argument deduction/substitution failed:
[16.047s] [01m[K/root/deepracer_ws/aws-deepracer-launcher/aws-deepracer-inference-pkg/inference_pkg/src/intel_inference_eng.cpp:188:44:[m[K [01;36m[Knote: [m[K  mismatched types ‘[01m[Kstd::__cxx11::basic_string<_CharT, _Traits, _Allocator>[m[K’ and ‘[01m[Kfloat[m[K’
[16.047s]   188 |         for(float line; getline(input, line[01;36m[K)[m[K;)
[16.047s]       |                                            [01;36m[K^[m[K
[16.047s] In file included from [01m[K/usr/include/c++/9/string:55[m[K,
[16.048s]                  from [01m[K/usr/include/c++/9/stdexcept:39[m[K,
[16.048s]                  from [01m[K/usr/include/c++/9/array:39[m[K,
[16.048s]                  from [01m[K/usr/include/c++/9/tuple:39[m[K,
[16.049s]                  from [01m[K/usr/include/c++/9/bits/unique_ptr.h:37[m[K,
[16.049s]                  from [01m[K/usr/include/c++/9/memory:80[m[K,
[16.049s]                  from [01m[K/opt/ros/foxy/include/rclcpp/rclcpp.hpp:144[m[K,
[16.049s]                  from [01m[K/root/deepracer_ws/aws-deepracer-launcher/aws-deepracer-inference-pkg/inference_pkg/include/inference_pkg/image_process.hpp:20[m[K,
[16.050s]                  from [01m[K/root/deepracer_ws/aws-deepracer-launcher/aws-deepracer-inference-pkg/inference_pkg/include/inference_pkg/inference_base.hpp:20[m[K,
[16.050s]                  from [01m[K/root/deepracer_ws/aws-deepracer-launcher/aws-deepracer-inference-pkg/inference_pkg/include/inference_pkg/intel_inference_eng.hpp:20[m[K,
[16.050s]                  from [01m[K/root/deepracer_ws/aws-deepracer-launcher/aws-deepracer-inference-pkg/inference_pkg/src/intel_inference_eng.cpp:17[m[K:
[16.051s] [01m[K/usr/include/c++/9/bits/basic_string.h:6464:5:[m[K [01;36m[Knote: [m[Kcandidate: ‘[01m[Ktemplate<class _CharT, class _Traits, class _Alloc> std::basic_istream<_CharT, _Traits>& std::getline(std::basic_istream<_CharT, _Traits>&&, std::__cxx11::basic_string<_CharT, _Traits, _Allocator>&, _CharT)[m[K’
[16.051s]  6464 |     [01;36m[Kgetline[m[K(basic_istream<_CharT, _Traits>&& __is,
[16.051s]       |     [01;36m[K^~~~~~~[m[K
[16.052s] [01m[K/usr/include/c++/9/bits/basic_string.h:6464:5:[m[K [01;36m[Knote: [m[K  template argument deduction/substitution failed:
[16.052s] [01m[K/root/deepracer_ws/aws-deepracer-launcher/aws-deepracer-inference-pkg/inference_pkg/src/intel_inference_eng.cpp:188:44:[m[K [01;36m[Knote: [m[K  mismatched types ‘[01m[Kstd::__cxx11::basic_string<_CharT, _Traits, _Allocator>[m[K’ and ‘[01m[Kfloat[m[K’
[16.052s]   188 |         for(float line; getline(input, line[01;36m[K)[m[K;)
[16.052s]       |                                            [01;36m[K^[m[K
[16.053s] In file included from [01m[K/usr/include/c++/9/string:55[m[K,
[16.053s]                  from [01m[K/usr/include/c++/9/stdexcept:39[m[K,
[16.053s]                  from [01m[K/usr/include/c++/9/array:39[m[K,
[16.054s]                  from [01m[K/usr/include/c++/9/tuple:39[m[K,
[16.054s]                  from [01m[K/usr/include/c++/9/bits/unique_ptr.h:37[m[K,
[16.054s]                  from [01m[K/usr/include/c++/9/memory:80[m[K,
[16.054s]                  from [01m[K/opt/ros/foxy/include/rclcpp/rclcpp.hpp:144[m[K,
[16.055s]                  from [01m[K/root/deepracer_ws/aws-deepracer-launcher/aws-deepracer-inference-pkg/inference_pkg/include/inference_pkg/image_process.hpp:20[m[K,
[16.055s]                  from [01m[K/root/deepracer_ws/aws-deepracer-launcher/aws-deepracer-inference-pkg/inference_pkg/include/inference_pkg/inference_base.hpp:20[m[K,
[16.055s]                  from [01m[K/root/deepracer_ws/aws-deepracer-launcher/aws-deepracer-inference-pkg/inference_pkg/include/inference_pkg/intel_inference_eng.hpp:20[m[K,
[16.056s]                  from [01m[K/root/deepracer_ws/aws-deepracer-launcher/aws-deepracer-inference-pkg/inference_pkg/src/intel_inference_eng.cpp:17[m[K:
[16.056s] [01m[K/usr/include/c++/9/bits/basic_string.h:6471:5:[m[K [01;36m[Knote: [m[Kcandidate: ‘[01m[Ktemplate<class _CharT, class _Traits, class _Alloc> std::basic_istream<_CharT, _Traits>& std::getline(std::basic_istream<_CharT, _Traits>&&, std::__cxx11::basic_string<_CharT, _Traits, _Allocator>&)[m[K’
[16.056s]  6471 |     [01;36m[Kgetline[m[K(basic_istream<_CharT, _Traits>&& __is,
[16.057s]       |     [01;36m[K^~~~~~~[m[K
[16.057s] [01m[K/usr/include/c++/9/bits/basic_string.h:6471:5:[m[K [01;36m[Knote: [m[K  template argument deduction/substitution failed:
[16.057s] [01m[K/root/deepracer_ws/aws-deepracer-launcher/aws-deepracer-inference-pkg/inference_pkg/src/intel_inference_eng.cpp:188:44:[m[K [01;36m[Knote: [m[K  mismatched types ‘[01m[Kstd::__cxx11::basic_string<_CharT, _Traits, _Allocator>[m[K’ and ‘[01m[Kfloat[m[K’
[16.057s]   188 |         for(float line; getline(input, line[01;36m[K)[m[K;)
[16.058s]       |                                            [01;36m[K^[m[K
[16.058s] [01m[K/root/deepracer_ws/aws-deepracer-launcher/aws-deepracer-inference-pkg/inference_pkg/src/intel_inference_eng.cpp:[m[K In function ‘[01m[Kvoid {anonymous}::loadLidarData(float*, const std::vector<float>&)[m[K’:
[16.059s] [01m[K/root/deepracer_ws/aws-deepracer-launcher/aws-deepracer-inference-pkg/inference_pkg/src/intel_inference_eng.cpp:264:25:[m[K [01;35m[Kwarning: [m[Kunused variable ‘[01m[Klidar_value[m[K’ [[01;35m[K-Wunused-variable[m[K]
[16.059s]   264 |         for(const auto& [01;35m[Klidar_value[m[K : lidar_data) {
[16.059s]       |                         [01;35m[K^~~~~~~~~~~[m[K
[25.666s] make[2]: *** [CMakeFiles/inference_node.dir/build.make:76: CMakeFiles/inference_node.dir/src/intel_inference_eng.cpp.o] Error 1
[25.667s] make[1]: *** [CMakeFiles/Makefile2:105: CMakeFiles/inference_node.dir/all] Error 2
[25.668s] make: *** [Makefile:141: all] Error 2
[25.676s] Invoked command in '/root/deepracer_ws/aws-deepracer-launcher/build/inference_pkg' returned '2': CMAKE_PREFIX_PATH=/root/deepracer_ws/aws-deepracer-launcher/install/deepracer_interfaces_pkg:/root/deepracer_ws/aws-deepracer-launcher/install/deepracer_launcher:/root/deepracer_ws/aws-deepracer-launcher/install/web_video_server:/root/deepracer_ws/aws-deepracer-launcher/install/ctrl_pkg:/root/deepracer_ws/aws-deepracer-launcher/install/servo_pkg:/root/deepracer_ws/aws-deepracer-launcher/install/sensor_fusion_pkg:/root/deepracer_ws/aws-deepracer-launcher/install/rplidar_ros2:/root/deepracer_ws/aws-deepracer-launcher/install/inference_pkg:/root/deepracer_ws/aws-deepracer-launcher/install/i2c_pkg:/root/deepracer_ws/aws-deepracer-launcher/install/camera_pkg:/root/deepracer_ws/aws-deepracer-launcher/install/webserver_pkg:/root/deepracer_ws/aws-deepracer-launcher/install/deepracer_systems_pkg:/root/deepracer_ws/aws-deepracer-launcher/install/usb_monitor_pkg:/root/deepracer_ws/aws-deepracer-launcher/install/status_led_pkg:/root/deepracer_ws/aws-deepracer-launcher/install/model_optimizer_pkg:/root/deepracer_ws/aws-deepracer-launcher/install/device_info_pkg:/root/deepracer_ws/aws-deepracer-launcher/install/deepracer_navigation_pkg:/opt/ros/foxy:/root/deepracer_ws/aws-deepracer-launcher/install/async_web_server_cpp LD_LIBRARY_PATH=/root/deepracer_ws/aws-deepracer-launcher/install/deepracer_interfaces_pkg/lib:/home/deepracer/intel/openvino_2022/tools/compile_tool:/home/deepracer/intel/openvino_2022/runtime/3rdparty/tbb/lib:/home/deepracer/intel/openvino_2022/runtime/3rdparty/hddl/lib:/home/deepracer/intel/openvino_2022/runtime/lib/intel64:/root/deepracer_ws/aws-deepracer-launcher/install/async_web_server_cpp/lib:/opt/ros/foxy/opt/yaml_cpp_vendor/lib:/opt/ros/foxy/opt/rviz_ogre_vendor/lib:/opt/ros/foxy/lib/x86_64-linux-gnu:/opt/ros/foxy/lib PYTHONPATH=/root/deepracer_ws/aws-deepracer-launcher/install/deepracer_interfaces_pkg/lib/python3.8/site-packages:/home/deepracer/intel/openvino_2022/python/python3.8:/home/deepracer/intel/openvino_2022/python/python3:/root/deepracer_ws/aws-deepracer-launcher/install/webserver_pkg/lib/python3.8/site-packages:/root/deepracer_ws/aws-deepracer-launcher/install/deepracer_systems_pkg/lib/python3.8/site-packages:/root/deepracer_ws/aws-deepracer-launcher/install/usb_monitor_pkg/lib/python3.8/site-packages:/root/deepracer_ws/aws-deepracer-launcher/install/status_led_pkg/lib/python3.8/site-packages:/root/deepracer_ws/aws-deepracer-launcher/install/model_optimizer_pkg/lib/python3.8/site-packages:/root/deepracer_ws/aws-deepracer-launcher/install/device_info_pkg/lib/python3.8/site-packages:/root/deepracer_ws/aws-deepracer-launcher/install/deepracer_navigation_pkg/lib/python3.8/site-packages:/opt/ros/foxy/lib/python3.8/site-packages /usr/bin/cmake --build /root/deepracer_ws/aws-deepracer-launcher/build/inference_pkg -- -j2 -l2
