[0.137s] Invoking command in '/root/deepracer_ws/aws-deepracer-launcher/build/sensor_fusion_pkg': AMENT_PREFIX_PATH=/root/deepracer_ws/aws-deepracer-launcher/install/deepracer_interfaces_pkg CMAKE_PREFIX_PATH=/root/deepracer_ws/aws-deepracer-launcher/install/deepracer_interfaces_pkg LD_LIBRARY_PATH=/root/deepracer_ws/aws-deepracer-launcher/install/deepracer_interfaces_pkg/lib PYTHONPATH=/root/deepracer_ws/aws-deepracer-launcher/install/deepracer_interfaces_pkg/lib/python3.8/site-packages /usr/bin/cmake --build /root/deepracer_ws/aws-deepracer-launcher/build/sensor_fusion_pkg -- -j2 -l2
[1.060s] [100%] Built target sensor_fusion_node
[1.135s] Invoked command in '/root/deepracer_ws/aws-deepracer-launcher/build/sensor_fusion_pkg' returned '0': AMENT_PREFIX_PATH=/root/deepracer_ws/aws-deepracer-launcher/install/deepracer_interfaces_pkg CMAKE_PREFIX_PATH=/root/deepracer_ws/aws-deepracer-launcher/install/deepracer_interfaces_pkg LD_LIBRARY_PATH=/root/deepracer_ws/aws-deepracer-launcher/install/deepracer_interfaces_pkg/lib PYTHONPATH=/root/deepracer_ws/aws-deepracer-launcher/install/deepracer_interfaces_pkg/lib/python3.8/site-packages /usr/bin/cmake --build /root/deepracer_ws/aws-deepracer-launcher/build/sensor_fusion_pkg -- -j2 -l2
[1.382s] Invoking command in '/root/deepracer_ws/aws-deepracer-launcher/build/sensor_fusion_pkg': AMENT_PREFIX_PATH=/root/deepracer_ws/aws-deepracer-launcher/install/deepracer_interfaces_pkg CMAKE_PREFIX_PATH=/root/deepracer_ws/aws-deepracer-launcher/install/deepracer_interfaces_pkg LD_LIBRARY_PATH=/root/deepracer_ws/aws-deepracer-launcher/install/deepracer_interfaces_pkg/lib PYTHONPATH=/root/deepracer_ws/aws-deepracer-launcher/install/deepracer_interfaces_pkg/lib/python3.8/site-packages /usr/bin/cmake --install /root/deepracer_ws/aws-deepracer-launcher/build/sensor_fusion_pkg
[1.562s] -- Install configuration: ""
[1.565s] -- Up-to-date: /root/deepracer_ws/aws-deepracer-launcher/install/sensor_fusion_pkg/lib/sensor_fusion_pkg/sensor_fusion_node
[1.566s] -- Up-to-date: /root/deepracer_ws/aws-deepracer-launcher/install/sensor_fusion_pkg/share/sensor_fusion_pkg//launch
[1.566s] -- Up-to-date: /root/deepracer_ws/aws-deepracer-launcher/install/sensor_fusion_pkg/share/sensor_fusion_pkg//launch/sensor_fusion_launch.py
[1.567s] -- Up-to-date: /root/deepracer_ws/aws-deepracer-launcher/install/sensor_fusion_pkg/share/ament_index/resource_index/package_run_dependencies/sensor_fusion_pkg
[1.571s] -- Up-to-date: /root/deepracer_ws/aws-deepracer-launcher/install/sensor_fusion_pkg/share/ament_index/resource_index/parent_prefix_path/sensor_fusion_pkg
[1.572s] -- Up-to-date: /root/deepracer_ws/aws-deepracer-launcher/install/sensor_fusion_pkg/share/sensor_fusion_pkg/environment/ament_prefix_path.sh
[1.572s] -- Up-to-date: /root/deepracer_ws/aws-deepracer-launcher/install/sensor_fusion_pkg/share/sensor_fusion_pkg/environment/ament_prefix_path.dsv
[1.578s] -- Up-to-date: /root/deepracer_ws/aws-deepracer-launcher/install/sensor_fusion_pkg/share/sensor_fusion_pkg/environment/path.sh
[1.578s] -- Up-to-date: /root/deepracer_ws/aws-deepracer-launcher/install/sensor_fusion_pkg/share/sensor_fusion_pkg/environment/path.dsv
[1.579s] -- Up-to-date: /root/deepracer_ws/aws-deepracer-launcher/install/sensor_fusion_pkg/share/sensor_fusion_pkg/local_setup.bash
[1.579s] -- Up-to-date: /root/deepracer_ws/aws-deepracer-launcher/install/sensor_fusion_pkg/share/sensor_fusion_pkg/local_setup.sh
[1.579s] -- Up-to-date: /root/deepracer_ws/aws-deepracer-launcher/install/sensor_fusion_pkg/share/sensor_fusion_pkg/local_setup.zsh
[1.580s] -- Up-to-date: /root/deepracer_ws/aws-deepracer-launcher/install/sensor_fusion_pkg/share/sensor_fusion_pkg/local_setup.dsv
[1.580s] -- Installing: /root/deepracer_ws/aws-deepracer-launcher/install/sensor_fusion_pkg/share/sensor_fusion_pkg/package.dsv
[1.580s] -- Up-to-date: /root/deepracer_ws/aws-deepracer-launcher/install/sensor_fusion_pkg/share/ament_index/resource_index/packages/sensor_fusion_pkg
[1.581s] -- Up-to-date: /root/deepracer_ws/aws-deepracer-launcher/install/sensor_fusion_pkg/share/sensor_fusion_pkg/cmake/sensor_fusion_pkgConfig.cmake
[1.581s] -- Up-to-date: /root/deepracer_ws/aws-deepracer-launcher/install/sensor_fusion_pkg/share/sensor_fusion_pkg/cmake/sensor_fusion_pkgConfig-version.cmake
[1.581s] -- Up-to-date: /root/deepracer_ws/aws-deepracer-launcher/install/sensor_fusion_pkg/share/sensor_fusion_pkg/package.xml
[1.595s] Invoked command in '/root/deepracer_ws/aws-deepracer-launcher/build/sensor_fusion_pkg' returned '0': AMENT_PREFIX_PATH=/root/deepracer_ws/aws-deepracer-launcher/install/deepracer_interfaces_pkg CMAKE_PREFIX_PATH=/root/deepracer_ws/aws-deepracer-launcher/install/deepracer_interfaces_pkg LD_LIBRARY_PATH=/root/deepracer_ws/aws-deepracer-launcher/install/deepracer_interfaces_pkg/lib PYTHONPATH=/root/deepracer_ws/aws-deepracer-launcher/install/deepracer_interfaces_pkg/lib/python3.8/site-packages /usr/bin/cmake --install /root/deepracer_ws/aws-deepracer-launcher/build/sensor_fusion_pkg
