[1.352s] Invoking command in '/root/deepracer_ws/aws-deepracer-launcher/aws-deepracer-webserver-pkg/webserver_pkg': AMENT_PREFIX_PATH=/root/deepracer_ws/aws-deepracer-launcher/install/deepracer_systems_pkg:/root/deepracer_ws/aws-deepracer-launcher/install/ctrl_pkg:/root/deepracer_ws/aws-deepracer-launcher/install/usb_monitor_pkg:/root/deepracer_ws/aws-deepracer-launcher/install/status_led_pkg:/root/deepracer_ws/aws-deepracer-launcher/install/servo_pkg:/root/deepracer_ws/aws-deepracer-launcher/install/sensor_fusion_pkg:/root/deepracer_ws/aws-deepracer-launcher/install/model_optimizer_pkg:/root/deepracer_ws/aws-deepracer-launcher/install/inference_pkg:/root/deepracer_ws/aws-deepracer-launcher/install/i2c_pkg:/root/deepracer_ws/aws-deepracer-launcher/install/device_info_pkg:/root/deepracer_ws/aws-deepracer-launcher/install/deepracer_navigation_pkg:/root/deepracer_ws/aws-deepracer-launcher/install/camera_pkg:/root/deepracer_ws/aws-deepracer-launcher/install/deepracer_interfaces_pkg:${AMENT_PREFIX_PATH} CMAKE_PREFIX_PATH=/root/deepracer_ws/aws-deepracer-launcher/install/ctrl_pkg:/root/deepracer_ws/aws-deepracer-launcher/install/servo_pkg:/root/deepracer_ws/aws-deepracer-launcher/install/sensor_fusion_pkg:/root/deepracer_ws/aws-deepracer-launcher/install/inference_pkg:/root/deepracer_ws/aws-deepracer-launcher/install/i2c_pkg:/root/deepracer_ws/aws-deepracer-launcher/install/camera_pkg:/root/deepracer_ws/aws-deepracer-launcher/install/deepracer_interfaces_pkg LD_LIBRARY_PATH=/root/deepracer_ws/aws-deepracer-launcher/install/deepracer_interfaces_pkg/lib:/home/deepracer/intel/openvino_2022/tools/compile_tool:/home/deepracer/intel/openvino_2022/runtime/3rdparty/tbb/lib:/home/deepracer/intel/openvino_2022/runtime/3rdparty/hddl/lib:/home/deepracer/intel/openvino_2022/runtime/lib/intel64:/opt/ros/foxy/opt/yaml_cpp_vendor/lib:/opt/ros/foxy/opt/rviz_ogre_vendor/lib:/opt/ros/foxy/lib/x86_64-linux-gnu:/opt/ros/foxy/lib PYTHONPATH=/root/deepracer_ws/aws-deepracer-launcher/install/webserver_pkg/lib/python3.8/site-packages:/root/deepracer_ws/aws-deepracer-launcher/install/deepracer_systems_pkg/lib/python3.8/site-packages:/root/deepracer_ws/aws-deepracer-launcher/install/usb_monitor_pkg/lib/python3.8/site-packages:/root/deepracer_ws/aws-deepracer-launcher/install/status_led_pkg/lib/python3.8/site-packages:/root/deepracer_ws/aws-deepracer-launcher/install/model_optimizer_pkg/lib/python3.8/site-packages:/root/deepracer_ws/aws-deepracer-launcher/install/device_info_pkg/lib/python3.8/site-packages:/root/deepracer_ws/aws-deepracer-launcher/install/deepracer_navigation_pkg/lib/python3.8/site-packages:/root/deepracer_ws/aws-deepracer-launcher/install/deepracer_interfaces_pkg/lib/python3.8/site-packages:${PYTHONPATH} /usr/bin/python3 setup.py egg_info --egg-base ../../build/webserver_pkg build --build-base /root/deepracer_ws/aws-deepracer-launcher/build/webserver_pkg/build install --prefix /root/deepracer_ws/aws-deepracer-launcher/install/webserver_pkg --record /root/deepracer_ws/aws-deepracer-launcher/build/webserver_pkg/install.log --single-version-externally-managed
[2.253s] running egg_info
[2.255s] creating ../../build/webserver_pkg/webserver_pkg.egg-info
[2.256s] writing ../../build/webserver_pkg/webserver_pkg.egg-info/PKG-INFO
[2.257s] writing dependency_links to ../../build/webserver_pkg/webserver_pkg.egg-info/dependency_links.txt
[2.259s] writing entry points to ../../build/webserver_pkg/webserver_pkg.egg-info/entry_points.txt
[2.260s] writing requirements to ../../build/webserver_pkg/webserver_pkg.egg-info/requires.txt
[2.260s] writing top-level names to ../../build/webserver_pkg/webserver_pkg.egg-info/top_level.txt
[2.265s] writing manifest file '../../build/webserver_pkg/webserver_pkg.egg-info/SOURCES.txt'
[2.388s] reading manifest file '../../build/webserver_pkg/webserver_pkg.egg-info/SOURCES.txt'
[2.391s] writing manifest file '../../build/webserver_pkg/webserver_pkg.egg-info/SOURCES.txt'
[2.392s] running build
[2.392s] running build_py
[2.393s] creating /root/deepracer_ws/aws-deepracer-launcher/build/webserver_pkg/build
[2.394s] creating /root/deepracer_ws/aws-deepracer-launcher/build/webserver_pkg/build/lib
[2.394s] creating /root/deepracer_ws/aws-deepracer-launcher/build/webserver_pkg/build/lib/webserver_pkg
[2.395s] copying webserver_pkg/__init__.py -> /root/deepracer_ws/aws-deepracer-launcher/build/webserver_pkg/build/lib/webserver_pkg
[2.395s] copying webserver_pkg/calibration.py -> /root/deepracer_ws/aws-deepracer-launcher/build/webserver_pkg/build/lib/webserver_pkg
[2.551s] copying webserver_pkg/constants.py -> /root/deepracer_ws/aws-deepracer-launcher/build/webserver_pkg/build/lib/webserver_pkg
[2.553s] copying webserver_pkg/device_info_api.py -> /root/deepracer_ws/aws-deepracer-launcher/build/webserver_pkg/build/lib/webserver_pkg
[2.555s] copying webserver_pkg/led_api.py -> /root/deepracer_ws/aws-deepracer-launcher/build/webserver_pkg/build/lib/webserver_pkg
[2.557s] copying webserver_pkg/login.py -> /root/deepracer_ws/aws-deepracer-launcher/build/webserver_pkg/build/lib/webserver_pkg
[2.559s] copying webserver_pkg/models.py -> /root/deepracer_ws/aws-deepracer-launcher/build/webserver_pkg/build/lib/webserver_pkg
[2.561s] copying webserver_pkg/software_update.py -> /root/deepracer_ws/aws-deepracer-launcher/build/webserver_pkg/build/lib/webserver_pkg
[2.562s] copying webserver_pkg/ssh_api.py -> /root/deepracer_ws/aws-deepracer-launcher/build/webserver_pkg/build/lib/webserver_pkg
[2.564s] copying webserver_pkg/utility.py -> /root/deepracer_ws/aws-deepracer-launcher/build/webserver_pkg/build/lib/webserver_pkg
[2.565s] copying webserver_pkg/vehicle_control.py -> /root/deepracer_ws/aws-deepracer-launcher/build/webserver_pkg/build/lib/webserver_pkg
[2.566s] copying webserver_pkg/vehicle_logs.py -> /root/deepracer_ws/aws-deepracer-launcher/build/webserver_pkg/build/lib/webserver_pkg
[2.568s] copying webserver_pkg/webserver.py -> /root/deepracer_ws/aws-deepracer-launcher/build/webserver_pkg/build/lib/webserver_pkg
[2.569s] copying webserver_pkg/webserver_publisher_node.py -> /root/deepracer_ws/aws-deepracer-launcher/build/webserver_pkg/build/lib/webserver_pkg
[2.571s] copying webserver_pkg/wifi_settings.py -> /root/deepracer_ws/aws-deepracer-launcher/build/webserver_pkg/build/lib/webserver_pkg
[2.573s] running install
[2.577s] running install_lib
[2.580s] creating /root/deepracer_ws/aws-deepracer-launcher/install/webserver_pkg/lib/python3.8/site-packages/webserver_pkg
[2.582s] copying /root/deepracer_ws/aws-deepracer-launcher/build/webserver_pkg/build/lib/webserver_pkg/__init__.py -> /root/deepracer_ws/aws-deepracer-launcher/install/webserver_pkg/lib/python3.8/site-packages/webserver_pkg
[2.582s] copying /root/deepracer_ws/aws-deepracer-launcher/build/webserver_pkg/build/lib/webserver_pkg/calibration.py -> /root/deepracer_ws/aws-deepracer-launcher/install/webserver_pkg/lib/python3.8/site-packages/webserver_pkg
[2.583s] copying /root/deepracer_ws/aws-deepracer-launcher/build/webserver_pkg/build/lib/webserver_pkg/constants.py -> /root/deepracer_ws/aws-deepracer-launcher/install/webserver_pkg/lib/python3.8/site-packages/webserver_pkg
[2.584s] copying /root/deepracer_ws/aws-deepracer-launcher/build/webserver_pkg/build/lib/webserver_pkg/device_info_api.py -> /root/deepracer_ws/aws-deepracer-launcher/install/webserver_pkg/lib/python3.8/site-packages/webserver_pkg
[2.585s] copying /root/deepracer_ws/aws-deepracer-launcher/build/webserver_pkg/build/lib/webserver_pkg/led_api.py -> /root/deepracer_ws/aws-deepracer-launcher/install/webserver_pkg/lib/python3.8/site-packages/webserver_pkg
[2.585s] copying /root/deepracer_ws/aws-deepracer-launcher/build/webserver_pkg/build/lib/webserver_pkg/login.py -> /root/deepracer_ws/aws-deepracer-launcher/install/webserver_pkg/lib/python3.8/site-packages/webserver_pkg
[2.586s] copying /root/deepracer_ws/aws-deepracer-launcher/build/webserver_pkg/build/lib/webserver_pkg/models.py -> /root/deepracer_ws/aws-deepracer-launcher/install/webserver_pkg/lib/python3.8/site-packages/webserver_pkg
[2.586s] copying /root/deepracer_ws/aws-deepracer-launcher/build/webserver_pkg/build/lib/webserver_pkg/software_update.py -> /root/deepracer_ws/aws-deepracer-launcher/install/webserver_pkg/lib/python3.8/site-packages/webserver_pkg
[2.586s] copying /root/deepracer_ws/aws-deepracer-launcher/build/webserver_pkg/build/lib/webserver_pkg/ssh_api.py -> /root/deepracer_ws/aws-deepracer-launcher/install/webserver_pkg/lib/python3.8/site-packages/webserver_pkg
[2.587s] copying /root/deepracer_ws/aws-deepracer-launcher/build/webserver_pkg/build/lib/webserver_pkg/utility.py -> /root/deepracer_ws/aws-deepracer-launcher/install/webserver_pkg/lib/python3.8/site-packages/webserver_pkg
[2.588s] copying /root/deepracer_ws/aws-deepracer-launcher/build/webserver_pkg/build/lib/webserver_pkg/vehicle_control.py -> /root/deepracer_ws/aws-deepracer-launcher/install/webserver_pkg/lib/python3.8/site-packages/webserver_pkg
[2.588s] copying /root/deepracer_ws/aws-deepracer-launcher/build/webserver_pkg/build/lib/webserver_pkg/vehicle_logs.py -> /root/deepracer_ws/aws-deepracer-launcher/install/webserver_pkg/lib/python3.8/site-packages/webserver_pkg
[2.589s] copying /root/deepracer_ws/aws-deepracer-launcher/build/webserver_pkg/build/lib/webserver_pkg/webserver.py -> /root/deepracer_ws/aws-deepracer-launcher/install/webserver_pkg/lib/python3.8/site-packages/webserver_pkg
[2.590s] copying /root/deepracer_ws/aws-deepracer-launcher/build/webserver_pkg/build/lib/webserver_pkg/webserver_publisher_node.py -> /root/deepracer_ws/aws-deepracer-launcher/install/webserver_pkg/lib/python3.8/site-packages/webserver_pkg
[2.591s] copying /root/deepracer_ws/aws-deepracer-launcher/build/webserver_pkg/build/lib/webserver_pkg/wifi_settings.py -> /root/deepracer_ws/aws-deepracer-launcher/install/webserver_pkg/lib/python3.8/site-packages/webserver_pkg
[2.593s] byte-compiling /root/deepracer_ws/aws-deepracer-launcher/install/webserver_pkg/lib/python3.8/site-packages/webserver_pkg/__init__.py to __init__.cpython-38.pyc
[2.598s] byte-compiling /root/deepracer_ws/aws-deepracer-launcher/install/webserver_pkg/lib/python3.8/site-packages/webserver_pkg/calibration.py to calibration.cpython-38.pyc
[2.602s] byte-compiling /root/deepracer_ws/aws-deepracer-launcher/install/webserver_pkg/lib/python3.8/site-packages/webserver_pkg/constants.py to constants.cpython-38.pyc
[2.606s] byte-compiling /root/deepracer_ws/aws-deepracer-launcher/install/webserver_pkg/lib/python3.8/site-packages/webserver_pkg/device_info_api.py to device_info_api.cpython-38.pyc
[2.609s] byte-compiling /root/deepracer_ws/aws-deepracer-launcher/install/webserver_pkg/lib/python3.8/site-packages/webserver_pkg/led_api.py to led_api.cpython-38.pyc
[2.612s] byte-compiling /root/deepracer_ws/aws-deepracer-launcher/install/webserver_pkg/lib/python3.8/site-packages/webserver_pkg/login.py to login.cpython-38.pyc
[2.615s] byte-compiling /root/deepracer_ws/aws-deepracer-launcher/install/webserver_pkg/lib/python3.8/site-packages/webserver_pkg/models.py to models.cpython-38.pyc
[2.626s] byte-compiling /root/deepracer_ws/aws-deepracer-launcher/install/webserver_pkg/lib/python3.8/site-packages/webserver_pkg/software_update.py to software_update.cpython-38.pyc
[2.630s] byte-compiling /root/deepracer_ws/aws-deepracer-launcher/install/webserver_pkg/lib/python3.8/site-packages/webserver_pkg/ssh_api.py to ssh_api.cpython-38.pyc
[2.633s] byte-compiling /root/deepracer_ws/aws-deepracer-launcher/install/webserver_pkg/lib/python3.8/site-packages/webserver_pkg/utility.py to utility.cpython-38.pyc
[2.636s] byte-compiling /root/deepracer_ws/aws-deepracer-launcher/install/webserver_pkg/lib/python3.8/site-packages/webserver_pkg/vehicle_control.py to vehicle_control.cpython-38.pyc
[2.641s] byte-compiling /root/deepracer_ws/aws-deepracer-launcher/install/webserver_pkg/lib/python3.8/site-packages/webserver_pkg/vehicle_logs.py to vehicle_logs.cpython-38.pyc
[2.642s] byte-compiling /root/deepracer_ws/aws-deepracer-launcher/install/webserver_pkg/lib/python3.8/site-packages/webserver_pkg/webserver.py to webserver.cpython-38.pyc
[2.644s] byte-compiling /root/deepracer_ws/aws-deepracer-launcher/install/webserver_pkg/lib/python3.8/site-packages/webserver_pkg/webserver_publisher_node.py to webserver_publisher_node.cpython-38.pyc
[2.651s] byte-compiling /root/deepracer_ws/aws-deepracer-launcher/install/webserver_pkg/lib/python3.8/site-packages/webserver_pkg/wifi_settings.py to wifi_settings.cpython-38.pyc
[2.654s] running install_data
[2.657s] creating /root/deepracer_ws/aws-deepracer-launcher/install/webserver_pkg/share/ament_index
[2.657s] creating /root/deepracer_ws/aws-deepracer-launcher/install/webserver_pkg/share/ament_index/resource_index
[2.658s] creating /root/deepracer_ws/aws-deepracer-launcher/install/webserver_pkg/share/ament_index/resource_index/packages
[2.658s] copying resource/webserver_pkg -> /root/deepracer_ws/aws-deepracer-launcher/install/webserver_pkg/share/ament_index/resource_index/packages
[2.659s] copying package.xml -> /root/deepracer_ws/aws-deepracer-launcher/install/webserver_pkg/share/webserver_pkg
[2.659s] copying launch/webserver_pkg_launch.py -> /root/deepracer_ws/aws-deepracer-launcher/install/webserver_pkg/share/webserver_pkg
[2.659s] running install_egg_info
[2.665s] Copying ../../build/webserver_pkg/webserver_pkg.egg-info to /root/deepracer_ws/aws-deepracer-launcher/install/webserver_pkg/lib/python3.8/site-packages/webserver_pkg-0.0.1-py3.8.egg-info
[2.668s] running install_scripts
[2.730s] Installing webserver_publisher_node script to /root/deepracer_ws/aws-deepracer-launcher/install/webserver_pkg/lib/webserver_pkg
[2.733s] writing list of installed files to '/root/deepracer_ws/aws-deepracer-launcher/build/webserver_pkg/install.log'
[2.814s] Invoked command in '/root/deepracer_ws/aws-deepracer-launcher/aws-deepracer-webserver-pkg/webserver_pkg' returned '0': AMENT_PREFIX_PATH=/root/deepracer_ws/aws-deepracer-launcher/install/deepracer_systems_pkg:/root/deepracer_ws/aws-deepracer-launcher/install/ctrl_pkg:/root/deepracer_ws/aws-deepracer-launcher/install/usb_monitor_pkg:/root/deepracer_ws/aws-deepracer-launcher/install/status_led_pkg:/root/deepracer_ws/aws-deepracer-launcher/install/servo_pkg:/root/deepracer_ws/aws-deepracer-launcher/install/sensor_fusion_pkg:/root/deepracer_ws/aws-deepracer-launcher/install/model_optimizer_pkg:/root/deepracer_ws/aws-deepracer-launcher/install/inference_pkg:/root/deepracer_ws/aws-deepracer-launcher/install/i2c_pkg:/root/deepracer_ws/aws-deepracer-launcher/install/device_info_pkg:/root/deepracer_ws/aws-deepracer-launcher/install/deepracer_navigation_pkg:/root/deepracer_ws/aws-deepracer-launcher/install/camera_pkg:/root/deepracer_ws/aws-deepracer-launcher/install/deepracer_interfaces_pkg:${AMENT_PREFIX_PATH} CMAKE_PREFIX_PATH=/root/deepracer_ws/aws-deepracer-launcher/install/ctrl_pkg:/root/deepracer_ws/aws-deepracer-launcher/install/servo_pkg:/root/deepracer_ws/aws-deepracer-launcher/install/sensor_fusion_pkg:/root/deepracer_ws/aws-deepracer-launcher/install/inference_pkg:/root/deepracer_ws/aws-deepracer-launcher/install/i2c_pkg:/root/deepracer_ws/aws-deepracer-launcher/install/camera_pkg:/root/deepracer_ws/aws-deepracer-launcher/install/deepracer_interfaces_pkg LD_LIBRARY_PATH=/root/deepracer_ws/aws-deepracer-launcher/install/deepracer_interfaces_pkg/lib:/home/deepracer/intel/openvino_2022/tools/compile_tool:/home/deepracer/intel/openvino_2022/runtime/3rdparty/tbb/lib:/home/deepracer/intel/openvino_2022/runtime/3rdparty/hddl/lib:/home/deepracer/intel/openvino_2022/runtime/lib/intel64:/opt/ros/foxy/opt/yaml_cpp_vendor/lib:/opt/ros/foxy/opt/rviz_ogre_vendor/lib:/opt/ros/foxy/lib/x86_64-linux-gnu:/opt/ros/foxy/lib PYTHONPATH=/root/deepracer_ws/aws-deepracer-launcher/install/webserver_pkg/lib/python3.8/site-packages:/root/deepracer_ws/aws-deepracer-launcher/install/deepracer_systems_pkg/lib/python3.8/site-packages:/root/deepracer_ws/aws-deepracer-launcher/install/usb_monitor_pkg/lib/python3.8/site-packages:/root/deepracer_ws/aws-deepracer-launcher/install/status_led_pkg/lib/python3.8/site-packages:/root/deepracer_ws/aws-deepracer-launcher/install/model_optimizer_pkg/lib/python3.8/site-packages:/root/deepracer_ws/aws-deepracer-launcher/install/device_info_pkg/lib/python3.8/site-packages:/root/deepracer_ws/aws-deepracer-launcher/install/deepracer_navigation_pkg/lib/python3.8/site-packages:/root/deepracer_ws/aws-deepracer-launcher/install/deepracer_interfaces_pkg/lib/python3.8/site-packages:${PYTHONPATH} /usr/bin/python3 setup.py egg_info --egg-base ../../build/webserver_pkg build --build-base /root/deepracer_ws/aws-deepracer-launcher/build/webserver_pkg/build install --prefix /root/deepracer_ws/aws-deepracer-launcher/install/webserver_pkg --record /root/deepracer_ws/aws-deepracer-launcher/build/webserver_pkg/install.log --single-version-externally-managed
