[0.104s] Invoking command in '/root/deepracer_ws/aws-deepracer-launcher/build/async_web_server_cpp': /usr/bin/cmake --build /root/deepracer_ws/aws-deepracer-launcher/build/async_web_server_cpp -- -j2 -l2
[0.290s] [ 83%] Built target async_web_server_cpp
[0.361s] [100%] Built target test_web_server
[0.395s] Invoked command in '/root/deepracer_ws/aws-deepracer-launcher/build/async_web_server_cpp' returned '0': /usr/bin/cmake --build /root/deepracer_ws/aws-deepracer-launcher/build/async_web_server_cpp -- -j2 -l2
[0.911s] Invoking command in '/root/deepracer_ws/aws-deepracer-launcher/build/async_web_server_cpp': /usr/bin/cmake --install /root/deepracer_ws/aws-deepracer-launcher/build/async_web_server_cpp
[0.940s] -- Install configuration: ""
[0.941s] -- Up-to-date: /root/deepracer_ws/aws-deepracer-launcher/install/async_web_server_cpp/share/async_web_server_cpp/environment/library_path.sh
[0.942s] -- Up-to-date: /root/deepracer_ws/aws-deepracer-launcher/install/async_web_server_cpp/share/async_web_server_cpp/environment/library_path.dsv
[0.942s] -- Up-to-date: /root/deepracer_ws/aws-deepracer-launcher/install/async_web_server_cpp/share/ament_index/resource_index/package_run_dependencies/async_web_server_cpp
[0.942s] -- Up-to-date: /root/deepracer_ws/aws-deepracer-launcher/install/async_web_server_cpp/share/ament_index/resource_index/parent_prefix_path/async_web_server_cpp
[0.943s] -- Up-to-date: /root/deepracer_ws/aws-deepracer-launcher/install/async_web_server_cpp/share/async_web_server_cpp/environment/ament_prefix_path.sh
[0.943s] -- Up-to-date: /root/deepracer_ws/aws-deepracer-launcher/install/async_web_server_cpp/share/async_web_server_cpp/environment/ament_prefix_path.dsv
[0.944s] -- Up-to-date: /root/deepracer_ws/aws-deepracer-launcher/install/async_web_server_cpp/share/async_web_server_cpp/environment/path.sh
[0.944s] -- Up-to-date: /root/deepracer_ws/aws-deepracer-launcher/install/async_web_server_cpp/share/async_web_server_cpp/environment/path.dsv
[0.945s] -- Up-to-date: /root/deepracer_ws/aws-deepracer-launcher/install/async_web_server_cpp/share/async_web_server_cpp/local_setup.bash
[0.945s] -- Up-to-date: /root/deepracer_ws/aws-deepracer-launcher/install/async_web_server_cpp/share/async_web_server_cpp/local_setup.sh
[0.946s] -- Up-to-date: /root/deepracer_ws/aws-deepracer-launcher/install/async_web_server_cpp/share/async_web_server_cpp/local_setup.zsh
[0.946s] -- Up-to-date: /root/deepracer_ws/aws-deepracer-launcher/install/async_web_server_cpp/share/async_web_server_cpp/local_setup.dsv
[0.946s] -- Installing: /root/deepracer_ws/aws-deepracer-launcher/install/async_web_server_cpp/share/async_web_server_cpp/package.dsv
[0.947s] -- Up-to-date: /root/deepracer_ws/aws-deepracer-launcher/install/async_web_server_cpp/share/ament_index/resource_index/packages/async_web_server_cpp
[0.947s] -- Up-to-date: /root/deepracer_ws/aws-deepracer-launcher/install/async_web_server_cpp/share/async_web_server_cpp/cmake/ament_cmake_export_dependencies-extras.cmake
[0.947s] -- Up-to-date: /root/deepracer_ws/aws-deepracer-launcher/install/async_web_server_cpp/share/async_web_server_cpp/cmake/ament_cmake_export_include_directories-extras.cmake
[0.948s] -- Up-to-date: /root/deepracer_ws/aws-deepracer-launcher/install/async_web_server_cpp/share/async_web_server_cpp/cmake/ament_cmake_export_libraries-extras.cmake
[0.948s] -- Up-to-date: /root/deepracer_ws/aws-deepracer-launcher/install/async_web_server_cpp/share/async_web_server_cpp/cmake/async_web_server_cppConfig.cmake
[0.948s] -- Up-to-date: /root/deepracer_ws/aws-deepracer-launcher/install/async_web_server_cpp/share/async_web_server_cpp/cmake/async_web_server_cppConfig-version.cmake
[0.951s] -- Up-to-date: /root/deepracer_ws/aws-deepracer-launcher/install/async_web_server_cpp/share/async_web_server_cpp/package.xml
[0.956s] -- Up-to-date: /root/deepracer_ws/aws-deepracer-launcher/install/async_web_server_cpp/lib/libasync_web_server_cpp.so
[0.957s] -- Up-to-date: /root/deepracer_ws/aws-deepracer-launcher/install/async_web_server_cpp/include/async_web_server_cpp
[0.958s] -- Up-to-date: /root/deepracer_ws/aws-deepracer-launcher/install/async_web_server_cpp/include/async_web_server_cpp/http_header.hpp
[0.958s] -- Up-to-date: /root/deepracer_ws/aws-deepracer-launcher/install/async_web_server_cpp/include/async_web_server_cpp/http_request.hpp
[0.958s] -- Up-to-date: /root/deepracer_ws/aws-deepracer-launcher/install/async_web_server_cpp/include/async_web_server_cpp/http_request_handler.hpp
[0.959s] -- Up-to-date: /root/deepracer_ws/aws-deepracer-launcher/install/async_web_server_cpp/include/async_web_server_cpp/http_request_parser.hpp
[0.959s] -- Up-to-date: /root/deepracer_ws/aws-deepracer-launcher/install/async_web_server_cpp/include/async_web_server_cpp/http_server.hpp
[0.959s] -- Up-to-date: /root/deepracer_ws/aws-deepracer-launcher/install/async_web_server_cpp/include/async_web_server_cpp/websocket_connection.hpp
[0.961s] -- Up-to-date: /root/deepracer_ws/aws-deepracer-launcher/install/async_web_server_cpp/include/async_web_server_cpp/websocket_message.hpp
[0.961s] -- Up-to-date: /root/deepracer_ws/aws-deepracer-launcher/install/async_web_server_cpp/include/async_web_server_cpp/websocket_request_handler.hpp
[0.962s] -- Up-to-date: /root/deepracer_ws/aws-deepracer-launcher/install/async_web_server_cpp/include/async_web_server_cpp/http_connection.hpp
[0.962s] -- Up-to-date: /root/deepracer_ws/aws-deepracer-launcher/install/async_web_server_cpp/include/async_web_server_cpp/http_reply.hpp
[0.962s] Invoked command in '/root/deepracer_ws/aws-deepracer-launcher/build/async_web_server_cpp' returned '0': /usr/bin/cmake --install /root/deepracer_ws/aws-deepracer-launcher/build/async_web_server_cpp
