[0.151s] Invoking command in '/root/deepracer_ws/aws-deepracer-launcher/build/sensor_fusion_pkg': AMENT_PREFIX_PATH=/root/deepracer_ws/aws-deepracer-launcher/install/deepracer_interfaces_pkg CMAKE_PREFIX_PATH=/root/deepracer_ws/aws-deepracer-launcher/install/deepracer_interfaces_pkg LD_LIBRARY_PATH=/root/deepracer_ws/aws-deepracer-launcher/install/deepracer_interfaces_pkg/lib PYTHONPATH=/root/deepracer_ws/aws-deepracer-launcher/install/deepracer_interfaces_pkg/lib/python3.8/site-packages /usr/bin/cmake --build /root/deepracer_ws/aws-deepracer-launcher/build/sensor_fusion_pkg -- -j2 -l2
[0.369s] [100%] Built target sensor_fusion_node
[0.418s] Invoked command in '/root/deepracer_ws/aws-deepracer-launcher/build/sensor_fusion_pkg' returned '0': AMENT_PREFIX_PATH=/root/deepracer_ws/aws-deepracer-launcher/install/deepracer_interfaces_pkg CMAKE_PREFIX_PATH=/root/deepracer_ws/aws-deepracer-launcher/install/deepracer_interfaces_pkg LD_LIBRARY_PATH=/root/deepracer_ws/aws-deepracer-launcher/install/deepracer_interfaces_pkg/lib PYTHONPATH=/root/deepracer_ws/aws-deepracer-launcher/install/deepracer_interfaces_pkg/lib/python3.8/site-packages /usr/bin/cmake --build /root/deepracer_ws/aws-deepracer-launcher/build/sensor_fusion_pkg -- -j2 -l2
[0.507s] Invoking command in '/root/deepracer_ws/aws-deepracer-launcher/build/sensor_fusion_pkg': AMENT_PREFIX_PATH=/root/deepracer_ws/aws-deepracer-launcher/install/deepracer_interfaces_pkg CMAKE_PREFIX_PATH=/root/deepracer_ws/aws-deepracer-launcher/install/deepracer_interfaces_pkg LD_LIBRARY_PATH=/root/deepracer_ws/aws-deepracer-launcher/install/deepracer_interfaces_pkg/lib PYTHONPATH=/root/deepracer_ws/aws-deepracer-launcher/install/deepracer_interfaces_pkg/lib/python3.8/site-packages /usr/bin/cmake --install /root/deepracer_ws/aws-deepracer-launcher/build/sensor_fusion_pkg
[0.540s] -- Install configuration: ""
[0.541s] -- Up-to-date: /root/deepracer_ws/aws-deepracer-launcher/install/sensor_fusion_pkg/lib/sensor_fusion_pkg/sensor_fusion_node
[0.543s] -- Up-to-date: /root/deepracer_ws/aws-deepracer-launcher/install/sensor_fusion_pkg/share/sensor_fusion_pkg//launch
[0.543s] -- Up-to-date: /root/deepracer_ws/aws-deepracer-launcher/install/sensor_fusion_pkg/share/sensor_fusion_pkg//launch/sensor_fusion_launch.py
[0.545s] -- Up-to-date: /root/deepracer_ws/aws-deepracer-launcher/install/sensor_fusion_pkg/share/ament_index/resource_index/package_run_dependencies/sensor_fusion_pkg
[0.546s] -- Up-to-date: /root/deepracer_ws/aws-deepracer-launcher/install/sensor_fusion_pkg/share/ament_index/resource_index/parent_prefix_path/sensor_fusion_pkg
[0.547s] -- Up-to-date: /root/deepracer_ws/aws-deepracer-launcher/install/sensor_fusion_pkg/share/sensor_fusion_pkg/environment/ament_prefix_path.sh
[0.547s] -- Up-to-date: /root/deepracer_ws/aws-deepracer-launcher/install/sensor_fusion_pkg/share/sensor_fusion_pkg/environment/ament_prefix_path.dsv
[0.549s] -- Up-to-date: /root/deepracer_ws/aws-deepracer-launcher/install/sensor_fusion_pkg/share/sensor_fusion_pkg/environment/path.sh
[0.550s] -- Up-to-date: /root/deepracer_ws/aws-deepracer-launcher/install/sensor_fusion_pkg/share/sensor_fusion_pkg/environment/path.dsv
[0.551s] -- Up-to-date: /root/deepracer_ws/aws-deepracer-launcher/install/sensor_fusion_pkg/share/sensor_fusion_pkg/local_setup.bash
[0.552s] -- Up-to-date: /root/deepracer_ws/aws-deepracer-launcher/install/sensor_fusion_pkg/share/sensor_fusion_pkg/local_setup.sh
[0.553s] -- Up-to-date: /root/deepracer_ws/aws-deepracer-launcher/install/sensor_fusion_pkg/share/sensor_fusion_pkg/local_setup.zsh
[0.554s] -- Up-to-date: /root/deepracer_ws/aws-deepracer-launcher/install/sensor_fusion_pkg/share/sensor_fusion_pkg/local_setup.dsv
[0.556s] -- Installing: /root/deepracer_ws/aws-deepracer-launcher/install/sensor_fusion_pkg/share/sensor_fusion_pkg/package.dsv
[0.557s] -- Up-to-date: /root/deepracer_ws/aws-deepracer-launcher/install/sensor_fusion_pkg/share/ament_index/resource_index/packages/sensor_fusion_pkg
[0.558s] -- Up-to-date: /root/deepracer_ws/aws-deepracer-launcher/install/sensor_fusion_pkg/share/sensor_fusion_pkg/cmake/sensor_fusion_pkgConfig.cmake
[0.558s] -- Up-to-date: /root/deepracer_ws/aws-deepracer-launcher/install/sensor_fusion_pkg/share/sensor_fusion_pkg/cmake/sensor_fusion_pkgConfig-version.cmake
[0.559s] -- Up-to-date: /root/deepracer_ws/aws-deepracer-launcher/install/sensor_fusion_pkg/share/sensor_fusion_pkg/package.xml
[0.574s] Invoked command in '/root/deepracer_ws/aws-deepracer-launcher/build/sensor_fusion_pkg' returned '0': AMENT_PREFIX_PATH=/root/deepracer_ws/aws-deepracer-launcher/install/deepracer_interfaces_pkg CMAKE_PREFIX_PATH=/root/deepracer_ws/aws-deepracer-launcher/install/deepracer_interfaces_pkg LD_LIBRARY_PATH=/root/deepracer_ws/aws-deepracer-launcher/install/deepracer_interfaces_pkg/lib PYTHONPATH=/root/deepracer_ws/aws-deepracer-launcher/install/deepracer_interfaces_pkg/lib/python3.8/site-packages /usr/bin/cmake --install /root/deepracer_ws/aws-deepracer-launcher/build/sensor_fusion_pkg
