[0.099s] Invoking command in '/root/deepracer_ws/aws-deepracer-launcher/build/async_web_server_cpp': /usr/bin/cmake --build /root/deepracer_ws/aws-deepracer-launcher/build/async_web_server_cpp -- -j2 -l2
[0.271s] [ 83%] Built target async_web_server_cpp
[0.344s] [100%] Built target test_web_server
[0.378s] Invoked command in '/root/deepracer_ws/aws-deepracer-launcher/build/async_web_server_cpp' returned '0': /usr/bin/cmake --build /root/deepracer_ws/aws-deepracer-launcher/build/async_web_server_cpp -- -j2 -l2
[0.658s] Invoking command in '/root/deepracer_ws/aws-deepracer-launcher/build/async_web_server_cpp': /usr/bin/cmake --install /root/deepracer_ws/aws-deepracer-launcher/build/async_web_server_cpp
[0.686s] -- Install configuration: ""
[0.688s] -- Up-to-date: /root/deepracer_ws/aws-deepracer-launcher/install/async_web_server_cpp/share/async_web_server_cpp/environment/library_path.sh
[0.689s] -- Up-to-date: /root/deepracer_ws/aws-deepracer-launcher/install/async_web_server_cpp/share/async_web_server_cpp/environment/library_path.dsv
[0.690s] -- Up-to-date: /root/deepracer_ws/aws-deepracer-launcher/install/async_web_server_cpp/share/ament_index/resource_index/package_run_dependencies/async_web_server_cpp
[0.691s] -- Up-to-date: /root/deepracer_ws/aws-deepracer-launcher/install/async_web_server_cpp/share/ament_index/resource_index/parent_prefix_path/async_web_server_cpp
[0.695s] -- Up-to-date: /root/deepracer_ws/aws-deepracer-launcher/install/async_web_server_cpp/share/async_web_server_cpp/environment/ament_prefix_path.sh
[0.696s] -- Up-to-date: /root/deepracer_ws/aws-deepracer-launcher/install/async_web_server_cpp/share/async_web_server_cpp/environment/ament_prefix_path.dsv
[0.697s] -- Up-to-date: /root/deepracer_ws/aws-deepracer-launcher/install/async_web_server_cpp/share/async_web_server_cpp/environment/path.sh
[0.698s] -- Up-to-date: /root/deepracer_ws/aws-deepracer-launcher/install/async_web_server_cpp/share/async_web_server_cpp/environment/path.dsv
[0.699s] -- Up-to-date: /root/deepracer_ws/aws-deepracer-launcher/install/async_web_server_cpp/share/async_web_server_cpp/local_setup.bash
[0.700s] -- Up-to-date: /root/deepracer_ws/aws-deepracer-launcher/install/async_web_server_cpp/share/async_web_server_cpp/local_setup.sh
[0.701s] -- Up-to-date: /root/deepracer_ws/aws-deepracer-launcher/install/async_web_server_cpp/share/async_web_server_cpp/local_setup.zsh
[0.702s] -- Up-to-date: /root/deepracer_ws/aws-deepracer-launcher/install/async_web_server_cpp/share/async_web_server_cpp/local_setup.dsv
[0.703s] -- Installing: /root/deepracer_ws/aws-deepracer-launcher/install/async_web_server_cpp/share/async_web_server_cpp/package.dsv
[0.705s] -- Up-to-date: /root/deepracer_ws/aws-deepracer-launcher/install/async_web_server_cpp/share/ament_index/resource_index/packages/async_web_server_cpp
[0.706s] -- Up-to-date: /root/deepracer_ws/aws-deepracer-launcher/install/async_web_server_cpp/share/async_web_server_cpp/cmake/ament_cmake_export_dependencies-extras.cmake
[0.707s] -- Up-to-date: /root/deepracer_ws/aws-deepracer-launcher/install/async_web_server_cpp/share/async_web_server_cpp/cmake/ament_cmake_export_include_directories-extras.cmake
[0.708s] -- Up-to-date: /root/deepracer_ws/aws-deepracer-launcher/install/async_web_server_cpp/share/async_web_server_cpp/cmake/ament_cmake_export_libraries-extras.cmake
[0.709s] -- Up-to-date: /root/deepracer_ws/aws-deepracer-launcher/install/async_web_server_cpp/share/async_web_server_cpp/cmake/async_web_server_cppConfig.cmake
[0.710s] -- Up-to-date: /root/deepracer_ws/aws-deepracer-launcher/install/async_web_server_cpp/share/async_web_server_cpp/cmake/async_web_server_cppConfig-version.cmake
[0.711s] -- Up-to-date: /root/deepracer_ws/aws-deepracer-launcher/install/async_web_server_cpp/share/async_web_server_cpp/package.xml
[0.712s] -- Up-to-date: /root/deepracer_ws/aws-deepracer-launcher/install/async_web_server_cpp/lib/libasync_web_server_cpp.so
[0.714s] -- Up-to-date: /root/deepracer_ws/aws-deepracer-launcher/install/async_web_server_cpp/include/async_web_server_cpp
[0.714s] -- Up-to-date: /root/deepracer_ws/aws-deepracer-launcher/install/async_web_server_cpp/include/async_web_server_cpp/http_header.hpp
[0.715s] -- Up-to-date: /root/deepracer_ws/aws-deepracer-launcher/install/async_web_server_cpp/include/async_web_server_cpp/http_request.hpp
[0.716s] -- Up-to-date: /root/deepracer_ws/aws-deepracer-launcher/install/async_web_server_cpp/include/async_web_server_cpp/http_request_handler.hpp
[0.717s] -- Up-to-date: /root/deepracer_ws/aws-deepracer-launcher/install/async_web_server_cpp/include/async_web_server_cpp/http_request_parser.hpp
[0.717s] -- Up-to-date: /root/deepracer_ws/aws-deepracer-launcher/install/async_web_server_cpp/include/async_web_server_cpp/http_server.hpp
[0.718s] -- Up-to-date: /root/deepracer_ws/aws-deepracer-launcher/install/async_web_server_cpp/include/async_web_server_cpp/websocket_connection.hpp
[0.719s] -- Up-to-date: /root/deepracer_ws/aws-deepracer-launcher/install/async_web_server_cpp/include/async_web_server_cpp/websocket_message.hpp
[0.721s] -- Up-to-date: /root/deepracer_ws/aws-deepracer-launcher/install/async_web_server_cpp/include/async_web_server_cpp/websocket_request_handler.hpp
[0.721s] -- Up-to-date: /root/deepracer_ws/aws-deepracer-launcher/install/async_web_server_cpp/include/async_web_server_cpp/http_connection.hpp
[0.722s] -- Up-to-date: /root/deepracer_ws/aws-deepracer-launcher/install/async_web_server_cpp/include/async_web_server_cpp/http_reply.hpp
[0.734s] Invoked command in '/root/deepracer_ws/aws-deepracer-launcher/build/async_web_server_cpp' returned '0': /usr/bin/cmake --install /root/deepracer_ws/aws-deepracer-launcher/build/async_web_server_cpp
