[0.150s] Invoking command in '/root/deepracer_ws/aws-deepracer-launcher/build/rplidar_ros2': CMAKE_PREFIX_PATH=/opt/ros/foxy /usr/bin/cmake /root/deepracer_ws/aws-deepracer-launcher/rplidar_ros -DCMAKE_INSTALL_PREFIX=/root/deepracer_ws/aws-deepracer-launcher/install/rplidar_ros2
[0.511s] -- The C compiler identification is GNU 9.3.0
[0.866s] -- The CXX compiler identification is GNU 9.3.0
[1.044s] -- Check for working C compiler: /usr/bin/cc
[1.262s] -- Check for working C compiler: /usr/bin/cc -- works
[1.421s] -- Detecting C compiler ABI info
[1.790s] -- Detecting C compiler ABI info - done
[1.834s] -- Detecting C compile features
[1.837s] -- Detecting C compile features - done
[1.849s] -- Check for working CXX compiler: /usr/bin/c++
[2.099s] -- Check for working CXX compiler: /usr/bin/c++ -- works
[2.103s] -- Detecting CXX compiler ABI info
[2.503s] -- Detecting CXX compiler ABI info - done
[2.552s] -- Detecting CXX compile features
[2.554s] -- Detecting CXX compile features - done
[2.564s] -- Found ament_cmake: 0.9.8 (/opt/ros/foxy/share/ament_cmake/cmake)
[2.811s] -- Found PythonInterp: /usr/bin/python3 (found suitable version "3.8.10", minimum required is "3") 
[2.812s] -- Using PYTHON_EXECUTABLE: /usr/bin/python3
[4.222s] -- Found rclcpp: 2.3.0 (/opt/ros/foxy/share/rclcpp/cmake)
[4.376s] -- Using all available rosidl_typesupport_c: rosidl_typesupport_fastrtps_c;rosidl_typesupport_introspection_c
[4.400s] -- Found rosidl_adapter: 1.2.0 (/opt/ros/foxy/share/rosidl_adapter/cmake)
[4.793s] -- Found OpenSSL: /usr/lib/x86_64-linux-gnu/libcrypto.so (found version "1.1.1f")  
[4.881s] -- Found FastRTPS: /opt/ros/foxy/include  
[5.454s] -- Using all available rosidl_typesupport_cpp: rosidl_typesupport_fastrtps_cpp;rosidl_typesupport_introspection_cpp
[5.678s] -- Found rmw_implementation_cmake: 1.0.2 (/opt/ros/foxy/share/rmw_implementation_cmake/cmake)
[5.686s] -- Using RMW implementation 'rmw_fastrtps_cpp' as default
[5.693s] -- Looking for pthread.h
[5.929s] -- Looking for pthread.h - found
[5.930s] -- Performing Test CMAKE_HAVE_LIBC_PTHREAD
[6.160s] -- Performing Test CMAKE_HAVE_LIBC_PTHREAD - Failed
[6.162s] -- Looking for pthread_create in pthreads
[6.326s] -- Looking for pthread_create in pthreads - not found
[6.328s] -- Looking for pthread_create in pthread
[6.547s] -- Looking for pthread_create in pthread - found
[6.551s] -- Found Threads: TRUE  
[7.594s] -- Found sensor_msgs: 2.0.3 (/opt/ros/foxy/share/sensor_msgs/cmake)
[8.510s] -- Found std_srvs: 2.0.3 (/opt/ros/foxy/share/std_srvs/cmake)
[8.950s] -- Configuring done
[8.984s] -- Generating done
[8.990s] -- Build files have been written to: /root/deepracer_ws/aws-deepracer-launcher/build/rplidar_ros2
[9.013s] Invoked command in '/root/deepracer_ws/aws-deepracer-launcher/build/rplidar_ros2' returned '0': CMAKE_PREFIX_PATH=/opt/ros/foxy /usr/bin/cmake /root/deepracer_ws/aws-deepracer-launcher/rplidar_ros -DCMAKE_INSTALL_PREFIX=/root/deepracer_ws/aws-deepracer-launcher/install/rplidar_ros2
[9.017s] Invoking command in '/root/deepracer_ws/aws-deepracer-launcher/build/rplidar_ros2': CMAKE_PREFIX_PATH=/opt/ros/foxy /usr/bin/cmake --build /root/deepracer_ws/aws-deepracer-launcher/build/rplidar_ros2 -- -j2 -l2
[9.141s] [35m[1mScanning dependencies of target rplidar_scan_publisher[0m
[9.455s] [ 14%] [32mBuilding CXX object CMakeFiles/rplidar_scan_publisher.dir/src/rplidar_scan_publisher.cpp.o[0m
[14.898s] In file included from [01m[K/root/deepracer_ws/aws-deepracer-launcher/rplidar_ros/./sdk/include/rplidar.h:39[m[K,
[14.898s]                  from [01m[K/root/deepracer_ws/aws-deepracer-launcher/rplidar_ros/src/rplidar_scan_publisher.cpp:38[m[K:
[14.898s] [01m[K/root/deepracer_ws/aws-deepracer-launcher/rplidar_ros/./sdk/include/rplidar_protocol.h:59:14:[m[K [01;35m[Kwarning: [m[KISO C++ forbids zero-size array ‘[01m[Kdata[m[K’ [[01;35m[K-Wpedantic[m[K]
[14.899s]    59 |     _u8 data[[01;35m[K0[m[K];
[14.899s]       |              [01;35m[K^[m[K
[14.900s] In file included from [01m[K/root/deepracer_ws/aws-deepracer-launcher/rplidar_ros/./sdk/include/rplidar.h:40[m[K,
[14.901s]                  from [01m[K/root/deepracer_ws/aws-deepracer-launcher/rplidar_ros/src/rplidar_scan_publisher.cpp:38[m[K:
[14.901s] [01m[K/root/deepracer_ws/aws-deepracer-launcher/rplidar_ros/./sdk/include/rplidar_cmd.h:260:18:[m[K [01;35m[Kwarning: [m[KISO C++ forbids zero-size array ‘[01m[Kpayload[m[K’ [[01;35m[K-Wpedantic[m[K]
[14.902s]   260 |     _u8  payload[[01;35m[K0[m[K];
[14.902s]       |                  [01;35m[K^[m[K
[24.938s] [ 28%] [32mBuilding CXX object CMakeFiles/rplidar_scan_publisher.dir/sdk/src/arch/linux/net_serial.cpp.o[0m
[27.722s] [ 42%] [32mBuilding CXX object CMakeFiles/rplidar_scan_publisher.dir/sdk/src/arch/linux/net_socket.cpp.o[0m
[29.568s] In file included from [01m[K/root/deepracer_ws/aws-deepracer-launcher/rplidar_ros/./sdk/include/rplidar.h:39[m[K,
[29.569s]                  from [01m[K/root/deepracer_ws/aws-deepracer-launcher/rplidar_ros/./sdk/src/sdkcommon.h:48[m[K,
[29.569s]                  from [01m[K/root/deepracer_ws/aws-deepracer-launcher/rplidar_ros/sdk/src/arch/linux/net_socket.cpp:10[m[K:
[29.569s] [01m[K/root/deepracer_ws/aws-deepracer-launcher/rplidar_ros/./sdk/include/rplidar_protocol.h:59:14:[m[K [01;35m[Kwarning: [m[KISO C++ forbids zero-size array ‘[01m[Kdata[m[K’ [[01;35m[K-Wpedantic[m[K]
[29.570s]    59 |     _u8 data[[01;35m[K0[m[K];
[29.570s]       |              [01;35m[K^[m[K
[29.571s] In file included from [01m[K/root/deepracer_ws/aws-deepracer-launcher/rplidar_ros/./sdk/include/rplidar.h:40[m[K,
[29.571s]                  from [01m[K/root/deepracer_ws/aws-deepracer-launcher/rplidar_ros/./sdk/src/sdkcommon.h:48[m[K,
[29.571s]                  from [01m[K/root/deepracer_ws/aws-deepracer-launcher/rplidar_ros/sdk/src/arch/linux/net_socket.cpp:10[m[K:
[29.572s] [01m[K/root/deepracer_ws/aws-deepracer-launcher/rplidar_ros/./sdk/include/rplidar_cmd.h:260:18:[m[K [01;35m[Kwarning: [m[KISO C++ forbids zero-size array ‘[01m[Kpayload[m[K’ [[01;35m[K-Wpedantic[m[K]
[29.572s]   260 |     _u8  payload[[01;35m[K0[m[K];
[29.572s]       |                  [01;35m[K^[m[K
[30.530s] [ 57%] [32mBuilding CXX object CMakeFiles/rplidar_scan_publisher.dir/sdk/src/arch/linux/timer.cpp.o[0m
[32.582s] [ 71%] [32mBuilding CXX object CMakeFiles/rplidar_scan_publisher.dir/sdk/src/hal/thread.cpp.o[0m
[34.541s] In file included from [01m[K/root/deepracer_ws/aws-deepracer-launcher/rplidar_ros/./sdk/include/rplidar.h:39[m[K,
[34.541s]                  from [01m[K/root/deepracer_ws/aws-deepracer-launcher/rplidar_ros/./sdk/src/sdkcommon.h:48[m[K,
[34.542s]                  from [01m[K/root/deepracer_ws/aws-deepracer-launcher/rplidar_ros/sdk/src/hal/thread.cpp:35[m[K:
[34.542s] [01m[K/root/deepracer_ws/aws-deepracer-launcher/rplidar_ros/./sdk/include/rplidar_protocol.h:59:14:[m[K [01;35m[Kwarning: [m[KISO C++ forbids zero-size array ‘[01m[Kdata[m[K’ [[01;35m[K-Wpedantic[m[K]
[34.542s]    59 |     _u8 data[[01;35m[K0[m[K];
[34.543s]       |              [01;35m[K^[m[K
[34.546s] In file included from [01m[K/root/deepracer_ws/aws-deepracer-launcher/rplidar_ros/./sdk/include/rplidar.h:40[m[K,
[34.546s]                  from [01m[K/root/deepracer_ws/aws-deepracer-launcher/rplidar_ros/./sdk/src/sdkcommon.h:48[m[K,
[34.546s]                  from [01m[K/root/deepracer_ws/aws-deepracer-launcher/rplidar_ros/sdk/src/hal/thread.cpp:35[m[K:
[34.547s] [01m[K/root/deepracer_ws/aws-deepracer-launcher/rplidar_ros/./sdk/include/rplidar_cmd.h:260:18:[m[K [01;35m[Kwarning: [m[KISO C++ forbids zero-size array ‘[01m[Kpayload[m[K’ [[01;35m[K-Wpedantic[m[K]
[34.547s]   260 |     _u8  payload[[01;35m[K0[m[K];
[34.547s]       |                  [01;35m[K^[m[K
[34.556s] In file included from [01m[K/root/deepracer_ws/aws-deepracer-launcher/rplidar_ros/sdk/src/hal/thread.cpp:43[m[K:
[34.557s] [01m[K/root/deepracer_ws/aws-deepracer-launcher/rplidar_ros/./sdk/src/arch/linux/thread.hpp:[m[K In static member function ‘[01m[Kstatic rp::hal::Thread rp::hal::Thread::create(thread_proc_t, void*)[m[K’:
[34.557s] [01m[K/root/deepracer_ws/aws-deepracer-launcher/rplidar_ros/./sdk/src/arch/linux/thread.hpp:48:77:[m[K [01;35m[Kwarning: [m[Kcast between incompatible function types from ‘[01m[Kthread_proc_t[m[K’ {aka ‘[01m[Klong unsigned int (*)(void*)[m[K’} to ‘[01m[Kvoid* (*)(void*)[m[K’ [[01;35m[K-Wcast-function-type[m[K]
[34.557s]    48 | ad_create((pthread_t *)&newborn._handle, NULL, (void * (*)(void *))[01;35m[Kproc[m[K, data);
[34.558s]       |                                                                    [01;35m[K^~~~[m[K
[34.558s] 
[34.970s] [ 85%] [32mBuilding CXX object CMakeFiles/rplidar_scan_publisher.dir/sdk/src/rplidar_driver.cpp.o[0m
[36.622s] In file included from [01m[K/root/deepracer_ws/aws-deepracer-launcher/rplidar_ros/./sdk/include/rplidar.h:39[m[K,
[36.623s]                  from [01m[K/root/deepracer_ws/aws-deepracer-launcher/rplidar_ros/sdk/src/sdkcommon.h:48[m[K,
[36.623s]                  from [01m[K/root/deepracer_ws/aws-deepracer-launcher/rplidar_ros/sdk/src/rplidar_driver.cpp:35[m[K:
[36.624s] [01m[K/root/deepracer_ws/aws-deepracer-launcher/rplidar_ros/./sdk/include/rplidar_protocol.h:59:14:[m[K [01;35m[Kwarning: [m[KISO C++ forbids zero-size array ‘[01m[Kdata[m[K’ [[01;35m[K-Wpedantic[m[K]
[36.624s]    59 |     _u8 data[[01;35m[K0[m[K];
[36.625s]       |              [01;35m[K^[m[K
[36.636s] In file included from [01m[K/root/deepracer_ws/aws-deepracer-launcher/rplidar_ros/./sdk/include/rplidar.h:40[m[K,
[36.637s]                  from [01m[K/root/deepracer_ws/aws-deepracer-launcher/rplidar_ros/sdk/src/sdkcommon.h:48[m[K,
[36.637s]                  from [01m[K/root/deepracer_ws/aws-deepracer-launcher/rplidar_ros/sdk/src/rplidar_driver.cpp:35[m[K:
[36.638s] [01m[K/root/deepracer_ws/aws-deepracer-launcher/rplidar_ros/./sdk/include/rplidar_cmd.h:260:18:[m[K [01;35m[Kwarning: [m[KISO C++ forbids zero-size array ‘[01m[Kpayload[m[K’ [[01;35m[K-Wpedantic[m[K]
[36.638s]   260 |     _u8  payload[[01;35m[K0[m[K];
[36.639s]       |                  [01;35m[K^[m[K
[37.022s] [01m[K/root/deepracer_ws/aws-deepracer-launcher/rplidar_ros/sdk/src/rplidar_driver.cpp:[m[K In member function ‘[01m[Kvirtual void rp::standalone::rplidar::RPlidarDriverImplCommon::_ultraCapsuleToNormal(const rplidar_response_ultra_capsule_measurement_nodes_t&, rplidar_response_measurement_node_hq_t*, size_t&)[m[K’:
[37.023s] [01m[K/root/deepracer_ws/aws-deepracer-launcher/rplidar_ros/sdk/src/rplidar_driver.cpp:1208:32:[m[K [01;35m[Kwarning: [m[Kcomparison of integer expressions of different signedness: ‘[01m[Kint[m[K’ and ‘[01m[Kunsigned int[m[K’ [[01;35m[K-Wsign-compare[m[K]
[37.023s]  1208 |             if (([01;35m[Kdist_predict1 == 0xFFFFFE00[m[K) || (dist_predict1 == 0x1FF)) {
[37.024s]       |                  [01;35m[K~~~~~~~~~~~~~~^~~~~~~~~~~~~[m[K
[37.025s] [01m[K/root/deepracer_ws/aws-deepracer-launcher/rplidar_ros/sdk/src/rplidar_driver.cpp:1216:32:[m[K [01;35m[Kwarning: [m[Kcomparison of integer expressions of different signedness: ‘[01m[Kint[m[K’ and ‘[01m[Kunsigned int[m[K’ [[01;35m[K-Wsign-compare[m[K]
[37.025s]  1216 |             if (([01;35m[Kdist_predict2 == 0xFFFFFE00[m[K) || (dist_predict2 == 0x1FF)) {
[37.026s]       |                  [01;35m[K~~~~~~~~~~~~~~^~~~~~~~~~~~~[m[K
[38.934s] [100%] [32m[1mLinking CXX executable rplidar_scan_publisher[0m
[41.044s] [100%] Built target rplidar_scan_publisher
[41.081s] Invoked command in '/root/deepracer_ws/aws-deepracer-launcher/build/rplidar_ros2' returned '0': CMAKE_PREFIX_PATH=/opt/ros/foxy /usr/bin/cmake --build /root/deepracer_ws/aws-deepracer-launcher/build/rplidar_ros2 -- -j2 -l2
[41.331s] Invoking command in '/root/deepracer_ws/aws-deepracer-launcher/build/rplidar_ros2': CMAKE_PREFIX_PATH=/opt/ros/foxy /usr/bin/cmake --install /root/deepracer_ws/aws-deepracer-launcher/build/rplidar_ros2
[41.362s] -- Install configuration: ""
[41.363s] -- Installing: /root/deepracer_ws/aws-deepracer-launcher/install/rplidar_ros2/share/rplidar_ros2/launch
[41.364s] -- Installing: /root/deepracer_ws/aws-deepracer-launcher/install/rplidar_ros2/share/rplidar_ros2/launch/rplidar_a3_launch.py
[41.365s] -- Installing: /root/deepracer_ws/aws-deepracer-launcher/install/rplidar_ros2/share/rplidar_ros2/launch/rplidar_launch.py
[41.366s] -- Installing: /root/deepracer_ws/aws-deepracer-launcher/install/rplidar_ros2/share/rplidar_ros2/launch/rplidar_s1_launch.py
[41.368s] -- Installing: /root/deepracer_ws/aws-deepracer-launcher/install/rplidar_ros2/share/rplidar_ros2/launch/rplidar_s1_tcp_launch.py
[41.369s] -- Installing: /root/deepracer_ws/aws-deepracer-launcher/install/rplidar_ros2/share/rplidar_ros2/launch/view_rplidar_a3_launch.py
[41.370s] -- Installing: /root/deepracer_ws/aws-deepracer-launcher/install/rplidar_ros2/share/rplidar_ros2/launch/view_rplidar_launch.py
[41.371s] -- Installing: /root/deepracer_ws/aws-deepracer-launcher/install/rplidar_ros2/share/rplidar_ros2/launch/view_rplidar_s1_launch.py
[41.372s] -- Installing: /root/deepracer_ws/aws-deepracer-launcher/install/rplidar_ros2/share/rplidar_ros2/launch/view_rplidar_s1_tcp_launch.py
[41.373s] -- Installing: /root/deepracer_ws/aws-deepracer-launcher/install/rplidar_ros2/share/rplidar_ros2/rviz
[41.374s] -- Installing: /root/deepracer_ws/aws-deepracer-launcher/install/rplidar_ros2/share/rplidar_ros2/rviz/rplidar_ros2.rviz
[41.376s] -- Installing: /root/deepracer_ws/aws-deepracer-launcher/install/rplidar_ros2/lib/rplidar_ros2/rplidar_scan_publisher
[41.483s] -- Set runtime path of "/root/deepracer_ws/aws-deepracer-launcher/install/rplidar_ros2/lib/rplidar_ros2/rplidar_scan_publisher" to ""
[41.484s] -- Installing: /root/deepracer_ws/aws-deepracer-launcher/install/rplidar_ros2/share/ament_index/resource_index/package_run_dependencies/rplidar_ros2
[41.486s] -- Installing: /root/deepracer_ws/aws-deepracer-launcher/install/rplidar_ros2/share/ament_index/resource_index/parent_prefix_path/rplidar_ros2
[41.488s] -- Installing: /root/deepracer_ws/aws-deepracer-launcher/install/rplidar_ros2/share/rplidar_ros2/environment/ament_prefix_path.sh
[41.489s] -- Installing: /root/deepracer_ws/aws-deepracer-launcher/install/rplidar_ros2/share/rplidar_ros2/environment/ament_prefix_path.dsv
[41.491s] -- Installing: /root/deepracer_ws/aws-deepracer-launcher/install/rplidar_ros2/share/rplidar_ros2/environment/path.sh
[41.492s] -- Installing: /root/deepracer_ws/aws-deepracer-launcher/install/rplidar_ros2/share/rplidar_ros2/environment/path.dsv
[41.493s] -- Installing: /root/deepracer_ws/aws-deepracer-launcher/install/rplidar_ros2/share/rplidar_ros2/local_setup.bash
[41.495s] -- Installing: /root/deepracer_ws/aws-deepracer-launcher/install/rplidar_ros2/share/rplidar_ros2/local_setup.sh
[41.502s] -- Installing: /root/deepracer_ws/aws-deepracer-launcher/install/rplidar_ros2/share/rplidar_ros2/local_setup.zsh
[41.504s] -- Installing: /root/deepracer_ws/aws-deepracer-launcher/install/rplidar_ros2/share/rplidar_ros2/local_setup.dsv
[41.506s] -- Installing: /root/deepracer_ws/aws-deepracer-launcher/install/rplidar_ros2/share/rplidar_ros2/package.dsv
[41.507s] -- Installing: /root/deepracer_ws/aws-deepracer-launcher/install/rplidar_ros2/share/ament_index/resource_index/packages/rplidar_ros2
[41.509s] -- Installing: /root/deepracer_ws/aws-deepracer-launcher/install/rplidar_ros2/share/rplidar_ros2/cmake/ament_cmake_export_dependencies-extras.cmake
[41.510s] -- Installing: /root/deepracer_ws/aws-deepracer-launcher/install/rplidar_ros2/share/rplidar_ros2/cmake/ament_cmake_export_include_directories-extras.cmake
[41.512s] -- Installing: /root/deepracer_ws/aws-deepracer-launcher/install/rplidar_ros2/share/rplidar_ros2/cmake/rplidar_ros2Config.cmake
[41.513s] -- Installing: /root/deepracer_ws/aws-deepracer-launcher/install/rplidar_ros2/share/rplidar_ros2/cmake/rplidar_ros2Config-version.cmake
[41.518s] -- Installing: /root/deepracer_ws/aws-deepracer-launcher/install/rplidar_ros2/share/rplidar_ros2/package.xml
[41.530s] Invoked command in '/root/deepracer_ws/aws-deepracer-launcher/build/rplidar_ros2' returned '0': CMAKE_PREFIX_PATH=/opt/ros/foxy /usr/bin/cmake --install /root/deepracer_ws/aws-deepracer-launcher/build/rplidar_ros2
