[0.165s] Invoking command in '/root/deepracer_ws/aws-deepracer-launcher/build/servo_pkg': AMENT_PREFIX_PATH=/root/deepracer_ws/aws-deepracer-launcher/install/deepracer_interfaces_pkg:${AMENT_PREFIX_PATH} CMAKE_PREFIX_PATH=/root/deepracer_ws/aws-deepracer-launcher/install/deepracer_interfaces_pkg:/opt/ros/foxy LD_LIBRARY_PATH=/root/deepracer_ws/aws-deepracer-launcher/install/deepracer_interfaces_pkg/lib:${LD_LIBRARY_PATH} PYTHONPATH=/root/deepracer_ws/aws-deepracer-launcher/install/deepracer_interfaces_pkg/lib/python3.8/site-packages:${PYTHONPATH} /usr/bin/cmake --build /root/deepracer_ws/aws-deepracer-launcher/build/servo_pkg -- -j2 -l2
[0.805s] [100%] Built target servo_node
[0.902s] Invoked command in '/root/deepracer_ws/aws-deepracer-launcher/build/servo_pkg' returned '0': AMENT_PREFIX_PATH=/root/deepracer_ws/aws-deepracer-launcher/install/deepracer_interfaces_pkg:${AMENT_PREFIX_PATH} CMAKE_PREFIX_PATH=/root/deepracer_ws/aws-deepracer-launcher/install/deepracer_interfaces_pkg:/opt/ros/foxy LD_LIBRARY_PATH=/root/deepracer_ws/aws-deepracer-launcher/install/deepracer_interfaces_pkg/lib:${LD_LIBRARY_PATH} PYTHONPATH=/root/deepracer_ws/aws-deepracer-launcher/install/deepracer_interfaces_pkg/lib/python3.8/site-packages:${PYTHONPATH} /usr/bin/cmake --build /root/deepracer_ws/aws-deepracer-launcher/build/servo_pkg -- -j2 -l2
[1.567s] Invoking command in '/root/deepracer_ws/aws-deepracer-launcher/build/servo_pkg': AMENT_PREFIX_PATH=/root/deepracer_ws/aws-deepracer-launcher/install/deepracer_interfaces_pkg:${AMENT_PREFIX_PATH} CMAKE_PREFIX_PATH=/root/deepracer_ws/aws-deepracer-launcher/install/deepracer_interfaces_pkg:/opt/ros/foxy LD_LIBRARY_PATH=/root/deepracer_ws/aws-deepracer-launcher/install/deepracer_interfaces_pkg/lib:${LD_LIBRARY_PATH} PYTHONPATH=/root/deepracer_ws/aws-deepracer-launcher/install/deepracer_interfaces_pkg/lib/python3.8/site-packages:${PYTHONPATH} /usr/bin/cmake --install /root/deepracer_ws/aws-deepracer-launcher/build/servo_pkg
[1.689s] -- Install configuration: ""
[1.690s] -- Up-to-date: /root/deepracer_ws/aws-deepracer-launcher/install/servo_pkg/lib/servo_pkg/servo_node
[1.694s] -- Up-to-date: /root/deepracer_ws/aws-deepracer-launcher/install/servo_pkg/include
[1.695s] -- Up-to-date: /root/deepracer_ws/aws-deepracer-launcher/install/servo_pkg/include/servo_pkg
[1.695s] -- Up-to-date: /root/deepracer_ws/aws-deepracer-launcher/install/servo_pkg/include/servo_pkg/bios_version.hpp
[1.695s] -- Up-to-date: /root/deepracer_ws/aws-deepracer-launcher/install/servo_pkg/include/servo_pkg/led_mgr.hpp
[1.696s] -- Up-to-date: /root/deepracer_ws/aws-deepracer-launcher/install/servo_pkg/include/servo_pkg/pwm.hpp
[1.696s] -- Up-to-date: /root/deepracer_ws/aws-deepracer-launcher/install/servo_pkg/include/servo_pkg/servo_mgr.hpp
[1.696s] -- Up-to-date: /root/deepracer_ws/aws-deepracer-launcher/install/servo_pkg/include/servo_pkg/utility.hpp
[1.696s] -- Up-to-date: /root/deepracer_ws/aws-deepracer-launcher/install/servo_pkg/share/servo_pkg//launch
[1.697s] -- Up-to-date: /root/deepracer_ws/aws-deepracer-launcher/install/servo_pkg/share/servo_pkg//launch/servo_pkg_launch.py
[1.697s] -- Up-to-date: /root/deepracer_ws/aws-deepracer-launcher/install/servo_pkg/share/ament_index/resource_index/package_run_dependencies/servo_pkg
[1.706s] -- Up-to-date: /root/deepracer_ws/aws-deepracer-launcher/install/servo_pkg/share/ament_index/resource_index/parent_prefix_path/servo_pkg
[1.708s] -- Up-to-date: /root/deepracer_ws/aws-deepracer-launcher/install/servo_pkg/share/servo_pkg/environment/ament_prefix_path.sh
[1.726s] -- Up-to-date: /root/deepracer_ws/aws-deepracer-launcher/install/servo_pkg/share/servo_pkg/environment/ament_prefix_path.dsv
[1.727s] -- Up-to-date: /root/deepracer_ws/aws-deepracer-launcher/install/servo_pkg/share/servo_pkg/environment/path.sh
[1.728s] -- Up-to-date: /root/deepracer_ws/aws-deepracer-launcher/install/servo_pkg/share/servo_pkg/environment/path.dsv
[1.728s] -- Up-to-date: /root/deepracer_ws/aws-deepracer-launcher/install/servo_pkg/share/servo_pkg/local_setup.bash
[1.728s] -- Up-to-date: /root/deepracer_ws/aws-deepracer-launcher/install/servo_pkg/share/servo_pkg/local_setup.sh
[1.728s] -- Up-to-date: /root/deepracer_ws/aws-deepracer-launcher/install/servo_pkg/share/servo_pkg/local_setup.zsh
[1.729s] -- Up-to-date: /root/deepracer_ws/aws-deepracer-launcher/install/servo_pkg/share/servo_pkg/local_setup.dsv
[1.729s] -- Installing: /root/deepracer_ws/aws-deepracer-launcher/install/servo_pkg/share/servo_pkg/package.dsv
[1.732s] -- Up-to-date: /root/deepracer_ws/aws-deepracer-launcher/install/servo_pkg/share/ament_index/resource_index/packages/servo_pkg
[1.732s] -- Up-to-date: /root/deepracer_ws/aws-deepracer-launcher/install/servo_pkg/share/servo_pkg/cmake/ament_cmake_export_include_directories-extras.cmake
[1.732s] -- Up-to-date: /root/deepracer_ws/aws-deepracer-launcher/install/servo_pkg/share/servo_pkg/cmake/ament_cmake_export_dependencies-extras.cmake
[1.733s] -- Up-to-date: /root/deepracer_ws/aws-deepracer-launcher/install/servo_pkg/share/servo_pkg/cmake/servo_pkgConfig.cmake
[1.733s] -- Up-to-date: /root/deepracer_ws/aws-deepracer-launcher/install/servo_pkg/share/servo_pkg/cmake/servo_pkgConfig-version.cmake
[1.747s] -- Up-to-date: /root/deepracer_ws/aws-deepracer-launcher/install/servo_pkg/share/servo_pkg/package.xml
[1.747s] Invoked command in '/root/deepracer_ws/aws-deepracer-launcher/build/servo_pkg' returned '0': AMENT_PREFIX_PATH=/root/deepracer_ws/aws-deepracer-launcher/install/deepracer_interfaces_pkg:${AMENT_PREFIX_PATH} CMAKE_PREFIX_PATH=/root/deepracer_ws/aws-deepracer-launcher/install/deepracer_interfaces_pkg:/opt/ros/foxy LD_LIBRARY_PATH=/root/deepracer_ws/aws-deepracer-launcher/install/deepracer_interfaces_pkg/lib:${LD_LIBRARY_PATH} PYTHONPATH=/root/deepracer_ws/aws-deepracer-launcher/install/deepracer_interfaces_pkg/lib/python3.8/site-packages:${PYTHONPATH} /usr/bin/cmake --install /root/deepracer_ws/aws-deepracer-launcher/build/servo_pkg
