[0.045s] Invoking command in '/root/deepracer_ws/aws-deepracer-launcher/build/web_video_server': CMAKE_PREFIX_PATH=/opt/ros/foxy:/root/deepracer_ws/aws-deepracer-launcher/install/async_web_server_cpp LD_LIBRARY_PATH=/root/deepracer_ws/aws-deepracer-launcher/install/async_web_server_cpp/lib:/home/deepracer/intel/openvino_2022/tools/compile_tool:/home/deepracer/intel/openvino_2022/runtime/3rdparty/tbb/lib:/home/deepracer/intel/openvino_2022/runtime/3rdparty/hddl/lib:/home/deepracer/intel/openvino_2022/runtime/lib/intel64:/opt/ros/foxy/opt/yaml_cpp_vendor/lib:/opt/ros/foxy/opt/rviz_ogre_vendor/lib:/opt/ros/foxy/lib/x86_64-linux-gnu:/opt/ros/foxy/lib PKG_CONFIG_PATH=/root/deepracer_ws/aws-deepracer-launcher/install/async_web_server_cpp/lib/x86_64-linux-gnu/pkgconfig:/root/deepracer_ws/aws-deepracer-launcher/install/async_web_server_cpp/lib/pkgconfig ROS_PACKAGE_PATH=/root/deepracer_ws/aws-deepracer-launcher/install/async_web_server_cpp/share /usr/bin/cmake /root/deepracer_ws/aws-deepracer-launcher/web_video_server -DCMAKE_INSTALL_PREFIX=/root/deepracer_ws/aws-deepracer-launcher/install/web_video_server
[0.449s] -- The C compiler identification is GNU 9.3.0
[0.791s] -- The CXX compiler identification is GNU 9.3.0
[0.969s] -- Check for working C compiler: /usr/bin/cc
[1.198s] -- Check for working C compiler: /usr/bin/cc -- works
[1.356s] -- Detecting C compiler ABI info
[1.749s] -- Detecting C compiler ABI info - done
[1.799s] -- Detecting C compile features
[1.802s] -- Detecting C compile features - done
[1.816s] -- Check for working CXX compiler: /usr/bin/c++
[2.074s] -- Check for working CXX compiler: /usr/bin/c++ -- works
[2.079s] -- Detecting CXX compiler ABI info
[2.493s] -- Detecting CXX compiler ABI info - done
[2.543s] -- Detecting CXX compile features
[2.546s] -- Detecting CXX compile features - done
[2.724s] -- Found ament_cmake_ros: 0.9.1 (/opt/ros/foxy/share/ament_cmake_ros/cmake)
[2.990s] -- Found PythonInterp: /usr/bin/python3 (found suitable version "3.8.10", minimum required is "3") 
[2.991s] -- Using PYTHON_EXECUTABLE: /usr/bin/python3
[4.492s] -- Found async_web_server_cpp: 1.0.0 (/root/deepracer_ws/aws-deepracer-launcher/install/async_web_server_cpp/share/async_web_server_cpp/cmake)
[4.867s] -- Found cv_bridge: 2.2.1 (/opt/ros/foxy/share/cv_bridge/cmake)
[4.949s] -- Found image_transport: 2.3.0 (/opt/ros/foxy/share/image_transport/cmake)
[5.130s] -- Using all available rosidl_typesupport_c: rosidl_typesupport_fastrtps_c;rosidl_typesupport_introspection_c
[5.152s] -- Found rosidl_adapter: 1.2.0 (/opt/ros/foxy/share/rosidl_adapter/cmake)
[5.239s] -- Found OpenSSL: /usr/lib/x86_64-linux-gnu/libcrypto.so (found version "1.1.1f")  
[5.495s] -- Found FastRTPS: /opt/ros/foxy/include  
[5.961s] -- Using all available rosidl_typesupport_cpp: rosidl_typesupport_fastrtps_cpp;rosidl_typesupport_introspection_cpp
[6.387s] -- Found rmw_implementation_cmake: 1.0.2 (/opt/ros/foxy/share/rmw_implementation_cmake/cmake)
[6.394s] -- Using RMW implementation 'rmw_fastrtps_cpp' as default
[6.401s] -- Looking for pthread.h
[6.640s] -- Looking for pthread.h - found
[6.643s] -- Performing Test CMAKE_HAVE_LIBC_PTHREAD
[6.883s] -- Performing Test CMAKE_HAVE_LIBC_PTHREAD - Failed
[6.885s] -- Looking for pthread_create in pthreads
[7.058s] -- Looking for pthread_create in pthreads - not found
[7.059s] -- Looking for pthread_create in pthread
[7.286s] -- Looking for pthread_create in pthread - found
[7.290s] -- Found Threads: TRUE  
[9.676s] -- Found OpenCV: /usr (found version "4.2.0") 
[9.720s] -- Found Boost: /usr/lib/x86_64-linux-gnu/cmake/Boost-1.71.0/BoostConfig.cmake (found version "1.71.0") found components: thread 
[9.740s] -- Found PkgConfig: /usr/bin/pkg-config (found version "0.29.1") 
[9.744s] -- Checking for module 'libavcodec'
[9.797s] --   Found libavcodec, version 58.54.100
[9.917s] -- Checking for module 'libavformat'
[9.967s] --   Found libavformat, version 58.29.100
[10.090s] -- Checking for module 'libavutil'
[10.139s] --   Found libavutil, version 56.31.100
[10.261s] -- Checking for module 'libswscale'
[10.310s] --   Found libswscale, version 5.5.100
[10.997s] -- Configuring done
[11.113s] -- Generating done
[11.120s] -- Build files have been written to: /root/deepracer_ws/aws-deepracer-launcher/build/web_video_server
[11.158s] Invoked command in '/root/deepracer_ws/aws-deepracer-launcher/build/web_video_server' returned '0': CMAKE_PREFIX_PATH=/opt/ros/foxy:/root/deepracer_ws/aws-deepracer-launcher/install/async_web_server_cpp LD_LIBRARY_PATH=/root/deepracer_ws/aws-deepracer-launcher/install/async_web_server_cpp/lib:/home/deepracer/intel/openvino_2022/tools/compile_tool:/home/deepracer/intel/openvino_2022/runtime/3rdparty/tbb/lib:/home/deepracer/intel/openvino_2022/runtime/3rdparty/hddl/lib:/home/deepracer/intel/openvino_2022/runtime/lib/intel64:/opt/ros/foxy/opt/yaml_cpp_vendor/lib:/opt/ros/foxy/opt/rviz_ogre_vendor/lib:/opt/ros/foxy/lib/x86_64-linux-gnu:/opt/ros/foxy/lib PKG_CONFIG_PATH=/root/deepracer_ws/aws-deepracer-launcher/install/async_web_server_cpp/lib/x86_64-linux-gnu/pkgconfig:/root/deepracer_ws/aws-deepracer-launcher/install/async_web_server_cpp/lib/pkgconfig ROS_PACKAGE_PATH=/root/deepracer_ws/aws-deepracer-launcher/install/async_web_server_cpp/share /usr/bin/cmake /root/deepracer_ws/aws-deepracer-launcher/web_video_server -DCMAKE_INSTALL_PREFIX=/root/deepracer_ws/aws-deepracer-launcher/install/web_video_server
[11.161s] Invoking command in '/root/deepracer_ws/aws-deepracer-launcher/build/web_video_server': CMAKE_PREFIX_PATH=/opt/ros/foxy:/root/deepracer_ws/aws-deepracer-launcher/install/async_web_server_cpp LD_LIBRARY_PATH=/root/deepracer_ws/aws-deepracer-launcher/install/async_web_server_cpp/lib:/home/deepracer/intel/openvino_2022/tools/compile_tool:/home/deepracer/intel/openvino_2022/runtime/3rdparty/tbb/lib:/home/deepracer/intel/openvino_2022/runtime/3rdparty/hddl/lib:/home/deepracer/intel/openvino_2022/runtime/lib/intel64:/opt/ros/foxy/opt/yaml_cpp_vendor/lib:/opt/ros/foxy/opt/rviz_ogre_vendor/lib:/opt/ros/foxy/lib/x86_64-linux-gnu:/opt/ros/foxy/lib PKG_CONFIG_PATH=/root/deepracer_ws/aws-deepracer-launcher/install/async_web_server_cpp/lib/x86_64-linux-gnu/pkgconfig:/root/deepracer_ws/aws-deepracer-launcher/install/async_web_server_cpp/lib/pkgconfig ROS_PACKAGE_PATH=/root/deepracer_ws/aws-deepracer-launcher/install/async_web_server_cpp/share /usr/bin/cmake --build /root/deepracer_ws/aws-deepracer-launcher/build/web_video_server -- -j2 -l2
[11.292s] [35m[1mScanning dependencies of target web_video_server[0m
[12.250s] [  9%] [32mBuilding CXX object CMakeFiles/web_video_server.dir/src/web_video_server.cpp.o[0m
[42.894s] [ 18%] [32mBuilding CXX object CMakeFiles/web_video_server.dir/src/image_streamer.cpp.o[0m
[69.096s] [ 27%] [32mBuilding CXX object CMakeFiles/web_video_server.dir/src/libav_streamer.cpp.o[0m
[87.366s] [01m[K/root/deepracer_ws/aws-deepracer-launcher/web_video_server/src/libav_streamer.cpp:[m[K In constructor ‘[01m[Kweb_video_server::LibavStreamer::LibavStreamer(const async_web_server_cpp::HttpRequest&, async_web_server_cpp::HttpConnectionPtr, rclcpp::Node::SharedPtr, const string&, const string&, const string&)[m[K’:
[87.367s] [01m[K/root/deepracer_ws/aws-deepracer-launcher/web_video_server/src/libav_streamer.cpp:65:55:[m[K [01;35m[Kwarning: [m[K‘[01m[Kint av_lockmgr_register(int (*)(void**, AVLockOp))[m[K’ is deprecated [[01;35m[K-Wdeprecated-declarations[m[K]
[87.367s]    65 |   av_lockmgr_register(&ffmpeg_boost_mutex_lock_manager[01;35m[K)[m[K;
[87.368s]       |                                                       [01;35m[K^[m[K
[87.368s] In file included from [01m[K/root/deepracer_ws/aws-deepracer-launcher/web_video_server/include/web_video_server/libav_streamer.h:11[m[K,
[87.368s]                  from [01m[K/root/deepracer_ws/aws-deepracer-launcher/web_video_server/src/libav_streamer.cpp:1[m[K:
[87.369s] [01m[K/usr/include/x86_64-linux-gnu/libavcodec/avcodec.h:6163:5:[m[K [01;36m[Knote: [m[Kdeclared here
[87.369s]  6163 | int [01;36m[Kav_lockmgr_register[m[K(int (*cb)(void **mutex, enum AVLockOp op));
[87.369s]       |     [01;36m[K^~~~~~~~~~~~~~~~~~~[m[K
[87.370s] [01m[K/root/deepracer_ws/aws-deepracer-launcher/web_video_server/src/libav_streamer.cpp:65:55:[m[K [01;35m[Kwarning: [m[K‘[01m[Kint av_lockmgr_register(int (*)(void**, AVLockOp))[m[K’ is deprecated [[01;35m[K-Wdeprecated-declarations[m[K]
[87.370s]    65 |   av_lockmgr_register(&ffmpeg_boost_mutex_lock_manager[01;35m[K)[m[K;
[87.371s]       |                                                       [01;35m[K^[m[K
[87.371s] In file included from [01m[K/root/deepracer_ws/aws-deepracer-launcher/web_video_server/include/web_video_server/libav_streamer.h:11[m[K,
[87.371s]                  from [01m[K/root/deepracer_ws/aws-deepracer-launcher/web_video_server/src/libav_streamer.cpp:1[m[K:
[87.372s] [01m[K/usr/include/x86_64-linux-gnu/libavcodec/avcodec.h:6163:5:[m[K [01;36m[Knote: [m[Kdeclared here
[87.372s]  6163 | int [01;36m[Kav_lockmgr_register[m[K(int (*cb)(void **mutex, enum AVLockOp op));
[87.372s]       |     [01;36m[K^~~~~~~~~~~~~~~~~~~[m[K
[87.373s] [01m[K/root/deepracer_ws/aws-deepracer-launcher/web_video_server/src/libav_streamer.cpp:66:19:[m[K [01;35m[Kwarning: [m[K‘[01m[Kvoid av_register_all()[m[K’ is deprecated [[01;35m[K-Wdeprecated-declarations[m[K]
[87.373s]    66 |   av_register_all([01;35m[K)[m[K;
[87.373s]       |                   [01;35m[K^[m[K
[87.373s] In file included from [01m[K/root/deepracer_ws/aws-deepracer-launcher/web_video_server/include/web_video_server/libav_streamer.h:12[m[K,
[87.374s]                  from [01m[K/root/deepracer_ws/aws-deepracer-launcher/web_video_server/src/libav_streamer.cpp:1[m[K:
[87.374s] [01m[K/usr/include/x86_64-linux-gnu/libavformat/avformat.h:2050:6:[m[K [01;36m[Knote: [m[Kdeclared here
[87.374s]  2050 | void [01;36m[Kav_register_all[m[K(void);
[87.381s]       |      [01;36m[K^~~~~~~~~~~~~~~[m[K
[87.381s] [01m[K/root/deepracer_ws/aws-deepracer-launcher/web_video_server/src/libav_streamer.cpp:66:19:[m[K [01;35m[Kwarning: [m[K‘[01m[Kvoid av_register_all()[m[K’ is deprecated [[01;35m[K-Wdeprecated-declarations[m[K]
[87.381s]    66 |   av_register_all([01;35m[K)[m[K;
[87.382s]       |                   [01;35m[K^[m[K
[87.382s] In file included from [01m[K/root/deepracer_ws/aws-deepracer-launcher/web_video_server/include/web_video_server/libav_streamer.h:12[m[K,
[87.382s]                  from [01m[K/root/deepracer_ws/aws-deepracer-launcher/web_video_server/src/libav_streamer.cpp:1[m[K:
[87.383s] [01m[K/usr/include/x86_64-linux-gnu/libavformat/avformat.h:2050:6:[m[K [01;36m[Knote: [m[Kdeclared here
[87.383s]  2050 | void [01;36m[Kav_register_all[m[K(void);
[87.384s]       |      [01;36m[K^~~~~~~~~~~~~~~[m[K
[87.385s] [01m[K/root/deepracer_ws/aws-deepracer-launcher/web_video_server/src/libav_streamer.cpp:[m[K In member function ‘[01m[Kvirtual void web_video_server::LibavStreamer::initialize(const cv::Mat&)[m[K’:
[87.386s] [01m[K/root/deepracer_ws/aws-deepracer-launcher/web_video_server/src/libav_streamer.cpp:160:35:[m[K [01;35m[Kwarning: [m[K‘[01m[KAVStream::codec[m[K’ is deprecated [[01;35m[K-Wdeprecated-declarations[m[K]
[87.387s]   160 |   codec_context_ = video_stream_->[01;35m[Kcodec[m[K;
[87.389s]       |                                   [01;35m[K^~~~~[m[K
[87.390s] In file included from [01m[K/root/deepracer_ws/aws-deepracer-launcher/web_video_server/include/web_video_server/libav_streamer.h:12[m[K,
[87.391s]                  from [01m[K/root/deepracer_ws/aws-deepracer-launcher/web_video_server/src/libav_streamer.cpp:1[m[K:
[87.393s] [01m[K/usr/include/x86_64-linux-gnu/libavformat/avformat.h:885:21:[m[K [01;36m[Knote: [m[Kdeclared here
[87.395s]   885 |     AVCodecContext *[01;36m[Kcodec[m[K;
[87.395s]       |                     [01;36m[K^~~~~[m[K
[87.395s] [01m[K/root/deepracer_ws/aws-deepracer-launcher/web_video_server/src/libav_streamer.cpp:160:35:[m[K [01;35m[Kwarning: [m[K‘[01m[KAVStream::codec[m[K’ is deprecated [[01;35m[K-Wdeprecated-declarations[m[K]
[87.396s]   160 |   codec_context_ = video_stream_->[01;35m[Kcodec[m[K;
[87.396s]       |                                   [01;35m[K^~~~~[m[K
[87.396s] In file included from [01m[K/root/deepracer_ws/aws-deepracer-launcher/web_video_server/include/web_video_server/libav_streamer.h:12[m[K,
[87.397s]                  from [01m[K/root/deepracer_ws/aws-deepracer-launcher/web_video_server/src/libav_streamer.cpp:1[m[K:
[87.397s] [01m[K/usr/include/x86_64-linux-gnu/libavformat/avformat.h:885:21:[m[K [01;36m[Knote: [m[Kdeclared here
[87.397s]   885 |     AVCodecContext *[01;36m[Kcodec[m[K;
[87.398s]       |                     [01;36m[K^~~~~[m[K
[87.398s] [01m[K/root/deepracer_ws/aws-deepracer-launcher/web_video_server/src/libav_streamer.cpp:160:35:[m[K [01;35m[Kwarning: [m[K‘[01m[KAVStream::codec[m[K’ is deprecated [[01;35m[K-Wdeprecated-declarations[m[K]
[87.406s]   160 |   codec_context_ = video_stream_->[01;35m[Kcodec[m[K;
[87.406s]       |                                   [01;35m[K^~~~~[m[K
[87.406s] In file included from [01m[K/root/deepracer_ws/aws-deepracer-launcher/web_video_server/include/web_video_server/libav_streamer.h:12[m[K,
[87.407s]                  from [01m[K/root/deepracer_ws/aws-deepracer-launcher/web_video_server/src/libav_streamer.cpp:1[m[K:
[87.407s] [01m[K/usr/include/x86_64-linux-gnu/libavformat/avformat.h:885:21:[m[K [01;36m[Knote: [m[Kdeclared here
[87.407s]   885 |     AVCodecContext *[01;36m[Kcodec[m[K;
[87.408s]       |                     [01;36m[K^~~~~[m[K
[93.412s] [ 36%] [32mBuilding CXX object CMakeFiles/web_video_server.dir/src/vp8_streamer.cpp.o[0m
[115.703s] [ 45%] [32mBuilding CXX object CMakeFiles/web_video_server.dir/src/h264_streamer.cpp.o[0m
[138.343s] [ 54%] [32mBuilding CXX object CMakeFiles/web_video_server.dir/src/vp9_streamer.cpp.o[0m
[161.000s] [ 63%] [32mBuilding CXX object CMakeFiles/web_video_server.dir/src/multipart_stream.cpp.o[0m
[177.506s] [ 72%] [32mBuilding CXX object CMakeFiles/web_video_server.dir/src/ros_compressed_streamer.cpp.o[0m
[212.867s] [ 81%] [32mBuilding CXX object CMakeFiles/web_video_server.dir/src/jpeg_streamers.cpp.o[0m
[237.759s] [ 90%] [32mBuilding CXX object CMakeFiles/web_video_server.dir/src/png_streamers.cpp.o[0m
[261.098s] [100%] [32m[1mLinking CXX executable web_video_server[0m
[268.057s] [100%] Built target web_video_server
[268.091s] Invoked command in '/root/deepracer_ws/aws-deepracer-launcher/build/web_video_server' returned '0': CMAKE_PREFIX_PATH=/opt/ros/foxy:/root/deepracer_ws/aws-deepracer-launcher/install/async_web_server_cpp LD_LIBRARY_PATH=/root/deepracer_ws/aws-deepracer-launcher/install/async_web_server_cpp/lib:/home/deepracer/intel/openvino_2022/tools/compile_tool:/home/deepracer/intel/openvino_2022/runtime/3rdparty/tbb/lib:/home/deepracer/intel/openvino_2022/runtime/3rdparty/hddl/lib:/home/deepracer/intel/openvino_2022/runtime/lib/intel64:/opt/ros/foxy/opt/yaml_cpp_vendor/lib:/opt/ros/foxy/opt/rviz_ogre_vendor/lib:/opt/ros/foxy/lib/x86_64-linux-gnu:/opt/ros/foxy/lib PKG_CONFIG_PATH=/root/deepracer_ws/aws-deepracer-launcher/install/async_web_server_cpp/lib/x86_64-linux-gnu/pkgconfig:/root/deepracer_ws/aws-deepracer-launcher/install/async_web_server_cpp/lib/pkgconfig ROS_PACKAGE_PATH=/root/deepracer_ws/aws-deepracer-launcher/install/async_web_server_cpp/share /usr/bin/cmake --build /root/deepracer_ws/aws-deepracer-launcher/build/web_video_server -- -j2 -l2
[268.386s] Invoking command in '/root/deepracer_ws/aws-deepracer-launcher/build/web_video_server': CMAKE_PREFIX_PATH=/opt/ros/foxy:/root/deepracer_ws/aws-deepracer-launcher/install/async_web_server_cpp LD_LIBRARY_PATH=/root/deepracer_ws/aws-deepracer-launcher/install/async_web_server_cpp/lib:/home/deepracer/intel/openvino_2022/tools/compile_tool:/home/deepracer/intel/openvino_2022/runtime/3rdparty/tbb/lib:/home/deepracer/intel/openvino_2022/runtime/3rdparty/hddl/lib:/home/deepracer/intel/openvino_2022/runtime/lib/intel64:/opt/ros/foxy/opt/yaml_cpp_vendor/lib:/opt/ros/foxy/opt/rviz_ogre_vendor/lib:/opt/ros/foxy/lib/x86_64-linux-gnu:/opt/ros/foxy/lib PKG_CONFIG_PATH=/root/deepracer_ws/aws-deepracer-launcher/install/async_web_server_cpp/lib/x86_64-linux-gnu/pkgconfig:/root/deepracer_ws/aws-deepracer-launcher/install/async_web_server_cpp/lib/pkgconfig ROS_PACKAGE_PATH=/root/deepracer_ws/aws-deepracer-launcher/install/async_web_server_cpp/share /usr/bin/cmake --install /root/deepracer_ws/aws-deepracer-launcher/build/web_video_server
[268.568s] -- Install configuration: ""
[268.570s] -- Installing: /root/deepracer_ws/aws-deepracer-launcher/install/web_video_server/lib/web_video_server/web_video_server
[268.601s] -- Set runtime path of "/root/deepracer_ws/aws-deepracer-launcher/install/web_video_server/lib/web_video_server/web_video_server" to ""
[268.602s] -- Installing: /root/deepracer_ws/aws-deepracer-launcher/install/web_video_server/include/web_video_server
[268.603s] -- Installing: /root/deepracer_ws/aws-deepracer-launcher/install/web_video_server/include/web_video_server/h264_streamer.h
[268.604s] -- Installing: /root/deepracer_ws/aws-deepracer-launcher/install/web_video_server/include/web_video_server/image_streamer.h
[268.605s] -- Installing: /root/deepracer_ws/aws-deepracer-launcher/install/web_video_server/include/web_video_server/jpeg_streamers.h
[268.607s] -- Installing: /root/deepracer_ws/aws-deepracer-launcher/install/web_video_server/include/web_video_server/libav_streamer.h
[268.608s] -- Installing: /root/deepracer_ws/aws-deepracer-launcher/install/web_video_server/include/web_video_server/multipart_stream.h
[268.609s] -- Installing: /root/deepracer_ws/aws-deepracer-launcher/install/web_video_server/include/web_video_server/png_streamers.h
[268.610s] -- Installing: /root/deepracer_ws/aws-deepracer-launcher/install/web_video_server/include/web_video_server/ros_compressed_streamer.h
[268.611s] -- Installing: /root/deepracer_ws/aws-deepracer-launcher/install/web_video_server/include/web_video_server/vp8_streamer.h
[268.612s] -- Installing: /root/deepracer_ws/aws-deepracer-launcher/install/web_video_server/include/web_video_server/vp9_streamer.h
[268.613s] -- Installing: /root/deepracer_ws/aws-deepracer-launcher/install/web_video_server/include/web_video_server/web_video_server.h
[268.615s] -- Installing: /root/deepracer_ws/aws-deepracer-launcher/install/web_video_server/share/ament_index/resource_index/package_run_dependencies/web_video_server
[268.617s] -- Installing: /root/deepracer_ws/aws-deepracer-launcher/install/web_video_server/share/ament_index/resource_index/parent_prefix_path/web_video_server
[268.618s] -- Installing: /root/deepracer_ws/aws-deepracer-launcher/install/web_video_server/share/web_video_server/environment/ament_prefix_path.sh
[268.620s] -- Installing: /root/deepracer_ws/aws-deepracer-launcher/install/web_video_server/share/web_video_server/environment/ament_prefix_path.dsv
[268.621s] -- Installing: /root/deepracer_ws/aws-deepracer-launcher/install/web_video_server/share/web_video_server/environment/path.sh
[268.623s] -- Installing: /root/deepracer_ws/aws-deepracer-launcher/install/web_video_server/share/web_video_server/environment/path.dsv
[268.625s] -- Installing: /root/deepracer_ws/aws-deepracer-launcher/install/web_video_server/share/web_video_server/local_setup.bash
[268.626s] -- Installing: /root/deepracer_ws/aws-deepracer-launcher/install/web_video_server/share/web_video_server/local_setup.sh
[268.627s] -- Installing: /root/deepracer_ws/aws-deepracer-launcher/install/web_video_server/share/web_video_server/local_setup.zsh
[268.629s] -- Installing: /root/deepracer_ws/aws-deepracer-launcher/install/web_video_server/share/web_video_server/local_setup.dsv
[268.630s] -- Installing: /root/deepracer_ws/aws-deepracer-launcher/install/web_video_server/share/web_video_server/package.dsv
[268.632s] -- Installing: /root/deepracer_ws/aws-deepracer-launcher/install/web_video_server/share/ament_index/resource_index/packages/web_video_server
[268.633s] -- Installing: /root/deepracer_ws/aws-deepracer-launcher/install/web_video_server/share/web_video_server/cmake/web_video_serverConfig.cmake
[268.635s] -- Installing: /root/deepracer_ws/aws-deepracer-launcher/install/web_video_server/share/web_video_server/cmake/web_video_serverConfig-version.cmake
[268.636s] -- Installing: /root/deepracer_ws/aws-deepracer-launcher/install/web_video_server/share/web_video_server/package.xml
[268.649s] Invoked command in '/root/deepracer_ws/aws-deepracer-launcher/build/web_video_server' returned '0': CMAKE_PREFIX_PATH=/opt/ros/foxy:/root/deepracer_ws/aws-deepracer-launcher/install/async_web_server_cpp LD_LIBRARY_PATH=/root/deepracer_ws/aws-deepracer-launcher/install/async_web_server_cpp/lib:/home/deepracer/intel/openvino_2022/tools/compile_tool:/home/deepracer/intel/openvino_2022/runtime/3rdparty/tbb/lib:/home/deepracer/intel/openvino_2022/runtime/3rdparty/hddl/lib:/home/deepracer/intel/openvino_2022/runtime/lib/intel64:/opt/ros/foxy/opt/yaml_cpp_vendor/lib:/opt/ros/foxy/opt/rviz_ogre_vendor/lib:/opt/ros/foxy/lib/x86_64-linux-gnu:/opt/ros/foxy/lib PKG_CONFIG_PATH=/root/deepracer_ws/aws-deepracer-launcher/install/async_web_server_cpp/lib/x86_64-linux-gnu/pkgconfig:/root/deepracer_ws/aws-deepracer-launcher/install/async_web_server_cpp/lib/pkgconfig ROS_PACKAGE_PATH=/root/deepracer_ws/aws-deepracer-launcher/install/async_web_server_cpp/share /usr/bin/cmake --install /root/deepracer_ws/aws-deepracer-launcher/build/web_video_server
