[1.084s] Invoking command in '/root/deepracer_ws/aws-deepracer-launcher/aws-deepracer-device-info-pkg/device_info_pkg': AMENT_PREFIX_PATH=/root/deepracer_ws/aws-deepracer-launcher/install/deepracer_interfaces_pkg:${AMENT_PREFIX_PATH} CMAKE_PREFIX_PATH=/root/deepracer_ws/aws-deepracer-launcher/install/deepracer_interfaces_pkg LD_LIBRARY_PATH=/root/deepracer_ws/aws-deepracer-launcher/install/deepracer_interfaces_pkg/lib:/home/deepracer/intel/openvino_2022/tools/compile_tool:/home/deepracer/intel/openvino_2022/runtime/3rdparty/tbb/lib:/home/deepracer/intel/openvino_2022/runtime/3rdparty/hddl/lib:/home/deepracer/intel/openvino_2022/runtime/lib/intel64:/opt/ros/foxy/opt/yaml_cpp_vendor/lib:/opt/ros/foxy/opt/rviz_ogre_vendor/lib:/opt/ros/foxy/lib/x86_64-linux-gnu:/opt/ros/foxy/lib PYTHONPATH=/root/deepracer_ws/aws-deepracer-launcher/install/device_info_pkg/lib/python3.8/site-packages:/root/deepracer_ws/aws-deepracer-launcher/install/deepracer_interfaces_pkg/lib/python3.8/site-packages:${PYTHONPATH} /usr/bin/python3 setup.py egg_info --egg-base ../../build/device_info_pkg build --build-base /root/deepracer_ws/aws-deepracer-launcher/build/device_info_pkg/build install --prefix /root/deepracer_ws/aws-deepracer-launcher/install/device_info_pkg --record /root/deepracer_ws/aws-deepracer-launcher/build/device_info_pkg/install.log --single-version-externally-managed
[1.929s] running egg_info
[1.933s] creating ../../build/device_info_pkg/device_info_pkg.egg-info
[1.934s] writing ../../build/device_info_pkg/device_info_pkg.egg-info/PKG-INFO
[1.936s] writing dependency_links to ../../build/device_info_pkg/device_info_pkg.egg-info/dependency_links.txt
[1.937s] writing entry points to ../../build/device_info_pkg/device_info_pkg.egg-info/entry_points.txt
[1.939s] writing requirements to ../../build/device_info_pkg/device_info_pkg.egg-info/requires.txt
[1.940s] writing top-level names to ../../build/device_info_pkg/device_info_pkg.egg-info/top_level.txt
[1.945s] writing manifest file '../../build/device_info_pkg/device_info_pkg.egg-info/SOURCES.txt'
[2.067s] reading manifest file '../../build/device_info_pkg/device_info_pkg.egg-info/SOURCES.txt'
[2.071s] writing manifest file '../../build/device_info_pkg/device_info_pkg.egg-info/SOURCES.txt'
[2.072s] running build
[2.072s] running build_py
[2.074s] creating /root/deepracer_ws/aws-deepracer-launcher/build/device_info_pkg/build
[2.074s] creating /root/deepracer_ws/aws-deepracer-launcher/build/device_info_pkg/build/lib
[2.075s] creating /root/deepracer_ws/aws-deepracer-launcher/build/device_info_pkg/build/lib/device_info_pkg
[2.076s] copying device_info_pkg/__init__.py -> /root/deepracer_ws/aws-deepracer-launcher/build/device_info_pkg/build/lib/device_info_pkg
[2.078s] copying device_info_pkg/constants.py -> /root/deepracer_ws/aws-deepracer-launcher/build/device_info_pkg/build/lib/device_info_pkg
[2.079s] copying device_info_pkg/device_info_node.py -> /root/deepracer_ws/aws-deepracer-launcher/build/device_info_pkg/build/lib/device_info_pkg
[2.234s] copying device_info_pkg/gpio_module.py -> /root/deepracer_ws/aws-deepracer-launcher/build/device_info_pkg/build/lib/device_info_pkg
[2.236s] running install
[2.240s] running install_lib
[2.244s] creating /root/deepracer_ws/aws-deepracer-launcher/install/device_info_pkg/lib/python3.8/site-packages/device_info_pkg
[2.245s] copying /root/deepracer_ws/aws-deepracer-launcher/build/device_info_pkg/build/lib/device_info_pkg/__init__.py -> /root/deepracer_ws/aws-deepracer-launcher/install/device_info_pkg/lib/python3.8/site-packages/device_info_pkg
[2.246s] copying /root/deepracer_ws/aws-deepracer-launcher/build/device_info_pkg/build/lib/device_info_pkg/constants.py -> /root/deepracer_ws/aws-deepracer-launcher/install/device_info_pkg/lib/python3.8/site-packages/device_info_pkg
[2.248s] copying /root/deepracer_ws/aws-deepracer-launcher/build/device_info_pkg/build/lib/device_info_pkg/device_info_node.py -> /root/deepracer_ws/aws-deepracer-launcher/install/device_info_pkg/lib/python3.8/site-packages/device_info_pkg
[2.249s] copying /root/deepracer_ws/aws-deepracer-launcher/build/device_info_pkg/build/lib/device_info_pkg/gpio_module.py -> /root/deepracer_ws/aws-deepracer-launcher/install/device_info_pkg/lib/python3.8/site-packages/device_info_pkg
[2.252s] byte-compiling /root/deepracer_ws/aws-deepracer-launcher/install/device_info_pkg/lib/python3.8/site-packages/device_info_pkg/__init__.py to __init__.cpython-38.pyc
[2.257s] byte-compiling /root/deepracer_ws/aws-deepracer-launcher/install/device_info_pkg/lib/python3.8/site-packages/device_info_pkg/constants.py to constants.cpython-38.pyc
[2.259s] byte-compiling /root/deepracer_ws/aws-deepracer-launcher/install/device_info_pkg/lib/python3.8/site-packages/device_info_pkg/device_info_node.py to device_info_node.cpython-38.pyc
[2.263s] byte-compiling /root/deepracer_ws/aws-deepracer-launcher/install/device_info_pkg/lib/python3.8/site-packages/device_info_pkg/gpio_module.py to gpio_module.cpython-38.pyc
[2.266s] running install_data
[2.269s] creating /root/deepracer_ws/aws-deepracer-launcher/install/device_info_pkg/share/ament_index
[2.270s] creating /root/deepracer_ws/aws-deepracer-launcher/install/device_info_pkg/share/ament_index/resource_index
[2.271s] creating /root/deepracer_ws/aws-deepracer-launcher/install/device_info_pkg/share/ament_index/resource_index/packages
[2.272s] copying resource/device_info_pkg -> /root/deepracer_ws/aws-deepracer-launcher/install/device_info_pkg/share/ament_index/resource_index/packages
[2.273s] copying package.xml -> /root/deepracer_ws/aws-deepracer-launcher/install/device_info_pkg/share/device_info_pkg
[2.275s] copying launch/device_info_pkg_launch.py -> /root/deepracer_ws/aws-deepracer-launcher/install/device_info_pkg/share/device_info_pkg
[2.276s] running install_egg_info
[2.282s] Copying ../../build/device_info_pkg/device_info_pkg.egg-info to /root/deepracer_ws/aws-deepracer-launcher/install/device_info_pkg/lib/python3.8/site-packages/device_info_pkg-0.0.1-py3.8.egg-info
[2.286s] running install_scripts
[2.348s] Installing device_info_node script to /root/deepracer_ws/aws-deepracer-launcher/install/device_info_pkg/lib/device_info_pkg
[2.351s] writing list of installed files to '/root/deepracer_ws/aws-deepracer-launcher/build/device_info_pkg/install.log'
[2.431s] Invoked command in '/root/deepracer_ws/aws-deepracer-launcher/aws-deepracer-device-info-pkg/device_info_pkg' returned '0': AMENT_PREFIX_PATH=/root/deepracer_ws/aws-deepracer-launcher/install/deepracer_interfaces_pkg:${AMENT_PREFIX_PATH} CMAKE_PREFIX_PATH=/root/deepracer_ws/aws-deepracer-launcher/install/deepracer_interfaces_pkg LD_LIBRARY_PATH=/root/deepracer_ws/aws-deepracer-launcher/install/deepracer_interfaces_pkg/lib:/home/deepracer/intel/openvino_2022/tools/compile_tool:/home/deepracer/intel/openvino_2022/runtime/3rdparty/tbb/lib:/home/deepracer/intel/openvino_2022/runtime/3rdparty/hddl/lib:/home/deepracer/intel/openvino_2022/runtime/lib/intel64:/opt/ros/foxy/opt/yaml_cpp_vendor/lib:/opt/ros/foxy/opt/rviz_ogre_vendor/lib:/opt/ros/foxy/lib/x86_64-linux-gnu:/opt/ros/foxy/lib PYTHONPATH=/root/deepracer_ws/aws-deepracer-launcher/install/device_info_pkg/lib/python3.8/site-packages:/root/deepracer_ws/aws-deepracer-launcher/install/deepracer_interfaces_pkg/lib/python3.8/site-packages:${PYTHONPATH} /usr/bin/python3 setup.py egg_info --egg-base ../../build/device_info_pkg build --build-base /root/deepracer_ws/aws-deepracer-launcher/build/device_info_pkg/build install --prefix /root/deepracer_ws/aws-deepracer-launcher/install/device_info_pkg --record /root/deepracer_ws/aws-deepracer-launcher/build/device_info_pkg/install.log --single-version-externally-managed
