[0.239s] Invoking command in '/root/deepracer_ws/aws-deepracer-launcher/build/inference_pkg': CMAKE_PREFIX_PATH=/root/deepracer_ws/aws-deepracer-launcher/install/deepracer_interfaces_pkg:/root/deepracer_ws/aws-deepracer-launcher/install/deepracer_launcher:/root/deepracer_ws/aws-deepracer-launcher/install/web_video_server:/root/deepracer_ws/aws-deepracer-launcher/install/ctrl_pkg:/root/deepracer_ws/aws-deepracer-launcher/install/servo_pkg:/root/deepracer_ws/aws-deepracer-launcher/install/sensor_fusion_pkg:/root/deepracer_ws/aws-deepracer-launcher/install/rplidar_ros2:/root/deepracer_ws/aws-deepracer-launcher/install/inference_pkg:/root/deepracer_ws/aws-deepracer-launcher/install/i2c_pkg:/root/deepracer_ws/aws-deepracer-launcher/install/camera_pkg:/root/deepracer_ws/aws-deepracer-launcher/install/webserver_pkg:/root/deepracer_ws/aws-deepracer-launcher/install/deepracer_systems_pkg:/root/deepracer_ws/aws-deepracer-launcher/install/usb_monitor_pkg:/root/deepracer_ws/aws-deepracer-launcher/install/status_led_pkg:/root/deepracer_ws/aws-deepracer-launcher/install/model_optimizer_pkg:/root/deepracer_ws/aws-deepracer-launcher/install/device_info_pkg:/root/deepracer_ws/aws-deepracer-launcher/install/deepracer_navigation_pkg:/opt/ros/foxy:/root/deepracer_ws/aws-deepracer-launcher/install/async_web_server_cpp LD_LIBRARY_PATH=/root/deepracer_ws/aws-deepracer-launcher/install/deepracer_interfaces_pkg/lib:/home/deepracer/intel/openvino_2022/tools/compile_tool:/home/deepracer/intel/openvino_2022/runtime/3rdparty/tbb/lib:/home/deepracer/intel/openvino_2022/runtime/3rdparty/hddl/lib:/home/deepracer/intel/openvino_2022/runtime/lib/intel64:/root/deepracer_ws/aws-deepracer-launcher/install/async_web_server_cpp/lib:/opt/ros/foxy/opt/yaml_cpp_vendor/lib:/opt/ros/foxy/opt/rviz_ogre_vendor/lib:/opt/ros/foxy/lib/x86_64-linux-gnu:/opt/ros/foxy/lib PYTHONPATH=/root/deepracer_ws/aws-deepracer-launcher/install/deepracer_interfaces_pkg/lib/python3.8/site-packages:/home/deepracer/intel/openvino_2022/python/python3.8:/home/deepracer/intel/openvino_2022/python/python3:/root/deepracer_ws/aws-deepracer-launcher/install/webserver_pkg/lib/python3.8/site-packages:/root/deepracer_ws/aws-deepracer-launcher/install/deepracer_systems_pkg/lib/python3.8/site-packages:/root/deepracer_ws/aws-deepracer-launcher/install/usb_monitor_pkg/lib/python3.8/site-packages:/root/deepracer_ws/aws-deepracer-launcher/install/status_led_pkg/lib/python3.8/site-packages:/root/deepracer_ws/aws-deepracer-launcher/install/model_optimizer_pkg/lib/python3.8/site-packages:/root/deepracer_ws/aws-deepracer-launcher/install/device_info_pkg/lib/python3.8/site-packages:/root/deepracer_ws/aws-deepracer-launcher/install/deepracer_navigation_pkg/lib/python3.8/site-packages:/opt/ros/foxy/lib/python3.8/site-packages /usr/bin/cmake --build /root/deepracer_ws/aws-deepracer-launcher/build/inference_pkg -- -j2 -l2
[0.464s] [35m[1mScanning dependencies of target inference_node[0m
[0.721s] [ 25%] [32mBuilding CXX object CMakeFiles/inference_node.dir/src/intel_inference_eng.cpp.o[0m
[2.487s] [01m[K/root/deepracer_ws/aws-deepracer-launcher/aws-deepracer-inference-pkg/inference_pkg/src/intel_inference_eng.cpp:175:2:[m[K [01;35m[Kwarning: [m[K"/*" within comment [[01;35m[K-Wcomment[m[K]
[2.487s]   175 |  /*
[2.488s]       |   
[15.493s] [01m[K/root/deepracer_ws/aws-deepracer-launcher/aws-deepracer-inference-pkg/inference_pkg/src/intel_inference_eng.cpp:[m[K In function ‘[01m[Kvoid {anonymous}::loadLidarData(float*, const std::vector<float>&)[m[K’:
[15.493s] [01m[K/root/deepracer_ws/aws-deepracer-launcher/aws-deepracer-inference-pkg/inference_pkg/src/intel_inference_eng.cpp:262:25:[m[K [01;35m[Kwarning: [m[Kunused variable ‘[01m[Klidar_value[m[K’ [[01;35m[K-Wunused-variable[m[K]
[15.494s]   262 |         for(const auto& [01;35m[Klidar_value[m[K : lidar_data) {
[15.494s]       |                         [01;35m[K^~~~~~~~~~~[m[K
[16.293s] /root/deepracer_ws/aws-deepracer-launcher/aws-deepracer-inference-pkg/inference_pkg/src/intel_inference_eng.cpp: In instantiation of ‘[01m[Kvoid {anonymous}::right1DImg(V*, cv::Mat&, std::shared_ptr<InferTask::ImgProcessBase>, const Image&, const std::unordered_map<std::__cxx11::basic_string<char>, int>&, std::shared_ptr<rclcpp::Node>) [with T = unsigned char; V = float; sensor_msgs::msg::Image = sensor_msgs::msg::Image_<std::allocator<void> >][m[K’:
[16.293s] [01m[K/root/deepracer_ws/aws-deepracer-launcher/aws-deepracer-inference-pkg/inference_pkg/src/intel_inference_eng.cpp:353:116:[m[K   required from here
[16.293s] [01m[K/root/deepracer_ws/aws-deepracer-launcher/aws-deepracer-inference-pkg/inference_pkg/src/intel_inference_eng.cpp:154:84:[m[K [01;35m[Kwarning: [m[Kunused parameter ‘[01m[KinferenceNode[m[K’ [[01;35m[K-Wunused-parameter[m[K]
[16.294s]   154 |                                                      [01;35m[Kstd::shared_ptr<rclcpp::Node> inferenceNode[m[K) {
[16.294s]       |                                                      [01;35m[K~~~~~~~~~~~~~~~~~~~~~~~~~~~~~~^~~~~~~~~~~~~[m[K
[39.269s] [ 50%] [32m[1mLinking CXX executable inference_node[0m
[46.094s] [100%] Built target inference_node
[46.127s] Invoked command in '/root/deepracer_ws/aws-deepracer-launcher/build/inference_pkg' returned '0': CMAKE_PREFIX_PATH=/root/deepracer_ws/aws-deepracer-launcher/install/deepracer_interfaces_pkg:/root/deepracer_ws/aws-deepracer-launcher/install/deepracer_launcher:/root/deepracer_ws/aws-deepracer-launcher/install/web_video_server:/root/deepracer_ws/aws-deepracer-launcher/install/ctrl_pkg:/root/deepracer_ws/aws-deepracer-launcher/install/servo_pkg:/root/deepracer_ws/aws-deepracer-launcher/install/sensor_fusion_pkg:/root/deepracer_ws/aws-deepracer-launcher/install/rplidar_ros2:/root/deepracer_ws/aws-deepracer-launcher/install/inference_pkg:/root/deepracer_ws/aws-deepracer-launcher/install/i2c_pkg:/root/deepracer_ws/aws-deepracer-launcher/install/camera_pkg:/root/deepracer_ws/aws-deepracer-launcher/install/webserver_pkg:/root/deepracer_ws/aws-deepracer-launcher/install/deepracer_systems_pkg:/root/deepracer_ws/aws-deepracer-launcher/install/usb_monitor_pkg:/root/deepracer_ws/aws-deepracer-launcher/install/status_led_pkg:/root/deepracer_ws/aws-deepracer-launcher/install/model_optimizer_pkg:/root/deepracer_ws/aws-deepracer-launcher/install/device_info_pkg:/root/deepracer_ws/aws-deepracer-launcher/install/deepracer_navigation_pkg:/opt/ros/foxy:/root/deepracer_ws/aws-deepracer-launcher/install/async_web_server_cpp LD_LIBRARY_PATH=/root/deepracer_ws/aws-deepracer-launcher/install/deepracer_interfaces_pkg/lib:/home/deepracer/intel/openvino_2022/tools/compile_tool:/home/deepracer/intel/openvino_2022/runtime/3rdparty/tbb/lib:/home/deepracer/intel/openvino_2022/runtime/3rdparty/hddl/lib:/home/deepracer/intel/openvino_2022/runtime/lib/intel64:/root/deepracer_ws/aws-deepracer-launcher/install/async_web_server_cpp/lib:/opt/ros/foxy/opt/yaml_cpp_vendor/lib:/opt/ros/foxy/opt/rviz_ogre_vendor/lib:/opt/ros/foxy/lib/x86_64-linux-gnu:/opt/ros/foxy/lib PYTHONPATH=/root/deepracer_ws/aws-deepracer-launcher/install/deepracer_interfaces_pkg/lib/python3.8/site-packages:/home/deepracer/intel/openvino_2022/python/python3.8:/home/deepracer/intel/openvino_2022/python/python3:/root/deepracer_ws/aws-deepracer-launcher/install/webserver_pkg/lib/python3.8/site-packages:/root/deepracer_ws/aws-deepracer-launcher/install/deepracer_systems_pkg/lib/python3.8/site-packages:/root/deepracer_ws/aws-deepracer-launcher/install/usb_monitor_pkg/lib/python3.8/site-packages:/root/deepracer_ws/aws-deepracer-launcher/install/status_led_pkg/lib/python3.8/site-packages:/root/deepracer_ws/aws-deepracer-launcher/install/model_optimizer_pkg/lib/python3.8/site-packages:/root/deepracer_ws/aws-deepracer-launcher/install/device_info_pkg/lib/python3.8/site-packages:/root/deepracer_ws/aws-deepracer-launcher/install/deepracer_navigation_pkg/lib/python3.8/site-packages:/opt/ros/foxy/lib/python3.8/site-packages /usr/bin/cmake --build /root/deepracer_ws/aws-deepracer-launcher/build/inference_pkg -- -j2 -l2
[46.258s] Invoking command in '/root/deepracer_ws/aws-deepracer-launcher/build/inference_pkg': CMAKE_PREFIX_PATH=/root/deepracer_ws/aws-deepracer-launcher/install/deepracer_interfaces_pkg:/root/deepracer_ws/aws-deepracer-launcher/install/deepracer_launcher:/root/deepracer_ws/aws-deepracer-launcher/install/web_video_server:/root/deepracer_ws/aws-deepracer-launcher/install/ctrl_pkg:/root/deepracer_ws/aws-deepracer-launcher/install/servo_pkg:/root/deepracer_ws/aws-deepracer-launcher/install/sensor_fusion_pkg:/root/deepracer_ws/aws-deepracer-launcher/install/rplidar_ros2:/root/deepracer_ws/aws-deepracer-launcher/install/inference_pkg:/root/deepracer_ws/aws-deepracer-launcher/install/i2c_pkg:/root/deepracer_ws/aws-deepracer-launcher/install/camera_pkg:/root/deepracer_ws/aws-deepracer-launcher/install/webserver_pkg:/root/deepracer_ws/aws-deepracer-launcher/install/deepracer_systems_pkg:/root/deepracer_ws/aws-deepracer-launcher/install/usb_monitor_pkg:/root/deepracer_ws/aws-deepracer-launcher/install/status_led_pkg:/root/deepracer_ws/aws-deepracer-launcher/install/model_optimizer_pkg:/root/deepracer_ws/aws-deepracer-launcher/install/device_info_pkg:/root/deepracer_ws/aws-deepracer-launcher/install/deepracer_navigation_pkg:/opt/ros/foxy:/root/deepracer_ws/aws-deepracer-launcher/install/async_web_server_cpp LD_LIBRARY_PATH=/root/deepracer_ws/aws-deepracer-launcher/install/deepracer_interfaces_pkg/lib:/home/deepracer/intel/openvino_2022/tools/compile_tool:/home/deepracer/intel/openvino_2022/runtime/3rdparty/tbb/lib:/home/deepracer/intel/openvino_2022/runtime/3rdparty/hddl/lib:/home/deepracer/intel/openvino_2022/runtime/lib/intel64:/root/deepracer_ws/aws-deepracer-launcher/install/async_web_server_cpp/lib:/opt/ros/foxy/opt/yaml_cpp_vendor/lib:/opt/ros/foxy/opt/rviz_ogre_vendor/lib:/opt/ros/foxy/lib/x86_64-linux-gnu:/opt/ros/foxy/lib PYTHONPATH=/root/deepracer_ws/aws-deepracer-launcher/install/deepracer_interfaces_pkg/lib/python3.8/site-packages:/home/deepracer/intel/openvino_2022/python/python3.8:/home/deepracer/intel/openvino_2022/python/python3:/root/deepracer_ws/aws-deepracer-launcher/install/webserver_pkg/lib/python3.8/site-packages:/root/deepracer_ws/aws-deepracer-launcher/install/deepracer_systems_pkg/lib/python3.8/site-packages:/root/deepracer_ws/aws-deepracer-launcher/install/usb_monitor_pkg/lib/python3.8/site-packages:/root/deepracer_ws/aws-deepracer-launcher/install/status_led_pkg/lib/python3.8/site-packages:/root/deepracer_ws/aws-deepracer-launcher/install/model_optimizer_pkg/lib/python3.8/site-packages:/root/deepracer_ws/aws-deepracer-launcher/install/device_info_pkg/lib/python3.8/site-packages:/root/deepracer_ws/aws-deepracer-launcher/install/deepracer_navigation_pkg/lib/python3.8/site-packages:/opt/ros/foxy/lib/python3.8/site-packages /usr/bin/cmake --install /root/deepracer_ws/aws-deepracer-launcher/build/inference_pkg
[46.460s] -- Install configuration: ""
[46.461s] -- Installing: /root/deepracer_ws/aws-deepracer-launcher/install/inference_pkg/lib/inference_pkg/inference_node
[46.495s] -- Set runtime path of "/root/deepracer_ws/aws-deepracer-launcher/install/inference_pkg/lib/inference_pkg/inference_node" to ""
[46.496s] -- Up-to-date: /root/deepracer_ws/aws-deepracer-launcher/install/inference_pkg/include
[46.496s] -- Up-to-date: /root/deepracer_ws/aws-deepracer-launcher/install/inference_pkg/include/inference_pkg
[46.497s] -- Up-to-date: /root/deepracer_ws/aws-deepracer-launcher/install/inference_pkg/include/inference_pkg/image_process.hpp
[46.498s] -- Up-to-date: /root/deepracer_ws/aws-deepracer-launcher/install/inference_pkg/include/inference_pkg/inference_base.hpp
[46.499s] -- Up-to-date: /root/deepracer_ws/aws-deepracer-launcher/install/inference_pkg/include/inference_pkg/intel_inference_eng.hpp
[46.499s] -- Up-to-date: /root/deepracer_ws/aws-deepracer-launcher/install/inference_pkg/share/inference_pkg//launch
[46.500s] -- Up-to-date: /root/deepracer_ws/aws-deepracer-launcher/install/inference_pkg/share/inference_pkg//launch/inference_pkg_launch.py
[46.501s] -- Up-to-date: /root/deepracer_ws/aws-deepracer-launcher/install/inference_pkg/share/inference_pkg//launch/log
[46.502s] -- Up-to-date: /root/deepracer_ws/aws-deepracer-launcher/install/inference_pkg/share/inference_pkg//launch/log/build_2022-06-18_03-00-47
[46.503s] -- Up-to-date: /root/deepracer_ws/aws-deepracer-launcher/install/inference_pkg/share/inference_pkg//launch/log/build_2022-06-18_03-00-47/logger_all.log
[46.503s] -- Up-to-date: /root/deepracer_ws/aws-deepracer-launcher/install/inference_pkg/share/inference_pkg//launch/log/build_2022-06-18_03-00-47/events.log
[46.504s] -- Up-to-date: /root/deepracer_ws/aws-deepracer-launcher/install/inference_pkg/share/inference_pkg//launch/log/COLCON_IGNORE
[46.504s] -- Up-to-date: /root/deepracer_ws/aws-deepracer-launcher/install/inference_pkg/share/inference_pkg//launch/log/latest_build
[46.504s] -- Up-to-date: /root/deepracer_ws/aws-deepracer-launcher/install/inference_pkg/share/inference_pkg//launch/log/latest
[46.505s] -- Up-to-date: /root/deepracer_ws/aws-deepracer-launcher/install/inference_pkg/share/inference_pkg//launch/build
[46.505s] -- Up-to-date: /root/deepracer_ws/aws-deepracer-launcher/install/inference_pkg/share/inference_pkg//launch/build/.built_by
[46.505s] -- Up-to-date: /root/deepracer_ws/aws-deepracer-launcher/install/inference_pkg/share/inference_pkg//launch/build/COLCON_IGNORE
[46.506s] -- Up-to-date: /root/deepracer_ws/aws-deepracer-launcher/install/inference_pkg/share/inference_pkg//launch/install
[46.506s] -- Up-to-date: /root/deepracer_ws/aws-deepracer-launcher/install/inference_pkg/share/inference_pkg//launch/install/.colcon_install_layout
[46.506s] -- Up-to-date: /root/deepracer_ws/aws-deepracer-launcher/install/inference_pkg/share/inference_pkg//launch/install/COLCON_IGNORE
[46.507s] -- Up-to-date: /root/deepracer_ws/aws-deepracer-launcher/install/inference_pkg/share/inference_pkg//launch/install/local_setup.ps1
[46.507s] -- Up-to-date: /root/deepracer_ws/aws-deepracer-launcher/install/inference_pkg/share/inference_pkg//launch/install/_local_setup_util_ps1.py
[46.507s] -- Up-to-date: /root/deepracer_ws/aws-deepracer-launcher/install/inference_pkg/share/inference_pkg//launch/install/setup.ps1
[46.508s] -- Up-to-date: /root/deepracer_ws/aws-deepracer-launcher/install/inference_pkg/share/inference_pkg//launch/install/local_setup.sh
[46.508s] -- Up-to-date: /root/deepracer_ws/aws-deepracer-launcher/install/inference_pkg/share/inference_pkg//launch/install/_local_setup_util_sh.py
[46.508s] -- Up-to-date: /root/deepracer_ws/aws-deepracer-launcher/install/inference_pkg/share/inference_pkg//launch/install/setup.sh
[46.509s] -- Up-to-date: /root/deepracer_ws/aws-deepracer-launcher/install/inference_pkg/share/inference_pkg//launch/install/local_setup.bash
[46.509s] -- Up-to-date: /root/deepracer_ws/aws-deepracer-launcher/install/inference_pkg/share/inference_pkg//launch/install/setup.bash
[46.509s] -- Up-to-date: /root/deepracer_ws/aws-deepracer-launcher/install/inference_pkg/share/inference_pkg//launch/install/local_setup.zsh
[46.510s] -- Up-to-date: /root/deepracer_ws/aws-deepracer-launcher/install/inference_pkg/share/inference_pkg//launch/install/setup.zsh
[46.510s] -- Up-to-date: /root/deepracer_ws/aws-deepracer-launcher/install/inference_pkg/share/ament_index/resource_index/package_run_dependencies/inference_pkg
[46.511s] -- Up-to-date: /root/deepracer_ws/aws-deepracer-launcher/install/inference_pkg/share/ament_index/resource_index/parent_prefix_path/inference_pkg
[46.513s] -- Up-to-date: /root/deepracer_ws/aws-deepracer-launcher/install/inference_pkg/share/inference_pkg/environment/ament_prefix_path.sh
[46.513s] -- Up-to-date: /root/deepracer_ws/aws-deepracer-launcher/install/inference_pkg/share/inference_pkg/environment/ament_prefix_path.dsv
[46.513s] -- Up-to-date: /root/deepracer_ws/aws-deepracer-launcher/install/inference_pkg/share/inference_pkg/environment/path.sh
[46.514s] -- Up-to-date: /root/deepracer_ws/aws-deepracer-launcher/install/inference_pkg/share/inference_pkg/environment/path.dsv
[46.514s] -- Up-to-date: /root/deepracer_ws/aws-deepracer-launcher/install/inference_pkg/share/inference_pkg/local_setup.bash
[46.514s] -- Up-to-date: /root/deepracer_ws/aws-deepracer-launcher/install/inference_pkg/share/inference_pkg/local_setup.sh
[46.515s] -- Up-to-date: /root/deepracer_ws/aws-deepracer-launcher/install/inference_pkg/share/inference_pkg/local_setup.zsh
[46.515s] -- Up-to-date: /root/deepracer_ws/aws-deepracer-launcher/install/inference_pkg/share/inference_pkg/local_setup.dsv
[46.515s] -- Installing: /root/deepracer_ws/aws-deepracer-launcher/install/inference_pkg/share/inference_pkg/package.dsv
[46.515s] -- Up-to-date: /root/deepracer_ws/aws-deepracer-launcher/install/inference_pkg/share/ament_index/resource_index/packages/inference_pkg
[46.516s] -- Up-to-date: /root/deepracer_ws/aws-deepracer-launcher/install/inference_pkg/share/inference_pkg/cmake/ament_cmake_export_include_directories-extras.cmake
[46.516s] -- Up-to-date: /root/deepracer_ws/aws-deepracer-launcher/install/inference_pkg/share/inference_pkg/cmake/ament_cmake_export_dependencies-extras.cmake
[46.522s] -- Up-to-date: /root/deepracer_ws/aws-deepracer-launcher/install/inference_pkg/share/inference_pkg/cmake/inference_pkgConfig.cmake
[46.523s] -- Up-to-date: /root/deepracer_ws/aws-deepracer-launcher/install/inference_pkg/share/inference_pkg/cmake/inference_pkgConfig-version.cmake
[46.524s] -- Up-to-date: /root/deepracer_ws/aws-deepracer-launcher/install/inference_pkg/share/inference_pkg/package.xml
[46.525s] Invoked command in '/root/deepracer_ws/aws-deepracer-launcher/build/inference_pkg' returned '0': CMAKE_PREFIX_PATH=/root/deepracer_ws/aws-deepracer-launcher/install/deepracer_interfaces_pkg:/root/deepracer_ws/aws-deepracer-launcher/install/deepracer_launcher:/root/deepracer_ws/aws-deepracer-launcher/install/web_video_server:/root/deepracer_ws/aws-deepracer-launcher/install/ctrl_pkg:/root/deepracer_ws/aws-deepracer-launcher/install/servo_pkg:/root/deepracer_ws/aws-deepracer-launcher/install/sensor_fusion_pkg:/root/deepracer_ws/aws-deepracer-launcher/install/rplidar_ros2:/root/deepracer_ws/aws-deepracer-launcher/install/inference_pkg:/root/deepracer_ws/aws-deepracer-launcher/install/i2c_pkg:/root/deepracer_ws/aws-deepracer-launcher/install/camera_pkg:/root/deepracer_ws/aws-deepracer-launcher/install/webserver_pkg:/root/deepracer_ws/aws-deepracer-launcher/install/deepracer_systems_pkg:/root/deepracer_ws/aws-deepracer-launcher/install/usb_monitor_pkg:/root/deepracer_ws/aws-deepracer-launcher/install/status_led_pkg:/root/deepracer_ws/aws-deepracer-launcher/install/model_optimizer_pkg:/root/deepracer_ws/aws-deepracer-launcher/install/device_info_pkg:/root/deepracer_ws/aws-deepracer-launcher/install/deepracer_navigation_pkg:/opt/ros/foxy:/root/deepracer_ws/aws-deepracer-launcher/install/async_web_server_cpp LD_LIBRARY_PATH=/root/deepracer_ws/aws-deepracer-launcher/install/deepracer_interfaces_pkg/lib:/home/deepracer/intel/openvino_2022/tools/compile_tool:/home/deepracer/intel/openvino_2022/runtime/3rdparty/tbb/lib:/home/deepracer/intel/openvino_2022/runtime/3rdparty/hddl/lib:/home/deepracer/intel/openvino_2022/runtime/lib/intel64:/root/deepracer_ws/aws-deepracer-launcher/install/async_web_server_cpp/lib:/opt/ros/foxy/opt/yaml_cpp_vendor/lib:/opt/ros/foxy/opt/rviz_ogre_vendor/lib:/opt/ros/foxy/lib/x86_64-linux-gnu:/opt/ros/foxy/lib PYTHONPATH=/root/deepracer_ws/aws-deepracer-launcher/install/deepracer_interfaces_pkg/lib/python3.8/site-packages:/home/deepracer/intel/openvino_2022/python/python3.8:/home/deepracer/intel/openvino_2022/python/python3:/root/deepracer_ws/aws-deepracer-launcher/install/webserver_pkg/lib/python3.8/site-packages:/root/deepracer_ws/aws-deepracer-launcher/install/deepracer_systems_pkg/lib/python3.8/site-packages:/root/deepracer_ws/aws-deepracer-launcher/install/usb_monitor_pkg/lib/python3.8/site-packages:/root/deepracer_ws/aws-deepracer-launcher/install/status_led_pkg/lib/python3.8/site-packages:/root/deepracer_ws/aws-deepracer-launcher/install/model_optimizer_pkg/lib/python3.8/site-packages:/root/deepracer_ws/aws-deepracer-launcher/install/device_info_pkg/lib/python3.8/site-packages:/root/deepracer_ws/aws-deepracer-launcher/install/deepracer_navigation_pkg/lib/python3.8/site-packages:/opt/ros/foxy/lib/python3.8/site-packages /usr/bin/cmake --install /root/deepracer_ws/aws-deepracer-launcher/build/inference_pkg
