[0.052s] Invoking command in '/root/deepracer_ws/aws-deepracer-launcher/build/inference_pkg': CMAKE_PREFIX_PATH=/root/deepracer_ws/aws-deepracer-launcher/install/deepracer_interfaces_pkg:/root/deepracer_ws/aws-deepracer-launcher/install/deepracer_launcher:/root/deepracer_ws/aws-deepracer-launcher/install/web_video_server:/root/deepracer_ws/aws-deepracer-launcher/install/ctrl_pkg:/root/deepracer_ws/aws-deepracer-launcher/install/servo_pkg:/root/deepracer_ws/aws-deepracer-launcher/install/sensor_fusion_pkg:/root/deepracer_ws/aws-deepracer-launcher/install/rplidar_ros2:/root/deepracer_ws/aws-deepracer-launcher/install/inference_pkg:/root/deepracer_ws/aws-deepracer-launcher/install/i2c_pkg:/root/deepracer_ws/aws-deepracer-launcher/install/camera_pkg:/root/deepracer_ws/aws-deepracer-launcher/install/webserver_pkg:/root/deepracer_ws/aws-deepracer-launcher/install/deepracer_systems_pkg:/root/deepracer_ws/aws-deepracer-launcher/install/usb_monitor_pkg:/root/deepracer_ws/aws-deepracer-launcher/install/status_led_pkg:/root/deepracer_ws/aws-deepracer-launcher/install/model_optimizer_pkg:/root/deepracer_ws/aws-deepracer-launcher/install/device_info_pkg:/root/deepracer_ws/aws-deepracer-launcher/install/deepracer_navigation_pkg:/opt/ros/foxy:/root/deepracer_ws/aws-deepracer-launcher/install/async_web_server_cpp LD_LIBRARY_PATH=/root/deepracer_ws/aws-deepracer-launcher/install/deepracer_interfaces_pkg/lib:/home/deepracer/intel/openvino_2022/tools/compile_tool:/home/deepracer/intel/openvino_2022/runtime/3rdparty/tbb/lib:/home/deepracer/intel/openvino_2022/runtime/3rdparty/hddl/lib:/home/deepracer/intel/openvino_2022/runtime/lib/intel64:/root/deepracer_ws/aws-deepracer-launcher/install/async_web_server_cpp/lib:/opt/ros/foxy/opt/yaml_cpp_vendor/lib:/opt/ros/foxy/opt/rviz_ogre_vendor/lib:/opt/ros/foxy/lib/x86_64-linux-gnu:/opt/ros/foxy/lib PYTHONPATH=/root/deepracer_ws/aws-deepracer-launcher/install/deepracer_interfaces_pkg/lib/python3.8/site-packages:/home/deepracer/intel/openvino_2022/python/python3.8:/home/deepracer/intel/openvino_2022/python/python3:/root/deepracer_ws/aws-deepracer-launcher/install/webserver_pkg/lib/python3.8/site-packages:/root/deepracer_ws/aws-deepracer-launcher/install/deepracer_systems_pkg/lib/python3.8/site-packages:/root/deepracer_ws/aws-deepracer-launcher/install/usb_monitor_pkg/lib/python3.8/site-packages:/root/deepracer_ws/aws-deepracer-launcher/install/status_led_pkg/lib/python3.8/site-packages:/root/deepracer_ws/aws-deepracer-launcher/install/model_optimizer_pkg/lib/python3.8/site-packages:/root/deepracer_ws/aws-deepracer-launcher/install/device_info_pkg/lib/python3.8/site-packages:/root/deepracer_ws/aws-deepracer-launcher/install/deepracer_navigation_pkg/lib/python3.8/site-packages:/opt/ros/foxy/lib/python3.8/site-packages /usr/bin/cmake --build /root/deepracer_ws/aws-deepracer-launcher/build/inference_pkg -- -j2 -l2
[0.271s] [35m[1mScanning dependencies of target inference_node[0m
[0.697s] [ 25%] [32mBuilding CXX object CMakeFiles/inference_node.dir/src/intel_inference_eng.cpp.o[0m
[14.409s] [01m[K/root/deepracer_ws/aws-deepracer-launcher/aws-deepracer-inference-pkg/inference_pkg/src/intel_inference_eng.cpp:[m[K In function ‘[01m[Kvoid {anonymous}::left1DImg(V*, cv::Mat&, std::shared_ptr<InferTask::ImgProcessBase>, const Image&, const std::unordered_map<std::__cxx11::basic_string<char>, int>&)[m[K’:
[14.409s] [01m[K/root/deepracer_ws/aws-deepracer-launcher/aws-deepracer-inference-pkg/inference_pkg/src/intel_inference_eng.cpp:128:44:[m[K [01;31m[Kerror: [m[Kno matching function for call to ‘[01m[Kgetline(std::ifstream&, float&)[m[K’
[14.410s]   128 |         for(float line; getline(input, line[01;31m[K)[m[K;)
[14.410s]       |                                            [01;31m[K^[m[K
[14.414s] In file included from [01m[K/usr/include/c++/9/cstdio:42[m[K,
[14.415s]                  from [01m[K/usr/include/c++/9/ext/string_conversions.h:43[m[K,
[14.415s]                  from [01m[K/usr/include/c++/9/bits/basic_string.h:6493[m[K,
[14.416s]                  from [01m[K/usr/include/c++/9/string:55[m[K,
[14.416s]                  from [01m[K/usr/include/c++/9/stdexcept:39[m[K,
[14.417s]                  from [01m[K/usr/include/c++/9/array:39[m[K,
[14.418s]                  from [01m[K/usr/include/c++/9/tuple:39[m[K,
[14.419s]                  from [01m[K/usr/include/c++/9/bits/unique_ptr.h:37[m[K,
[14.419s]                  from [01m[K/usr/include/c++/9/memory:80[m[K,
[14.420s]                  from [01m[K/opt/ros/foxy/include/rclcpp/rclcpp.hpp:144[m[K,
[14.420s]                  from [01m[K/root/deepracer_ws/aws-deepracer-launcher/aws-deepracer-inference-pkg/inference_pkg/include/inference_pkg/image_process.hpp:20[m[K,
[14.421s]                  from [01m[K/root/deepracer_ws/aws-deepracer-launcher/aws-deepracer-inference-pkg/inference_pkg/include/inference_pkg/inference_base.hpp:20[m[K,
[14.422s]                  from [01m[K/root/deepracer_ws/aws-deepracer-launcher/aws-deepracer-inference-pkg/inference_pkg/include/inference_pkg/intel_inference_eng.hpp:20[m[K,
[14.423s]                  from [01m[K/root/deepracer_ws/aws-deepracer-launcher/aws-deepracer-inference-pkg/inference_pkg/src/intel_inference_eng.cpp:17[m[K:
[14.426s] [01m[K/usr/include/stdio.h:616:18:[m[K [01;36m[Knote: [m[Kcandidate: ‘[01m[K__ssize_t getline(char**, size_t*, FILE*)[m[K’
[14.426s]   616 | extern __ssize_t [01;36m[Kgetline[m[K (char **__restrict __lineptr,
[14.426s]       |                  [01;36m[K^~~~~~~[m[K
[14.427s] [01m[K/usr/include/stdio.h:616:18:[m[K [01;36m[Knote: [m[K  candidate expects 3 arguments, 2 provided
[14.427s] In file included from [01m[K/usr/include/c++/9/string:56[m[K,
[14.427s]                  from [01m[K/usr/include/c++/9/stdexcept:39[m[K,
[14.427s]                  from [01m[K/usr/include/c++/9/array:39[m[K,
[14.428s]                  from [01m[K/usr/include/c++/9/tuple:39[m[K,
[14.428s]                  from [01m[K/usr/include/c++/9/bits/unique_ptr.h:37[m[K,
[14.428s]                  from [01m[K/usr/include/c++/9/memory:80[m[K,
[14.429s]                  from [01m[K/opt/ros/foxy/include/rclcpp/rclcpp.hpp:144[m[K,
[14.441s]                  from [01m[K/root/deepracer_ws/aws-deepracer-launcher/aws-deepracer-inference-pkg/inference_pkg/include/inference_pkg/image_process.hpp:20[m[K,
[14.441s]                  from [01m[K/root/deepracer_ws/aws-deepracer-launcher/aws-deepracer-inference-pkg/inference_pkg/include/inference_pkg/inference_base.hpp:20[m[K,
[14.441s]                  from [01m[K/root/deepracer_ws/aws-deepracer-launcher/aws-deepracer-inference-pkg/inference_pkg/include/inference_pkg/intel_inference_eng.hpp:20[m[K,
[14.442s]                  from [01m[K/root/deepracer_ws/aws-deepracer-launcher/aws-deepracer-inference-pkg/inference_pkg/src/intel_inference_eng.cpp:17[m[K:
[14.442s] [01m[K/usr/include/c++/9/bits/basic_string.tcc:1538:5:[m[K [01;36m[Knote: [m[Kcandidate: ‘[01m[Ktemplate<class _CharT, class _Traits, class _Alloc> std::basic_istream<_CharT, _Traits>& std::getline(std::basic_istream<_CharT, _Traits>&, std::__cxx11::basic_string<_CharT, _Traits, _Allocator>&, _CharT)[m[K’
[14.442s]  1538 |     [01;36m[Kgetline[m[K(basic_istream<_CharT, _Traits>& __in,
[14.443s]       |     [01;36m[K^~~~~~~[m[K
[14.443s] [01m[K/usr/include/c++/9/bits/basic_string.tcc:1538:5:[m[K [01;36m[Knote: [m[K  template argument deduction/substitution failed:
[14.443s] [01m[K/root/deepracer_ws/aws-deepracer-launcher/aws-deepracer-inference-pkg/inference_pkg/src/intel_inference_eng.cpp:128:44:[m[K [01;36m[Knote: [m[K  mismatched types ‘[01m[Kstd::__cxx11::basic_string<_CharT, _Traits, _Allocator>[m[K’ and ‘[01m[Kfloat[m[K’
[14.443s]   128 |         for(float line; getline(input, line[01;36m[K)[m[K;)
[14.444s]       |                                            [01;36m[K^[m[K
[14.444s] In file included from [01m[K/usr/include/c++/9/string:55[m[K,
[14.444s]                  from [01m[K/usr/include/c++/9/stdexcept:39[m[K,
[14.445s]                  from [01m[K/usr/include/c++/9/array:39[m[K,
[14.445s]                  from [01m[K/usr/include/c++/9/tuple:39[m[K,
[14.445s]                  from [01m[K/usr/include/c++/9/bits/unique_ptr.h:37[m[K,
[14.446s]                  from [01m[K/usr/include/c++/9/memory:80[m[K,
[14.446s]                  from [01m[K/opt/ros/foxy/include/rclcpp/rclcpp.hpp:144[m[K,
[14.446s]                  from [01m[K/root/deepracer_ws/aws-deepracer-launcher/aws-deepracer-inference-pkg/inference_pkg/include/inference_pkg/image_process.hpp:20[m[K,
[14.447s]                  from [01m[K/root/deepracer_ws/aws-deepracer-launcher/aws-deepracer-inference-pkg/inference_pkg/include/inference_pkg/inference_base.hpp:20[m[K,
[14.448s]                  from [01m[K/root/deepracer_ws/aws-deepracer-launcher/aws-deepracer-inference-pkg/inference_pkg/include/inference_pkg/intel_inference_eng.hpp:20[m[K,
[14.448s]                  from [01m[K/root/deepracer_ws/aws-deepracer-launcher/aws-deepracer-inference-pkg/inference_pkg/src/intel_inference_eng.cpp:17[m[K:
[14.448s] [01m[K/usr/include/c++/9/bits/basic_string.h:6456:5:[m[K [01;36m[Knote: [m[Kcandidate: ‘[01m[Ktemplate<class _CharT, class _Traits, class _Alloc> std::basic_istream<_CharT, _Traits>& std::getline(std::basic_istream<_CharT, _Traits>&, std::__cxx11::basic_string<_CharT, _Traits, _Allocator>&)[m[K’
[14.449s]  6456 |     [01;36m[Kgetline[m[K(basic_istream<_CharT, _Traits>& __is,
[14.449s]       |     [01;36m[K^~~~~~~[m[K
[14.449s] [01m[K/usr/include/c++/9/bits/basic_string.h:6456:5:[m[K [01;36m[Knote: [m[K  template argument deduction/substitution failed:
[14.449s] [01m[K/root/deepracer_ws/aws-deepracer-launcher/aws-deepracer-inference-pkg/inference_pkg/src/intel_inference_eng.cpp:128:44:[m[K [01;36m[Knote: [m[K  mismatched types ‘[01m[Kstd::__cxx11::basic_string<_CharT, _Traits, _Allocator>[m[K’ and ‘[01m[Kfloat[m[K’
[14.450s]   128 |         for(float line; getline(input, line[01;36m[K)[m[K;)
[14.450s]       |                                            [01;36m[K^[m[K
[14.450s] In file included from [01m[K/usr/include/c++/9/string:55[m[K,
[14.451s]                  from [01m[K/usr/include/c++/9/stdexcept:39[m[K,
[14.451s]                  from [01m[K/usr/include/c++/9/array:39[m[K,
[14.451s]                  from [01m[K/usr/include/c++/9/tuple:39[m[K,
[14.451s]                  from [01m[K/usr/include/c++/9/bits/unique_ptr.h:37[m[K,
[14.452s]                  from [01m[K/usr/include/c++/9/memory:80[m[K,
[14.452s]                  from [01m[K/opt/ros/foxy/include/rclcpp/rclcpp.hpp:144[m[K,
[14.463s]                  from [01m[K/root/deepracer_ws/aws-deepracer-launcher/aws-deepracer-inference-pkg/inference_pkg/include/inference_pkg/image_process.hpp:20[m[K,
[14.463s]                  from [01m[K/root/deepracer_ws/aws-deepracer-launcher/aws-deepracer-inference-pkg/inference_pkg/include/inference_pkg/inference_base.hpp:20[m[K,
[14.463s]                  from [01m[K/root/deepracer_ws/aws-deepracer-launcher/aws-deepracer-inference-pkg/inference_pkg/include/inference_pkg/intel_inference_eng.hpp:20[m[K,
[14.464s]                  from [01m[K/root/deepracer_ws/aws-deepracer-launcher/aws-deepracer-inference-pkg/inference_pkg/src/intel_inference_eng.cpp:17[m[K:
[14.464s] [01m[K/usr/include/c++/9/bits/basic_string.h:6464:5:[m[K [01;36m[Knote: [m[Kcandidate: ‘[01m[Ktemplate<class _CharT, class _Traits, class _Alloc> std::basic_istream<_CharT, _Traits>& std::getline(std::basic_istream<_CharT, _Traits>&&, std::__cxx11::basic_string<_CharT, _Traits, _Allocator>&, _CharT)[m[K’
[14.464s]  6464 |     [01;36m[Kgetline[m[K(basic_istream<_CharT, _Traits>&& __is,
[14.465s]       |     [01;36m[K^~~~~~~[m[K
[14.465s] [01m[K/usr/include/c++/9/bits/basic_string.h:6464:5:[m[K [01;36m[Knote: [m[K  template argument deduction/substitution failed:
[14.465s] [01m[K/root/deepracer_ws/aws-deepracer-launcher/aws-deepracer-inference-pkg/inference_pkg/src/intel_inference_eng.cpp:128:44:[m[K [01;36m[Knote: [m[K  mismatched types ‘[01m[Kstd::__cxx11::basic_string<_CharT, _Traits, _Allocator>[m[K’ and ‘[01m[Kfloat[m[K’
[14.466s]   128 |         for(float line; getline(input, line[01;36m[K)[m[K;)
[14.466s]       |                                            [01;36m[K^[m[K
[14.466s] In file included from [01m[K/usr/include/c++/9/string:55[m[K,
[14.467s]                  from [01m[K/usr/include/c++/9/stdexcept:39[m[K,
[14.467s]                  from [01m[K/usr/include/c++/9/array:39[m[K,
[14.467s]                  from [01m[K/usr/include/c++/9/tuple:39[m[K,
[14.467s]                  from [01m[K/usr/include/c++/9/bits/unique_ptr.h:37[m[K,
[14.468s]                  from [01m[K/usr/include/c++/9/memory:80[m[K,
[14.468s]                  from [01m[K/opt/ros/foxy/include/rclcpp/rclcpp.hpp:144[m[K,
[14.476s]                  from [01m[K/root/deepracer_ws/aws-deepracer-launcher/aws-deepracer-inference-pkg/inference_pkg/include/inference_pkg/image_process.hpp:20[m[K,
[14.477s]                  from [01m[K/root/deepracer_ws/aws-deepracer-launcher/aws-deepracer-inference-pkg/inference_pkg/include/inference_pkg/inference_base.hpp:20[m[K,
[14.477s]                  from [01m[K/root/deepracer_ws/aws-deepracer-launcher/aws-deepracer-inference-pkg/inference_pkg/include/inference_pkg/intel_inference_eng.hpp:20[m[K,
[14.477s]                  from [01m[K/root/deepracer_ws/aws-deepracer-launcher/aws-deepracer-inference-pkg/inference_pkg/src/intel_inference_eng.cpp:17[m[K:
[14.478s] [01m[K/usr/include/c++/9/bits/basic_string.h:6471:5:[m[K [01;36m[Knote: [m[Kcandidate: ‘[01m[Ktemplate<class _CharT, class _Traits, class _Alloc> std::basic_istream<_CharT, _Traits>& std::getline(std::basic_istream<_CharT, _Traits>&&, std::__cxx11::basic_string<_CharT, _Traits, _Allocator>&)[m[K’
[14.478s]  6471 |     [01;36m[Kgetline[m[K(basic_istream<_CharT, _Traits>&& __is,
[14.478s]       |     [01;36m[K^~~~~~~[m[K
[14.479s] [01m[K/usr/include/c++/9/bits/basic_string.h:6471:5:[m[K [01;36m[Knote: [m[K  template argument deduction/substitution failed:
[14.479s] [01m[K/root/deepracer_ws/aws-deepracer-launcher/aws-deepracer-inference-pkg/inference_pkg/src/intel_inference_eng.cpp:128:44:[m[K [01;36m[Knote: [m[K  mismatched types ‘[01m[Kstd::__cxx11::basic_string<_CharT, _Traits, _Allocator>[m[K’ and ‘[01m[Kfloat[m[K’
[14.479s]   128 |         for(float line; getline(input, line[01;36m[K)[m[K;)
[14.480s]       |                                            [01;36m[K^[m[K
[14.480s] [01m[K/root/deepracer_ws/aws-deepracer-launcher/aws-deepracer-inference-pkg/inference_pkg/src/intel_inference_eng.cpp:[m[K In function ‘[01m[Kvoid {anonymous}::right1DImg(V*, cv::Mat&, std::shared_ptr<InferTask::ImgProcessBase>, const Image&, const std::unordered_map<std::__cxx11::basic_string<char>, int>&)[m[K’:
[14.481s] [01m[K/root/deepracer_ws/aws-deepracer-launcher/aws-deepracer-inference-pkg/inference_pkg/src/intel_inference_eng.cpp:158:44:[m[K [01;31m[Kerror: [m[Kno matching function for call to ‘[01m[Kgetline(std::ifstream&, float&)[m[K’
[14.481s]   158 |         for(float line; getline(input, line[01;31m[K)[m[K;)
[14.481s]       |                                            [01;31m[K^[m[K
[14.482s] In file included from [01m[K/usr/include/c++/9/cstdio:42[m[K,
[14.482s]                  from [01m[K/usr/include/c++/9/ext/string_conversions.h:43[m[K,
[14.482s]                  from [01m[K/usr/include/c++/9/bits/basic_string.h:6493[m[K,
[14.482s]                  from [01m[K/usr/include/c++/9/string:55[m[K,
[14.483s]                  from [01m[K/usr/include/c++/9/stdexcept:39[m[K,
[14.483s]                  from [01m[K/usr/include/c++/9/array:39[m[K,
[14.483s]                  from [01m[K/usr/include/c++/9/tuple:39[m[K,
[14.484s]                  from [01m[K/usr/include/c++/9/bits/unique_ptr.h:37[m[K,
[14.484s]                  from [01m[K/usr/include/c++/9/memory:80[m[K,
[14.489s]                  from [01m[K/opt/ros/foxy/include/rclcpp/rclcpp.hpp:144[m[K,
[14.490s]                  from [01m[K/root/deepracer_ws/aws-deepracer-launcher/aws-deepracer-inference-pkg/inference_pkg/include/inference_pkg/image_process.hpp:20[m[K,
[14.491s]                  from [01m[K/root/deepracer_ws/aws-deepracer-launcher/aws-deepracer-inference-pkg/inference_pkg/include/inference_pkg/inference_base.hpp:20[m[K,
[14.491s]                  from [01m[K/root/deepracer_ws/aws-deepracer-launcher/aws-deepracer-inference-pkg/inference_pkg/include/inference_pkg/intel_inference_eng.hpp:20[m[K,
[14.491s]                  from [01m[K/root/deepracer_ws/aws-deepracer-launcher/aws-deepracer-inference-pkg/inference_pkg/src/intel_inference_eng.cpp:17[m[K:
[14.491s] [01m[K/usr/include/stdio.h:616:18:[m[K [01;36m[Knote: [m[Kcandidate: ‘[01m[K__ssize_t getline(char**, size_t*, FILE*)[m[K’
[14.492s]   616 | extern __ssize_t [01;36m[Kgetline[m[K (char **__restrict __lineptr,
[14.492s]       |                  [01;36m[K^~~~~~~[m[K
[14.492s] [01m[K/usr/include/stdio.h:616:18:[m[K [01;36m[Knote: [m[K  candidate expects 3 arguments, 2 provided
[14.493s] In file included from [01m[K/usr/include/c++/9/string:56[m[K,
[14.493s]                  from [01m[K/usr/include/c++/9/stdexcept:39[m[K,
[14.493s]                  from [01m[K/usr/include/c++/9/array:39[m[K,
[14.494s]                  from [01m[K/usr/include/c++/9/tuple:39[m[K,
[14.494s]                  from [01m[K/usr/include/c++/9/bits/unique_ptr.h:37[m[K,
[14.494s]                  from [01m[K/usr/include/c++/9/memory:80[m[K,
[14.495s]                  from [01m[K/opt/ros/foxy/include/rclcpp/rclcpp.hpp:144[m[K,
[14.495s]                  from [01m[K/root/deepracer_ws/aws-deepracer-launcher/aws-deepracer-inference-pkg/inference_pkg/include/inference_pkg/image_process.hpp:20[m[K,
[14.495s]                  from [01m[K/root/deepracer_ws/aws-deepracer-launcher/aws-deepracer-inference-pkg/inference_pkg/include/inference_pkg/inference_base.hpp:20[m[K,
[14.504s]                  from [01m[K/root/deepracer_ws/aws-deepracer-launcher/aws-deepracer-inference-pkg/inference_pkg/include/inference_pkg/intel_inference_eng.hpp:20[m[K,
[14.504s]                  from [01m[K/root/deepracer_ws/aws-deepracer-launcher/aws-deepracer-inference-pkg/inference_pkg/src/intel_inference_eng.cpp:17[m[K:
[14.504s] [01m[K/usr/include/c++/9/bits/basic_string.tcc:1538:5:[m[K [01;36m[Knote: [m[Kcandidate: ‘[01m[Ktemplate<class _CharT, class _Traits, class _Alloc> std::basic_istream<_CharT, _Traits>& std::getline(std::basic_istream<_CharT, _Traits>&, std::__cxx11::basic_string<_CharT, _Traits, _Allocator>&, _CharT)[m[K’
[14.505s]  1538 |     [01;36m[Kgetline[m[K(basic_istream<_CharT, _Traits>& __in,
[14.505s]       |     [01;36m[K^~~~~~~[m[K
[14.505s] [01m[K/usr/include/c++/9/bits/basic_string.tcc:1538:5:[m[K [01;36m[Knote: [m[K  template argument deduction/substitution failed:
[14.506s] [01m[K/root/deepracer_ws/aws-deepracer-launcher/aws-deepracer-inference-pkg/inference_pkg/src/intel_inference_eng.cpp:158:44:[m[K [01;36m[Knote: [m[K  mismatched types ‘[01m[Kstd::__cxx11::basic_string<_CharT, _Traits, _Allocator>[m[K’ and ‘[01m[Kfloat[m[K’
[14.508s]   158 |         for(float line; getline(input, line[01;36m[K)[m[K;)
[14.509s]       |                                            [01;36m[K^[m[K
[14.509s] In file included from [01m[K/usr/include/c++/9/string:55[m[K,
[14.509s]                  from [01m[K/usr/include/c++/9/stdexcept:39[m[K,
[14.510s]                  from [01m[K/usr/include/c++/9/array:39[m[K,
[14.510s]                  from [01m[K/usr/include/c++/9/tuple:39[m[K,
[14.510s]                  from [01m[K/usr/include/c++/9/bits/unique_ptr.h:37[m[K,
[14.511s]                  from [01m[K/usr/include/c++/9/memory:80[m[K,
[14.511s]                  from [01m[K/opt/ros/foxy/include/rclcpp/rclcpp.hpp:144[m[K,
[14.511s]                  from [01m[K/root/deepracer_ws/aws-deepracer-launcher/aws-deepracer-inference-pkg/inference_pkg/include/inference_pkg/image_process.hpp:20[m[K,
[14.512s]                  from [01m[K/root/deepracer_ws/aws-deepracer-launcher/aws-deepracer-inference-pkg/inference_pkg/include/inference_pkg/inference_base.hpp:20[m[K,
[14.512s]                  from [01m[K/root/deepracer_ws/aws-deepracer-launcher/aws-deepracer-inference-pkg/inference_pkg/include/inference_pkg/intel_inference_eng.hpp:20[m[K,
[14.512s]                  from [01m[K/root/deepracer_ws/aws-deepracer-launcher/aws-deepracer-inference-pkg/inference_pkg/src/intel_inference_eng.cpp:17[m[K:
[14.512s] [01m[K/usr/include/c++/9/bits/basic_string.h:6456:5:[m[K [01;36m[Knote: [m[Kcandidate: ‘[01m[Ktemplate<class _CharT, class _Traits, class _Alloc> std::basic_istream<_CharT, _Traits>& std::getline(std::basic_istream<_CharT, _Traits>&, std::__cxx11::basic_string<_CharT, _Traits, _Allocator>&)[m[K’
[14.530s]  6456 |     [01;36m[Kgetline[m[K(basic_istream<_CharT, _Traits>& __is,
[14.531s]       |     [01;36m[K^~~~~~~[m[K
[14.531s] [01m[K/usr/include/c++/9/bits/basic_string.h:6456:5:[m[K [01;36m[Knote: [m[K  template argument deduction/substitution failed:
[14.531s] [01m[K/root/deepracer_ws/aws-deepracer-launcher/aws-deepracer-inference-pkg/inference_pkg/src/intel_inference_eng.cpp:158:44:[m[K [01;36m[Knote: [m[K  mismatched types ‘[01m[Kstd::__cxx11::basic_string<_CharT, _Traits, _Allocator>[m[K’ and ‘[01m[Kfloat[m[K’
[14.532s]   158 |         for(float line; getline(input, line[01;36m[K)[m[K;)
[14.532s]       |                                            [01;36m[K^[m[K
[14.534s] In file included from [01m[K/usr/include/c++/9/string:55[m[K,
[14.535s]                  from [01m[K/usr/include/c++/9/stdexcept:39[m[K,
[14.536s]                  from [01m[K/usr/include/c++/9/array:39[m[K,
[14.536s]                  from [01m[K/usr/include/c++/9/tuple:39[m[K,
[14.536s]                  from [01m[K/usr/include/c++/9/bits/unique_ptr.h:37[m[K,
[14.536s]                  from [01m[K/usr/include/c++/9/memory:80[m[K,
[14.537s]                  from [01m[K/opt/ros/foxy/include/rclcpp/rclcpp.hpp:144[m[K,
[14.537s]                  from [01m[K/root/deepracer_ws/aws-deepracer-launcher/aws-deepracer-inference-pkg/inference_pkg/include/inference_pkg/image_process.hpp:20[m[K,
[14.537s]                  from [01m[K/root/deepracer_ws/aws-deepracer-launcher/aws-deepracer-inference-pkg/inference_pkg/include/inference_pkg/inference_base.hpp:20[m[K,
[14.538s]                  from [01m[K/root/deepracer_ws/aws-deepracer-launcher/aws-deepracer-inference-pkg/inference_pkg/include/inference_pkg/intel_inference_eng.hpp:20[m[K,
[14.538s]                  from [01m[K/root/deepracer_ws/aws-deepracer-launcher/aws-deepracer-inference-pkg/inference_pkg/src/intel_inference_eng.cpp:17[m[K:
[14.538s] [01m[K/usr/include/c++/9/bits/basic_string.h:6464:5:[m[K [01;36m[Knote: [m[Kcandidate: ‘[01m[Ktemplate<class _CharT, class _Traits, class _Alloc> std::basic_istream<_CharT, _Traits>& std::getline(std::basic_istream<_CharT, _Traits>&&, std::__cxx11::basic_string<_CharT, _Traits, _Allocator>&, _CharT)[m[K’
[14.538s]  6464 |     [01;36m[Kgetline[m[K(basic_istream<_CharT, _Traits>&& __is,
[14.539s]       |     [01;36m[K^~~~~~~[m[K
[14.539s] [01m[K/usr/include/c++/9/bits/basic_string.h:6464:5:[m[K [01;36m[Knote: [m[K  template argument deduction/substitution failed:
[14.539s] [01m[K/root/deepracer_ws/aws-deepracer-launcher/aws-deepracer-inference-pkg/inference_pkg/src/intel_inference_eng.cpp:158:44:[m[K [01;36m[Knote: [m[K  mismatched types ‘[01m[Kstd::__cxx11::basic_string<_CharT, _Traits, _Allocator>[m[K’ and ‘[01m[Kfloat[m[K’
[14.540s]   158 |         for(float line; getline(input, line[01;36m[K)[m[K;)
[14.540s]       |                                            [01;36m[K^[m[K
[14.547s] In file included from [01m[K/usr/include/c++/9/string:55[m[K,
[14.548s]                  from [01m[K/usr/include/c++/9/stdexcept:39[m[K,
[14.548s]                  from [01m[K/usr/include/c++/9/array:39[m[K,
[14.548s]                  from [01m[K/usr/include/c++/9/tuple:39[m[K,
[14.548s]                  from [01m[K/usr/include/c++/9/bits/unique_ptr.h:37[m[K,
[14.549s]                  from [01m[K/usr/include/c++/9/memory:80[m[K,
[14.549s]                  from [01m[K/opt/ros/foxy/include/rclcpp/rclcpp.hpp:144[m[K,
[14.549s]                  from [01m[K/root/deepracer_ws/aws-deepracer-launcher/aws-deepracer-inference-pkg/inference_pkg/include/inference_pkg/image_process.hpp:20[m[K,
[14.550s]                  from [01m[K/root/deepracer_ws/aws-deepracer-launcher/aws-deepracer-inference-pkg/inference_pkg/include/inference_pkg/inference_base.hpp:20[m[K,
[14.550s]                  from [01m[K/root/deepracer_ws/aws-deepracer-launcher/aws-deepracer-inference-pkg/inference_pkg/include/inference_pkg/intel_inference_eng.hpp:20[m[K,
[14.550s]                  from [01m[K/root/deepracer_ws/aws-deepracer-launcher/aws-deepracer-inference-pkg/inference_pkg/src/intel_inference_eng.cpp:17[m[K:
[14.551s] [01m[K/usr/include/c++/9/bits/basic_string.h:6471:5:[m[K [01;36m[Knote: [m[Kcandidate: ‘[01m[Ktemplate<class _CharT, class _Traits, class _Alloc> std::basic_istream<_CharT, _Traits>& std::getline(std::basic_istream<_CharT, _Traits>&&, std::__cxx11::basic_string<_CharT, _Traits, _Allocator>&)[m[K’
[14.551s]  6471 |     [01;36m[Kgetline[m[K(basic_istream<_CharT, _Traits>&& __is,
[14.551s]       |     [01;36m[K^~~~~~~[m[K
[14.552s] [01m[K/usr/include/c++/9/bits/basic_string.h:6471:5:[m[K [01;36m[Knote: [m[K  template argument deduction/substitution failed:
[14.552s] [01m[K/root/deepracer_ws/aws-deepracer-launcher/aws-deepracer-inference-pkg/inference_pkg/src/intel_inference_eng.cpp:158:44:[m[K [01;36m[Knote: [m[K  mismatched types ‘[01m[Kstd::__cxx11::basic_string<_CharT, _Traits, _Allocator>[m[K’ and ‘[01m[Kfloat[m[K’
[14.552s]   158 |         for(float line; getline(input, line[01;36m[K)[m[K;)
[14.552s]       |                                            [01;36m[K^[m[K
[14.553s] [01m[K/root/deepracer_ws/aws-deepracer-launcher/aws-deepracer-inference-pkg/inference_pkg/src/intel_inference_eng.cpp:[m[K In function ‘[01m[Kvoid {anonymous}::loadLidarData(float*, const std::vector<float>&)[m[K’:
[14.553s] [01m[K/root/deepracer_ws/aws-deepracer-launcher/aws-deepracer-inference-pkg/inference_pkg/src/intel_inference_eng.cpp:234:25:[m[K [01;35m[Kwarning: [m[Kunused variable ‘[01m[Klidar_value[m[K’ [[01;35m[K-Wunused-variable[m[K]
[14.553s]   234 |         for(const auto& [01;35m[Klidar_value[m[K : lidar_data) {
[14.554s]       |                         [01;35m[K^~~~~~~~~~~[m[K
[14.698s] [01m[K/root/deepracer_ws/aws-deepracer-launcher/aws-deepracer-inference-pkg/inference_pkg/src/intel_inference_eng.cpp:[m[K In member function ‘[01m[Kvoid IntelInferenceEngine::RLInferenceModel::sensorCB(deepracer_interfaces_pkg::msg::EvoSensorMsg_<std::allocator<void> >::SharedPtr)[m[K’:
[14.698s] [01m[K/root/deepracer_ws/aws-deepracer-launcher/aws-deepracer-inference-pkg/inference_pkg/src/intel_inference_eng.cpp:387:21:[m[K [01;31m[Kerror: [m[K‘[01m[Kload1DImg[m[K’ was not declared in this scope
[14.698s]   387 |                     [01;31m[Kload1DImg[m[K<uchar, float>(inputPtr, retData, imgProcess_, msg->images.front(), paramsArr_[i]);
[14.699s]       |                     [01;31m[K^~~~~~~~~[m[K
[14.699s] [01m[K/root/deepracer_ws/aws-deepracer-launcher/aws-deepracer-inference-pkg/inference_pkg/src/intel_inference_eng.cpp:387:36:[m[K [01;31m[Kerror: [m[Kexpected primary-expression before ‘[01m[K,[m[K’ token
[14.699s]   387 |                     load1DImg<uchar[01;31m[K,[m[K float>(inputPtr, retData, imgProcess_, msg->images.front(), paramsArr_[i]);
[14.700s]       |                                    [01;31m[K^[m[K
[14.700s] [01m[K/root/deepracer_ws/aws-deepracer-launcher/aws-deepracer-inference-pkg/inference_pkg/src/intel_inference_eng.cpp:387:38:[m[K [01;31m[Kerror: [m[Kexpected primary-expression before ‘[01m[Kfloat[m[K’
[14.700s]   387 |                     load1DImg<uchar, [01;31m[Kfloat[m[K>(inputPtr, retData, imgProcess_, msg->images.front(), paramsArr_[i]);
[14.701s]       |                                      [01;31m[K^~~~~[m[K
[26.292s] make[2]: *** [CMakeFiles/inference_node.dir/build.make:76: CMakeFiles/inference_node.dir/src/intel_inference_eng.cpp.o] Error 1
[26.292s] make[1]: *** [CMakeFiles/Makefile2:105: CMakeFiles/inference_node.dir/all] Error 2
[26.293s] make: *** [Makefile:141: all] Error 2
[26.305s] Invoked command in '/root/deepracer_ws/aws-deepracer-launcher/build/inference_pkg' returned '2': CMAKE_PREFIX_PATH=/root/deepracer_ws/aws-deepracer-launcher/install/deepracer_interfaces_pkg:/root/deepracer_ws/aws-deepracer-launcher/install/deepracer_launcher:/root/deepracer_ws/aws-deepracer-launcher/install/web_video_server:/root/deepracer_ws/aws-deepracer-launcher/install/ctrl_pkg:/root/deepracer_ws/aws-deepracer-launcher/install/servo_pkg:/root/deepracer_ws/aws-deepracer-launcher/install/sensor_fusion_pkg:/root/deepracer_ws/aws-deepracer-launcher/install/rplidar_ros2:/root/deepracer_ws/aws-deepracer-launcher/install/inference_pkg:/root/deepracer_ws/aws-deepracer-launcher/install/i2c_pkg:/root/deepracer_ws/aws-deepracer-launcher/install/camera_pkg:/root/deepracer_ws/aws-deepracer-launcher/install/webserver_pkg:/root/deepracer_ws/aws-deepracer-launcher/install/deepracer_systems_pkg:/root/deepracer_ws/aws-deepracer-launcher/install/usb_monitor_pkg:/root/deepracer_ws/aws-deepracer-launcher/install/status_led_pkg:/root/deepracer_ws/aws-deepracer-launcher/install/model_optimizer_pkg:/root/deepracer_ws/aws-deepracer-launcher/install/device_info_pkg:/root/deepracer_ws/aws-deepracer-launcher/install/deepracer_navigation_pkg:/opt/ros/foxy:/root/deepracer_ws/aws-deepracer-launcher/install/async_web_server_cpp LD_LIBRARY_PATH=/root/deepracer_ws/aws-deepracer-launcher/install/deepracer_interfaces_pkg/lib:/home/deepracer/intel/openvino_2022/tools/compile_tool:/home/deepracer/intel/openvino_2022/runtime/3rdparty/tbb/lib:/home/deepracer/intel/openvino_2022/runtime/3rdparty/hddl/lib:/home/deepracer/intel/openvino_2022/runtime/lib/intel64:/root/deepracer_ws/aws-deepracer-launcher/install/async_web_server_cpp/lib:/opt/ros/foxy/opt/yaml_cpp_vendor/lib:/opt/ros/foxy/opt/rviz_ogre_vendor/lib:/opt/ros/foxy/lib/x86_64-linux-gnu:/opt/ros/foxy/lib PYTHONPATH=/root/deepracer_ws/aws-deepracer-launcher/install/deepracer_interfaces_pkg/lib/python3.8/site-packages:/home/deepracer/intel/openvino_2022/python/python3.8:/home/deepracer/intel/openvino_2022/python/python3:/root/deepracer_ws/aws-deepracer-launcher/install/webserver_pkg/lib/python3.8/site-packages:/root/deepracer_ws/aws-deepracer-launcher/install/deepracer_systems_pkg/lib/python3.8/site-packages:/root/deepracer_ws/aws-deepracer-launcher/install/usb_monitor_pkg/lib/python3.8/site-packages:/root/deepracer_ws/aws-deepracer-launcher/install/status_led_pkg/lib/python3.8/site-packages:/root/deepracer_ws/aws-deepracer-launcher/install/model_optimizer_pkg/lib/python3.8/site-packages:/root/deepracer_ws/aws-deepracer-launcher/install/device_info_pkg/lib/python3.8/site-packages:/root/deepracer_ws/aws-deepracer-launcher/install/deepracer_navigation_pkg/lib/python3.8/site-packages:/opt/ros/foxy/lib/python3.8/site-packages /usr/bin/cmake --build /root/deepracer_ws/aws-deepracer-launcher/build/inference_pkg -- -j2 -l2
