[0.189s] Invoking command in '/root/deepracer_ws/aws-deepracer-launcher/build/rplidar_ros2': CMAKE_PREFIX_PATH=/opt/ros/foxy /usr/bin/cmake --build /root/deepracer_ws/aws-deepracer-launcher/build/rplidar_ros2 -- -j2 -l2
[1.660s] [100%] Built target rplidar_scan_publisher
[1.789s] Invoked command in '/root/deepracer_ws/aws-deepracer-launcher/build/rplidar_ros2' returned '0': CMAKE_PREFIX_PATH=/opt/ros/foxy /usr/bin/cmake --build /root/deepracer_ws/aws-deepracer-launcher/build/rplidar_ros2 -- -j2 -l2
[2.495s] Invoking command in '/root/deepracer_ws/aws-deepracer-launcher/build/rplidar_ros2': CMAKE_PREFIX_PATH=/opt/ros/foxy /usr/bin/cmake --install /root/deepracer_ws/aws-deepracer-launcher/build/rplidar_ros2
[2.833s] -- Install configuration: ""
[2.834s] -- Up-to-date: /root/deepracer_ws/aws-deepracer-launcher/install/rplidar_ros2/share/rplidar_ros2/launch
[2.838s] -- Up-to-date: /root/deepracer_ws/aws-deepracer-launcher/install/rplidar_ros2/share/rplidar_ros2/launch/rplidar_a3_launch.py
[2.839s] -- Up-to-date: /root/deepracer_ws/aws-deepracer-launcher/install/rplidar_ros2/share/rplidar_ros2/launch/rplidar_launch.py
[2.844s] -- Up-to-date: /root/deepracer_ws/aws-deepracer-launcher/install/rplidar_ros2/share/rplidar_ros2/launch/rplidar_s1_launch.py
[2.844s] -- Up-to-date: /root/deepracer_ws/aws-deepracer-launcher/install/rplidar_ros2/share/rplidar_ros2/launch/rplidar_s1_tcp_launch.py
[2.845s] -- Up-to-date: /root/deepracer_ws/aws-deepracer-launcher/install/rplidar_ros2/share/rplidar_ros2/launch/view_rplidar_a3_launch.py
[2.845s] -- Up-to-date: /root/deepracer_ws/aws-deepracer-launcher/install/rplidar_ros2/share/rplidar_ros2/launch/view_rplidar_launch.py
[2.848s] -- Up-to-date: /root/deepracer_ws/aws-deepracer-launcher/install/rplidar_ros2/share/rplidar_ros2/launch/view_rplidar_s1_launch.py
[2.848s] -- Up-to-date: /root/deepracer_ws/aws-deepracer-launcher/install/rplidar_ros2/share/rplidar_ros2/launch/view_rplidar_s1_tcp_launch.py
[2.849s] -- Up-to-date: /root/deepracer_ws/aws-deepracer-launcher/install/rplidar_ros2/share/rplidar_ros2/rviz
[2.849s] -- Up-to-date: /root/deepracer_ws/aws-deepracer-launcher/install/rplidar_ros2/share/rplidar_ros2/rviz/rplidar_ros2.rviz
[2.849s] -- Up-to-date: /root/deepracer_ws/aws-deepracer-launcher/install/rplidar_ros2/lib/rplidar_ros2/rplidar_scan_publisher
[2.863s] -- Up-to-date: /root/deepracer_ws/aws-deepracer-launcher/install/rplidar_ros2/share/ament_index/resource_index/package_run_dependencies/rplidar_ros2
[2.863s] -- Up-to-date: /root/deepracer_ws/aws-deepracer-launcher/install/rplidar_ros2/share/ament_index/resource_index/parent_prefix_path/rplidar_ros2
[2.863s] -- Up-to-date: /root/deepracer_ws/aws-deepracer-launcher/install/rplidar_ros2/share/rplidar_ros2/environment/ament_prefix_path.sh
[2.864s] -- Up-to-date: /root/deepracer_ws/aws-deepracer-launcher/install/rplidar_ros2/share/rplidar_ros2/environment/ament_prefix_path.dsv
[2.864s] -- Up-to-date: /root/deepracer_ws/aws-deepracer-launcher/install/rplidar_ros2/share/rplidar_ros2/environment/path.sh
[2.875s] -- Up-to-date: /root/deepracer_ws/aws-deepracer-launcher/install/rplidar_ros2/share/rplidar_ros2/environment/path.dsv
[2.875s] -- Up-to-date: /root/deepracer_ws/aws-deepracer-launcher/install/rplidar_ros2/share/rplidar_ros2/local_setup.bash
[2.876s] -- Up-to-date: /root/deepracer_ws/aws-deepracer-launcher/install/rplidar_ros2/share/rplidar_ros2/local_setup.sh
[2.876s] -- Up-to-date: /root/deepracer_ws/aws-deepracer-launcher/install/rplidar_ros2/share/rplidar_ros2/local_setup.zsh
[2.888s] -- Up-to-date: /root/deepracer_ws/aws-deepracer-launcher/install/rplidar_ros2/share/rplidar_ros2/local_setup.dsv
[2.889s] -- Installing: /root/deepracer_ws/aws-deepracer-launcher/install/rplidar_ros2/share/rplidar_ros2/package.dsv
[2.899s] -- Up-to-date: /root/deepracer_ws/aws-deepracer-launcher/install/rplidar_ros2/share/ament_index/resource_index/packages/rplidar_ros2
[2.901s] -- Up-to-date: /root/deepracer_ws/aws-deepracer-launcher/install/rplidar_ros2/share/rplidar_ros2/cmake/ament_cmake_export_dependencies-extras.cmake
[2.904s] -- Up-to-date: /root/deepracer_ws/aws-deepracer-launcher/install/rplidar_ros2/share/rplidar_ros2/cmake/ament_cmake_export_include_directories-extras.cmake
[2.907s] -- Up-to-date: /root/deepracer_ws/aws-deepracer-launcher/install/rplidar_ros2/share/rplidar_ros2/cmake/rplidar_ros2Config.cmake
[2.908s] -- Up-to-date: /root/deepracer_ws/aws-deepracer-launcher/install/rplidar_ros2/share/rplidar_ros2/cmake/rplidar_ros2Config-version.cmake
[2.911s] -- Up-to-date: /root/deepracer_ws/aws-deepracer-launcher/install/rplidar_ros2/share/rplidar_ros2/package.xml
[2.958s] Invoked command in '/root/deepracer_ws/aws-deepracer-launcher/build/rplidar_ros2' returned '0': CMAKE_PREFIX_PATH=/opt/ros/foxy /usr/bin/cmake --install /root/deepracer_ws/aws-deepracer-launcher/build/rplidar_ros2
