[0.178s] Invoking command in '/root/deepracer_ws/aws-deepracer-launcher/build/i2c_pkg': AMENT_PREFIX_PATH=/root/deepracer_ws/aws-deepracer-launcher/install/deepracer_interfaces_pkg:${AMENT_PREFIX_PATH} CMAKE_PREFIX_PATH=/root/deepracer_ws/aws-deepracer-launcher/install/deepracer_interfaces_pkg:/opt/ros/foxy LD_LIBRARY_PATH=/root/deepracer_ws/aws-deepracer-launcher/install/deepracer_interfaces_pkg/lib:/home/deepracer/intel/openvino_2022/tools/compile_tool:/home/deepracer/intel/openvino_2022/runtime/3rdparty/tbb/lib:/home/deepracer/intel/openvino_2022/runtime/3rdparty/hddl/lib:/home/deepracer/intel/openvino_2022/runtime/lib/intel64:/opt/ros/foxy/opt/yaml_cpp_vendor/lib:/opt/ros/foxy/opt/rviz_ogre_vendor/lib:/opt/ros/foxy/lib/x86_64-linux-gnu:/opt/ros/foxy/lib PYTHONPATH=/root/deepracer_ws/aws-deepracer-launcher/install/deepracer_interfaces_pkg/lib/python3.8/site-packages:${PYTHONPATH} /usr/bin/cmake --build /root/deepracer_ws/aws-deepracer-launcher/build/i2c_pkg -- -j2 -l2
[0.392s] [100%] Built target battery_node
[0.433s] Invoked command in '/root/deepracer_ws/aws-deepracer-launcher/build/i2c_pkg' returned '0': AMENT_PREFIX_PATH=/root/deepracer_ws/aws-deepracer-launcher/install/deepracer_interfaces_pkg:${AMENT_PREFIX_PATH} CMAKE_PREFIX_PATH=/root/deepracer_ws/aws-deepracer-launcher/install/deepracer_interfaces_pkg:/opt/ros/foxy LD_LIBRARY_PATH=/root/deepracer_ws/aws-deepracer-launcher/install/deepracer_interfaces_pkg/lib:/home/deepracer/intel/openvino_2022/tools/compile_tool:/home/deepracer/intel/openvino_2022/runtime/3rdparty/tbb/lib:/home/deepracer/intel/openvino_2022/runtime/3rdparty/hddl/lib:/home/deepracer/intel/openvino_2022/runtime/lib/intel64:/opt/ros/foxy/opt/yaml_cpp_vendor/lib:/opt/ros/foxy/opt/rviz_ogre_vendor/lib:/opt/ros/foxy/lib/x86_64-linux-gnu:/opt/ros/foxy/lib PYTHONPATH=/root/deepracer_ws/aws-deepracer-launcher/install/deepracer_interfaces_pkg/lib/python3.8/site-packages:${PYTHONPATH} /usr/bin/cmake --build /root/deepracer_ws/aws-deepracer-launcher/build/i2c_pkg -- -j2 -l2
[0.543s] Invoking command in '/root/deepracer_ws/aws-deepracer-launcher/build/i2c_pkg': AMENT_PREFIX_PATH=/root/deepracer_ws/aws-deepracer-launcher/install/deepracer_interfaces_pkg:${AMENT_PREFIX_PATH} CMAKE_PREFIX_PATH=/root/deepracer_ws/aws-deepracer-launcher/install/deepracer_interfaces_pkg:/opt/ros/foxy LD_LIBRARY_PATH=/root/deepracer_ws/aws-deepracer-launcher/install/deepracer_interfaces_pkg/lib:/home/deepracer/intel/openvino_2022/tools/compile_tool:/home/deepracer/intel/openvino_2022/runtime/3rdparty/tbb/lib:/home/deepracer/intel/openvino_2022/runtime/3rdparty/hddl/lib:/home/deepracer/intel/openvino_2022/runtime/lib/intel64:/opt/ros/foxy/opt/yaml_cpp_vendor/lib:/opt/ros/foxy/opt/rviz_ogre_vendor/lib:/opt/ros/foxy/lib/x86_64-linux-gnu:/opt/ros/foxy/lib PYTHONPATH=/root/deepracer_ws/aws-deepracer-launcher/install/deepracer_interfaces_pkg/lib/python3.8/site-packages:${PYTHONPATH} /usr/bin/cmake --install /root/deepracer_ws/aws-deepracer-launcher/build/i2c_pkg
[0.733s] -- Install configuration: ""
[0.737s] -- Up-to-date: /root/deepracer_ws/aws-deepracer-launcher/install/i2c_pkg/lib/i2c_pkg/battery_node
[0.738s] -- Up-to-date: /root/deepracer_ws/aws-deepracer-launcher/install/i2c_pkg/include
[0.738s] -- Up-to-date: /root/deepracer_ws/aws-deepracer-launcher/install/i2c_pkg/include/i2c_pkg
[0.739s] -- Up-to-date: /root/deepracer_ws/aws-deepracer-launcher/install/i2c_pkg/include/i2c_pkg/i2c.hpp
[0.739s] -- Up-to-date: /root/deepracer_ws/aws-deepracer-launcher/install/i2c_pkg/share/i2c_pkg//launch
[0.740s] -- Up-to-date: /root/deepracer_ws/aws-deepracer-launcher/install/i2c_pkg/share/i2c_pkg//launch/i2c_pkg_launch.py
[0.740s] -- Up-to-date: /root/deepracer_ws/aws-deepracer-launcher/install/i2c_pkg/share/ament_index/resource_index/package_run_dependencies/i2c_pkg
[0.741s] -- Up-to-date: /root/deepracer_ws/aws-deepracer-launcher/install/i2c_pkg/share/ament_index/resource_index/parent_prefix_path/i2c_pkg
[0.743s] -- Up-to-date: /root/deepracer_ws/aws-deepracer-launcher/install/i2c_pkg/share/i2c_pkg/environment/ament_prefix_path.sh
[0.744s] -- Up-to-date: /root/deepracer_ws/aws-deepracer-launcher/install/i2c_pkg/share/i2c_pkg/environment/ament_prefix_path.dsv
[0.744s] -- Up-to-date: /root/deepracer_ws/aws-deepracer-launcher/install/i2c_pkg/share/i2c_pkg/environment/path.sh
[0.745s] -- Up-to-date: /root/deepracer_ws/aws-deepracer-launcher/install/i2c_pkg/share/i2c_pkg/environment/path.dsv
[0.745s] -- Up-to-date: /root/deepracer_ws/aws-deepracer-launcher/install/i2c_pkg/share/i2c_pkg/local_setup.bash
[0.747s] -- Up-to-date: /root/deepracer_ws/aws-deepracer-launcher/install/i2c_pkg/share/i2c_pkg/local_setup.sh
[0.747s] -- Up-to-date: /root/deepracer_ws/aws-deepracer-launcher/install/i2c_pkg/share/i2c_pkg/local_setup.zsh
[0.748s] -- Up-to-date: /root/deepracer_ws/aws-deepracer-launcher/install/i2c_pkg/share/i2c_pkg/local_setup.dsv
[0.753s] -- Installing: /root/deepracer_ws/aws-deepracer-launcher/install/i2c_pkg/share/i2c_pkg/package.dsv
[0.753s] -- Up-to-date: /root/deepracer_ws/aws-deepracer-launcher/install/i2c_pkg/share/ament_index/resource_index/packages/i2c_pkg
[0.754s] -- Up-to-date: /root/deepracer_ws/aws-deepracer-launcher/install/i2c_pkg/share/i2c_pkg/cmake/ament_cmake_export_include_directories-extras.cmake
[0.755s] -- Up-to-date: /root/deepracer_ws/aws-deepracer-launcher/install/i2c_pkg/share/i2c_pkg/cmake/ament_cmake_export_dependencies-extras.cmake
[0.762s] -- Up-to-date: /root/deepracer_ws/aws-deepracer-launcher/install/i2c_pkg/share/i2c_pkg/cmake/i2c_pkgConfig.cmake
[0.763s] -- Up-to-date: /root/deepracer_ws/aws-deepracer-launcher/install/i2c_pkg/share/i2c_pkg/cmake/i2c_pkgConfig-version.cmake
[0.764s] -- Up-to-date: /root/deepracer_ws/aws-deepracer-launcher/install/i2c_pkg/share/i2c_pkg/package.xml
[0.765s] Invoked command in '/root/deepracer_ws/aws-deepracer-launcher/build/i2c_pkg' returned '0': AMENT_PREFIX_PATH=/root/deepracer_ws/aws-deepracer-launcher/install/deepracer_interfaces_pkg:${AMENT_PREFIX_PATH} CMAKE_PREFIX_PATH=/root/deepracer_ws/aws-deepracer-launcher/install/deepracer_interfaces_pkg:/opt/ros/foxy LD_LIBRARY_PATH=/root/deepracer_ws/aws-deepracer-launcher/install/deepracer_interfaces_pkg/lib:/home/deepracer/intel/openvino_2022/tools/compile_tool:/home/deepracer/intel/openvino_2022/runtime/3rdparty/tbb/lib:/home/deepracer/intel/openvino_2022/runtime/3rdparty/hddl/lib:/home/deepracer/intel/openvino_2022/runtime/lib/intel64:/opt/ros/foxy/opt/yaml_cpp_vendor/lib:/opt/ros/foxy/opt/rviz_ogre_vendor/lib:/opt/ros/foxy/lib/x86_64-linux-gnu:/opt/ros/foxy/lib PYTHONPATH=/root/deepracer_ws/aws-deepracer-launcher/install/deepracer_interfaces_pkg/lib/python3.8/site-packages:${PYTHONPATH} /usr/bin/cmake --install /root/deepracer_ws/aws-deepracer-launcher/build/i2c_pkg
