[0.380s] Invoking command in '/root/deepracer_ws/aws-deepracer-launcher/build/servo_pkg': AMENT_PREFIX_PATH=/root/deepracer_ws/aws-deepracer-launcher/install/deepracer_interfaces_pkg CMAKE_PREFIX_PATH=/root/deepracer_ws/aws-deepracer-launcher/install/deepracer_interfaces_pkg LD_LIBRARY_PATH=/root/deepracer_ws/aws-deepracer-launcher/install/deepracer_interfaces_pkg/lib PYTHONPATH=/root/deepracer_ws/aws-deepracer-launcher/install/deepracer_interfaces_pkg/lib/python3.8/site-packages /usr/bin/cmake --build /root/deepracer_ws/aws-deepracer-launcher/build/servo_pkg -- -j2 -l2
[2.063s] [100%] Built target servo_node
[2.271s] Invoked command in '/root/deepracer_ws/aws-deepracer-launcher/build/servo_pkg' returned '0': AMENT_PREFIX_PATH=/root/deepracer_ws/aws-deepracer-launcher/install/deepracer_interfaces_pkg CMAKE_PREFIX_PATH=/root/deepracer_ws/aws-deepracer-launcher/install/deepracer_interfaces_pkg LD_LIBRARY_PATH=/root/deepracer_ws/aws-deepracer-launcher/install/deepracer_interfaces_pkg/lib PYTHONPATH=/root/deepracer_ws/aws-deepracer-launcher/install/deepracer_interfaces_pkg/lib/python3.8/site-packages /usr/bin/cmake --build /root/deepracer_ws/aws-deepracer-launcher/build/servo_pkg -- -j2 -l2
[2.700s] Invoking command in '/root/deepracer_ws/aws-deepracer-launcher/build/servo_pkg': AMENT_PREFIX_PATH=/root/deepracer_ws/aws-deepracer-launcher/install/deepracer_interfaces_pkg CMAKE_PREFIX_PATH=/root/deepracer_ws/aws-deepracer-launcher/install/deepracer_interfaces_pkg LD_LIBRARY_PATH=/root/deepracer_ws/aws-deepracer-launcher/install/deepracer_interfaces_pkg/lib PYTHONPATH=/root/deepracer_ws/aws-deepracer-launcher/install/deepracer_interfaces_pkg/lib/python3.8/site-packages /usr/bin/cmake --install /root/deepracer_ws/aws-deepracer-launcher/build/servo_pkg
[2.951s] -- Install configuration: ""
[2.966s] -- Up-to-date: /root/deepracer_ws/aws-deepracer-launcher/install/servo_pkg/lib/servo_pkg/servo_node
[2.968s] -- Up-to-date: /root/deepracer_ws/aws-deepracer-launcher/install/servo_pkg/include
[2.969s] -- Up-to-date: /root/deepracer_ws/aws-deepracer-launcher/install/servo_pkg/include/servo_pkg
[2.969s] -- Up-to-date: /root/deepracer_ws/aws-deepracer-launcher/install/servo_pkg/include/servo_pkg/bios_version.hpp
[2.979s] -- Up-to-date: /root/deepracer_ws/aws-deepracer-launcher/install/servo_pkg/include/servo_pkg/led_mgr.hpp
[2.980s] -- Up-to-date: /root/deepracer_ws/aws-deepracer-launcher/install/servo_pkg/include/servo_pkg/pwm.hpp
[2.980s] -- Up-to-date: /root/deepracer_ws/aws-deepracer-launcher/install/servo_pkg/include/servo_pkg/servo_mgr.hpp
[2.980s] -- Up-to-date: /root/deepracer_ws/aws-deepracer-launcher/install/servo_pkg/include/servo_pkg/utility.hpp
[2.993s] -- Up-to-date: /root/deepracer_ws/aws-deepracer-launcher/install/servo_pkg/share/servo_pkg//launch
[2.993s] -- Up-to-date: /root/deepracer_ws/aws-deepracer-launcher/install/servo_pkg/share/servo_pkg//launch/servo_pkg_launch.py
[3.002s] -- Up-to-date: /root/deepracer_ws/aws-deepracer-launcher/install/servo_pkg/share/ament_index/resource_index/package_run_dependencies/servo_pkg
[3.053s] -- Up-to-date: /root/deepracer_ws/aws-deepracer-launcher/install/servo_pkg/share/ament_index/resource_index/parent_prefix_path/servo_pkg
[3.053s] -- Up-to-date: /root/deepracer_ws/aws-deepracer-launcher/install/servo_pkg/share/servo_pkg/environment/ament_prefix_path.sh
[3.053s] -- Up-to-date: /root/deepracer_ws/aws-deepracer-launcher/install/servo_pkg/share/servo_pkg/environment/ament_prefix_path.dsv
[3.055s] -- Up-to-date: /root/deepracer_ws/aws-deepracer-launcher/install/servo_pkg/share/servo_pkg/environment/path.sh
[3.056s] -- Up-to-date: /root/deepracer_ws/aws-deepracer-launcher/install/servo_pkg/share/servo_pkg/environment/path.dsv
[3.056s] -- Up-to-date: /root/deepracer_ws/aws-deepracer-launcher/install/servo_pkg/share/servo_pkg/local_setup.bash
[3.056s] -- Up-to-date: /root/deepracer_ws/aws-deepracer-launcher/install/servo_pkg/share/servo_pkg/local_setup.sh
[3.056s] -- Up-to-date: /root/deepracer_ws/aws-deepracer-launcher/install/servo_pkg/share/servo_pkg/local_setup.zsh
[3.057s] -- Up-to-date: /root/deepracer_ws/aws-deepracer-launcher/install/servo_pkg/share/servo_pkg/local_setup.dsv
[3.057s] -- Installing: /root/deepracer_ws/aws-deepracer-launcher/install/servo_pkg/share/servo_pkg/package.dsv
[3.057s] -- Up-to-date: /root/deepracer_ws/aws-deepracer-launcher/install/servo_pkg/share/ament_index/resource_index/packages/servo_pkg
[3.058s] -- Up-to-date: /root/deepracer_ws/aws-deepracer-launcher/install/servo_pkg/share/servo_pkg/cmake/ament_cmake_export_include_directories-extras.cmake
[3.058s] -- Up-to-date: /root/deepracer_ws/aws-deepracer-launcher/install/servo_pkg/share/servo_pkg/cmake/ament_cmake_export_dependencies-extras.cmake
[3.058s] -- Up-to-date: /root/deepracer_ws/aws-deepracer-launcher/install/servo_pkg/share/servo_pkg/cmake/servo_pkgConfig.cmake
[3.058s] -- Up-to-date: /root/deepracer_ws/aws-deepracer-launcher/install/servo_pkg/share/servo_pkg/cmake/servo_pkgConfig-version.cmake
[3.074s] -- Up-to-date: /root/deepracer_ws/aws-deepracer-launcher/install/servo_pkg/share/servo_pkg/package.xml
[3.075s] Invoked command in '/root/deepracer_ws/aws-deepracer-launcher/build/servo_pkg' returned '0': AMENT_PREFIX_PATH=/root/deepracer_ws/aws-deepracer-launcher/install/deepracer_interfaces_pkg CMAKE_PREFIX_PATH=/root/deepracer_ws/aws-deepracer-launcher/install/deepracer_interfaces_pkg LD_LIBRARY_PATH=/root/deepracer_ws/aws-deepracer-launcher/install/deepracer_interfaces_pkg/lib PYTHONPATH=/root/deepracer_ws/aws-deepracer-launcher/install/deepracer_interfaces_pkg/lib/python3.8/site-packages /usr/bin/cmake --install /root/deepracer_ws/aws-deepracer-launcher/build/servo_pkg
