[0.086s] Invoking command in '/root/deepracer_ws/aws-deepracer-launcher/build/i2c_pkg': AMENT_PREFIX_PATH=/root/deepracer_ws/aws-deepracer-launcher/install/deepracer_interfaces_pkg CMAKE_PREFIX_PATH=/root/deepracer_ws/aws-deepracer-launcher/install/deepracer_interfaces_pkg LD_LIBRARY_PATH=/root/deepracer_ws/aws-deepracer-launcher/install/deepracer_interfaces_pkg/lib PYTHONPATH=/root/deepracer_ws/aws-deepracer-launcher/install/deepracer_interfaces_pkg/lib/python3.8/site-packages /usr/bin/cmake --build /root/deepracer_ws/aws-deepracer-launcher/build/i2c_pkg -- -j2 -l2
[0.290s] [100%] Built target battery_node
[0.325s] Invoked command in '/root/deepracer_ws/aws-deepracer-launcher/build/i2c_pkg' returned '0': AMENT_PREFIX_PATH=/root/deepracer_ws/aws-deepracer-launcher/install/deepracer_interfaces_pkg CMAKE_PREFIX_PATH=/root/deepracer_ws/aws-deepracer-launcher/install/deepracer_interfaces_pkg LD_LIBRARY_PATH=/root/deepracer_ws/aws-deepracer-launcher/install/deepracer_interfaces_pkg/lib PYTHONPATH=/root/deepracer_ws/aws-deepracer-launcher/install/deepracer_interfaces_pkg/lib/python3.8/site-packages /usr/bin/cmake --build /root/deepracer_ws/aws-deepracer-launcher/build/i2c_pkg -- -j2 -l2
[0.405s] Invoking command in '/root/deepracer_ws/aws-deepracer-launcher/build/i2c_pkg': AMENT_PREFIX_PATH=/root/deepracer_ws/aws-deepracer-launcher/install/deepracer_interfaces_pkg CMAKE_PREFIX_PATH=/root/deepracer_ws/aws-deepracer-launcher/install/deepracer_interfaces_pkg LD_LIBRARY_PATH=/root/deepracer_ws/aws-deepracer-launcher/install/deepracer_interfaces_pkg/lib PYTHONPATH=/root/deepracer_ws/aws-deepracer-launcher/install/deepracer_interfaces_pkg/lib/python3.8/site-packages /usr/bin/cmake --install /root/deepracer_ws/aws-deepracer-launcher/build/i2c_pkg
[0.594s] -- Install configuration: ""
[0.596s] -- Up-to-date: /root/deepracer_ws/aws-deepracer-launcher/install/i2c_pkg/lib/i2c_pkg/battery_node
[0.597s] -- Up-to-date: /root/deepracer_ws/aws-deepracer-launcher/install/i2c_pkg/include
[0.598s] -- Up-to-date: /root/deepracer_ws/aws-deepracer-launcher/install/i2c_pkg/include/i2c_pkg
[0.599s] -- Up-to-date: /root/deepracer_ws/aws-deepracer-launcher/install/i2c_pkg/include/i2c_pkg/i2c.hpp
[0.600s] -- Up-to-date: /root/deepracer_ws/aws-deepracer-launcher/install/i2c_pkg/share/i2c_pkg//launch
[0.601s] -- Up-to-date: /root/deepracer_ws/aws-deepracer-launcher/install/i2c_pkg/share/i2c_pkg//launch/i2c_pkg_launch.py
[0.602s] -- Up-to-date: /root/deepracer_ws/aws-deepracer-launcher/install/i2c_pkg/share/ament_index/resource_index/package_run_dependencies/i2c_pkg
[0.604s] -- Up-to-date: /root/deepracer_ws/aws-deepracer-launcher/install/i2c_pkg/share/ament_index/resource_index/parent_prefix_path/i2c_pkg
[0.605s] -- Up-to-date: /root/deepracer_ws/aws-deepracer-launcher/install/i2c_pkg/share/i2c_pkg/environment/ament_prefix_path.sh
[0.606s] -- Up-to-date: /root/deepracer_ws/aws-deepracer-launcher/install/i2c_pkg/share/i2c_pkg/environment/ament_prefix_path.dsv
[0.607s] -- Up-to-date: /root/deepracer_ws/aws-deepracer-launcher/install/i2c_pkg/share/i2c_pkg/environment/path.sh
[0.609s] -- Up-to-date: /root/deepracer_ws/aws-deepracer-launcher/install/i2c_pkg/share/i2c_pkg/environment/path.dsv
[0.610s] -- Up-to-date: /root/deepracer_ws/aws-deepracer-launcher/install/i2c_pkg/share/i2c_pkg/local_setup.bash
[0.611s] -- Up-to-date: /root/deepracer_ws/aws-deepracer-launcher/install/i2c_pkg/share/i2c_pkg/local_setup.sh
[0.612s] -- Up-to-date: /root/deepracer_ws/aws-deepracer-launcher/install/i2c_pkg/share/i2c_pkg/local_setup.zsh
[0.613s] -- Up-to-date: /root/deepracer_ws/aws-deepracer-launcher/install/i2c_pkg/share/i2c_pkg/local_setup.dsv
[0.614s] -- Installing: /root/deepracer_ws/aws-deepracer-launcher/install/i2c_pkg/share/i2c_pkg/package.dsv
[0.616s] -- Up-to-date: /root/deepracer_ws/aws-deepracer-launcher/install/i2c_pkg/share/ament_index/resource_index/packages/i2c_pkg
[0.617s] -- Up-to-date: /root/deepracer_ws/aws-deepracer-launcher/install/i2c_pkg/share/i2c_pkg/cmake/ament_cmake_export_include_directories-extras.cmake
[0.618s] -- Up-to-date: /root/deepracer_ws/aws-deepracer-launcher/install/i2c_pkg/share/i2c_pkg/cmake/ament_cmake_export_dependencies-extras.cmake
[0.619s] -- Up-to-date: /root/deepracer_ws/aws-deepracer-launcher/install/i2c_pkg/share/i2c_pkg/cmake/i2c_pkgConfig.cmake
[0.621s] -- Up-to-date: /root/deepracer_ws/aws-deepracer-launcher/install/i2c_pkg/share/i2c_pkg/cmake/i2c_pkgConfig-version.cmake
[0.622s] -- Up-to-date: /root/deepracer_ws/aws-deepracer-launcher/install/i2c_pkg/share/i2c_pkg/package.xml
[0.631s] Invoked command in '/root/deepracer_ws/aws-deepracer-launcher/build/i2c_pkg' returned '0': AMENT_PREFIX_PATH=/root/deepracer_ws/aws-deepracer-launcher/install/deepracer_interfaces_pkg CMAKE_PREFIX_PATH=/root/deepracer_ws/aws-deepracer-launcher/install/deepracer_interfaces_pkg LD_LIBRARY_PATH=/root/deepracer_ws/aws-deepracer-launcher/install/deepracer_interfaces_pkg/lib PYTHONPATH=/root/deepracer_ws/aws-deepracer-launcher/install/deepracer_interfaces_pkg/lib/python3.8/site-packages /usr/bin/cmake --install /root/deepracer_ws/aws-deepracer-launcher/build/i2c_pkg
