[0.036s] Invoking command in '/root/deepracer_ws/aws-deepracer-launcher/build/servo_pkg': AMENT_PREFIX_PATH=/root/deepracer_ws/aws-deepracer-launcher/install/deepracer_interfaces_pkg:${AMENT_PREFIX_PATH} CMAKE_PREFIX_PATH=/root/deepracer_ws/aws-deepracer-launcher/install/deepracer_interfaces_pkg:/opt/ros/foxy LD_LIBRARY_PATH=/root/deepracer_ws/aws-deepracer-launcher/install/deepracer_interfaces_pkg/lib:/home/deepracer/intel/openvino_2022/tools/compile_tool:/home/deepracer/intel/openvino_2022/runtime/3rdparty/tbb/lib:/home/deepracer/intel/openvino_2022/runtime/3rdparty/hddl/lib:/home/deepracer/intel/openvino_2022/runtime/lib/intel64:/opt/ros/foxy/opt/yaml_cpp_vendor/lib:/opt/ros/foxy/opt/rviz_ogre_vendor/lib:/opt/ros/foxy/lib/x86_64-linux-gnu:/opt/ros/foxy/lib PYTHONPATH=/root/deepracer_ws/aws-deepracer-launcher/install/deepracer_interfaces_pkg/lib/python3.8/site-packages:${PYTHONPATH} /usr/bin/cmake /root/deepracer_ws/aws-deepracer-launcher/aws-deepracer-servo-pkg/servo_pkg -DCMAKE_INSTALL_PREFIX=/root/deepracer_ws/aws-deepracer-launcher/install/servo_pkg
[0.527s] -- The C compiler identification is GNU 9.3.0
[0.859s] -- The CXX compiler identification is GNU 9.3.0
[1.035s] -- Check for working C compiler: /usr/bin/cc
[1.247s] -- Check for working C compiler: /usr/bin/cc -- works
[1.404s] -- Detecting C compiler ABI info
[1.770s] -- Detecting C compiler ABI info - done
[1.813s] -- Detecting C compile features
[1.817s] -- Detecting C compile features - done
[1.830s] -- Check for working CXX compiler: /usr/bin/c++
[2.076s] -- Check for working CXX compiler: /usr/bin/c++ -- works
[2.080s] -- Detecting CXX compiler ABI info
[2.474s] -- Detecting CXX compiler ABI info - done
[2.518s] -- Detecting CXX compile features
[2.522s] -- Detecting CXX compile features - done
[2.532s] -- Found ament_cmake: 0.9.8 (/opt/ros/foxy/share/ament_cmake/cmake)
[2.779s] -- Found PythonInterp: /usr/bin/python3 (found suitable version "3.8.10", minimum required is "3") 
[2.781s] -- Using PYTHON_EXECUTABLE: /usr/bin/python3
[3.901s] -- Found rclcpp: 2.3.0 (/opt/ros/foxy/share/rclcpp/cmake)
[4.062s] -- Using all available rosidl_typesupport_c: rosidl_typesupport_fastrtps_c;rosidl_typesupport_introspection_c
[4.085s] -- Found rosidl_adapter: 1.2.0 (/opt/ros/foxy/share/rosidl_adapter/cmake)
[4.485s] -- Found OpenSSL: /usr/lib/x86_64-linux-gnu/libcrypto.so (found version "1.1.1f")  
[4.574s] -- Found FastRTPS: /opt/ros/foxy/include  
[5.146s] -- Using all available rosidl_typesupport_cpp: rosidl_typesupport_fastrtps_cpp;rosidl_typesupport_introspection_cpp
[5.373s] -- Found rmw_implementation_cmake: 1.0.2 (/opt/ros/foxy/share/rmw_implementation_cmake/cmake)
[5.381s] -- Using RMW implementation 'rmw_fastrtps_cpp' as default
[5.387s] -- Looking for pthread.h
[5.615s] -- Looking for pthread.h - found
[5.617s] -- Performing Test CMAKE_HAVE_LIBC_PTHREAD
[5.846s] -- Performing Test CMAKE_HAVE_LIBC_PTHREAD - Failed
[5.847s] -- Looking for pthread_create in pthreads
[6.010s] -- Looking for pthread_create in pthreads - not found
[6.011s] -- Looking for pthread_create in pthread
[6.230s] -- Looking for pthread_create in pthread - found
[6.234s] -- Found Threads: TRUE  
[7.287s] -- Found deepracer_interfaces_pkg: 0.0.1 (/root/deepracer_ws/aws-deepracer-launcher/install/deepracer_interfaces_pkg/share/deepracer_interfaces_pkg/cmake)
[8.863s] -- Found ament_lint_auto: 0.9.6 (/opt/ros/foxy/share/ament_lint_auto/cmake)
[9.628s] -- Added test 'copyright' to check source files copyright and LICENSE
[9.635s] -- Added test 'cppcheck' to perform static code analysis on C / C++ code
[9.637s] -- Configured cppcheck include dirs: /root/deepracer_ws/aws-deepracer-launcher/aws-deepracer-servo-pkg/servo_pkg/include
[9.638s] -- Configured cppcheck exclude dirs and/or files: 
[9.642s] -- Added test 'cpplint' to check C / C++ code against the Google style
[9.643s] -- Configured cpplint exclude dirs and/or files: 
[9.646s] -- Added test 'flake8' to check Python code syntax and style conventions
[9.649s] -- Added test 'lint_cmake' to check CMake code style
[9.652s] -- Added test 'pep257' to check Python code against some of the style conventions in PEP 257
[9.657s] -- Added test 'uncrustify' to check C / C++ code style
[9.658s] -- Configured uncrustify additional arguments: 
[9.661s] -- Added test 'xmllint' to check XML markup files
[9.671s] -- Configuring done
[9.709s] -- Generating done
[9.716s] -- Build files have been written to: /root/deepracer_ws/aws-deepracer-launcher/build/servo_pkg
[9.742s] Invoked command in '/root/deepracer_ws/aws-deepracer-launcher/build/servo_pkg' returned '0': AMENT_PREFIX_PATH=/root/deepracer_ws/aws-deepracer-launcher/install/deepracer_interfaces_pkg:${AMENT_PREFIX_PATH} CMAKE_PREFIX_PATH=/root/deepracer_ws/aws-deepracer-launcher/install/deepracer_interfaces_pkg:/opt/ros/foxy LD_LIBRARY_PATH=/root/deepracer_ws/aws-deepracer-launcher/install/deepracer_interfaces_pkg/lib:/home/deepracer/intel/openvino_2022/tools/compile_tool:/home/deepracer/intel/openvino_2022/runtime/3rdparty/tbb/lib:/home/deepracer/intel/openvino_2022/runtime/3rdparty/hddl/lib:/home/deepracer/intel/openvino_2022/runtime/lib/intel64:/opt/ros/foxy/opt/yaml_cpp_vendor/lib:/opt/ros/foxy/opt/rviz_ogre_vendor/lib:/opt/ros/foxy/lib/x86_64-linux-gnu:/opt/ros/foxy/lib PYTHONPATH=/root/deepracer_ws/aws-deepracer-launcher/install/deepracer_interfaces_pkg/lib/python3.8/site-packages:${PYTHONPATH} /usr/bin/cmake /root/deepracer_ws/aws-deepracer-launcher/aws-deepracer-servo-pkg/servo_pkg -DCMAKE_INSTALL_PREFIX=/root/deepracer_ws/aws-deepracer-launcher/install/servo_pkg
[9.750s] Invoking command in '/root/deepracer_ws/aws-deepracer-launcher/build/servo_pkg': AMENT_PREFIX_PATH=/root/deepracer_ws/aws-deepracer-launcher/install/deepracer_interfaces_pkg:${AMENT_PREFIX_PATH} CMAKE_PREFIX_PATH=/root/deepracer_ws/aws-deepracer-launcher/install/deepracer_interfaces_pkg:/opt/ros/foxy LD_LIBRARY_PATH=/root/deepracer_ws/aws-deepracer-launcher/install/deepracer_interfaces_pkg/lib:/home/deepracer/intel/openvino_2022/tools/compile_tool:/home/deepracer/intel/openvino_2022/runtime/3rdparty/tbb/lib:/home/deepracer/intel/openvino_2022/runtime/3rdparty/hddl/lib:/home/deepracer/intel/openvino_2022/runtime/lib/intel64:/opt/ros/foxy/opt/yaml_cpp_vendor/lib:/opt/ros/foxy/opt/rviz_ogre_vendor/lib:/opt/ros/foxy/lib/x86_64-linux-gnu:/opt/ros/foxy/lib PYTHONPATH=/root/deepracer_ws/aws-deepracer-launcher/install/deepracer_interfaces_pkg/lib/python3.8/site-packages:${PYTHONPATH} /usr/bin/cmake --build /root/deepracer_ws/aws-deepracer-launcher/build/servo_pkg -- -j2 -l2
[9.871s] [35m[1mScanning dependencies of target servo_node[0m
[10.222s] [ 14%] [32mBuilding CXX object CMakeFiles/servo_node.dir/src/servo_node.cpp.o[0m
[37.729s] [ 28%] [32mBuilding CXX object CMakeFiles/servo_node.dir/src/bios_version.cpp.o[0m
[45.487s] [ 42%] [32mBuilding CXX object CMakeFiles/servo_node.dir/src/utility.cpp.o[0m
[47.645s] [ 57%] [32mBuilding CXX object CMakeFiles/servo_node.dir/src/led_mgr.cpp.o[0m
[58.342s] [ 71%] [32mBuilding CXX object CMakeFiles/servo_node.dir/src/servo_mgr.cpp.o[0m
[69.301s] [ 85%] [32mBuilding CXX object CMakeFiles/servo_node.dir/src/pwm.cpp.o[0m
[77.811s] [100%] [32m[1mLinking CXX executable servo_node[0m
[79.422s] [100%] Built target servo_node
[79.455s] Invoked command in '/root/deepracer_ws/aws-deepracer-launcher/build/servo_pkg' returned '0': AMENT_PREFIX_PATH=/root/deepracer_ws/aws-deepracer-launcher/install/deepracer_interfaces_pkg:${AMENT_PREFIX_PATH} CMAKE_PREFIX_PATH=/root/deepracer_ws/aws-deepracer-launcher/install/deepracer_interfaces_pkg:/opt/ros/foxy LD_LIBRARY_PATH=/root/deepracer_ws/aws-deepracer-launcher/install/deepracer_interfaces_pkg/lib:/home/deepracer/intel/openvino_2022/tools/compile_tool:/home/deepracer/intel/openvino_2022/runtime/3rdparty/tbb/lib:/home/deepracer/intel/openvino_2022/runtime/3rdparty/hddl/lib:/home/deepracer/intel/openvino_2022/runtime/lib/intel64:/opt/ros/foxy/opt/yaml_cpp_vendor/lib:/opt/ros/foxy/opt/rviz_ogre_vendor/lib:/opt/ros/foxy/lib/x86_64-linux-gnu:/opt/ros/foxy/lib PYTHONPATH=/root/deepracer_ws/aws-deepracer-launcher/install/deepracer_interfaces_pkg/lib/python3.8/site-packages:${PYTHONPATH} /usr/bin/cmake --build /root/deepracer_ws/aws-deepracer-launcher/build/servo_pkg -- -j2 -l2
[79.551s] Invoking command in '/root/deepracer_ws/aws-deepracer-launcher/build/servo_pkg': AMENT_PREFIX_PATH=/root/deepracer_ws/aws-deepracer-launcher/install/deepracer_interfaces_pkg:${AMENT_PREFIX_PATH} CMAKE_PREFIX_PATH=/root/deepracer_ws/aws-deepracer-launcher/install/deepracer_interfaces_pkg:/opt/ros/foxy LD_LIBRARY_PATH=/root/deepracer_ws/aws-deepracer-launcher/install/deepracer_interfaces_pkg/lib:/home/deepracer/intel/openvino_2022/tools/compile_tool:/home/deepracer/intel/openvino_2022/runtime/3rdparty/tbb/lib:/home/deepracer/intel/openvino_2022/runtime/3rdparty/hddl/lib:/home/deepracer/intel/openvino_2022/runtime/lib/intel64:/opt/ros/foxy/opt/yaml_cpp_vendor/lib:/opt/ros/foxy/opt/rviz_ogre_vendor/lib:/opt/ros/foxy/lib/x86_64-linux-gnu:/opt/ros/foxy/lib PYTHONPATH=/root/deepracer_ws/aws-deepracer-launcher/install/deepracer_interfaces_pkg/lib/python3.8/site-packages:${PYTHONPATH} /usr/bin/cmake --install /root/deepracer_ws/aws-deepracer-launcher/build/servo_pkg
[79.578s] -- Install configuration: ""
[79.580s] -- Installing: /root/deepracer_ws/aws-deepracer-launcher/install/servo_pkg/lib/servo_pkg/servo_node
[79.785s] -- Set runtime path of "/root/deepracer_ws/aws-deepracer-launcher/install/servo_pkg/lib/servo_pkg/servo_node" to ""
[79.786s] -- Installing: /root/deepracer_ws/aws-deepracer-launcher/install/servo_pkg/include
[79.787s] -- Installing: /root/deepracer_ws/aws-deepracer-launcher/install/servo_pkg/include/servo_pkg
[79.788s] -- Installing: /root/deepracer_ws/aws-deepracer-launcher/install/servo_pkg/include/servo_pkg/bios_version.hpp
[79.789s] -- Installing: /root/deepracer_ws/aws-deepracer-launcher/install/servo_pkg/include/servo_pkg/led_mgr.hpp
[79.790s] -- Installing: /root/deepracer_ws/aws-deepracer-launcher/install/servo_pkg/include/servo_pkg/pwm.hpp
[79.791s] -- Installing: /root/deepracer_ws/aws-deepracer-launcher/install/servo_pkg/include/servo_pkg/servo_mgr.hpp
[79.792s] -- Installing: /root/deepracer_ws/aws-deepracer-launcher/install/servo_pkg/include/servo_pkg/utility.hpp
[79.794s] -- Installing: /root/deepracer_ws/aws-deepracer-launcher/install/servo_pkg/share/servo_pkg//launch
[79.795s] -- Installing: /root/deepracer_ws/aws-deepracer-launcher/install/servo_pkg/share/servo_pkg//launch/servo_pkg_launch.py
[79.796s] -- Installing: /root/deepracer_ws/aws-deepracer-launcher/install/servo_pkg/share/ament_index/resource_index/package_run_dependencies/servo_pkg
[79.798s] -- Installing: /root/deepracer_ws/aws-deepracer-launcher/install/servo_pkg/share/ament_index/resource_index/parent_prefix_path/servo_pkg
[79.799s] -- Installing: /root/deepracer_ws/aws-deepracer-launcher/install/servo_pkg/share/servo_pkg/environment/ament_prefix_path.sh
[79.801s] -- Installing: /root/deepracer_ws/aws-deepracer-launcher/install/servo_pkg/share/servo_pkg/environment/ament_prefix_path.dsv
[79.802s] -- Installing: /root/deepracer_ws/aws-deepracer-launcher/install/servo_pkg/share/servo_pkg/environment/path.sh
[79.803s] -- Installing: /root/deepracer_ws/aws-deepracer-launcher/install/servo_pkg/share/servo_pkg/environment/path.dsv
[79.805s] -- Installing: /root/deepracer_ws/aws-deepracer-launcher/install/servo_pkg/share/servo_pkg/local_setup.bash
[79.807s] -- Installing: /root/deepracer_ws/aws-deepracer-launcher/install/servo_pkg/share/servo_pkg/local_setup.sh
[79.808s] -- Installing: /root/deepracer_ws/aws-deepracer-launcher/install/servo_pkg/share/servo_pkg/local_setup.zsh
[79.809s] -- Installing: /root/deepracer_ws/aws-deepracer-launcher/install/servo_pkg/share/servo_pkg/local_setup.dsv
[79.811s] -- Installing: /root/deepracer_ws/aws-deepracer-launcher/install/servo_pkg/share/servo_pkg/package.dsv
[79.812s] -- Installing: /root/deepracer_ws/aws-deepracer-launcher/install/servo_pkg/share/ament_index/resource_index/packages/servo_pkg
[79.814s] -- Installing: /root/deepracer_ws/aws-deepracer-launcher/install/servo_pkg/share/servo_pkg/cmake/ament_cmake_export_include_directories-extras.cmake
[79.815s] -- Installing: /root/deepracer_ws/aws-deepracer-launcher/install/servo_pkg/share/servo_pkg/cmake/ament_cmake_export_dependencies-extras.cmake
[79.816s] -- Installing: /root/deepracer_ws/aws-deepracer-launcher/install/servo_pkg/share/servo_pkg/cmake/servo_pkgConfig.cmake
[79.817s] -- Installing: /root/deepracer_ws/aws-deepracer-launcher/install/servo_pkg/share/servo_pkg/cmake/servo_pkgConfig-version.cmake
[79.819s] -- Installing: /root/deepracer_ws/aws-deepracer-launcher/install/servo_pkg/share/servo_pkg/package.xml
[79.830s] Invoked command in '/root/deepracer_ws/aws-deepracer-launcher/build/servo_pkg' returned '0': AMENT_PREFIX_PATH=/root/deepracer_ws/aws-deepracer-launcher/install/deepracer_interfaces_pkg:${AMENT_PREFIX_PATH} CMAKE_PREFIX_PATH=/root/deepracer_ws/aws-deepracer-launcher/install/deepracer_interfaces_pkg:/opt/ros/foxy LD_LIBRARY_PATH=/root/deepracer_ws/aws-deepracer-launcher/install/deepracer_interfaces_pkg/lib:/home/deepracer/intel/openvino_2022/tools/compile_tool:/home/deepracer/intel/openvino_2022/runtime/3rdparty/tbb/lib:/home/deepracer/intel/openvino_2022/runtime/3rdparty/hddl/lib:/home/deepracer/intel/openvino_2022/runtime/lib/intel64:/opt/ros/foxy/opt/yaml_cpp_vendor/lib:/opt/ros/foxy/opt/rviz_ogre_vendor/lib:/opt/ros/foxy/lib/x86_64-linux-gnu:/opt/ros/foxy/lib PYTHONPATH=/root/deepracer_ws/aws-deepracer-launcher/install/deepracer_interfaces_pkg/lib/python3.8/site-packages:${PYTHONPATH} /usr/bin/cmake --install /root/deepracer_ws/aws-deepracer-launcher/build/servo_pkg
