[0.179s] Invoking command in '/root/deepracer_ws/aws-deepracer-launcher/build/i2c_pkg': AMENT_PREFIX_PATH=/root/deepracer_ws/aws-deepracer-launcher/install/deepracer_interfaces_pkg:${AMENT_PREFIX_PATH} CMAKE_PREFIX_PATH=/root/deepracer_ws/aws-deepracer-launcher/install/deepracer_interfaces_pkg:/opt/ros/foxy LD_LIBRARY_PATH=/root/deepracer_ws/aws-deepracer-launcher/install/deepracer_interfaces_pkg/lib:${LD_LIBRARY_PATH} PYTHONPATH=/root/deepracer_ws/aws-deepracer-launcher/install/deepracer_interfaces_pkg/lib/python3.8/site-packages:${PYTHONPATH} /usr/bin/cmake --build /root/deepracer_ws/aws-deepracer-launcher/build/i2c_pkg -- -j2 -l2
[0.849s] [100%] Built target battery_node
[0.942s] Invoked command in '/root/deepracer_ws/aws-deepracer-launcher/build/i2c_pkg' returned '0': AMENT_PREFIX_PATH=/root/deepracer_ws/aws-deepracer-launcher/install/deepracer_interfaces_pkg:${AMENT_PREFIX_PATH} CMAKE_PREFIX_PATH=/root/deepracer_ws/aws-deepracer-launcher/install/deepracer_interfaces_pkg:/opt/ros/foxy LD_LIBRARY_PATH=/root/deepracer_ws/aws-deepracer-launcher/install/deepracer_interfaces_pkg/lib:${LD_LIBRARY_PATH} PYTHONPATH=/root/deepracer_ws/aws-deepracer-launcher/install/deepracer_interfaces_pkg/lib/python3.8/site-packages:${PYTHONPATH} /usr/bin/cmake --build /root/deepracer_ws/aws-deepracer-launcher/build/i2c_pkg -- -j2 -l2
[1.445s] Invoking command in '/root/deepracer_ws/aws-deepracer-launcher/build/i2c_pkg': AMENT_PREFIX_PATH=/root/deepracer_ws/aws-deepracer-launcher/install/deepracer_interfaces_pkg:${AMENT_PREFIX_PATH} CMAKE_PREFIX_PATH=/root/deepracer_ws/aws-deepracer-launcher/install/deepracer_interfaces_pkg:/opt/ros/foxy LD_LIBRARY_PATH=/root/deepracer_ws/aws-deepracer-launcher/install/deepracer_interfaces_pkg/lib:${LD_LIBRARY_PATH} PYTHONPATH=/root/deepracer_ws/aws-deepracer-launcher/install/deepracer_interfaces_pkg/lib/python3.8/site-packages:${PYTHONPATH} /usr/bin/cmake --install /root/deepracer_ws/aws-deepracer-launcher/build/i2c_pkg
[1.554s] -- Install configuration: ""
[1.555s] -- Up-to-date: /root/deepracer_ws/aws-deepracer-launcher/install/i2c_pkg/lib/i2c_pkg/battery_node
[1.555s] -- Up-to-date: /root/deepracer_ws/aws-deepracer-launcher/install/i2c_pkg/include
[1.556s] -- Up-to-date: /root/deepracer_ws/aws-deepracer-launcher/install/i2c_pkg/include/i2c_pkg
[1.556s] -- Up-to-date: /root/deepracer_ws/aws-deepracer-launcher/install/i2c_pkg/include/i2c_pkg/i2c.hpp
[1.560s] -- Up-to-date: /root/deepracer_ws/aws-deepracer-launcher/install/i2c_pkg/share/i2c_pkg//launch
[1.560s] -- Up-to-date: /root/deepracer_ws/aws-deepracer-launcher/install/i2c_pkg/share/i2c_pkg//launch/i2c_pkg_launch.py
[1.561s] -- Up-to-date: /root/deepracer_ws/aws-deepracer-launcher/install/i2c_pkg/share/ament_index/resource_index/package_run_dependencies/i2c_pkg
[1.565s] -- Up-to-date: /root/deepracer_ws/aws-deepracer-launcher/install/i2c_pkg/share/ament_index/resource_index/parent_prefix_path/i2c_pkg
[1.566s] -- Up-to-date: /root/deepracer_ws/aws-deepracer-launcher/install/i2c_pkg/share/i2c_pkg/environment/ament_prefix_path.sh
[1.566s] -- Up-to-date: /root/deepracer_ws/aws-deepracer-launcher/install/i2c_pkg/share/i2c_pkg/environment/ament_prefix_path.dsv
[1.567s] -- Up-to-date: /root/deepracer_ws/aws-deepracer-launcher/install/i2c_pkg/share/i2c_pkg/environment/path.sh
[1.567s] -- Up-to-date: /root/deepracer_ws/aws-deepracer-launcher/install/i2c_pkg/share/i2c_pkg/environment/path.dsv
[1.567s] -- Up-to-date: /root/deepracer_ws/aws-deepracer-launcher/install/i2c_pkg/share/i2c_pkg/local_setup.bash
[1.567s] -- Up-to-date: /root/deepracer_ws/aws-deepracer-launcher/install/i2c_pkg/share/i2c_pkg/local_setup.sh
[1.568s] -- Up-to-date: /root/deepracer_ws/aws-deepracer-launcher/install/i2c_pkg/share/i2c_pkg/local_setup.zsh
[1.582s] -- Up-to-date: /root/deepracer_ws/aws-deepracer-launcher/install/i2c_pkg/share/i2c_pkg/local_setup.dsv
[1.582s] -- Installing: /root/deepracer_ws/aws-deepracer-launcher/install/i2c_pkg/share/i2c_pkg/package.dsv
[1.582s] -- Up-to-date: /root/deepracer_ws/aws-deepracer-launcher/install/i2c_pkg/share/ament_index/resource_index/packages/i2c_pkg
[1.583s] -- Up-to-date: /root/deepracer_ws/aws-deepracer-launcher/install/i2c_pkg/share/i2c_pkg/cmake/ament_cmake_export_include_directories-extras.cmake
[1.583s] -- Up-to-date: /root/deepracer_ws/aws-deepracer-launcher/install/i2c_pkg/share/i2c_pkg/cmake/ament_cmake_export_dependencies-extras.cmake
[1.583s] -- Up-to-date: /root/deepracer_ws/aws-deepracer-launcher/install/i2c_pkg/share/i2c_pkg/cmake/i2c_pkgConfig.cmake
[1.583s] -- Up-to-date: /root/deepracer_ws/aws-deepracer-launcher/install/i2c_pkg/share/i2c_pkg/cmake/i2c_pkgConfig-version.cmake
[1.584s] -- Up-to-date: /root/deepracer_ws/aws-deepracer-launcher/install/i2c_pkg/share/i2c_pkg/package.xml
[1.596s] Invoked command in '/root/deepracer_ws/aws-deepracer-launcher/build/i2c_pkg' returned '0': AMENT_PREFIX_PATH=/root/deepracer_ws/aws-deepracer-launcher/install/deepracer_interfaces_pkg:${AMENT_PREFIX_PATH} CMAKE_PREFIX_PATH=/root/deepracer_ws/aws-deepracer-launcher/install/deepracer_interfaces_pkg:/opt/ros/foxy LD_LIBRARY_PATH=/root/deepracer_ws/aws-deepracer-launcher/install/deepracer_interfaces_pkg/lib:${LD_LIBRARY_PATH} PYTHONPATH=/root/deepracer_ws/aws-deepracer-launcher/install/deepracer_interfaces_pkg/lib/python3.8/site-packages:${PYTHONPATH} /usr/bin/cmake --install /root/deepracer_ws/aws-deepracer-launcher/build/i2c_pkg
