[1.318s] Invoking command in '/root/deepracer_ws/aws-deepracer-launcher/build/camera_pkg': AMENT_PREFIX_PATH=/root/deepracer_ws/aws-deepracer-launcher/install/deepracer_interfaces_pkg CMAKE_PREFIX_PATH=/root/deepracer_ws/aws-deepracer-launcher/install/deepracer_interfaces_pkg LD_LIBRARY_PATH=/root/deepracer_ws/aws-deepracer-launcher/install/deepracer_interfaces_pkg/lib PYTHONPATH=/root/deepracer_ws/aws-deepracer-launcher/install/deepracer_interfaces_pkg/lib/python3.8/site-packages /usr/bin/cmake --build /root/deepracer_ws/aws-deepracer-launcher/build/camera_pkg -- -j2 -l2
[1.652s] [100%] Built target camera_node
[1.706s] Invoked command in '/root/deepracer_ws/aws-deepracer-launcher/build/camera_pkg' returned '0': AMENT_PREFIX_PATH=/root/deepracer_ws/aws-deepracer-launcher/install/deepracer_interfaces_pkg CMAKE_PREFIX_PATH=/root/deepracer_ws/aws-deepracer-launcher/install/deepracer_interfaces_pkg LD_LIBRARY_PATH=/root/deepracer_ws/aws-deepracer-launcher/install/deepracer_interfaces_pkg/lib PYTHONPATH=/root/deepracer_ws/aws-deepracer-launcher/install/deepracer_interfaces_pkg/lib/python3.8/site-packages /usr/bin/cmake --build /root/deepracer_ws/aws-deepracer-launcher/build/camera_pkg -- -j2 -l2
[1.814s] Invoking command in '/root/deepracer_ws/aws-deepracer-launcher/build/camera_pkg': AMENT_PREFIX_PATH=/root/deepracer_ws/aws-deepracer-launcher/install/deepracer_interfaces_pkg CMAKE_PREFIX_PATH=/root/deepracer_ws/aws-deepracer-launcher/install/deepracer_interfaces_pkg LD_LIBRARY_PATH=/root/deepracer_ws/aws-deepracer-launcher/install/deepracer_interfaces_pkg/lib PYTHONPATH=/root/deepracer_ws/aws-deepracer-launcher/install/deepracer_interfaces_pkg/lib/python3.8/site-packages /usr/bin/cmake --install /root/deepracer_ws/aws-deepracer-launcher/build/camera_pkg
[2.044s] -- Install configuration: ""
[2.044s] -- Up-to-date: /root/deepracer_ws/aws-deepracer-launcher/install/camera_pkg/lib/camera_pkg/camera_node
[2.045s] -- Up-to-date: /root/deepracer_ws/aws-deepracer-launcher/install/camera_pkg/share/camera_pkg//launch
[2.045s] -- Up-to-date: /root/deepracer_ws/aws-deepracer-launcher/install/camera_pkg/share/camera_pkg//launch/camera_pkg_launch.py
[2.045s] -- Up-to-date: /root/deepracer_ws/aws-deepracer-launcher/install/camera_pkg/share/ament_index/resource_index/package_run_dependencies/camera_pkg
[2.046s] -- Up-to-date: /root/deepracer_ws/aws-deepracer-launcher/install/camera_pkg/share/ament_index/resource_index/parent_prefix_path/camera_pkg
[2.046s] -- Up-to-date: /root/deepracer_ws/aws-deepracer-launcher/install/camera_pkg/share/camera_pkg/environment/ament_prefix_path.sh
[2.047s] -- Up-to-date: /root/deepracer_ws/aws-deepracer-launcher/install/camera_pkg/share/camera_pkg/environment/ament_prefix_path.dsv
[2.050s] -- Up-to-date: /root/deepracer_ws/aws-deepracer-launcher/install/camera_pkg/share/camera_pkg/environment/path.sh
[2.066s] -- Up-to-date: /root/deepracer_ws/aws-deepracer-launcher/install/camera_pkg/share/camera_pkg/environment/path.dsv
[2.066s] -- Up-to-date: /root/deepracer_ws/aws-deepracer-launcher/install/camera_pkg/share/camera_pkg/local_setup.bash
[2.067s] -- Up-to-date: /root/deepracer_ws/aws-deepracer-launcher/install/camera_pkg/share/camera_pkg/local_setup.sh
[2.067s] -- Up-to-date: /root/deepracer_ws/aws-deepracer-launcher/install/camera_pkg/share/camera_pkg/local_setup.zsh
[2.067s] -- Up-to-date: /root/deepracer_ws/aws-deepracer-launcher/install/camera_pkg/share/camera_pkg/local_setup.dsv
[2.068s] -- Installing: /root/deepracer_ws/aws-deepracer-launcher/install/camera_pkg/share/camera_pkg/package.dsv
[2.071s] -- Up-to-date: /root/deepracer_ws/aws-deepracer-launcher/install/camera_pkg/share/ament_index/resource_index/packages/camera_pkg
[2.071s] -- Up-to-date: /root/deepracer_ws/aws-deepracer-launcher/install/camera_pkg/share/camera_pkg/cmake/ament_cmake_export_include_directories-extras.cmake
[2.071s] -- Up-to-date: /root/deepracer_ws/aws-deepracer-launcher/install/camera_pkg/share/camera_pkg/cmake/ament_cmake_export_dependencies-extras.cmake
[2.072s] -- Up-to-date: /root/deepracer_ws/aws-deepracer-launcher/install/camera_pkg/share/camera_pkg/cmake/camera_pkgConfig.cmake
[2.072s] -- Up-to-date: /root/deepracer_ws/aws-deepracer-launcher/install/camera_pkg/share/camera_pkg/cmake/camera_pkgConfig-version.cmake
[2.072s] -- Up-to-date: /root/deepracer_ws/aws-deepracer-launcher/install/camera_pkg/share/camera_pkg/package.xml
[2.073s] Invoked command in '/root/deepracer_ws/aws-deepracer-launcher/build/camera_pkg' returned '0': AMENT_PREFIX_PATH=/root/deepracer_ws/aws-deepracer-launcher/install/deepracer_interfaces_pkg CMAKE_PREFIX_PATH=/root/deepracer_ws/aws-deepracer-launcher/install/deepracer_interfaces_pkg LD_LIBRARY_PATH=/root/deepracer_ws/aws-deepracer-launcher/install/deepracer_interfaces_pkg/lib PYTHONPATH=/root/deepracer_ws/aws-deepracer-launcher/install/deepracer_interfaces_pkg/lib/python3.8/site-packages /usr/bin/cmake --install /root/deepracer_ws/aws-deepracer-launcher/build/camera_pkg
