[1.662s] Invoking command in '/root/deepracer_ws/aws-deepracer-launcher/aws-deepracer-systems-pkg/deepracer_systems_pkg': AMENT_PREFIX_PATH=/root/deepracer_ws/aws-deepracer-launcher/install/usb_monitor_pkg:/root/deepracer_ws/aws-deepracer-launcher/install/status_led_pkg:/root/deepracer_ws/aws-deepracer-launcher/install/deepracer_interfaces_pkg:${AMENT_PREFIX_PATH} CMAKE_PREFIX_PATH=/root/deepracer_ws/aws-deepracer-launcher/install/deepracer_interfaces_pkg LD_LIBRARY_PATH=/root/deepracer_ws/aws-deepracer-launcher/install/deepracer_interfaces_pkg/lib:/home/deepracer/intel/openvino_2022/tools/compile_tool:/home/deepracer/intel/openvino_2022/runtime/3rdparty/tbb/lib:/home/deepracer/intel/openvino_2022/runtime/3rdparty/hddl/lib:/home/deepracer/intel/openvino_2022/runtime/lib/intel64:/opt/ros/foxy/opt/yaml_cpp_vendor/lib:/opt/ros/foxy/opt/rviz_ogre_vendor/lib:/opt/ros/foxy/lib/x86_64-linux-gnu:/opt/ros/foxy/lib PYTHONPATH=/root/deepracer_ws/aws-deepracer-launcher/install/deepracer_systems_pkg/lib/python3.8/site-packages:/root/deepracer_ws/aws-deepracer-launcher/install/usb_monitor_pkg/lib/python3.8/site-packages:/root/deepracer_ws/aws-deepracer-launcher/install/status_led_pkg/lib/python3.8/site-packages:/root/deepracer_ws/aws-deepracer-launcher/install/deepracer_interfaces_pkg/lib/python3.8/site-packages:${PYTHONPATH} /usr/bin/python3 setup.py egg_info --egg-base ../../build/deepracer_systems_pkg build --build-base /root/deepracer_ws/aws-deepracer-launcher/build/deepracer_systems_pkg/build install --prefix /root/deepracer_ws/aws-deepracer-launcher/install/deepracer_systems_pkg --record /root/deepracer_ws/aws-deepracer-launcher/build/deepracer_systems_pkg/install.log --single-version-externally-managed
[2.688s] running egg_info
[2.692s] creating ../../build/deepracer_systems_pkg/deepracer_systems_pkg.egg-info
[2.693s] writing ../../build/deepracer_systems_pkg/deepracer_systems_pkg.egg-info/PKG-INFO
[2.695s] writing dependency_links to ../../build/deepracer_systems_pkg/deepracer_systems_pkg.egg-info/dependency_links.txt
[2.696s] writing entry points to ../../build/deepracer_systems_pkg/deepracer_systems_pkg.egg-info/entry_points.txt
[2.698s] writing requirements to ../../build/deepracer_systems_pkg/deepracer_systems_pkg.egg-info/requires.txt
[2.699s] writing top-level names to ../../build/deepracer_systems_pkg/deepracer_systems_pkg.egg-info/top_level.txt
[2.706s] writing manifest file '../../build/deepracer_systems_pkg/deepracer_systems_pkg.egg-info/SOURCES.txt'
[3.011s] reading manifest file '../../build/deepracer_systems_pkg/deepracer_systems_pkg.egg-info/SOURCES.txt'
[3.015s] writing manifest file '../../build/deepracer_systems_pkg/deepracer_systems_pkg.egg-info/SOURCES.txt'
[3.017s] running build
[3.017s] running build_py
[3.019s] creating /root/deepracer_ws/aws-deepracer-launcher/build/deepracer_systems_pkg/build
[3.019s] creating /root/deepracer_ws/aws-deepracer-launcher/build/deepracer_systems_pkg/build/lib
[3.020s] creating /root/deepracer_ws/aws-deepracer-launcher/build/deepracer_systems_pkg/build/lib/deepracer_systems_pkg
[3.021s] copying deepracer_systems_pkg/__init__.py -> /root/deepracer_ws/aws-deepracer-launcher/build/deepracer_systems_pkg/build/lib/deepracer_systems_pkg
[3.023s] copying deepracer_systems_pkg/constants.py -> /root/deepracer_ws/aws-deepracer-launcher/build/deepracer_systems_pkg/build/lib/deepracer_systems_pkg
[3.025s] copying deepracer_systems_pkg/file_system_utils.py -> /root/deepracer_ws/aws-deepracer-launcher/build/deepracer_systems_pkg/build/lib/deepracer_systems_pkg
[3.027s] copying deepracer_systems_pkg/scheduler.py -> /root/deepracer_ws/aws-deepracer-launcher/build/deepracer_systems_pkg/build/lib/deepracer_systems_pkg
[3.029s] copying deepracer_systems_pkg/utility.py -> /root/deepracer_ws/aws-deepracer-launcher/build/deepracer_systems_pkg/build/lib/deepracer_systems_pkg
[3.032s] creating /root/deepracer_ws/aws-deepracer-launcher/build/deepracer_systems_pkg/build/lib/deepracer_systems_pkg/software_update_module
[3.033s] copying deepracer_systems_pkg/software_update_module/__init__.py -> /root/deepracer_ws/aws-deepracer-launcher/build/deepracer_systems_pkg/build/lib/deepracer_systems_pkg/software_update_module
[3.034s] copying deepracer_systems_pkg/software_update_module/cache_open_progress.py -> /root/deepracer_ws/aws-deepracer-launcher/build/deepracer_systems_pkg/build/lib/deepracer_systems_pkg/software_update_module
[3.036s] copying deepracer_systems_pkg/software_update_module/cache_update_progress.py -> /root/deepracer_ws/aws-deepracer-launcher/build/deepracer_systems_pkg/build/lib/deepracer_systems_pkg/software_update_module
[3.038s] copying deepracer_systems_pkg/software_update_module/fetch_progress.py -> /root/deepracer_ws/aws-deepracer-launcher/build/deepracer_systems_pkg/build/lib/deepracer_systems_pkg/software_update_module
[3.040s] copying deepracer_systems_pkg/software_update_module/install_progress.py -> /root/deepracer_ws/aws-deepracer-launcher/build/deepracer_systems_pkg/build/lib/deepracer_systems_pkg/software_update_module
[3.042s] copying deepracer_systems_pkg/software_update_module/software_update_config.py -> /root/deepracer_ws/aws-deepracer-launcher/build/deepracer_systems_pkg/build/lib/deepracer_systems_pkg/software_update_module
[3.044s] copying deepracer_systems_pkg/software_update_module/software_update_node.py -> /root/deepracer_ws/aws-deepracer-launcher/build/deepracer_systems_pkg/build/lib/deepracer_systems_pkg/software_update_module
[3.047s] copying deepracer_systems_pkg/software_update_module/software_update_utils.py -> /root/deepracer_ws/aws-deepracer-launcher/build/deepracer_systems_pkg/build/lib/deepracer_systems_pkg/software_update_module
[3.050s] creating /root/deepracer_ws/aws-deepracer-launcher/build/deepracer_systems_pkg/build/lib/deepracer_systems_pkg/model_loader_module
[3.050s] copying deepracer_systems_pkg/model_loader_module/__init__.py -> /root/deepracer_ws/aws-deepracer-launcher/build/deepracer_systems_pkg/build/lib/deepracer_systems_pkg/model_loader_module
[3.052s] copying deepracer_systems_pkg/model_loader_module/model_install_state.py -> /root/deepracer_ws/aws-deepracer-launcher/build/deepracer_systems_pkg/build/lib/deepracer_systems_pkg/model_loader_module
[3.054s] copying deepracer_systems_pkg/model_loader_module/model_loader_config.py -> /root/deepracer_ws/aws-deepracer-launcher/build/deepracer_systems_pkg/build/lib/deepracer_systems_pkg/model_loader_module
[3.056s] copying deepracer_systems_pkg/model_loader_module/model_loader_node.py -> /root/deepracer_ws/aws-deepracer-launcher/build/deepracer_systems_pkg/build/lib/deepracer_systems_pkg/model_loader_module
[3.058s] copying deepracer_systems_pkg/model_loader_module/model_metadata_file_utils.py -> /root/deepracer_ws/aws-deepracer-launcher/build/deepracer_systems_pkg/build/lib/deepracer_systems_pkg/model_loader_module
[3.061s] creating /root/deepracer_ws/aws-deepracer-launcher/build/deepracer_systems_pkg/build/lib/deepracer_systems_pkg/otg_module
[3.062s] copying deepracer_systems_pkg/otg_module/__init__.py -> /root/deepracer_ws/aws-deepracer-launcher/build/deepracer_systems_pkg/build/lib/deepracer_systems_pkg/otg_module
[3.063s] copying deepracer_systems_pkg/otg_module/otg_config.py -> /root/deepracer_ws/aws-deepracer-launcher/build/deepracer_systems_pkg/build/lib/deepracer_systems_pkg/otg_module
[3.065s] copying deepracer_systems_pkg/otg_module/otg_control_node.py -> /root/deepracer_ws/aws-deepracer-launcher/build/deepracer_systems_pkg/build/lib/deepracer_systems_pkg/otg_module
[3.067s] creating /root/deepracer_ws/aws-deepracer-launcher/build/deepracer_systems_pkg/build/lib/deepracer_systems_pkg/network_monitor_module
[3.068s] copying deepracer_systems_pkg/network_monitor_module/__init__.py -> /root/deepracer_ws/aws-deepracer-launcher/build/deepracer_systems_pkg/build/lib/deepracer_systems_pkg/network_monitor_module
[3.070s] copying deepracer_systems_pkg/network_monitor_module/network_config.py -> /root/deepracer_ws/aws-deepracer-launcher/build/deepracer_systems_pkg/build/lib/deepracer_systems_pkg/network_monitor_module
[3.072s] copying deepracer_systems_pkg/network_monitor_module/network_monitor_node.py -> /root/deepracer_ws/aws-deepracer-launcher/build/deepracer_systems_pkg/build/lib/deepracer_systems_pkg/network_monitor_module
[3.074s] copying deepracer_systems_pkg/network_monitor_module/network_utils.py -> /root/deepracer_ws/aws-deepracer-launcher/build/deepracer_systems_pkg/build/lib/deepracer_systems_pkg/network_monitor_module
[3.076s] copying deepracer_systems_pkg/network_monitor_module/wifi_config_utils.py -> /root/deepracer_ws/aws-deepracer-launcher/build/deepracer_systems_pkg/build/lib/deepracer_systems_pkg/network_monitor_module
[3.078s] creating /root/deepracer_ws/aws-deepracer-launcher/build/deepracer_systems_pkg/build/lib/deepracer_systems_pkg/deepracer_systems_scripts_module
[3.079s] copying deepracer_systems_pkg/deepracer_systems_scripts_module/__init__.py -> /root/deepracer_ws/aws-deepracer-launcher/build/deepracer_systems_pkg/build/lib/deepracer_systems_pkg/deepracer_systems_scripts_module
[3.081s] copying deepracer_systems_pkg/deepracer_systems_scripts_module/deepracer_systems_scripts_node.py -> /root/deepracer_ws/aws-deepracer-launcher/build/deepracer_systems_pkg/build/lib/deepracer_systems_pkg/deepracer_systems_scripts_module
[3.085s] running install
[3.089s] running install_lib
[3.095s] creating /root/deepracer_ws/aws-deepracer-launcher/install/deepracer_systems_pkg/lib/python3.8/site-packages/deepracer_systems_pkg
[3.096s] copying /root/deepracer_ws/aws-deepracer-launcher/build/deepracer_systems_pkg/build/lib/deepracer_systems_pkg/__init__.py -> /root/deepracer_ws/aws-deepracer-launcher/install/deepracer_systems_pkg/lib/python3.8/site-packages/deepracer_systems_pkg
[3.098s] copying /root/deepracer_ws/aws-deepracer-launcher/build/deepracer_systems_pkg/build/lib/deepracer_systems_pkg/constants.py -> /root/deepracer_ws/aws-deepracer-launcher/install/deepracer_systems_pkg/lib/python3.8/site-packages/deepracer_systems_pkg
[3.099s] copying /root/deepracer_ws/aws-deepracer-launcher/build/deepracer_systems_pkg/build/lib/deepracer_systems_pkg/file_system_utils.py -> /root/deepracer_ws/aws-deepracer-launcher/install/deepracer_systems_pkg/lib/python3.8/site-packages/deepracer_systems_pkg
[3.101s] copying /root/deepracer_ws/aws-deepracer-launcher/build/deepracer_systems_pkg/build/lib/deepracer_systems_pkg/scheduler.py -> /root/deepracer_ws/aws-deepracer-launcher/install/deepracer_systems_pkg/lib/python3.8/site-packages/deepracer_systems_pkg
[3.102s] copying /root/deepracer_ws/aws-deepracer-launcher/build/deepracer_systems_pkg/build/lib/deepracer_systems_pkg/utility.py -> /root/deepracer_ws/aws-deepracer-launcher/install/deepracer_systems_pkg/lib/python3.8/site-packages/deepracer_systems_pkg
[3.103s] creating /root/deepracer_ws/aws-deepracer-launcher/install/deepracer_systems_pkg/lib/python3.8/site-packages/deepracer_systems_pkg/software_update_module
[3.104s] copying /root/deepracer_ws/aws-deepracer-launcher/build/deepracer_systems_pkg/build/lib/deepracer_systems_pkg/software_update_module/__init__.py -> /root/deepracer_ws/aws-deepracer-launcher/install/deepracer_systems_pkg/lib/python3.8/site-packages/deepracer_systems_pkg/software_update_module
[3.106s] copying /root/deepracer_ws/aws-deepracer-launcher/build/deepracer_systems_pkg/build/lib/deepracer_systems_pkg/software_update_module/cache_open_progress.py -> /root/deepracer_ws/aws-deepracer-launcher/install/deepracer_systems_pkg/lib/python3.8/site-packages/deepracer_systems_pkg/software_update_module
[3.107s] copying /root/deepracer_ws/aws-deepracer-launcher/build/deepracer_systems_pkg/build/lib/deepracer_systems_pkg/software_update_module/cache_update_progress.py -> /root/deepracer_ws/aws-deepracer-launcher/install/deepracer_systems_pkg/lib/python3.8/site-packages/deepracer_systems_pkg/software_update_module
[3.108s] copying /root/deepracer_ws/aws-deepracer-launcher/build/deepracer_systems_pkg/build/lib/deepracer_systems_pkg/software_update_module/fetch_progress.py -> /root/deepracer_ws/aws-deepracer-launcher/install/deepracer_systems_pkg/lib/python3.8/site-packages/deepracer_systems_pkg/software_update_module
[3.109s] copying /root/deepracer_ws/aws-deepracer-launcher/build/deepracer_systems_pkg/build/lib/deepracer_systems_pkg/software_update_module/install_progress.py -> /root/deepracer_ws/aws-deepracer-launcher/install/deepracer_systems_pkg/lib/python3.8/site-packages/deepracer_systems_pkg/software_update_module
[3.111s] copying /root/deepracer_ws/aws-deepracer-launcher/build/deepracer_systems_pkg/build/lib/deepracer_systems_pkg/software_update_module/software_update_config.py -> /root/deepracer_ws/aws-deepracer-launcher/install/deepracer_systems_pkg/lib/python3.8/site-packages/deepracer_systems_pkg/software_update_module
[3.112s] copying /root/deepracer_ws/aws-deepracer-launcher/build/deepracer_systems_pkg/build/lib/deepracer_systems_pkg/software_update_module/software_update_node.py -> /root/deepracer_ws/aws-deepracer-launcher/install/deepracer_systems_pkg/lib/python3.8/site-packages/deepracer_systems_pkg/software_update_module
[3.114s] copying /root/deepracer_ws/aws-deepracer-launcher/build/deepracer_systems_pkg/build/lib/deepracer_systems_pkg/software_update_module/software_update_utils.py -> /root/deepracer_ws/aws-deepracer-launcher/install/deepracer_systems_pkg/lib/python3.8/site-packages/deepracer_systems_pkg/software_update_module
[3.115s] creating /root/deepracer_ws/aws-deepracer-launcher/install/deepracer_systems_pkg/lib/python3.8/site-packages/deepracer_systems_pkg/model_loader_module
[3.116s] copying /root/deepracer_ws/aws-deepracer-launcher/build/deepracer_systems_pkg/build/lib/deepracer_systems_pkg/model_loader_module/__init__.py -> /root/deepracer_ws/aws-deepracer-launcher/install/deepracer_systems_pkg/lib/python3.8/site-packages/deepracer_systems_pkg/model_loader_module
[3.117s] copying /root/deepracer_ws/aws-deepracer-launcher/build/deepracer_systems_pkg/build/lib/deepracer_systems_pkg/model_loader_module/model_install_state.py -> /root/deepracer_ws/aws-deepracer-launcher/install/deepracer_systems_pkg/lib/python3.8/site-packages/deepracer_systems_pkg/model_loader_module
[3.119s] copying /root/deepracer_ws/aws-deepracer-launcher/build/deepracer_systems_pkg/build/lib/deepracer_systems_pkg/model_loader_module/model_loader_config.py -> /root/deepracer_ws/aws-deepracer-launcher/install/deepracer_systems_pkg/lib/python3.8/site-packages/deepracer_systems_pkg/model_loader_module
[3.120s] copying /root/deepracer_ws/aws-deepracer-launcher/build/deepracer_systems_pkg/build/lib/deepracer_systems_pkg/model_loader_module/model_loader_node.py -> /root/deepracer_ws/aws-deepracer-launcher/install/deepracer_systems_pkg/lib/python3.8/site-packages/deepracer_systems_pkg/model_loader_module
[3.121s] copying /root/deepracer_ws/aws-deepracer-launcher/build/deepracer_systems_pkg/build/lib/deepracer_systems_pkg/model_loader_module/model_metadata_file_utils.py -> /root/deepracer_ws/aws-deepracer-launcher/install/deepracer_systems_pkg/lib/python3.8/site-packages/deepracer_systems_pkg/model_loader_module
[3.123s] creating /root/deepracer_ws/aws-deepracer-launcher/install/deepracer_systems_pkg/lib/python3.8/site-packages/deepracer_systems_pkg/otg_module
[3.124s] copying /root/deepracer_ws/aws-deepracer-launcher/build/deepracer_systems_pkg/build/lib/deepracer_systems_pkg/otg_module/__init__.py -> /root/deepracer_ws/aws-deepracer-launcher/install/deepracer_systems_pkg/lib/python3.8/site-packages/deepracer_systems_pkg/otg_module
[3.125s] copying /root/deepracer_ws/aws-deepracer-launcher/build/deepracer_systems_pkg/build/lib/deepracer_systems_pkg/otg_module/otg_config.py -> /root/deepracer_ws/aws-deepracer-launcher/install/deepracer_systems_pkg/lib/python3.8/site-packages/deepracer_systems_pkg/otg_module
[3.126s] copying /root/deepracer_ws/aws-deepracer-launcher/build/deepracer_systems_pkg/build/lib/deepracer_systems_pkg/otg_module/otg_control_node.py -> /root/deepracer_ws/aws-deepracer-launcher/install/deepracer_systems_pkg/lib/python3.8/site-packages/deepracer_systems_pkg/otg_module
[3.128s] creating /root/deepracer_ws/aws-deepracer-launcher/install/deepracer_systems_pkg/lib/python3.8/site-packages/deepracer_systems_pkg/network_monitor_module
[3.129s] copying /root/deepracer_ws/aws-deepracer-launcher/build/deepracer_systems_pkg/build/lib/deepracer_systems_pkg/network_monitor_module/__init__.py -> /root/deepracer_ws/aws-deepracer-launcher/install/deepracer_systems_pkg/lib/python3.8/site-packages/deepracer_systems_pkg/network_monitor_module
[3.130s] copying /root/deepracer_ws/aws-deepracer-launcher/build/deepracer_systems_pkg/build/lib/deepracer_systems_pkg/network_monitor_module/network_config.py -> /root/deepracer_ws/aws-deepracer-launcher/install/deepracer_systems_pkg/lib/python3.8/site-packages/deepracer_systems_pkg/network_monitor_module
[3.131s] copying /root/deepracer_ws/aws-deepracer-launcher/build/deepracer_systems_pkg/build/lib/deepracer_systems_pkg/network_monitor_module/network_monitor_node.py -> /root/deepracer_ws/aws-deepracer-launcher/install/deepracer_systems_pkg/lib/python3.8/site-packages/deepracer_systems_pkg/network_monitor_module
[3.133s] copying /root/deepracer_ws/aws-deepracer-launcher/build/deepracer_systems_pkg/build/lib/deepracer_systems_pkg/network_monitor_module/network_utils.py -> /root/deepracer_ws/aws-deepracer-launcher/install/deepracer_systems_pkg/lib/python3.8/site-packages/deepracer_systems_pkg/network_monitor_module
[3.134s] copying /root/deepracer_ws/aws-deepracer-launcher/build/deepracer_systems_pkg/build/lib/deepracer_systems_pkg/network_monitor_module/wifi_config_utils.py -> /root/deepracer_ws/aws-deepracer-launcher/install/deepracer_systems_pkg/lib/python3.8/site-packages/deepracer_systems_pkg/network_monitor_module
[3.136s] creating /root/deepracer_ws/aws-deepracer-launcher/install/deepracer_systems_pkg/lib/python3.8/site-packages/deepracer_systems_pkg/deepracer_systems_scripts_module
[3.137s] copying /root/deepracer_ws/aws-deepracer-launcher/build/deepracer_systems_pkg/build/lib/deepracer_systems_pkg/deepracer_systems_scripts_module/__init__.py -> /root/deepracer_ws/aws-deepracer-launcher/install/deepracer_systems_pkg/lib/python3.8/site-packages/deepracer_systems_pkg/deepracer_systems_scripts_module
[3.138s] copying /root/deepracer_ws/aws-deepracer-launcher/build/deepracer_systems_pkg/build/lib/deepracer_systems_pkg/deepracer_systems_scripts_module/deepracer_systems_scripts_node.py -> /root/deepracer_ws/aws-deepracer-launcher/install/deepracer_systems_pkg/lib/python3.8/site-packages/deepracer_systems_pkg/deepracer_systems_scripts_module
[3.142s] byte-compiling /root/deepracer_ws/aws-deepracer-launcher/install/deepracer_systems_pkg/lib/python3.8/site-packages/deepracer_systems_pkg/__init__.py to __init__.cpython-38.pyc
[3.147s] byte-compiling /root/deepracer_ws/aws-deepracer-launcher/install/deepracer_systems_pkg/lib/python3.8/site-packages/deepracer_systems_pkg/constants.py to constants.cpython-38.pyc
[3.150s] byte-compiling /root/deepracer_ws/aws-deepracer-launcher/install/deepracer_systems_pkg/lib/python3.8/site-packages/deepracer_systems_pkg/file_system_utils.py to file_system_utils.cpython-38.pyc
[3.153s] byte-compiling /root/deepracer_ws/aws-deepracer-launcher/install/deepracer_systems_pkg/lib/python3.8/site-packages/deepracer_systems_pkg/scheduler.py to scheduler.cpython-38.pyc
[3.155s] byte-compiling /root/deepracer_ws/aws-deepracer-launcher/install/deepracer_systems_pkg/lib/python3.8/site-packages/deepracer_systems_pkg/utility.py to utility.cpython-38.pyc
[3.158s] byte-compiling /root/deepracer_ws/aws-deepracer-launcher/install/deepracer_systems_pkg/lib/python3.8/site-packages/deepracer_systems_pkg/software_update_module/__init__.py to __init__.cpython-38.pyc
[3.160s] byte-compiling /root/deepracer_ws/aws-deepracer-launcher/install/deepracer_systems_pkg/lib/python3.8/site-packages/deepracer_systems_pkg/software_update_module/cache_open_progress.py to cache_open_progress.cpython-38.pyc
[3.163s] byte-compiling /root/deepracer_ws/aws-deepracer-launcher/install/deepracer_systems_pkg/lib/python3.8/site-packages/deepracer_systems_pkg/software_update_module/cache_update_progress.py to cache_update_progress.cpython-38.pyc
[3.165s] byte-compiling /root/deepracer_ws/aws-deepracer-launcher/install/deepracer_systems_pkg/lib/python3.8/site-packages/deepracer_systems_pkg/software_update_module/fetch_progress.py to fetch_progress.cpython-38.pyc
[3.168s] byte-compiling /root/deepracer_ws/aws-deepracer-launcher/install/deepracer_systems_pkg/lib/python3.8/site-packages/deepracer_systems_pkg/software_update_module/install_progress.py to install_progress.cpython-38.pyc
[3.171s] byte-compiling /root/deepracer_ws/aws-deepracer-launcher/install/deepracer_systems_pkg/lib/python3.8/site-packages/deepracer_systems_pkg/software_update_module/software_update_config.py to software_update_config.cpython-38.pyc
[3.173s] byte-compiling /root/deepracer_ws/aws-deepracer-launcher/install/deepracer_systems_pkg/lib/python3.8/site-packages/deepracer_systems_pkg/software_update_module/software_update_node.py to software_update_node.cpython-38.pyc
[3.184s] byte-compiling /root/deepracer_ws/aws-deepracer-launcher/install/deepracer_systems_pkg/lib/python3.8/site-packages/deepracer_systems_pkg/software_update_module/software_update_utils.py to software_update_utils.cpython-38.pyc
[3.187s] byte-compiling /root/deepracer_ws/aws-deepracer-launcher/install/deepracer_systems_pkg/lib/python3.8/site-packages/deepracer_systems_pkg/model_loader_module/__init__.py to __init__.cpython-38.pyc
[3.188s] byte-compiling /root/deepracer_ws/aws-deepracer-launcher/install/deepracer_systems_pkg/lib/python3.8/site-packages/deepracer_systems_pkg/model_loader_module/model_install_state.py to model_install_state.cpython-38.pyc
[3.193s] byte-compiling /root/deepracer_ws/aws-deepracer-launcher/install/deepracer_systems_pkg/lib/python3.8/site-packages/deepracer_systems_pkg/model_loader_module/model_loader_config.py to model_loader_config.cpython-38.pyc
[3.195s] byte-compiling /root/deepracer_ws/aws-deepracer-launcher/install/deepracer_systems_pkg/lib/python3.8/site-packages/deepracer_systems_pkg/model_loader_module/model_loader_node.py to model_loader_node.cpython-38.pyc
[3.204s] byte-compiling /root/deepracer_ws/aws-deepracer-launcher/install/deepracer_systems_pkg/lib/python3.8/site-packages/deepracer_systems_pkg/model_loader_module/model_metadata_file_utils.py to model_metadata_file_utils.cpython-38.pyc
[3.207s] byte-compiling /root/deepracer_ws/aws-deepracer-launcher/install/deepracer_systems_pkg/lib/python3.8/site-packages/deepracer_systems_pkg/otg_module/__init__.py to __init__.cpython-38.pyc
[3.209s] byte-compiling /root/deepracer_ws/aws-deepracer-launcher/install/deepracer_systems_pkg/lib/python3.8/site-packages/deepracer_systems_pkg/otg_module/otg_config.py to otg_config.cpython-38.pyc
[3.211s] byte-compiling /root/deepracer_ws/aws-deepracer-launcher/install/deepracer_systems_pkg/lib/python3.8/site-packages/deepracer_systems_pkg/otg_module/otg_control_node.py to otg_control_node.cpython-38.pyc
[3.217s] byte-compiling /root/deepracer_ws/aws-deepracer-launcher/install/deepracer_systems_pkg/lib/python3.8/site-packages/deepracer_systems_pkg/network_monitor_module/__init__.py to __init__.cpython-38.pyc
[3.218s] byte-compiling /root/deepracer_ws/aws-deepracer-launcher/install/deepracer_systems_pkg/lib/python3.8/site-packages/deepracer_systems_pkg/network_monitor_module/network_config.py to network_config.cpython-38.pyc
[3.221s] byte-compiling /root/deepracer_ws/aws-deepracer-launcher/install/deepracer_systems_pkg/lib/python3.8/site-packages/deepracer_systems_pkg/network_monitor_module/network_monitor_node.py to network_monitor_node.cpython-38.pyc
[3.228s] byte-compiling /root/deepracer_ws/aws-deepracer-launcher/install/deepracer_systems_pkg/lib/python3.8/site-packages/deepracer_systems_pkg/network_monitor_module/network_utils.py to network_utils.cpython-38.pyc
[3.231s] byte-compiling /root/deepracer_ws/aws-deepracer-launcher/install/deepracer_systems_pkg/lib/python3.8/site-packages/deepracer_systems_pkg/network_monitor_module/wifi_config_utils.py to wifi_config_utils.cpython-38.pyc
[3.235s] byte-compiling /root/deepracer_ws/aws-deepracer-launcher/install/deepracer_systems_pkg/lib/python3.8/site-packages/deepracer_systems_pkg/deepracer_systems_scripts_module/__init__.py to __init__.cpython-38.pyc
[3.237s] byte-compiling /root/deepracer_ws/aws-deepracer-launcher/install/deepracer_systems_pkg/lib/python3.8/site-packages/deepracer_systems_pkg/deepracer_systems_scripts_module/deepracer_systems_scripts_node.py to deepracer_systems_scripts_node.cpython-38.pyc
[3.240s] running install_data
[3.396s] creating /root/deepracer_ws/aws-deepracer-launcher/install/deepracer_systems_pkg/share/ament_index
[3.397s] creating /root/deepracer_ws/aws-deepracer-launcher/install/deepracer_systems_pkg/share/ament_index/resource_index
[3.397s] creating /root/deepracer_ws/aws-deepracer-launcher/install/deepracer_systems_pkg/share/ament_index/resource_index/packages
[3.398s] copying resource/deepracer_systems_pkg -> /root/deepracer_ws/aws-deepracer-launcher/install/deepracer_systems_pkg/share/ament_index/resource_index/packages
[3.400s] copying package.xml -> /root/deepracer_ws/aws-deepracer-launcher/install/deepracer_systems_pkg/share/deepracer_systems_pkg
[3.401s] copying launch/deepracer_systems_pkg_launch.py -> /root/deepracer_ws/aws-deepracer-launcher/install/deepracer_systems_pkg/share/deepracer_systems_pkg
[3.403s] running install_egg_info
[3.413s] Copying ../../build/deepracer_systems_pkg/deepracer_systems_pkg.egg-info to /root/deepracer_ws/aws-deepracer-launcher/install/deepracer_systems_pkg/lib/python3.8/site-packages/deepracer_systems_pkg-0.0.1-py3.8.egg-info
[3.417s] running install_scripts
[3.500s] Installing deepracer_systems_scripts_node script to /root/deepracer_ws/aws-deepracer-launcher/install/deepracer_systems_pkg/lib/deepracer_systems_pkg
[3.501s] Installing model_loader_node script to /root/deepracer_ws/aws-deepracer-launcher/install/deepracer_systems_pkg/lib/deepracer_systems_pkg
[3.503s] Installing network_monitor_node script to /root/deepracer_ws/aws-deepracer-launcher/install/deepracer_systems_pkg/lib/deepracer_systems_pkg
[3.504s] Installing otg_control_node script to /root/deepracer_ws/aws-deepracer-launcher/install/deepracer_systems_pkg/lib/deepracer_systems_pkg
[3.505s] Installing software_update_node script to /root/deepracer_ws/aws-deepracer-launcher/install/deepracer_systems_pkg/lib/deepracer_systems_pkg
[3.510s] writing list of installed files to '/root/deepracer_ws/aws-deepracer-launcher/build/deepracer_systems_pkg/install.log'
[3.593s] Invoked command in '/root/deepracer_ws/aws-deepracer-launcher/aws-deepracer-systems-pkg/deepracer_systems_pkg' returned '0': AMENT_PREFIX_PATH=/root/deepracer_ws/aws-deepracer-launcher/install/usb_monitor_pkg:/root/deepracer_ws/aws-deepracer-launcher/install/status_led_pkg:/root/deepracer_ws/aws-deepracer-launcher/install/deepracer_interfaces_pkg:${AMENT_PREFIX_PATH} CMAKE_PREFIX_PATH=/root/deepracer_ws/aws-deepracer-launcher/install/deepracer_interfaces_pkg LD_LIBRARY_PATH=/root/deepracer_ws/aws-deepracer-launcher/install/deepracer_interfaces_pkg/lib:/home/deepracer/intel/openvino_2022/tools/compile_tool:/home/deepracer/intel/openvino_2022/runtime/3rdparty/tbb/lib:/home/deepracer/intel/openvino_2022/runtime/3rdparty/hddl/lib:/home/deepracer/intel/openvino_2022/runtime/lib/intel64:/opt/ros/foxy/opt/yaml_cpp_vendor/lib:/opt/ros/foxy/opt/rviz_ogre_vendor/lib:/opt/ros/foxy/lib/x86_64-linux-gnu:/opt/ros/foxy/lib PYTHONPATH=/root/deepracer_ws/aws-deepracer-launcher/install/deepracer_systems_pkg/lib/python3.8/site-packages:/root/deepracer_ws/aws-deepracer-launcher/install/usb_monitor_pkg/lib/python3.8/site-packages:/root/deepracer_ws/aws-deepracer-launcher/install/status_led_pkg/lib/python3.8/site-packages:/root/deepracer_ws/aws-deepracer-launcher/install/deepracer_interfaces_pkg/lib/python3.8/site-packages:${PYTHONPATH} /usr/bin/python3 setup.py egg_info --egg-base ../../build/deepracer_systems_pkg build --build-base /root/deepracer_ws/aws-deepracer-launcher/build/deepracer_systems_pkg/build install --prefix /root/deepracer_ws/aws-deepracer-launcher/install/deepracer_systems_pkg --record /root/deepracer_ws/aws-deepracer-launcher/build/deepracer_systems_pkg/install.log --single-version-externally-managed
