[0.057s] Invoking command in '/root/deepracer_ws/aws-deepracer-launcher/build/rplidar_ros2': CMAKE_PREFIX_PATH=/root/deepracer_ws/aws-deepracer-launcher/install/deepracer_launcher:/root/deepracer_ws/aws-deepracer-launcher/install/web_video_server:/root/deepracer_ws/aws-deepracer-launcher/install/ctrl_pkg:/root/deepracer_ws/aws-deepracer-launcher/install/servo_pkg:/root/deepracer_ws/aws-deepracer-launcher/install/sensor_fusion_pkg:/root/deepracer_ws/aws-deepracer-launcher/install/rplidar_ros2:/root/deepracer_ws/aws-deepracer-launcher/install/inference_pkg:/root/deepracer_ws/aws-deepracer-launcher/install/i2c_pkg:/root/deepracer_ws/aws-deepracer-launcher/install/camera_pkg:/root/deepracer_ws/aws-deepracer-launcher/install/deepracer_interfaces_pkg:/root/deepracer_ws/aws-deepracer-launcher/install/webserver_pkg:/root/deepracer_ws/aws-deepracer-launcher/install/deepracer_systems_pkg:/root/deepracer_ws/aws-deepracer-launcher/install/usb_monitor_pkg:/root/deepracer_ws/aws-deepracer-launcher/install/status_led_pkg:/root/deepracer_ws/aws-deepracer-launcher/install/model_optimizer_pkg:/root/deepracer_ws/aws-deepracer-launcher/install/device_info_pkg:/root/deepracer_ws/aws-deepracer-launcher/install/deepracer_navigation_pkg:/opt/ros/foxy:/root/deepracer_ws/aws-deepracer-launcher/install/async_web_server_cpp /usr/bin/cmake --build /root/deepracer_ws/aws-deepracer-launcher/build/rplidar_ros2 -- -j2 -l2
[0.333s] [100%] Built target rplidar_scan_publisher
[0.399s] Invoked command in '/root/deepracer_ws/aws-deepracer-launcher/build/rplidar_ros2' returned '0': CMAKE_PREFIX_PATH=/root/deepracer_ws/aws-deepracer-launcher/install/deepracer_launcher:/root/deepracer_ws/aws-deepracer-launcher/install/web_video_server:/root/deepracer_ws/aws-deepracer-launcher/install/ctrl_pkg:/root/deepracer_ws/aws-deepracer-launcher/install/servo_pkg:/root/deepracer_ws/aws-deepracer-launcher/install/sensor_fusion_pkg:/root/deepracer_ws/aws-deepracer-launcher/install/rplidar_ros2:/root/deepracer_ws/aws-deepracer-launcher/install/inference_pkg:/root/deepracer_ws/aws-deepracer-launcher/install/i2c_pkg:/root/deepracer_ws/aws-deepracer-launcher/install/camera_pkg:/root/deepracer_ws/aws-deepracer-launcher/install/deepracer_interfaces_pkg:/root/deepracer_ws/aws-deepracer-launcher/install/webserver_pkg:/root/deepracer_ws/aws-deepracer-launcher/install/deepracer_systems_pkg:/root/deepracer_ws/aws-deepracer-launcher/install/usb_monitor_pkg:/root/deepracer_ws/aws-deepracer-launcher/install/status_led_pkg:/root/deepracer_ws/aws-deepracer-launcher/install/model_optimizer_pkg:/root/deepracer_ws/aws-deepracer-launcher/install/device_info_pkg:/root/deepracer_ws/aws-deepracer-launcher/install/deepracer_navigation_pkg:/opt/ros/foxy:/root/deepracer_ws/aws-deepracer-launcher/install/async_web_server_cpp /usr/bin/cmake --build /root/deepracer_ws/aws-deepracer-launcher/build/rplidar_ros2 -- -j2 -l2
[0.512s] Invoking command in '/root/deepracer_ws/aws-deepracer-launcher/build/rplidar_ros2': CMAKE_PREFIX_PATH=/root/deepracer_ws/aws-deepracer-launcher/install/deepracer_launcher:/root/deepracer_ws/aws-deepracer-launcher/install/web_video_server:/root/deepracer_ws/aws-deepracer-launcher/install/ctrl_pkg:/root/deepracer_ws/aws-deepracer-launcher/install/servo_pkg:/root/deepracer_ws/aws-deepracer-launcher/install/sensor_fusion_pkg:/root/deepracer_ws/aws-deepracer-launcher/install/rplidar_ros2:/root/deepracer_ws/aws-deepracer-launcher/install/inference_pkg:/root/deepracer_ws/aws-deepracer-launcher/install/i2c_pkg:/root/deepracer_ws/aws-deepracer-launcher/install/camera_pkg:/root/deepracer_ws/aws-deepracer-launcher/install/deepracer_interfaces_pkg:/root/deepracer_ws/aws-deepracer-launcher/install/webserver_pkg:/root/deepracer_ws/aws-deepracer-launcher/install/deepracer_systems_pkg:/root/deepracer_ws/aws-deepracer-launcher/install/usb_monitor_pkg:/root/deepracer_ws/aws-deepracer-launcher/install/status_led_pkg:/root/deepracer_ws/aws-deepracer-launcher/install/model_optimizer_pkg:/root/deepracer_ws/aws-deepracer-launcher/install/device_info_pkg:/root/deepracer_ws/aws-deepracer-launcher/install/deepracer_navigation_pkg:/opt/ros/foxy:/root/deepracer_ws/aws-deepracer-launcher/install/async_web_server_cpp /usr/bin/cmake --install /root/deepracer_ws/aws-deepracer-launcher/build/rplidar_ros2
[0.542s] -- Install configuration: ""
[0.543s] -- Up-to-date: /root/deepracer_ws/aws-deepracer-launcher/install/rplidar_ros2/share/rplidar_ros2/launch
[0.544s] -- Up-to-date: /root/deepracer_ws/aws-deepracer-launcher/install/rplidar_ros2/share/rplidar_ros2/launch/rplidar_a3_launch.py
[0.545s] -- Up-to-date: /root/deepracer_ws/aws-deepracer-launcher/install/rplidar_ros2/share/rplidar_ros2/launch/rplidar_launch.py
[0.545s] -- Up-to-date: /root/deepracer_ws/aws-deepracer-launcher/install/rplidar_ros2/share/rplidar_ros2/launch/rplidar_s1_launch.py
[0.546s] -- Up-to-date: /root/deepracer_ws/aws-deepracer-launcher/install/rplidar_ros2/share/rplidar_ros2/launch/rplidar_s1_tcp_launch.py
[0.547s] -- Up-to-date: /root/deepracer_ws/aws-deepracer-launcher/install/rplidar_ros2/share/rplidar_ros2/launch/view_rplidar_a3_launch.py
[0.547s] -- Up-to-date: /root/deepracer_ws/aws-deepracer-launcher/install/rplidar_ros2/share/rplidar_ros2/launch/view_rplidar_launch.py
[0.547s] -- Up-to-date: /root/deepracer_ws/aws-deepracer-launcher/install/rplidar_ros2/share/rplidar_ros2/launch/view_rplidar_s1_launch.py
[0.548s] -- Up-to-date: /root/deepracer_ws/aws-deepracer-launcher/install/rplidar_ros2/share/rplidar_ros2/launch/view_rplidar_s1_tcp_launch.py
[0.549s] -- Up-to-date: /root/deepracer_ws/aws-deepracer-launcher/install/rplidar_ros2/share/rplidar_ros2/rviz
[0.551s] -- Up-to-date: /root/deepracer_ws/aws-deepracer-launcher/install/rplidar_ros2/share/rplidar_ros2/rviz/rplidar_ros2.rviz
[0.551s] -- Up-to-date: /root/deepracer_ws/aws-deepracer-launcher/install/rplidar_ros2/lib/rplidar_ros2/rplidar_scan_publisher
[0.552s] -- Up-to-date: /root/deepracer_ws/aws-deepracer-launcher/install/rplidar_ros2/share/ament_index/resource_index/package_run_dependencies/rplidar_ros2
[0.553s] -- Up-to-date: /root/deepracer_ws/aws-deepracer-launcher/install/rplidar_ros2/share/ament_index/resource_index/parent_prefix_path/rplidar_ros2
[0.553s] -- Up-to-date: /root/deepracer_ws/aws-deepracer-launcher/install/rplidar_ros2/share/rplidar_ros2/environment/ament_prefix_path.sh
[0.554s] -- Up-to-date: /root/deepracer_ws/aws-deepracer-launcher/install/rplidar_ros2/share/rplidar_ros2/environment/ament_prefix_path.dsv
[0.554s] -- Up-to-date: /root/deepracer_ws/aws-deepracer-launcher/install/rplidar_ros2/share/rplidar_ros2/environment/path.sh
[0.555s] -- Up-to-date: /root/deepracer_ws/aws-deepracer-launcher/install/rplidar_ros2/share/rplidar_ros2/environment/path.dsv
[0.555s] -- Up-to-date: /root/deepracer_ws/aws-deepracer-launcher/install/rplidar_ros2/share/rplidar_ros2/local_setup.bash
[0.556s] -- Up-to-date: /root/deepracer_ws/aws-deepracer-launcher/install/rplidar_ros2/share/rplidar_ros2/local_setup.sh
[0.561s] -- Up-to-date: /root/deepracer_ws/aws-deepracer-launcher/install/rplidar_ros2/share/rplidar_ros2/local_setup.zsh
[0.561s] -- Up-to-date: /root/deepracer_ws/aws-deepracer-launcher/install/rplidar_ros2/share/rplidar_ros2/local_setup.dsv
[0.562s] -- Installing: /root/deepracer_ws/aws-deepracer-launcher/install/rplidar_ros2/share/rplidar_ros2/package.dsv
[0.569s] -- Up-to-date: /root/deepracer_ws/aws-deepracer-launcher/install/rplidar_ros2/share/ament_index/resource_index/packages/rplidar_ros2
[0.570s] -- Up-to-date: /root/deepracer_ws/aws-deepracer-launcher/install/rplidar_ros2/share/rplidar_ros2/cmake/ament_cmake_export_dependencies-extras.cmake
[0.571s] -- Up-to-date: /root/deepracer_ws/aws-deepracer-launcher/install/rplidar_ros2/share/rplidar_ros2/cmake/ament_cmake_export_include_directories-extras.cmake
[0.571s] -- Up-to-date: /root/deepracer_ws/aws-deepracer-launcher/install/rplidar_ros2/share/rplidar_ros2/cmake/rplidar_ros2Config.cmake
[0.572s] -- Up-to-date: /root/deepracer_ws/aws-deepracer-launcher/install/rplidar_ros2/share/rplidar_ros2/cmake/rplidar_ros2Config-version.cmake
[0.572s] -- Up-to-date: /root/deepracer_ws/aws-deepracer-launcher/install/rplidar_ros2/share/rplidar_ros2/package.xml
[0.573s] Invoked command in '/root/deepracer_ws/aws-deepracer-launcher/build/rplidar_ros2' returned '0': CMAKE_PREFIX_PATH=/root/deepracer_ws/aws-deepracer-launcher/install/deepracer_launcher:/root/deepracer_ws/aws-deepracer-launcher/install/web_video_server:/root/deepracer_ws/aws-deepracer-launcher/install/ctrl_pkg:/root/deepracer_ws/aws-deepracer-launcher/install/servo_pkg:/root/deepracer_ws/aws-deepracer-launcher/install/sensor_fusion_pkg:/root/deepracer_ws/aws-deepracer-launcher/install/rplidar_ros2:/root/deepracer_ws/aws-deepracer-launcher/install/inference_pkg:/root/deepracer_ws/aws-deepracer-launcher/install/i2c_pkg:/root/deepracer_ws/aws-deepracer-launcher/install/camera_pkg:/root/deepracer_ws/aws-deepracer-launcher/install/deepracer_interfaces_pkg:/root/deepracer_ws/aws-deepracer-launcher/install/webserver_pkg:/root/deepracer_ws/aws-deepracer-launcher/install/deepracer_systems_pkg:/root/deepracer_ws/aws-deepracer-launcher/install/usb_monitor_pkg:/root/deepracer_ws/aws-deepracer-launcher/install/status_led_pkg:/root/deepracer_ws/aws-deepracer-launcher/install/model_optimizer_pkg:/root/deepracer_ws/aws-deepracer-launcher/install/device_info_pkg:/root/deepracer_ws/aws-deepracer-launcher/install/deepracer_navigation_pkg:/opt/ros/foxy:/root/deepracer_ws/aws-deepracer-launcher/install/async_web_server_cpp /usr/bin/cmake --install /root/deepracer_ws/aws-deepracer-launcher/build/rplidar_ros2
