[2.500s] DEBUG:colcon:Command line arguments: ['/usr/bin/colcon', 'build', '--packages-select', 'inference_pkg']
[2.500s] DEBUG:colcon:Parsed command line arguments: Namespace(ament_cmake_args=None, base_paths=['.'], build_base='build', catkin_cmake_args=None, catkin_skip_building_tests=False, cmake_args=None, cmake_clean_cache=False, cmake_clean_first=False, cmake_force_configure=False, cmake_target=None, cmake_target_skip_unavailable=False, continue_on_error=False, event_handlers=None, executor='parallel', ignore_user_meta=False, install_base='install', log_base=None, log_level=None, main=<bound method BuildVerb.main of <colcon_core.verb.build.BuildVerb object at 0x7f2d70cc8190>>, merge_install=False, metas=['./colcon.meta'], packages_above=None, packages_above_and_dependencies=None, packages_above_depth=None, packages_end=None, packages_ignore=None, packages_ignore_regex=None, packages_select=['inference_pkg'], packages_select_build_failed=False, packages_select_by_dep=None, packages_select_regex=None, packages_select_test_failures=False, packages_skip=None, packages_skip_build_finished=False, packages_skip_by_dep=None, packages_skip_regex=None, packages_skip_test_passed=False, packages_skip_up_to=None, packages_start=None, packages_up_to=None, packages_up_to_regex=None, parallel_workers=2, paths=None, symlink_install=False, test_result_base=None, verb_extension=<colcon_core.verb.build.BuildVerb object at 0x7f2d70cc8190>, verb_name='build', verb_parser=<colcon_defaults.argument_parser.defaults.DefaultArgumentsDecorator object at 0x7f2d70cc86d0>)
[2.549s] Level 1:colcon.colcon_core.package_discovery:discover_packages(colcon_meta) check parameters
[2.549s] Level 1:colcon.colcon_core.package_discovery:discover_packages(recursive) check parameters
[2.550s] Level 1:colcon.colcon_core.package_discovery:discover_packages(ignore) check parameters
[2.550s] Level 1:colcon.colcon_core.package_discovery:discover_packages(path) check parameters
[2.550s] Level 1:colcon.colcon_core.package_discovery:discover_packages(colcon_meta) discover
[2.551s] Level 1:colcon.colcon_core.package_discovery:discover_packages(recursive) discover
[2.551s] INFO:colcon.colcon_core.package_discovery:Crawling recursively for packages in '/root/deepracer_ws/aws-deepracer-launcher'
[2.551s] Level 1:colcon.colcon_core.package_identification:_identify(.) by extensions ['ignore', 'ignore_ament_install']
[2.552s] Level 1:colcon.colcon_core.package_identification:_identify(.) by extension 'ignore'
[2.552s] Level 1:colcon.colcon_core.package_identification:_identify(.) by extension 'ignore_ament_install'
[2.552s] Level 1:colcon.colcon_core.package_identification:_identify(.) by extensions ['colcon_pkg']
[2.557s] Level 1:colcon.colcon_core.package_identification:_identify(.) by extension 'colcon_pkg'
[2.558s] Level 1:colcon.colcon_core.package_identification:_identify(.) by extensions ['colcon_meta']
[2.558s] Level 1:colcon.colcon_core.package_identification:_identify(.) by extension 'colcon_meta'
[2.558s] Level 1:colcon.colcon_core.package_identification:_identify(.) by extensions ['ros']
[2.558s] Level 1:colcon.colcon_core.package_identification:_identify(.) by extension 'ros'
[2.659s] Level 1:colcon.colcon_core.package_identification:_identify(.) by extensions ['cmake', 'python']
[2.660s] Level 1:colcon.colcon_core.package_identification:_identify(.) by extension 'cmake'
[2.660s] Level 1:colcon.colcon_core.package_identification:_identify(.) by extension 'python'
[2.660s] Level 1:colcon.colcon_core.package_identification:_identify(.) by extensions ['python_setup_py']
[2.661s] Level 1:colcon.colcon_core.package_identification:_identify(.) by extension 'python_setup_py'
[2.661s] Level 1:colcon.colcon_core.package_identification:_identify(async_web_server_cpp) by extensions ['ignore', 'ignore_ament_install']
[2.662s] Level 1:colcon.colcon_core.package_identification:_identify(async_web_server_cpp) by extension 'ignore'
[2.662s] Level 1:colcon.colcon_core.package_identification:_identify(async_web_server_cpp) by extension 'ignore_ament_install'
[2.662s] Level 1:colcon.colcon_core.package_identification:_identify(async_web_server_cpp) by extensions ['colcon_pkg']
[2.662s] Level 1:colcon.colcon_core.package_identification:_identify(async_web_server_cpp) by extension 'colcon_pkg'
[2.663s] Level 1:colcon.colcon_core.package_identification:_identify(async_web_server_cpp) by extensions ['colcon_meta']
[2.663s] Level 1:colcon.colcon_core.package_identification:_identify(async_web_server_cpp) by extension 'colcon_meta'
[2.663s] Level 1:colcon.colcon_core.package_identification:_identify(async_web_server_cpp) by extensions ['ros']
[2.663s] Level 1:colcon.colcon_core.package_identification:_identify(async_web_server_cpp) by extension 'ros'
[2.854s] DEBUG:colcon.colcon_core.package_identification:Package 'async_web_server_cpp' with type 'ros.catkin' and name 'async_web_server_cpp'
[2.855s] Level 1:colcon.colcon_core.package_identification:_identify(aws-deepracer-camera-pkg) by extensions ['ignore', 'ignore_ament_install']
[2.855s] Level 1:colcon.colcon_core.package_identification:_identify(aws-deepracer-camera-pkg) by extension 'ignore'
[2.855s] Level 1:colcon.colcon_core.package_identification:_identify(aws-deepracer-camera-pkg) by extension 'ignore_ament_install'
[2.856s] Level 1:colcon.colcon_core.package_identification:_identify(aws-deepracer-camera-pkg) by extensions ['colcon_pkg']
[2.856s] Level 1:colcon.colcon_core.package_identification:_identify(aws-deepracer-camera-pkg) by extension 'colcon_pkg'
[2.856s] Level 1:colcon.colcon_core.package_identification:_identify(aws-deepracer-camera-pkg) by extensions ['colcon_meta']
[2.856s] Level 1:colcon.colcon_core.package_identification:_identify(aws-deepracer-camera-pkg) by extension 'colcon_meta'
[2.856s] Level 1:colcon.colcon_core.package_identification:_identify(aws-deepracer-camera-pkg) by extensions ['ros']
[2.856s] Level 1:colcon.colcon_core.package_identification:_identify(aws-deepracer-camera-pkg) by extension 'ros'
[2.862s] Level 1:colcon.colcon_core.package_identification:_identify(aws-deepracer-camera-pkg) by extensions ['cmake', 'python']
[2.862s] Level 1:colcon.colcon_core.package_identification:_identify(aws-deepracer-camera-pkg) by extension 'cmake'
[2.863s] Level 1:colcon.colcon_core.package_identification:_identify(aws-deepracer-camera-pkg) by extension 'python'
[2.863s] Level 1:colcon.colcon_core.package_identification:_identify(aws-deepracer-camera-pkg) by extensions ['python_setup_py']
[2.863s] Level 1:colcon.colcon_core.package_identification:_identify(aws-deepracer-camera-pkg) by extension 'python_setup_py'
[2.863s] Level 1:colcon.colcon_core.package_identification:_identify(aws-deepracer-camera-pkg/camera_pkg) by extensions ['ignore', 'ignore_ament_install']
[2.864s] Level 1:colcon.colcon_core.package_identification:_identify(aws-deepracer-camera-pkg/camera_pkg) by extension 'ignore'
[2.864s] Level 1:colcon.colcon_core.package_identification:_identify(aws-deepracer-camera-pkg/camera_pkg) by extension 'ignore_ament_install'
[2.864s] Level 1:colcon.colcon_core.package_identification:_identify(aws-deepracer-camera-pkg/camera_pkg) by extensions ['colcon_pkg']
[2.864s] Level 1:colcon.colcon_core.package_identification:_identify(aws-deepracer-camera-pkg/camera_pkg) by extension 'colcon_pkg'
[2.865s] Level 1:colcon.colcon_core.package_identification:_identify(aws-deepracer-camera-pkg/camera_pkg) by extensions ['colcon_meta']
[2.865s] Level 1:colcon.colcon_core.package_identification:_identify(aws-deepracer-camera-pkg/camera_pkg) by extension 'colcon_meta'
[2.865s] Level 1:colcon.colcon_core.package_identification:_identify(aws-deepracer-camera-pkg/camera_pkg) by extensions ['ros']
[2.865s] Level 1:colcon.colcon_core.package_identification:_identify(aws-deepracer-camera-pkg/camera_pkg) by extension 'ros'
[2.869s] DEBUG:colcon.colcon_core.package_identification:Package 'aws-deepracer-camera-pkg/camera_pkg' with type 'ros.ament_cmake' and name 'camera_pkg'
[2.869s] Level 1:colcon.colcon_core.package_identification:_identify(aws-deepracer-ctrl-pkg) by extensions ['ignore', 'ignore_ament_install']
[2.871s] Level 1:colcon.colcon_core.package_identification:_identify(aws-deepracer-ctrl-pkg) by extension 'ignore'
[2.871s] Level 1:colcon.colcon_core.package_identification:_identify(aws-deepracer-ctrl-pkg) by extension 'ignore_ament_install'
[2.871s] Level 1:colcon.colcon_core.package_identification:_identify(aws-deepracer-ctrl-pkg) by extensions ['colcon_pkg']
[2.872s] Level 1:colcon.colcon_core.package_identification:_identify(aws-deepracer-ctrl-pkg) by extension 'colcon_pkg'
[2.872s] Level 1:colcon.colcon_core.package_identification:_identify(aws-deepracer-ctrl-pkg) by extensions ['colcon_meta']
[2.872s] Level 1:colcon.colcon_core.package_identification:_identify(aws-deepracer-ctrl-pkg) by extension 'colcon_meta'
[2.872s] Level 1:colcon.colcon_core.package_identification:_identify(aws-deepracer-ctrl-pkg) by extensions ['ros']
[2.872s] Level 1:colcon.colcon_core.package_identification:_identify(aws-deepracer-ctrl-pkg) by extension 'ros'
[2.873s] Level 1:colcon.colcon_core.package_identification:_identify(aws-deepracer-ctrl-pkg) by extensions ['cmake', 'python']
[2.873s] Level 1:colcon.colcon_core.package_identification:_identify(aws-deepracer-ctrl-pkg) by extension 'cmake'
[2.873s] Level 1:colcon.colcon_core.package_identification:_identify(aws-deepracer-ctrl-pkg) by extension 'python'
[2.873s] Level 1:colcon.colcon_core.package_identification:_identify(aws-deepracer-ctrl-pkg) by extensions ['python_setup_py']
[2.873s] Level 1:colcon.colcon_core.package_identification:_identify(aws-deepracer-ctrl-pkg) by extension 'python_setup_py'
[2.875s] Level 1:colcon.colcon_core.package_identification:_identify(aws-deepracer-ctrl-pkg/ctrl_pkg) by extensions ['ignore', 'ignore_ament_install']
[2.875s] Level 1:colcon.colcon_core.package_identification:_identify(aws-deepracer-ctrl-pkg/ctrl_pkg) by extension 'ignore'
[2.876s] Level 1:colcon.colcon_core.package_identification:_identify(aws-deepracer-ctrl-pkg/ctrl_pkg) by extension 'ignore_ament_install'
[2.876s] Level 1:colcon.colcon_core.package_identification:_identify(aws-deepracer-ctrl-pkg/ctrl_pkg) by extensions ['colcon_pkg']
[2.876s] Level 1:colcon.colcon_core.package_identification:_identify(aws-deepracer-ctrl-pkg/ctrl_pkg) by extension 'colcon_pkg'
[2.876s] Level 1:colcon.colcon_core.package_identification:_identify(aws-deepracer-ctrl-pkg/ctrl_pkg) by extensions ['colcon_meta']
[2.876s] Level 1:colcon.colcon_core.package_identification:_identify(aws-deepracer-ctrl-pkg/ctrl_pkg) by extension 'colcon_meta'
[2.877s] Level 1:colcon.colcon_core.package_identification:_identify(aws-deepracer-ctrl-pkg/ctrl_pkg) by extensions ['ros']
[2.878s] Level 1:colcon.colcon_core.package_identification:_identify(aws-deepracer-ctrl-pkg/ctrl_pkg) by extension 'ros'
[2.892s] DEBUG:colcon.colcon_core.package_identification:Package 'aws-deepracer-ctrl-pkg/ctrl_pkg' with type 'ros.ament_cmake' and name 'ctrl_pkg'
[2.892s] Level 1:colcon.colcon_core.package_identification:_identify(aws-deepracer-device-info-pkg) by extensions ['ignore', 'ignore_ament_install']
[2.893s] Level 1:colcon.colcon_core.package_identification:_identify(aws-deepracer-device-info-pkg) by extension 'ignore'
[2.893s] Level 1:colcon.colcon_core.package_identification:_identify(aws-deepracer-device-info-pkg) by extension 'ignore_ament_install'
[2.893s] Level 1:colcon.colcon_core.package_identification:_identify(aws-deepracer-device-info-pkg) by extensions ['colcon_pkg']
[2.903s] Level 1:colcon.colcon_core.package_identification:_identify(aws-deepracer-device-info-pkg) by extension 'colcon_pkg'
[2.903s] Level 1:colcon.colcon_core.package_identification:_identify(aws-deepracer-device-info-pkg) by extensions ['colcon_meta']
[2.904s] Level 1:colcon.colcon_core.package_identification:_identify(aws-deepracer-device-info-pkg) by extension 'colcon_meta'
[2.904s] Level 1:colcon.colcon_core.package_identification:_identify(aws-deepracer-device-info-pkg) by extensions ['ros']
[2.904s] Level 1:colcon.colcon_core.package_identification:_identify(aws-deepracer-device-info-pkg) by extension 'ros'
[2.904s] Level 1:colcon.colcon_core.package_identification:_identify(aws-deepracer-device-info-pkg) by extensions ['cmake', 'python']
[2.905s] Level 1:colcon.colcon_core.package_identification:_identify(aws-deepracer-device-info-pkg) by extension 'cmake'
[2.905s] Level 1:colcon.colcon_core.package_identification:_identify(aws-deepracer-device-info-pkg) by extension 'python'
[2.905s] Level 1:colcon.colcon_core.package_identification:_identify(aws-deepracer-device-info-pkg) by extensions ['python_setup_py']
[2.905s] Level 1:colcon.colcon_core.package_identification:_identify(aws-deepracer-device-info-pkg) by extension 'python_setup_py'
[2.911s] Level 1:colcon.colcon_core.package_identification:_identify(aws-deepracer-device-info-pkg/device_info_pkg) by extensions ['ignore', 'ignore_ament_install']
[2.912s] Level 1:colcon.colcon_core.package_identification:_identify(aws-deepracer-device-info-pkg/device_info_pkg) by extension 'ignore'
[2.912s] Level 1:colcon.colcon_core.package_identification:_identify(aws-deepracer-device-info-pkg/device_info_pkg) by extension 'ignore_ament_install'
[2.912s] Level 1:colcon.colcon_core.package_identification:_identify(aws-deepracer-device-info-pkg/device_info_pkg) by extensions ['colcon_pkg']
[2.912s] Level 1:colcon.colcon_core.package_identification:_identify(aws-deepracer-device-info-pkg/device_info_pkg) by extension 'colcon_pkg'
[2.913s] Level 1:colcon.colcon_core.package_identification:_identify(aws-deepracer-device-info-pkg/device_info_pkg) by extensions ['colcon_meta']
[2.913s] Level 1:colcon.colcon_core.package_identification:_identify(aws-deepracer-device-info-pkg/device_info_pkg) by extension 'colcon_meta'
[2.913s] Level 1:colcon.colcon_core.package_identification:_identify(aws-deepracer-device-info-pkg/device_info_pkg) by extensions ['ros']
[2.913s] Level 1:colcon.colcon_core.package_identification:_identify(aws-deepracer-device-info-pkg/device_info_pkg) by extension 'ros'
[2.928s] DEBUG:colcon.colcon_core.package_identification:Package 'aws-deepracer-device-info-pkg/device_info_pkg' with type 'ros.ament_python' and name 'device_info_pkg'
[2.928s] Level 1:colcon.colcon_core.package_identification:_identify(aws-deepracer-i2c-pkg) by extensions ['ignore', 'ignore_ament_install']
[2.929s] Level 1:colcon.colcon_core.package_identification:_identify(aws-deepracer-i2c-pkg) by extension 'ignore'
[2.929s] Level 1:colcon.colcon_core.package_identification:_identify(aws-deepracer-i2c-pkg) by extension 'ignore_ament_install'
[2.929s] Level 1:colcon.colcon_core.package_identification:_identify(aws-deepracer-i2c-pkg) by extensions ['colcon_pkg']
[2.929s] Level 1:colcon.colcon_core.package_identification:_identify(aws-deepracer-i2c-pkg) by extension 'colcon_pkg'
[2.929s] Level 1:colcon.colcon_core.package_identification:_identify(aws-deepracer-i2c-pkg) by extensions ['colcon_meta']
[2.929s] Level 1:colcon.colcon_core.package_identification:_identify(aws-deepracer-i2c-pkg) by extension 'colcon_meta'
[2.930s] Level 1:colcon.colcon_core.package_identification:_identify(aws-deepracer-i2c-pkg) by extensions ['ros']
[2.930s] Level 1:colcon.colcon_core.package_identification:_identify(aws-deepracer-i2c-pkg) by extension 'ros'
[2.940s] Level 1:colcon.colcon_core.package_identification:_identify(aws-deepracer-i2c-pkg) by extensions ['cmake', 'python']
[2.940s] Level 1:colcon.colcon_core.package_identification:_identify(aws-deepracer-i2c-pkg) by extension 'cmake'
[2.940s] Level 1:colcon.colcon_core.package_identification:_identify(aws-deepracer-i2c-pkg) by extension 'python'
[2.941s] Level 1:colcon.colcon_core.package_identification:_identify(aws-deepracer-i2c-pkg) by extensions ['python_setup_py']
[2.941s] Level 1:colcon.colcon_core.package_identification:_identify(aws-deepracer-i2c-pkg) by extension 'python_setup_py'
[2.941s] Level 1:colcon.colcon_core.package_identification:_identify(aws-deepracer-i2c-pkg/i2c_pkg) by extensions ['ignore', 'ignore_ament_install']
[2.942s] Level 1:colcon.colcon_core.package_identification:_identify(aws-deepracer-i2c-pkg/i2c_pkg) by extension 'ignore'
[2.942s] Level 1:colcon.colcon_core.package_identification:_identify(aws-deepracer-i2c-pkg/i2c_pkg) by extension 'ignore_ament_install'
[2.942s] Level 1:colcon.colcon_core.package_identification:_identify(aws-deepracer-i2c-pkg/i2c_pkg) by extensions ['colcon_pkg']
[2.942s] Level 1:colcon.colcon_core.package_identification:_identify(aws-deepracer-i2c-pkg/i2c_pkg) by extension 'colcon_pkg'
[2.942s] Level 1:colcon.colcon_core.package_identification:_identify(aws-deepracer-i2c-pkg/i2c_pkg) by extensions ['colcon_meta']
[2.943s] Level 1:colcon.colcon_core.package_identification:_identify(aws-deepracer-i2c-pkg/i2c_pkg) by extension 'colcon_meta'
[2.943s] Level 1:colcon.colcon_core.package_identification:_identify(aws-deepracer-i2c-pkg/i2c_pkg) by extensions ['ros']
[2.943s] Level 1:colcon.colcon_core.package_identification:_identify(aws-deepracer-i2c-pkg/i2c_pkg) by extension 'ros'
[2.956s] DEBUG:colcon.colcon_core.package_identification:Package 'aws-deepracer-i2c-pkg/i2c_pkg' with type 'ros.ament_cmake' and name 'i2c_pkg'
[2.957s] Level 1:colcon.colcon_core.package_identification:_identify(aws-deepracer-inference-pkg) by extensions ['ignore', 'ignore_ament_install']
[2.958s] Level 1:colcon.colcon_core.package_identification:_identify(aws-deepracer-inference-pkg) by extension 'ignore'
[2.958s] Level 1:colcon.colcon_core.package_identification:_identify(aws-deepracer-inference-pkg) by extension 'ignore_ament_install'
[2.958s] Level 1:colcon.colcon_core.package_identification:_identify(aws-deepracer-inference-pkg) by extensions ['colcon_pkg']
[2.958s] Level 1:colcon.colcon_core.package_identification:_identify(aws-deepracer-inference-pkg) by extension 'colcon_pkg'
[2.958s] Level 1:colcon.colcon_core.package_identification:_identify(aws-deepracer-inference-pkg) by extensions ['colcon_meta']
[2.959s] Level 1:colcon.colcon_core.package_identification:_identify(aws-deepracer-inference-pkg) by extension 'colcon_meta'
[2.959s] Level 1:colcon.colcon_core.package_identification:_identify(aws-deepracer-inference-pkg) by extensions ['ros']
[2.959s] Level 1:colcon.colcon_core.package_identification:_identify(aws-deepracer-inference-pkg) by extension 'ros'
[2.959s] Level 1:colcon.colcon_core.package_identification:_identify(aws-deepracer-inference-pkg) by extensions ['cmake', 'python']
[2.959s] Level 1:colcon.colcon_core.package_identification:_identify(aws-deepracer-inference-pkg) by extension 'cmake'
[2.960s] Level 1:colcon.colcon_core.package_identification:_identify(aws-deepracer-inference-pkg) by extension 'python'
[2.960s] Level 1:colcon.colcon_core.package_identification:_identify(aws-deepracer-inference-pkg) by extensions ['python_setup_py']
[2.978s] Level 1:colcon.colcon_core.package_identification:_identify(aws-deepracer-inference-pkg) by extension 'python_setup_py'
[2.978s] Level 1:colcon.colcon_core.package_identification:_identify(aws-deepracer-inference-pkg/inference_pkg) by extensions ['ignore', 'ignore_ament_install']
[2.979s] Level 1:colcon.colcon_core.package_identification:_identify(aws-deepracer-inference-pkg/inference_pkg) by extension 'ignore'
[2.979s] Level 1:colcon.colcon_core.package_identification:_identify(aws-deepracer-inference-pkg/inference_pkg) by extension 'ignore_ament_install'
[2.979s] Level 1:colcon.colcon_core.package_identification:_identify(aws-deepracer-inference-pkg/inference_pkg) by extensions ['colcon_pkg']
[2.979s] Level 1:colcon.colcon_core.package_identification:_identify(aws-deepracer-inference-pkg/inference_pkg) by extension 'colcon_pkg'
[2.979s] Level 1:colcon.colcon_core.package_identification:_identify(aws-deepracer-inference-pkg/inference_pkg) by extensions ['colcon_meta']
[2.980s] Level 1:colcon.colcon_core.package_identification:_identify(aws-deepracer-inference-pkg/inference_pkg) by extension 'colcon_meta'
[2.980s] Level 1:colcon.colcon_core.package_identification:_identify(aws-deepracer-inference-pkg/inference_pkg) by extensions ['ros']
[2.980s] Level 1:colcon.colcon_core.package_identification:_identify(aws-deepracer-inference-pkg/inference_pkg) by extension 'ros'
[2.989s] DEBUG:colcon.colcon_core.package_identification:Package 'aws-deepracer-inference-pkg/inference_pkg' with type 'ros.ament_cmake' and name 'inference_pkg'
[2.990s] Level 1:colcon.colcon_core.package_identification:_identify(aws-deepracer-interfaces-pkg) by extensions ['ignore', 'ignore_ament_install']
[2.991s] Level 1:colcon.colcon_core.package_identification:_identify(aws-deepracer-interfaces-pkg) by extension 'ignore'
[2.991s] Level 1:colcon.colcon_core.package_identification:_identify(aws-deepracer-interfaces-pkg) by extension 'ignore_ament_install'
[2.991s] Level 1:colcon.colcon_core.package_identification:_identify(aws-deepracer-interfaces-pkg) by extensions ['colcon_pkg']
[2.991s] Level 1:colcon.colcon_core.package_identification:_identify(aws-deepracer-interfaces-pkg) by extension 'colcon_pkg'
[2.991s] Level 1:colcon.colcon_core.package_identification:_identify(aws-deepracer-interfaces-pkg) by extensions ['colcon_meta']
[2.992s] Level 1:colcon.colcon_core.package_identification:_identify(aws-deepracer-interfaces-pkg) by extension 'colcon_meta'
[2.992s] Level 1:colcon.colcon_core.package_identification:_identify(aws-deepracer-interfaces-pkg) by extensions ['ros']
[2.992s] Level 1:colcon.colcon_core.package_identification:_identify(aws-deepracer-interfaces-pkg) by extension 'ros'
[2.992s] Level 1:colcon.colcon_core.package_identification:_identify(aws-deepracer-interfaces-pkg) by extensions ['cmake', 'python']
[2.992s] Level 1:colcon.colcon_core.package_identification:_identify(aws-deepracer-interfaces-pkg) by extension 'cmake'
[2.993s] Level 1:colcon.colcon_core.package_identification:_identify(aws-deepracer-interfaces-pkg) by extension 'python'
[2.993s] Level 1:colcon.colcon_core.package_identification:_identify(aws-deepracer-interfaces-pkg) by extensions ['python_setup_py']
[3.011s] Level 1:colcon.colcon_core.package_identification:_identify(aws-deepracer-interfaces-pkg) by extension 'python_setup_py'
[3.164s] Level 1:colcon.colcon_core.package_identification:_identify(aws-deepracer-interfaces-pkg/deepracer_interfaces_pkg) by extensions ['ignore', 'ignore_ament_install']
[3.165s] Level 1:colcon.colcon_core.package_identification:_identify(aws-deepracer-interfaces-pkg/deepracer_interfaces_pkg) by extension 'ignore'
[3.165s] Level 1:colcon.colcon_core.package_identification:_identify(aws-deepracer-interfaces-pkg/deepracer_interfaces_pkg) by extension 'ignore_ament_install'
[3.165s] Level 1:colcon.colcon_core.package_identification:_identify(aws-deepracer-interfaces-pkg/deepracer_interfaces_pkg) by extensions ['colcon_pkg']
[3.165s] Level 1:colcon.colcon_core.package_identification:_identify(aws-deepracer-interfaces-pkg/deepracer_interfaces_pkg) by extension 'colcon_pkg'
[3.166s] Level 1:colcon.colcon_core.package_identification:_identify(aws-deepracer-interfaces-pkg/deepracer_interfaces_pkg) by extensions ['colcon_meta']
[3.166s] Level 1:colcon.colcon_core.package_identification:_identify(aws-deepracer-interfaces-pkg/deepracer_interfaces_pkg) by extension 'colcon_meta'
[3.166s] Level 1:colcon.colcon_core.package_identification:_identify(aws-deepracer-interfaces-pkg/deepracer_interfaces_pkg) by extensions ['ros']
[3.166s] Level 1:colcon.colcon_core.package_identification:_identify(aws-deepracer-interfaces-pkg/deepracer_interfaces_pkg) by extension 'ros'
[3.170s] DEBUG:colcon.colcon_core.package_identification:Package 'aws-deepracer-interfaces-pkg/deepracer_interfaces_pkg' with type 'ros.ament_cmake' and name 'deepracer_interfaces_pkg'
[3.170s] Level 1:colcon.colcon_core.package_identification:_identify(aws-deepracer-model-optimizer-pkg) by extensions ['ignore', 'ignore_ament_install']
[3.171s] Level 1:colcon.colcon_core.package_identification:_identify(aws-deepracer-model-optimizer-pkg) by extension 'ignore'
[3.171s] Level 1:colcon.colcon_core.package_identification:_identify(aws-deepracer-model-optimizer-pkg) by extension 'ignore_ament_install'
[3.171s] Level 1:colcon.colcon_core.package_identification:_identify(aws-deepracer-model-optimizer-pkg) by extensions ['colcon_pkg']
[3.171s] Level 1:colcon.colcon_core.package_identification:_identify(aws-deepracer-model-optimizer-pkg) by extension 'colcon_pkg'
[3.172s] Level 1:colcon.colcon_core.package_identification:_identify(aws-deepracer-model-optimizer-pkg) by extensions ['colcon_meta']
[3.172s] Level 1:colcon.colcon_core.package_identification:_identify(aws-deepracer-model-optimizer-pkg) by extension 'colcon_meta'
[3.172s] Level 1:colcon.colcon_core.package_identification:_identify(aws-deepracer-model-optimizer-pkg) by extensions ['ros']
[3.172s] Level 1:colcon.colcon_core.package_identification:_identify(aws-deepracer-model-optimizer-pkg) by extension 'ros'
[3.172s] Level 1:colcon.colcon_core.package_identification:_identify(aws-deepracer-model-optimizer-pkg) by extensions ['cmake', 'python']
[3.173s] Level 1:colcon.colcon_core.package_identification:_identify(aws-deepracer-model-optimizer-pkg) by extension 'cmake'
[3.173s] Level 1:colcon.colcon_core.package_identification:_identify(aws-deepracer-model-optimizer-pkg) by extension 'python'
[3.173s] Level 1:colcon.colcon_core.package_identification:_identify(aws-deepracer-model-optimizer-pkg) by extensions ['python_setup_py']
[3.173s] Level 1:colcon.colcon_core.package_identification:_identify(aws-deepracer-model-optimizer-pkg) by extension 'python_setup_py'
[3.175s] Level 1:colcon.colcon_core.package_identification:_identify(aws-deepracer-model-optimizer-pkg/model_optimizer_pkg) by extensions ['ignore', 'ignore_ament_install']
[3.175s] Level 1:colcon.colcon_core.package_identification:_identify(aws-deepracer-model-optimizer-pkg/model_optimizer_pkg) by extension 'ignore'
[3.176s] Level 1:colcon.colcon_core.package_identification:_identify(aws-deepracer-model-optimizer-pkg/model_optimizer_pkg) by extension 'ignore_ament_install'
[3.176s] Level 1:colcon.colcon_core.package_identification:_identify(aws-deepracer-model-optimizer-pkg/model_optimizer_pkg) by extensions ['colcon_pkg']
[3.176s] Level 1:colcon.colcon_core.package_identification:_identify(aws-deepracer-model-optimizer-pkg/model_optimizer_pkg) by extension 'colcon_pkg'
[3.176s] Level 1:colcon.colcon_core.package_identification:_identify(aws-deepracer-model-optimizer-pkg/model_optimizer_pkg) by extensions ['colcon_meta']
[3.176s] Level 1:colcon.colcon_core.package_identification:_identify(aws-deepracer-model-optimizer-pkg/model_optimizer_pkg) by extension 'colcon_meta'
[3.182s] Level 1:colcon.colcon_core.package_identification:_identify(aws-deepracer-model-optimizer-pkg/model_optimizer_pkg) by extensions ['ros']
[3.182s] Level 1:colcon.colcon_core.package_identification:_identify(aws-deepracer-model-optimizer-pkg/model_optimizer_pkg) by extension 'ros'
[3.189s] DEBUG:colcon.colcon_core.package_identification:Package 'aws-deepracer-model-optimizer-pkg/model_optimizer_pkg' with type 'ros.ament_python' and name 'model_optimizer_pkg'
[3.202s] Level 1:colcon.colcon_core.package_identification:_identify(aws-deepracer-navigation-pkg) by extensions ['ignore', 'ignore_ament_install']
[3.203s] Level 1:colcon.colcon_core.package_identification:_identify(aws-deepracer-navigation-pkg) by extension 'ignore'
[3.203s] Level 1:colcon.colcon_core.package_identification:_identify(aws-deepracer-navigation-pkg) by extension 'ignore_ament_install'
[3.203s] Level 1:colcon.colcon_core.package_identification:_identify(aws-deepracer-navigation-pkg) by extensions ['colcon_pkg']
[3.203s] Level 1:colcon.colcon_core.package_identification:_identify(aws-deepracer-navigation-pkg) by extension 'colcon_pkg'
[3.204s] Level 1:colcon.colcon_core.package_identification:_identify(aws-deepracer-navigation-pkg) by extensions ['colcon_meta']
[3.204s] Level 1:colcon.colcon_core.package_identification:_identify(aws-deepracer-navigation-pkg) by extension 'colcon_meta'
[3.204s] Level 1:colcon.colcon_core.package_identification:_identify(aws-deepracer-navigation-pkg) by extensions ['ros']
[3.204s] Level 1:colcon.colcon_core.package_identification:_identify(aws-deepracer-navigation-pkg) by extension 'ros'
[3.205s] Level 1:colcon.colcon_core.package_identification:_identify(aws-deepracer-navigation-pkg) by extensions ['cmake', 'python']
[3.205s] Level 1:colcon.colcon_core.package_identification:_identify(aws-deepracer-navigation-pkg) by extension 'cmake'
[3.205s] Level 1:colcon.colcon_core.package_identification:_identify(aws-deepracer-navigation-pkg) by extension 'python'
[3.205s] Level 1:colcon.colcon_core.package_identification:_identify(aws-deepracer-navigation-pkg) by extensions ['python_setup_py']
[3.205s] Level 1:colcon.colcon_core.package_identification:_identify(aws-deepracer-navigation-pkg) by extension 'python_setup_py'
[3.207s] Level 1:colcon.colcon_core.package_identification:_identify(aws-deepracer-navigation-pkg/deepracer_navigation_pkg) by extensions ['ignore', 'ignore_ament_install']
[3.207s] Level 1:colcon.colcon_core.package_identification:_identify(aws-deepracer-navigation-pkg/deepracer_navigation_pkg) by extension 'ignore'
[3.208s] Level 1:colcon.colcon_core.package_identification:_identify(aws-deepracer-navigation-pkg/deepracer_navigation_pkg) by extension 'ignore_ament_install'
[3.208s] Level 1:colcon.colcon_core.package_identification:_identify(aws-deepracer-navigation-pkg/deepracer_navigation_pkg) by extensions ['colcon_pkg']
[3.208s] Level 1:colcon.colcon_core.package_identification:_identify(aws-deepracer-navigation-pkg/deepracer_navigation_pkg) by extension 'colcon_pkg'
[3.208s] Level 1:colcon.colcon_core.package_identification:_identify(aws-deepracer-navigation-pkg/deepracer_navigation_pkg) by extensions ['colcon_meta']
[3.208s] Level 1:colcon.colcon_core.package_identification:_identify(aws-deepracer-navigation-pkg/deepracer_navigation_pkg) by extension 'colcon_meta'
[3.209s] Level 1:colcon.colcon_core.package_identification:_identify(aws-deepracer-navigation-pkg/deepracer_navigation_pkg) by extensions ['ros']
[3.209s] Level 1:colcon.colcon_core.package_identification:_identify(aws-deepracer-navigation-pkg/deepracer_navigation_pkg) by extension 'ros'
[3.219s] DEBUG:colcon.colcon_core.package_identification:Package 'aws-deepracer-navigation-pkg/deepracer_navigation_pkg' with type 'ros.ament_python' and name 'deepracer_navigation_pkg'
[3.219s] Level 1:colcon.colcon_core.package_identification:_identify(aws-deepracer-sensor-fusion-pkg) by extensions ['ignore', 'ignore_ament_install']
[3.220s] Level 1:colcon.colcon_core.package_identification:_identify(aws-deepracer-sensor-fusion-pkg) by extension 'ignore'
[3.220s] Level 1:colcon.colcon_core.package_identification:_identify(aws-deepracer-sensor-fusion-pkg) by extension 'ignore_ament_install'
[3.220s] Level 1:colcon.colcon_core.package_identification:_identify(aws-deepracer-sensor-fusion-pkg) by extensions ['colcon_pkg']
[3.220s] Level 1:colcon.colcon_core.package_identification:_identify(aws-deepracer-sensor-fusion-pkg) by extension 'colcon_pkg'
[3.221s] Level 1:colcon.colcon_core.package_identification:_identify(aws-deepracer-sensor-fusion-pkg) by extensions ['colcon_meta']
[3.221s] Level 1:colcon.colcon_core.package_identification:_identify(aws-deepracer-sensor-fusion-pkg) by extension 'colcon_meta'
[3.221s] Level 1:colcon.colcon_core.package_identification:_identify(aws-deepracer-sensor-fusion-pkg) by extensions ['ros']
[3.221s] Level 1:colcon.colcon_core.package_identification:_identify(aws-deepracer-sensor-fusion-pkg) by extension 'ros'
[3.221s] Level 1:colcon.colcon_core.package_identification:_identify(aws-deepracer-sensor-fusion-pkg) by extensions ['cmake', 'python']
[3.222s] Level 1:colcon.colcon_core.package_identification:_identify(aws-deepracer-sensor-fusion-pkg) by extension 'cmake'
[3.222s] Level 1:colcon.colcon_core.package_identification:_identify(aws-deepracer-sensor-fusion-pkg) by extension 'python'
[3.222s] Level 1:colcon.colcon_core.package_identification:_identify(aws-deepracer-sensor-fusion-pkg) by extensions ['python_setup_py']
[3.222s] Level 1:colcon.colcon_core.package_identification:_identify(aws-deepracer-sensor-fusion-pkg) by extension 'python_setup_py'
[3.225s] Level 1:colcon.colcon_core.package_identification:_identify(aws-deepracer-sensor-fusion-pkg/sensor_fusion_pkg) by extensions ['ignore', 'ignore_ament_install']
[3.225s] Level 1:colcon.colcon_core.package_identification:_identify(aws-deepracer-sensor-fusion-pkg/sensor_fusion_pkg) by extension 'ignore'
[3.225s] Level 1:colcon.colcon_core.package_identification:_identify(aws-deepracer-sensor-fusion-pkg/sensor_fusion_pkg) by extension 'ignore_ament_install'
[3.226s] Level 1:colcon.colcon_core.package_identification:_identify(aws-deepracer-sensor-fusion-pkg/sensor_fusion_pkg) by extensions ['colcon_pkg']
[3.226s] Level 1:colcon.colcon_core.package_identification:_identify(aws-deepracer-sensor-fusion-pkg/sensor_fusion_pkg) by extension 'colcon_pkg'
[3.226s] Level 1:colcon.colcon_core.package_identification:_identify(aws-deepracer-sensor-fusion-pkg/sensor_fusion_pkg) by extensions ['colcon_meta']
[3.226s] Level 1:colcon.colcon_core.package_identification:_identify(aws-deepracer-sensor-fusion-pkg/sensor_fusion_pkg) by extension 'colcon_meta'
[3.226s] Level 1:colcon.colcon_core.package_identification:_identify(aws-deepracer-sensor-fusion-pkg/sensor_fusion_pkg) by extensions ['ros']
[3.227s] Level 1:colcon.colcon_core.package_identification:_identify(aws-deepracer-sensor-fusion-pkg/sensor_fusion_pkg) by extension 'ros'
[3.230s] DEBUG:colcon.colcon_core.package_identification:Package 'aws-deepracer-sensor-fusion-pkg/sensor_fusion_pkg' with type 'ros.ament_cmake' and name 'sensor_fusion_pkg'
[3.231s] Level 1:colcon.colcon_core.package_identification:_identify(aws-deepracer-servo-pkg) by extensions ['ignore', 'ignore_ament_install']
[3.231s] Level 1:colcon.colcon_core.package_identification:_identify(aws-deepracer-servo-pkg) by extension 'ignore'
[3.231s] Level 1:colcon.colcon_core.package_identification:_identify(aws-deepracer-servo-pkg) by extension 'ignore_ament_install'
[3.232s] Level 1:colcon.colcon_core.package_identification:_identify(aws-deepracer-servo-pkg) by extensions ['colcon_pkg']
[3.232s] Level 1:colcon.colcon_core.package_identification:_identify(aws-deepracer-servo-pkg) by extension 'colcon_pkg'
[3.232s] Level 1:colcon.colcon_core.package_identification:_identify(aws-deepracer-servo-pkg) by extensions ['colcon_meta']
[3.232s] Level 1:colcon.colcon_core.package_identification:_identify(aws-deepracer-servo-pkg) by extension 'colcon_meta'
[3.232s] Level 1:colcon.colcon_core.package_identification:_identify(aws-deepracer-servo-pkg) by extensions ['ros']
[3.232s] Level 1:colcon.colcon_core.package_identification:_identify(aws-deepracer-servo-pkg) by extension 'ros'
[3.233s] Level 1:colcon.colcon_core.package_identification:_identify(aws-deepracer-servo-pkg) by extensions ['cmake', 'python']
[3.233s] Level 1:colcon.colcon_core.package_identification:_identify(aws-deepracer-servo-pkg) by extension 'cmake'
[3.233s] Level 1:colcon.colcon_core.package_identification:_identify(aws-deepracer-servo-pkg) by extension 'python'
[3.233s] Level 1:colcon.colcon_core.package_identification:_identify(aws-deepracer-servo-pkg) by extensions ['python_setup_py']
[3.233s] Level 1:colcon.colcon_core.package_identification:_identify(aws-deepracer-servo-pkg) by extension 'python_setup_py'
[3.237s] Level 1:colcon.colcon_core.package_identification:_identify(aws-deepracer-servo-pkg/servo_pkg) by extensions ['ignore', 'ignore_ament_install']
[3.238s] Level 1:colcon.colcon_core.package_identification:_identify(aws-deepracer-servo-pkg/servo_pkg) by extension 'ignore'
[3.238s] Level 1:colcon.colcon_core.package_identification:_identify(aws-deepracer-servo-pkg/servo_pkg) by extension 'ignore_ament_install'
[3.238s] Level 1:colcon.colcon_core.package_identification:_identify(aws-deepracer-servo-pkg/servo_pkg) by extensions ['colcon_pkg']
[3.238s] Level 1:colcon.colcon_core.package_identification:_identify(aws-deepracer-servo-pkg/servo_pkg) by extension 'colcon_pkg'
[3.238s] Level 1:colcon.colcon_core.package_identification:_identify(aws-deepracer-servo-pkg/servo_pkg) by extensions ['colcon_meta']
[3.239s] Level 1:colcon.colcon_core.package_identification:_identify(aws-deepracer-servo-pkg/servo_pkg) by extension 'colcon_meta'
[3.239s] Level 1:colcon.colcon_core.package_identification:_identify(aws-deepracer-servo-pkg/servo_pkg) by extensions ['ros']
[3.239s] Level 1:colcon.colcon_core.package_identification:_identify(aws-deepracer-servo-pkg/servo_pkg) by extension 'ros'
[3.241s] DEBUG:colcon.colcon_core.package_identification:Package 'aws-deepracer-servo-pkg/servo_pkg' with type 'ros.ament_cmake' and name 'servo_pkg'
[3.242s] Level 1:colcon.colcon_core.package_identification:_identify(aws-deepracer-status-led-pkg) by extensions ['ignore', 'ignore_ament_install']
[3.242s] Level 1:colcon.colcon_core.package_identification:_identify(aws-deepracer-status-led-pkg) by extension 'ignore'
[3.243s] Level 1:colcon.colcon_core.package_identification:_identify(aws-deepracer-status-led-pkg) by extension 'ignore_ament_install'
[3.243s] Level 1:colcon.colcon_core.package_identification:_identify(aws-deepracer-status-led-pkg) by extensions ['colcon_pkg']
[3.248s] Level 1:colcon.colcon_core.package_identification:_identify(aws-deepracer-status-led-pkg) by extension 'colcon_pkg'
[3.249s] Level 1:colcon.colcon_core.package_identification:_identify(aws-deepracer-status-led-pkg) by extensions ['colcon_meta']
[3.251s] Level 1:colcon.colcon_core.package_identification:_identify(aws-deepracer-status-led-pkg) by extension 'colcon_meta'
[3.251s] Level 1:colcon.colcon_core.package_identification:_identify(aws-deepracer-status-led-pkg) by extensions ['ros']
[3.251s] Level 1:colcon.colcon_core.package_identification:_identify(aws-deepracer-status-led-pkg) by extension 'ros'
[3.251s] Level 1:colcon.colcon_core.package_identification:_identify(aws-deepracer-status-led-pkg) by extensions ['cmake', 'python']
[3.252s] Level 1:colcon.colcon_core.package_identification:_identify(aws-deepracer-status-led-pkg) by extension 'cmake'
[3.252s] Level 1:colcon.colcon_core.package_identification:_identify(aws-deepracer-status-led-pkg) by extension 'python'
[3.252s] Level 1:colcon.colcon_core.package_identification:_identify(aws-deepracer-status-led-pkg) by extensions ['python_setup_py']
[3.252s] Level 1:colcon.colcon_core.package_identification:_identify(aws-deepracer-status-led-pkg) by extension 'python_setup_py'
[3.253s] Level 1:colcon.colcon_core.package_identification:_identify(aws-deepracer-status-led-pkg/status_led_pkg) by extensions ['ignore', 'ignore_ament_install']
[3.254s] Level 1:colcon.colcon_core.package_identification:_identify(aws-deepracer-status-led-pkg/status_led_pkg) by extension 'ignore'
[3.254s] Level 1:colcon.colcon_core.package_identification:_identify(aws-deepracer-status-led-pkg/status_led_pkg) by extension 'ignore_ament_install'
[3.255s] Level 1:colcon.colcon_core.package_identification:_identify(aws-deepracer-status-led-pkg/status_led_pkg) by extensions ['colcon_pkg']
[3.255s] Level 1:colcon.colcon_core.package_identification:_identify(aws-deepracer-status-led-pkg/status_led_pkg) by extension 'colcon_pkg'
[3.255s] Level 1:colcon.colcon_core.package_identification:_identify(aws-deepracer-status-led-pkg/status_led_pkg) by extensions ['colcon_meta']
[3.255s] Level 1:colcon.colcon_core.package_identification:_identify(aws-deepracer-status-led-pkg/status_led_pkg) by extension 'colcon_meta'
[3.255s] Level 1:colcon.colcon_core.package_identification:_identify(aws-deepracer-status-led-pkg/status_led_pkg) by extensions ['ros']
[3.255s] Level 1:colcon.colcon_core.package_identification:_identify(aws-deepracer-status-led-pkg/status_led_pkg) by extension 'ros'
[3.264s] DEBUG:colcon.colcon_core.package_identification:Package 'aws-deepracer-status-led-pkg/status_led_pkg' with type 'ros.ament_python' and name 'status_led_pkg'
[3.265s] Level 1:colcon.colcon_core.package_identification:_identify(aws-deepracer-systems-pkg) by extensions ['ignore', 'ignore_ament_install']
[3.265s] Level 1:colcon.colcon_core.package_identification:_identify(aws-deepracer-systems-pkg) by extension 'ignore'
[3.265s] Level 1:colcon.colcon_core.package_identification:_identify(aws-deepracer-systems-pkg) by extension 'ignore_ament_install'
[3.266s] Level 1:colcon.colcon_core.package_identification:_identify(aws-deepracer-systems-pkg) by extensions ['colcon_pkg']
[3.266s] Level 1:colcon.colcon_core.package_identification:_identify(aws-deepracer-systems-pkg) by extension 'colcon_pkg'
[3.266s] Level 1:colcon.colcon_core.package_identification:_identify(aws-deepracer-systems-pkg) by extensions ['colcon_meta']
[3.266s] Level 1:colcon.colcon_core.package_identification:_identify(aws-deepracer-systems-pkg) by extension 'colcon_meta'
[3.266s] Level 1:colcon.colcon_core.package_identification:_identify(aws-deepracer-systems-pkg) by extensions ['ros']
[3.267s] Level 1:colcon.colcon_core.package_identification:_identify(aws-deepracer-systems-pkg) by extension 'ros'
[3.267s] Level 1:colcon.colcon_core.package_identification:_identify(aws-deepracer-systems-pkg) by extensions ['cmake', 'python']
[3.267s] Level 1:colcon.colcon_core.package_identification:_identify(aws-deepracer-systems-pkg) by extension 'cmake'
[3.267s] Level 1:colcon.colcon_core.package_identification:_identify(aws-deepracer-systems-pkg) by extension 'python'
[3.267s] Level 1:colcon.colcon_core.package_identification:_identify(aws-deepracer-systems-pkg) by extensions ['python_setup_py']
[3.268s] Level 1:colcon.colcon_core.package_identification:_identify(aws-deepracer-systems-pkg) by extension 'python_setup_py'
[3.270s] Level 1:colcon.colcon_core.package_identification:_identify(aws-deepracer-systems-pkg/deepracer_systems_pkg) by extensions ['ignore', 'ignore_ament_install']
[3.270s] Level 1:colcon.colcon_core.package_identification:_identify(aws-deepracer-systems-pkg/deepracer_systems_pkg) by extension 'ignore'
[3.270s] Level 1:colcon.colcon_core.package_identification:_identify(aws-deepracer-systems-pkg/deepracer_systems_pkg) by extension 'ignore_ament_install'
[3.271s] Level 1:colcon.colcon_core.package_identification:_identify(aws-deepracer-systems-pkg/deepracer_systems_pkg) by extensions ['colcon_pkg']
[3.271s] Level 1:colcon.colcon_core.package_identification:_identify(aws-deepracer-systems-pkg/deepracer_systems_pkg) by extension 'colcon_pkg'
[3.271s] Level 1:colcon.colcon_core.package_identification:_identify(aws-deepracer-systems-pkg/deepracer_systems_pkg) by extensions ['colcon_meta']
[3.271s] Level 1:colcon.colcon_core.package_identification:_identify(aws-deepracer-systems-pkg/deepracer_systems_pkg) by extension 'colcon_meta'
[3.271s] Level 1:colcon.colcon_core.package_identification:_identify(aws-deepracer-systems-pkg/deepracer_systems_pkg) by extensions ['ros']
[3.271s] Level 1:colcon.colcon_core.package_identification:_identify(aws-deepracer-systems-pkg/deepracer_systems_pkg) by extension 'ros'
[3.276s] DEBUG:colcon.colcon_core.package_identification:Package 'aws-deepracer-systems-pkg/deepracer_systems_pkg' with type 'ros.ament_python' and name 'deepracer_systems_pkg'
[3.282s] Level 1:colcon.colcon_core.package_identification:_identify(aws-deepracer-usb-monitor-pkg) by extensions ['ignore', 'ignore_ament_install']
[3.282s] Level 1:colcon.colcon_core.package_identification:_identify(aws-deepracer-usb-monitor-pkg) by extension 'ignore'
[3.283s] Level 1:colcon.colcon_core.package_identification:_identify(aws-deepracer-usb-monitor-pkg) by extension 'ignore_ament_install'
[3.283s] Level 1:colcon.colcon_core.package_identification:_identify(aws-deepracer-usb-monitor-pkg) by extensions ['colcon_pkg']
[3.283s] Level 1:colcon.colcon_core.package_identification:_identify(aws-deepracer-usb-monitor-pkg) by extension 'colcon_pkg'
[3.283s] Level 1:colcon.colcon_core.package_identification:_identify(aws-deepracer-usb-monitor-pkg) by extensions ['colcon_meta']
[3.283s] Level 1:colcon.colcon_core.package_identification:_identify(aws-deepracer-usb-monitor-pkg) by extension 'colcon_meta'
[3.284s] Level 1:colcon.colcon_core.package_identification:_identify(aws-deepracer-usb-monitor-pkg) by extensions ['ros']
[3.284s] Level 1:colcon.colcon_core.package_identification:_identify(aws-deepracer-usb-monitor-pkg) by extension 'ros'
[3.284s] Level 1:colcon.colcon_core.package_identification:_identify(aws-deepracer-usb-monitor-pkg) by extensions ['cmake', 'python']
[3.284s] Level 1:colcon.colcon_core.package_identification:_identify(aws-deepracer-usb-monitor-pkg) by extension 'cmake'
[3.284s] Level 1:colcon.colcon_core.package_identification:_identify(aws-deepracer-usb-monitor-pkg) by extension 'python'
[3.285s] Level 1:colcon.colcon_core.package_identification:_identify(aws-deepracer-usb-monitor-pkg) by extensions ['python_setup_py']
[3.285s] Level 1:colcon.colcon_core.package_identification:_identify(aws-deepracer-usb-monitor-pkg) by extension 'python_setup_py'
[3.287s] Level 1:colcon.colcon_core.package_identification:_identify(aws-deepracer-usb-monitor-pkg/usb_monitor_pkg) by extensions ['ignore', 'ignore_ament_install']
[3.287s] Level 1:colcon.colcon_core.package_identification:_identify(aws-deepracer-usb-monitor-pkg/usb_monitor_pkg) by extension 'ignore'
[3.288s] Level 1:colcon.colcon_core.package_identification:_identify(aws-deepracer-usb-monitor-pkg/usb_monitor_pkg) by extension 'ignore_ament_install'
[3.288s] Level 1:colcon.colcon_core.package_identification:_identify(aws-deepracer-usb-monitor-pkg/usb_monitor_pkg) by extensions ['colcon_pkg']
[3.288s] Level 1:colcon.colcon_core.package_identification:_identify(aws-deepracer-usb-monitor-pkg/usb_monitor_pkg) by extension 'colcon_pkg'
[3.288s] Level 1:colcon.colcon_core.package_identification:_identify(aws-deepracer-usb-monitor-pkg/usb_monitor_pkg) by extensions ['colcon_meta']
[3.288s] Level 1:colcon.colcon_core.package_identification:_identify(aws-deepracer-usb-monitor-pkg/usb_monitor_pkg) by extension 'colcon_meta'
[3.289s] Level 1:colcon.colcon_core.package_identification:_identify(aws-deepracer-usb-monitor-pkg/usb_monitor_pkg) by extensions ['ros']
[3.289s] Level 1:colcon.colcon_core.package_identification:_identify(aws-deepracer-usb-monitor-pkg/usb_monitor_pkg) by extension 'ros'
[3.297s] DEBUG:colcon.colcon_core.package_identification:Package 'aws-deepracer-usb-monitor-pkg/usb_monitor_pkg' with type 'ros.ament_python' and name 'usb_monitor_pkg'
[3.298s] Level 1:colcon.colcon_core.package_identification:_identify(aws-deepracer-webserver-pkg) by extensions ['ignore', 'ignore_ament_install']
[3.299s] Level 1:colcon.colcon_core.package_identification:_identify(aws-deepracer-webserver-pkg) by extension 'ignore'
[3.299s] Level 1:colcon.colcon_core.package_identification:_identify(aws-deepracer-webserver-pkg) by extension 'ignore_ament_install'
[3.299s] Level 1:colcon.colcon_core.package_identification:_identify(aws-deepracer-webserver-pkg) by extensions ['colcon_pkg']
[3.299s] Level 1:colcon.colcon_core.package_identification:_identify(aws-deepracer-webserver-pkg) by extension 'colcon_pkg'
[3.300s] Level 1:colcon.colcon_core.package_identification:_identify(aws-deepracer-webserver-pkg) by extensions ['colcon_meta']
[3.300s] Level 1:colcon.colcon_core.package_identification:_identify(aws-deepracer-webserver-pkg) by extension 'colcon_meta'
[3.301s] Level 1:colcon.colcon_core.package_identification:_identify(aws-deepracer-webserver-pkg) by extensions ['ros']
[3.301s] Level 1:colcon.colcon_core.package_identification:_identify(aws-deepracer-webserver-pkg) by extension 'ros'
[3.301s] Level 1:colcon.colcon_core.package_identification:_identify(aws-deepracer-webserver-pkg) by extensions ['cmake', 'python']
[3.302s] Level 1:colcon.colcon_core.package_identification:_identify(aws-deepracer-webserver-pkg) by extension 'cmake'
[3.302s] Level 1:colcon.colcon_core.package_identification:_identify(aws-deepracer-webserver-pkg) by extension 'python'
[3.302s] Level 1:colcon.colcon_core.package_identification:_identify(aws-deepracer-webserver-pkg) by extensions ['python_setup_py']
[3.302s] Level 1:colcon.colcon_core.package_identification:_identify(aws-deepracer-webserver-pkg) by extension 'python_setup_py'
[3.304s] Level 1:colcon.colcon_core.package_identification:_identify(aws-deepracer-webserver-pkg/webserver_pkg) by extensions ['ignore', 'ignore_ament_install']
[3.304s] Level 1:colcon.colcon_core.package_identification:_identify(aws-deepracer-webserver-pkg/webserver_pkg) by extension 'ignore'
[3.304s] Level 1:colcon.colcon_core.package_identification:_identify(aws-deepracer-webserver-pkg/webserver_pkg) by extension 'ignore_ament_install'
[3.305s] Level 1:colcon.colcon_core.package_identification:_identify(aws-deepracer-webserver-pkg/webserver_pkg) by extensions ['colcon_pkg']
[3.305s] Level 1:colcon.colcon_core.package_identification:_identify(aws-deepracer-webserver-pkg/webserver_pkg) by extension 'colcon_pkg'
[3.305s] Level 1:colcon.colcon_core.package_identification:_identify(aws-deepracer-webserver-pkg/webserver_pkg) by extensions ['colcon_meta']
[3.305s] Level 1:colcon.colcon_core.package_identification:_identify(aws-deepracer-webserver-pkg/webserver_pkg) by extension 'colcon_meta'
[3.305s] Level 1:colcon.colcon_core.package_identification:_identify(aws-deepracer-webserver-pkg/webserver_pkg) by extensions ['ros']
[3.305s] Level 1:colcon.colcon_core.package_identification:_identify(aws-deepracer-webserver-pkg/webserver_pkg) by extension 'ros'
[3.316s] DEBUG:colcon.colcon_core.package_identification:Package 'aws-deepracer-webserver-pkg/webserver_pkg' with type 'ros.ament_python' and name 'webserver_pkg'
[3.317s] Level 1:colcon.colcon_core.package_identification:_identify(build) by extensions ['ignore', 'ignore_ament_install']
[3.317s] Level 1:colcon.colcon_core.package_identification:_identify(build) by extension 'ignore'
[3.317s] Level 1:colcon.colcon_core.package_identification:_identify(build) ignored
[3.318s] Level 1:colcon.colcon_core.package_identification:_identify(deepracer_launcher) by extensions ['ignore', 'ignore_ament_install']
[3.318s] Level 1:colcon.colcon_core.package_identification:_identify(deepracer_launcher) by extension 'ignore'
[3.318s] Level 1:colcon.colcon_core.package_identification:_identify(deepracer_launcher) by extension 'ignore_ament_install'
[3.319s] Level 1:colcon.colcon_core.package_identification:_identify(deepracer_launcher) by extensions ['colcon_pkg']
[3.319s] Level 1:colcon.colcon_core.package_identification:_identify(deepracer_launcher) by extension 'colcon_pkg'
[3.319s] Level 1:colcon.colcon_core.package_identification:_identify(deepracer_launcher) by extensions ['colcon_meta']
[3.319s] Level 1:colcon.colcon_core.package_identification:_identify(deepracer_launcher) by extension 'colcon_meta'
[3.319s] Level 1:colcon.colcon_core.package_identification:_identify(deepracer_launcher) by extensions ['ros']
[3.319s] Level 1:colcon.colcon_core.package_identification:_identify(deepracer_launcher) by extension 'ros'
[3.333s] DEBUG:colcon.colcon_core.package_identification:Package 'deepracer_launcher' with type 'ros.ament_cmake' and name 'deepracer_launcher'
[3.334s] Level 1:colcon.colcon_core.package_identification:_identify(install) by extensions ['ignore', 'ignore_ament_install']
[3.335s] Level 1:colcon.colcon_core.package_identification:_identify(install) by extension 'ignore'
[3.335s] Level 1:colcon.colcon_core.package_identification:_identify(install) ignored
[3.335s] Level 1:colcon.colcon_core.package_identification:_identify(log) by extensions ['ignore', 'ignore_ament_install']
[3.336s] Level 1:colcon.colcon_core.package_identification:_identify(log) by extension 'ignore'
[3.336s] Level 1:colcon.colcon_core.package_identification:_identify(log) ignored
[3.336s] Level 1:colcon.colcon_core.package_identification:_identify(media) by extensions ['ignore', 'ignore_ament_install']
[3.337s] Level 1:colcon.colcon_core.package_identification:_identify(media) by extension 'ignore'
[3.337s] Level 1:colcon.colcon_core.package_identification:_identify(media) by extension 'ignore_ament_install'
[3.337s] Level 1:colcon.colcon_core.package_identification:_identify(media) by extensions ['colcon_pkg']
[3.337s] Level 1:colcon.colcon_core.package_identification:_identify(media) by extension 'colcon_pkg'
[3.337s] Level 1:colcon.colcon_core.package_identification:_identify(media) by extensions ['colcon_meta']
[3.337s] Level 1:colcon.colcon_core.package_identification:_identify(media) by extension 'colcon_meta'
[3.339s] Level 1:colcon.colcon_core.package_identification:_identify(media) by extensions ['ros']
[3.339s] Level 1:colcon.colcon_core.package_identification:_identify(media) by extension 'ros'
[3.340s] Level 1:colcon.colcon_core.package_identification:_identify(media) by extensions ['cmake', 'python']
[3.340s] Level 1:colcon.colcon_core.package_identification:_identify(media) by extension 'cmake'
[3.340s] Level 1:colcon.colcon_core.package_identification:_identify(media) by extension 'python'
[3.340s] Level 1:colcon.colcon_core.package_identification:_identify(media) by extensions ['python_setup_py']
[3.340s] Level 1:colcon.colcon_core.package_identification:_identify(media) by extension 'python_setup_py'
[3.341s] Level 1:colcon.colcon_core.package_identification:_identify(rplidar_ros) by extensions ['ignore', 'ignore_ament_install']
[3.341s] Level 1:colcon.colcon_core.package_identification:_identify(rplidar_ros) by extension 'ignore'
[3.342s] Level 1:colcon.colcon_core.package_identification:_identify(rplidar_ros) by extension 'ignore_ament_install'
[3.342s] Level 1:colcon.colcon_core.package_identification:_identify(rplidar_ros) by extensions ['colcon_pkg']
[3.342s] Level 1:colcon.colcon_core.package_identification:_identify(rplidar_ros) by extension 'colcon_pkg'
[3.342s] Level 1:colcon.colcon_core.package_identification:_identify(rplidar_ros) by extensions ['colcon_meta']
[3.342s] Level 1:colcon.colcon_core.package_identification:_identify(rplidar_ros) by extension 'colcon_meta'
[3.342s] Level 1:colcon.colcon_core.package_identification:_identify(rplidar_ros) by extensions ['ros']
[3.343s] Level 1:colcon.colcon_core.package_identification:_identify(rplidar_ros) by extension 'ros'
[3.351s] DEBUG:colcon.colcon_core.package_identification:Package 'rplidar_ros' with type 'ros.ament_cmake' and name 'rplidar_ros2'
[3.352s] Level 1:colcon.colcon_core.package_identification:_identify(web_video_server) by extensions ['ignore', 'ignore_ament_install']
[3.352s] Level 1:colcon.colcon_core.package_identification:_identify(web_video_server) by extension 'ignore'
[3.353s] Level 1:colcon.colcon_core.package_identification:_identify(web_video_server) by extension 'ignore_ament_install'
[3.353s] Level 1:colcon.colcon_core.package_identification:_identify(web_video_server) by extensions ['colcon_pkg']
[3.353s] Level 1:colcon.colcon_core.package_identification:_identify(web_video_server) by extension 'colcon_pkg'
[3.353s] Level 1:colcon.colcon_core.package_identification:_identify(web_video_server) by extensions ['colcon_meta']
[3.353s] Level 1:colcon.colcon_core.package_identification:_identify(web_video_server) by extension 'colcon_meta'
[3.353s] Level 1:colcon.colcon_core.package_identification:_identify(web_video_server) by extensions ['ros']
[3.354s] Level 1:colcon.colcon_core.package_identification:_identify(web_video_server) by extension 'ros'
[3.364s] DEBUG:colcon.colcon_core.package_identification:Package 'web_video_server' with type 'ros.ament_cmake' and name 'web_video_server'
[3.364s] Level 1:colcon.colcon_core.package_discovery:discover_packages(recursive) using defaults
[3.364s] Level 1:colcon.colcon_core.package_discovery:discover_packages(ignore) discover
[3.364s] Level 1:colcon.colcon_core.package_discovery:discover_packages(ignore) using defaults
[3.364s] Level 1:colcon.colcon_core.package_discovery:discover_packages(path) discover
[3.365s] Level 1:colcon.colcon_core.package_discovery:discover_packages(path) using defaults
[3.474s] INFO:colcon.colcon_core.package_selection:Skipping not selected package 'async_web_server_cpp' in 'async_web_server_cpp'
[3.475s] INFO:colcon.colcon_core.package_selection:Skipping not selected package 'deepracer_interfaces_pkg' in 'aws-deepracer-interfaces-pkg/deepracer_interfaces_pkg'
[3.475s] INFO:colcon.colcon_core.package_selection:Skipping not selected package 'rplidar_ros2' in 'rplidar_ros'
[3.475s] INFO:colcon.colcon_core.package_selection:Skipping not selected package 'camera_pkg' in 'aws-deepracer-camera-pkg/camera_pkg'
[3.475s] INFO:colcon.colcon_core.package_selection:Skipping not selected package 'deepracer_navigation_pkg' in 'aws-deepracer-navigation-pkg/deepracer_navigation_pkg'
[3.475s] INFO:colcon.colcon_core.package_selection:Skipping not selected package 'device_info_pkg' in 'aws-deepracer-device-info-pkg/device_info_pkg'
[3.475s] INFO:colcon.colcon_core.package_selection:Skipping not selected package 'i2c_pkg' in 'aws-deepracer-i2c-pkg/i2c_pkg'
[3.475s] INFO:colcon.colcon_core.package_selection:Skipping not selected package 'model_optimizer_pkg' in 'aws-deepracer-model-optimizer-pkg/model_optimizer_pkg'
[3.475s] INFO:colcon.colcon_core.package_selection:Skipping not selected package 'sensor_fusion_pkg' in 'aws-deepracer-sensor-fusion-pkg/sensor_fusion_pkg'
[3.476s] INFO:colcon.colcon_core.package_selection:Skipping not selected package 'servo_pkg' in 'aws-deepracer-servo-pkg/servo_pkg'
[3.476s] INFO:colcon.colcon_core.package_selection:Skipping not selected package 'status_led_pkg' in 'aws-deepracer-status-led-pkg/status_led_pkg'
[3.476s] INFO:colcon.colcon_core.package_selection:Skipping not selected package 'usb_monitor_pkg' in 'aws-deepracer-usb-monitor-pkg/usb_monitor_pkg'
[3.476s] INFO:colcon.colcon_core.package_selection:Skipping not selected package 'web_video_server' in 'web_video_server'
[3.476s] INFO:colcon.colcon_core.package_selection:Skipping not selected package 'ctrl_pkg' in 'aws-deepracer-ctrl-pkg/ctrl_pkg'
[3.476s] INFO:colcon.colcon_core.package_selection:Skipping not selected package 'deepracer_systems_pkg' in 'aws-deepracer-systems-pkg/deepracer_systems_pkg'
[3.476s] INFO:colcon.colcon_core.package_selection:Skipping not selected package 'webserver_pkg' in 'aws-deepracer-webserver-pkg/webserver_pkg'
[3.476s] INFO:colcon.colcon_core.package_selection:Skipping not selected package 'deepracer_launcher' in 'deepracer_launcher'
[3.502s] Level 5:colcon.colcon_core.verb:set package 'inference_pkg' build argument 'cmake_args' from command line to 'None'
[3.503s] Level 5:colcon.colcon_core.verb:set package 'inference_pkg' build argument 'cmake_target' from command line to 'None'
[3.503s] Level 5:colcon.colcon_core.verb:set package 'inference_pkg' build argument 'cmake_target_skip_unavailable' from command line to 'False'
[3.503s] Level 5:colcon.colcon_core.verb:set package 'inference_pkg' build argument 'cmake_clean_cache' from command line to 'False'
[3.503s] Level 5:colcon.colcon_core.verb:set package 'inference_pkg' build argument 'cmake_clean_first' from command line to 'False'
[3.503s] Level 5:colcon.colcon_core.verb:set package 'inference_pkg' build argument 'cmake_force_configure' from command line to 'False'
[3.503s] Level 5:colcon.colcon_core.verb:set package 'inference_pkg' build argument 'ament_cmake_args' from command line to 'None'
[3.503s] Level 5:colcon.colcon_core.verb:set package 'inference_pkg' build argument 'catkin_cmake_args' from command line to 'None'
[3.503s] Level 5:colcon.colcon_core.verb:set package 'inference_pkg' build argument 'catkin_skip_building_tests' from command line to 'False'
[3.504s] DEBUG:colcon.colcon_core.verb:Building package 'inference_pkg' with the following arguments: {'ament_cmake_args': None, 'build_base': '/root/deepracer_ws/aws-deepracer-launcher/build/inference_pkg', 'catkin_cmake_args': None, 'catkin_skip_building_tests': False, 'cmake_args': None, 'cmake_clean_cache': False, 'cmake_clean_first': False, 'cmake_force_configure': False, 'cmake_target': None, 'cmake_target_skip_unavailable': False, 'install_base': '/root/deepracer_ws/aws-deepracer-launcher/install/inference_pkg', 'merge_install': False, 'path': '/root/deepracer_ws/aws-deepracer-launcher/aws-deepracer-inference-pkg/inference_pkg', 'symlink_install': False, 'test_result_base': None}
[3.505s] INFO:colcon.colcon_core.executor:Executing jobs using 'parallel' executor
[3.518s] DEBUG:colcon.colcon_parallel_executor.executor.parallel:run_until_complete
[3.519s] INFO:colcon.colcon_ros.task.ament_cmake.build:Building ROS package in '/root/deepracer_ws/aws-deepracer-launcher/aws-deepracer-inference-pkg/inference_pkg' with build type 'ament_cmake'
[3.520s] INFO:colcon.colcon_cmake.task.cmake.build:Building CMake package in '/root/deepracer_ws/aws-deepracer-launcher/aws-deepracer-inference-pkg/inference_pkg'
[3.720s] INFO:colcon.colcon_core.plugin_system:Skipping extension 'colcon_core.shell.bat': Not used on non-Windows systems
[3.721s] INFO:colcon.colcon_core.shell:Skip shell extension 'powershell' for command environment: Not usable outside of PowerShell
[3.721s] DEBUG:colcon.colcon_core.shell:Skip shell extension 'dsv' for command environment
[3.833s] DEBUG:colcon.colcon_core.event_handler.log_command:Invoking command in '/root/deepracer_ws/aws-deepracer-launcher/build/inference_pkg': AMENT_PREFIX_PATH=/root/deepracer_ws/aws-deepracer-launcher/install/deepracer_interfaces_pkg CMAKE_PREFIX_PATH=/root/deepracer_ws/aws-deepracer-launcher/install/deepracer_interfaces_pkg LD_LIBRARY_PATH=/root/deepracer_ws/aws-deepracer-launcher/install/deepracer_interfaces_pkg/lib PYTHONPATH=/root/deepracer_ws/aws-deepracer-launcher/install/deepracer_interfaces_pkg/lib/python3.8/site-packages /usr/bin/cmake --build /root/deepracer_ws/aws-deepracer-launcher/build/inference_pkg -- -j2 -l2
[54.502s] DEBUG:colcon.colcon_core.event_handler.log_command:Invoked command in '/root/deepracer_ws/aws-deepracer-launcher/build/inference_pkg' returned '0': AMENT_PREFIX_PATH=/root/deepracer_ws/aws-deepracer-launcher/install/deepracer_interfaces_pkg CMAKE_PREFIX_PATH=/root/deepracer_ws/aws-deepracer-launcher/install/deepracer_interfaces_pkg LD_LIBRARY_PATH=/root/deepracer_ws/aws-deepracer-launcher/install/deepracer_interfaces_pkg/lib PYTHONPATH=/root/deepracer_ws/aws-deepracer-launcher/install/deepracer_interfaces_pkg/lib/python3.8/site-packages /usr/bin/cmake --build /root/deepracer_ws/aws-deepracer-launcher/build/inference_pkg -- -j2 -l2
[54.598s] DEBUG:colcon.colcon_core.event_handler.log_command:Invoking command in '/root/deepracer_ws/aws-deepracer-launcher/build/inference_pkg': AMENT_PREFIX_PATH=/root/deepracer_ws/aws-deepracer-launcher/install/deepracer_interfaces_pkg CMAKE_PREFIX_PATH=/root/deepracer_ws/aws-deepracer-launcher/install/deepracer_interfaces_pkg LD_LIBRARY_PATH=/root/deepracer_ws/aws-deepracer-launcher/install/deepracer_interfaces_pkg/lib PYTHONPATH=/root/deepracer_ws/aws-deepracer-launcher/install/deepracer_interfaces_pkg/lib/python3.8/site-packages /usr/bin/cmake --install /root/deepracer_ws/aws-deepracer-launcher/build/inference_pkg
[54.840s] Level 1:colcon.colcon_core.environment:create_environment_scripts_only(inference_pkg)
[54.847s] DEBUG:colcon.colcon_core.event_handler.log_command:Invoked command in '/root/deepracer_ws/aws-deepracer-launcher/build/inference_pkg' returned '0': AMENT_PREFIX_PATH=/root/deepracer_ws/aws-deepracer-launcher/install/deepracer_interfaces_pkg CMAKE_PREFIX_PATH=/root/deepracer_ws/aws-deepracer-launcher/install/deepracer_interfaces_pkg LD_LIBRARY_PATH=/root/deepracer_ws/aws-deepracer-launcher/install/deepracer_interfaces_pkg/lib PYTHONPATH=/root/deepracer_ws/aws-deepracer-launcher/install/deepracer_interfaces_pkg/lib/python3.8/site-packages /usr/bin/cmake --install /root/deepracer_ws/aws-deepracer-launcher/build/inference_pkg
[54.864s] Level 1:colcon.colcon_core.environment:checking '/root/deepracer_ws/aws-deepracer-launcher/install/inference_pkg' for CMake module files
[54.868s] Level 1:colcon.colcon_core.environment:checking '/root/deepracer_ws/aws-deepracer-launcher/install/inference_pkg' for CMake config files
[54.871s] Level 1:colcon.colcon_core.shell:create_environment_hook('inference_pkg', 'cmake_prefix_path')
[54.875s] INFO:colcon.colcon_core.shell:Creating environment hook '/root/deepracer_ws/aws-deepracer-launcher/install/inference_pkg/share/inference_pkg/hook/cmake_prefix_path.ps1'
[54.877s] INFO:colcon.colcon_core.shell:Creating environment descriptor '/root/deepracer_ws/aws-deepracer-launcher/install/inference_pkg/share/inference_pkg/hook/cmake_prefix_path.dsv'
[54.879s] INFO:colcon.colcon_core.shell:Creating environment hook '/root/deepracer_ws/aws-deepracer-launcher/install/inference_pkg/share/inference_pkg/hook/cmake_prefix_path.sh'
[54.885s] Level 1:colcon.colcon_core.environment:checking '/root/deepracer_ws/aws-deepracer-launcher/install/inference_pkg/lib'
[54.885s] Level 1:colcon.colcon_core.environment:checking '/root/deepracer_ws/aws-deepracer-launcher/install/inference_pkg/bin'
[54.886s] Level 1:colcon.colcon_core.environment:checking '/root/deepracer_ws/aws-deepracer-launcher/install/inference_pkg/lib/pkgconfig/inference_pkg.pc'
[54.886s] Level 1:colcon.colcon_core.environment:checking '/root/deepracer_ws/aws-deepracer-launcher/install/inference_pkg/lib/python3.8/site-packages'
[54.888s] INFO:colcon.colcon_core.shell:Creating package script '/root/deepracer_ws/aws-deepracer-launcher/install/inference_pkg/share/inference_pkg/package.ps1'
[54.892s] INFO:colcon.colcon_core.shell:Creating package descriptor '/root/deepracer_ws/aws-deepracer-launcher/install/inference_pkg/share/inference_pkg/package.dsv'
[54.895s] INFO:colcon.colcon_core.shell:Creating package script '/root/deepracer_ws/aws-deepracer-launcher/install/inference_pkg/share/inference_pkg/package.sh'
[54.899s] INFO:colcon.colcon_core.shell:Creating package script '/root/deepracer_ws/aws-deepracer-launcher/install/inference_pkg/share/inference_pkg/package.bash'
[54.902s] INFO:colcon.colcon_core.shell:Creating package script '/root/deepracer_ws/aws-deepracer-launcher/install/inference_pkg/share/inference_pkg/package.zsh'
[54.905s] Level 1:colcon.colcon_core.environment:create_file_with_runtime_dependencies(/root/deepracer_ws/aws-deepracer-launcher/install/inference_pkg/share/colcon-core/packages/inference_pkg)
[54.976s] Level 1:colcon.colcon_core.environment:create_environment_scripts_only(inference_pkg)
[54.980s] Level 1:colcon.colcon_core.environment:checking '/root/deepracer_ws/aws-deepracer-launcher/install/inference_pkg' for CMake module files
[54.983s] Level 1:colcon.colcon_core.environment:checking '/root/deepracer_ws/aws-deepracer-launcher/install/inference_pkg' for CMake config files
[54.984s] Level 1:colcon.colcon_core.shell:create_environment_hook('inference_pkg', 'cmake_prefix_path')
[54.986s] INFO:colcon.colcon_core.shell:Creating environment hook '/root/deepracer_ws/aws-deepracer-launcher/install/inference_pkg/share/inference_pkg/hook/cmake_prefix_path.ps1'
[54.988s] INFO:colcon.colcon_core.shell:Creating environment descriptor '/root/deepracer_ws/aws-deepracer-launcher/install/inference_pkg/share/inference_pkg/hook/cmake_prefix_path.dsv'
[54.990s] INFO:colcon.colcon_core.shell:Creating environment hook '/root/deepracer_ws/aws-deepracer-launcher/install/inference_pkg/share/inference_pkg/hook/cmake_prefix_path.sh'
[54.992s] Level 1:colcon.colcon_core.environment:checking '/root/deepracer_ws/aws-deepracer-launcher/install/inference_pkg/lib'
[54.993s] Level 1:colcon.colcon_core.environment:checking '/root/deepracer_ws/aws-deepracer-launcher/install/inference_pkg/bin'
[54.993s] Level 1:colcon.colcon_core.environment:checking '/root/deepracer_ws/aws-deepracer-launcher/install/inference_pkg/lib/pkgconfig/inference_pkg.pc'
[54.993s] Level 1:colcon.colcon_core.environment:checking '/root/deepracer_ws/aws-deepracer-launcher/install/inference_pkg/lib/python3.8/site-packages'
[54.996s] INFO:colcon.colcon_core.shell:Creating package script '/root/deepracer_ws/aws-deepracer-launcher/install/inference_pkg/share/inference_pkg/package.ps1'
[54.998s] INFO:colcon.colcon_core.shell:Creating package descriptor '/root/deepracer_ws/aws-deepracer-launcher/install/inference_pkg/share/inference_pkg/package.dsv'
[55.000s] INFO:colcon.colcon_core.shell:Creating package script '/root/deepracer_ws/aws-deepracer-launcher/install/inference_pkg/share/inference_pkg/package.sh'
[55.002s] INFO:colcon.colcon_core.shell:Creating package script '/root/deepracer_ws/aws-deepracer-launcher/install/inference_pkg/share/inference_pkg/package.bash'
[55.004s] INFO:colcon.colcon_core.shell:Creating package script '/root/deepracer_ws/aws-deepracer-launcher/install/inference_pkg/share/inference_pkg/package.zsh'
[55.006s] Level 1:colcon.colcon_core.environment:create_file_with_runtime_dependencies(/root/deepracer_ws/aws-deepracer-launcher/install/inference_pkg/share/colcon-core/packages/inference_pkg)
[55.007s] DEBUG:colcon.colcon_parallel_executor.executor.parallel:closing loop
[55.009s] DEBUG:colcon.colcon_parallel_executor.executor.parallel:loop closed
[55.010s] DEBUG:colcon.colcon_parallel_executor.executor.parallel:run_until_complete finished with '0'
[55.010s] DEBUG:colcon.colcon_core.event_reactor:joining thread
[55.193s] INFO:colcon.colcon_core.plugin_system:Skipping extension 'colcon_notification.desktop_notification.terminal_notifier': Not used on non-Darwin systems
[55.193s] INFO:colcon.colcon_core.plugin_system:Skipping extension 'colcon_notification.desktop_notification.win32': Not used on non-Windows systems
[55.193s] INFO:colcon.colcon_notification.desktop_notification:Sending desktop notification using 'notify2'
[55.225s] DEBUG:colcon.colcon_notification.desktop_notification.notify2:Failed to initialize notify2: org.freedesktop.DBus.Error.ServiceUnknown: The name org.freedesktop.Notifications was not provided by any .service files
[55.226s] DEBUG:colcon.colcon_core.event_reactor:joined thread
[55.231s] INFO:colcon.colcon_core.shell:Creating prefix script '/root/deepracer_ws/aws-deepracer-launcher/install/local_setup.ps1'
[55.238s] INFO:colcon.colcon_core.shell:Creating prefix util module '/root/deepracer_ws/aws-deepracer-launcher/install/_local_setup_util_ps1.py'
[55.245s] INFO:colcon.colcon_core.shell:Creating prefix chain script '/root/deepracer_ws/aws-deepracer-launcher/install/setup.ps1'
[55.255s] INFO:colcon.colcon_core.shell:Creating prefix script '/root/deepracer_ws/aws-deepracer-launcher/install/local_setup.sh'
[55.260s] INFO:colcon.colcon_core.shell:Creating prefix util module '/root/deepracer_ws/aws-deepracer-launcher/install/_local_setup_util_sh.py'
[55.262s] INFO:colcon.colcon_core.shell:Creating prefix chain script '/root/deepracer_ws/aws-deepracer-launcher/install/setup.sh'
[55.272s] INFO:colcon.colcon_core.shell:Creating prefix script '/root/deepracer_ws/aws-deepracer-launcher/install/local_setup.bash'
[55.277s] INFO:colcon.colcon_core.shell:Creating prefix chain script '/root/deepracer_ws/aws-deepracer-launcher/install/setup.bash'
[55.287s] INFO:colcon.colcon_core.shell:Creating prefix script '/root/deepracer_ws/aws-deepracer-launcher/install/local_setup.zsh'
[55.291s] INFO:colcon.colcon_core.shell:Creating prefix chain script '/root/deepracer_ws/aws-deepracer-launcher/install/setup.zsh'
