[0.063s] Invoking command in '/root/deepracer_ws/aws-deepracer-launcher/build/inference_pkg': CMAKE_PREFIX_PATH=/root/deepracer_ws/aws-deepracer-launcher/install/deepracer_interfaces_pkg:/root/deepracer_ws/aws-deepracer-launcher/install/deepracer_launcher:/root/deepracer_ws/aws-deepracer-launcher/install/web_video_server:/root/deepracer_ws/aws-deepracer-launcher/install/ctrl_pkg:/root/deepracer_ws/aws-deepracer-launcher/install/servo_pkg:/root/deepracer_ws/aws-deepracer-launcher/install/sensor_fusion_pkg:/root/deepracer_ws/aws-deepracer-launcher/install/rplidar_ros2:/root/deepracer_ws/aws-deepracer-launcher/install/inference_pkg:/root/deepracer_ws/aws-deepracer-launcher/install/i2c_pkg:/root/deepracer_ws/aws-deepracer-launcher/install/camera_pkg:/root/deepracer_ws/aws-deepracer-launcher/install/webserver_pkg:/root/deepracer_ws/aws-deepracer-launcher/install/deepracer_systems_pkg:/root/deepracer_ws/aws-deepracer-launcher/install/usb_monitor_pkg:/root/deepracer_ws/aws-deepracer-launcher/install/status_led_pkg:/root/deepracer_ws/aws-deepracer-launcher/install/model_optimizer_pkg:/root/deepracer_ws/aws-deepracer-launcher/install/device_info_pkg:/root/deepracer_ws/aws-deepracer-launcher/install/deepracer_navigation_pkg:/opt/ros/foxy:/root/deepracer_ws/aws-deepracer-launcher/install/async_web_server_cpp LD_LIBRARY_PATH=/root/deepracer_ws/aws-deepracer-launcher/install/deepracer_interfaces_pkg/lib:/home/deepracer/intel/openvino_2022/tools/compile_tool:/home/deepracer/intel/openvino_2022/runtime/3rdparty/tbb/lib:/home/deepracer/intel/openvino_2022/runtime/3rdparty/hddl/lib:/home/deepracer/intel/openvino_2022/runtime/lib/intel64:/root/deepracer_ws/aws-deepracer-launcher/install/async_web_server_cpp/lib:/opt/ros/foxy/opt/yaml_cpp_vendor/lib:/opt/ros/foxy/opt/rviz_ogre_vendor/lib:/opt/ros/foxy/lib/x86_64-linux-gnu:/opt/ros/foxy/lib PYTHONPATH=/root/deepracer_ws/aws-deepracer-launcher/install/deepracer_interfaces_pkg/lib/python3.8/site-packages:/home/deepracer/intel/openvino_2022/python/python3.8:/home/deepracer/intel/openvino_2022/python/python3:/root/deepracer_ws/aws-deepracer-launcher/install/webserver_pkg/lib/python3.8/site-packages:/root/deepracer_ws/aws-deepracer-launcher/install/deepracer_systems_pkg/lib/python3.8/site-packages:/root/deepracer_ws/aws-deepracer-launcher/install/usb_monitor_pkg/lib/python3.8/site-packages:/root/deepracer_ws/aws-deepracer-launcher/install/status_led_pkg/lib/python3.8/site-packages:/root/deepracer_ws/aws-deepracer-launcher/install/model_optimizer_pkg/lib/python3.8/site-packages:/root/deepracer_ws/aws-deepracer-launcher/install/device_info_pkg/lib/python3.8/site-packages:/root/deepracer_ws/aws-deepracer-launcher/install/deepracer_navigation_pkg/lib/python3.8/site-packages:/opt/ros/foxy/lib/python3.8/site-packages /usr/bin/cmake --build /root/deepracer_ws/aws-deepracer-launcher/build/inference_pkg -- -j2 -l2
[0.268s] [35m[1mScanning dependencies of target inference_node[0m
[0.542s] [ 25%] [32mBuilding CXX object CMakeFiles/inference_node.dir/src/intel_inference_eng.cpp.o[0m
[1.134s] [01m[K/root/deepracer_ws/aws-deepracer-launcher/aws-deepracer-inference-pkg/inference_pkg/src/intel_inference_eng.cpp:168:2:[m[K [01;35m[Kwarning: [m[K"/*" within comment [[01;35m[K-Wcomment[m[K]
[1.135s]   168 |  /*
[1.135s]       |   
[12.451s] [01m[K/root/deepracer_ws/aws-deepracer-launcher/aws-deepracer-inference-pkg/inference_pkg/src/intel_inference_eng.cpp:[m[K In function ‘[01m[Kvoid {anonymous}::load1DImg(V*, cv::Mat&, std::shared_ptr<InferTask::ImgProcessBase>, const Image&, const std::unordered_map<std::__cxx11::basic_string<char>, int>&)[m[K’:
[12.452s] [01m[K/root/deepracer_ws/aws-deepracer-launcher/aws-deepracer-inference-pkg/inference_pkg/src/intel_inference_eng.cpp:189:49:[m[K [01;31m[Kerror: [m[Kno matching function for call to ‘[01m[Kgetline(std::ifstream&, float&)[m[K’
[12.452s]   189 |         for(float line; std::getline(input, line[01;31m[K)[m[K;)
[12.452s]       |                                                 [01;31m[K^[m[K
[12.453s] In file included from [01m[K/usr/include/c++/9/string:56[m[K,
[12.454s]                  from [01m[K/usr/include/c++/9/stdexcept:39[m[K,
[12.454s]                  from [01m[K/usr/include/c++/9/array:39[m[K,
[12.454s]                  from [01m[K/usr/include/c++/9/tuple:39[m[K,
[12.455s]                  from [01m[K/usr/include/c++/9/bits/unique_ptr.h:37[m[K,
[12.456s]                  from [01m[K/usr/include/c++/9/memory:80[m[K,
[12.456s]                  from [01m[K/opt/ros/foxy/include/rclcpp/rclcpp.hpp:144[m[K,
[12.456s]                  from [01m[K/root/deepracer_ws/aws-deepracer-launcher/aws-deepracer-inference-pkg/inference_pkg/include/inference_pkg/image_process.hpp:20[m[K,
[12.457s]                  from [01m[K/root/deepracer_ws/aws-deepracer-launcher/aws-deepracer-inference-pkg/inference_pkg/include/inference_pkg/inference_base.hpp:20[m[K,
[12.457s]                  from [01m[K/root/deepracer_ws/aws-deepracer-launcher/aws-deepracer-inference-pkg/inference_pkg/include/inference_pkg/intel_inference_eng.hpp:20[m[K,
[12.457s]                  from [01m[K/root/deepracer_ws/aws-deepracer-launcher/aws-deepracer-inference-pkg/inference_pkg/src/intel_inference_eng.cpp:17[m[K:
[12.458s] [01m[K/usr/include/c++/9/bits/basic_string.tcc:1538:5:[m[K [01;36m[Knote: [m[Kcandidate: ‘[01m[Ktemplate<class _CharT, class _Traits, class _Alloc> std::basic_istream<_CharT, _Traits>& std::getline(std::basic_istream<_CharT, _Traits>&, std::__cxx11::basic_string<_CharT, _Traits, _Allocator>&, _CharT)[m[K’
[12.458s]  1538 |     [01;36m[Kgetline[m[K(basic_istream<_CharT, _Traits>& __in,
[12.458s]       |     [01;36m[K^~~~~~~[m[K
[12.459s] [01m[K/usr/include/c++/9/bits/basic_string.tcc:1538:5:[m[K [01;36m[Knote: [m[K  template argument deduction/substitution failed:
[12.459s] [01m[K/root/deepracer_ws/aws-deepracer-launcher/aws-deepracer-inference-pkg/inference_pkg/src/intel_inference_eng.cpp:189:49:[m[K [01;36m[Knote: [m[K  mismatched types ‘[01m[Kstd::__cxx11::basic_string<_CharT, _Traits, _Allocator>[m[K’ and ‘[01m[Kfloat[m[K’
[12.459s]   189 |         for(float line; std::getline(input, line[01;36m[K)[m[K;)
[12.459s]       |                                                 [01;36m[K^[m[K
[12.460s] In file included from [01m[K/usr/include/c++/9/string:55[m[K,
[12.466s]                  from [01m[K/usr/include/c++/9/stdexcept:39[m[K,
[12.466s]                  from [01m[K/usr/include/c++/9/array:39[m[K,
[12.466s]                  from [01m[K/usr/include/c++/9/tuple:39[m[K,
[12.467s]                  from [01m[K/usr/include/c++/9/bits/unique_ptr.h:37[m[K,
[12.467s]                  from [01m[K/usr/include/c++/9/memory:80[m[K,
[12.467s]                  from [01m[K/opt/ros/foxy/include/rclcpp/rclcpp.hpp:144[m[K,
[12.468s]                  from [01m[K/root/deepracer_ws/aws-deepracer-launcher/aws-deepracer-inference-pkg/inference_pkg/include/inference_pkg/image_process.hpp:20[m[K,
[12.468s]                  from [01m[K/root/deepracer_ws/aws-deepracer-launcher/aws-deepracer-inference-pkg/inference_pkg/include/inference_pkg/inference_base.hpp:20[m[K,
[12.468s]                  from [01m[K/root/deepracer_ws/aws-deepracer-launcher/aws-deepracer-inference-pkg/inference_pkg/include/inference_pkg/intel_inference_eng.hpp:20[m[K,
[12.469s]                  from [01m[K/root/deepracer_ws/aws-deepracer-launcher/aws-deepracer-inference-pkg/inference_pkg/src/intel_inference_eng.cpp:17[m[K:
[12.469s] [01m[K/usr/include/c++/9/bits/basic_string.h:6456:5:[m[K [01;36m[Knote: [m[Kcandidate: ‘[01m[Ktemplate<class _CharT, class _Traits, class _Alloc> std::basic_istream<_CharT, _Traits>& std::getline(std::basic_istream<_CharT, _Traits>&, std::__cxx11::basic_string<_CharT, _Traits, _Allocator>&)[m[K’
[12.469s]  6456 |     [01;36m[Kgetline[m[K(basic_istream<_CharT, _Traits>& __is,
[12.472s]       |     [01;36m[K^~~~~~~[m[K
[12.472s] [01m[K/usr/include/c++/9/bits/basic_string.h:6456:5:[m[K [01;36m[Knote: [m[K  template argument deduction/substitution failed:
[12.478s] [01m[K/root/deepracer_ws/aws-deepracer-launcher/aws-deepracer-inference-pkg/inference_pkg/src/intel_inference_eng.cpp:189:49:[m[K [01;36m[Knote: [m[K  mismatched types ‘[01m[Kstd::__cxx11::basic_string<_CharT, _Traits, _Allocator>[m[K’ and ‘[01m[Kfloat[m[K’
[12.478s]   189 |         for(float line; std::getline(input, line[01;36m[K)[m[K;)
[12.486s]       |                                                 [01;36m[K^[m[K
[12.486s] In file included from [01m[K/usr/include/c++/9/string:55[m[K,
[12.487s]                  from [01m[K/usr/include/c++/9/stdexcept:39[m[K,
[12.487s]                  from [01m[K/usr/include/c++/9/array:39[m[K,
[12.487s]                  from [01m[K/usr/include/c++/9/tuple:39[m[K,
[12.487s]                  from [01m[K/usr/include/c++/9/bits/unique_ptr.h:37[m[K,
[12.488s]                  from [01m[K/usr/include/c++/9/memory:80[m[K,
[12.488s]                  from [01m[K/opt/ros/foxy/include/rclcpp/rclcpp.hpp:144[m[K,
[12.488s]                  from [01m[K/root/deepracer_ws/aws-deepracer-launcher/aws-deepracer-inference-pkg/inference_pkg/include/inference_pkg/image_process.hpp:20[m[K,
[12.489s]                  from [01m[K/root/deepracer_ws/aws-deepracer-launcher/aws-deepracer-inference-pkg/inference_pkg/include/inference_pkg/inference_base.hpp:20[m[K,
[12.489s]                  from [01m[K/root/deepracer_ws/aws-deepracer-launcher/aws-deepracer-inference-pkg/inference_pkg/include/inference_pkg/intel_inference_eng.hpp:20[m[K,
[12.489s]                  from [01m[K/root/deepracer_ws/aws-deepracer-launcher/aws-deepracer-inference-pkg/inference_pkg/src/intel_inference_eng.cpp:17[m[K:
[12.490s] [01m[K/usr/include/c++/9/bits/basic_string.h:6464:5:[m[K [01;36m[Knote: [m[Kcandidate: ‘[01m[Ktemplate<class _CharT, class _Traits, class _Alloc> std::basic_istream<_CharT, _Traits>& std::getline(std::basic_istream<_CharT, _Traits>&&, std::__cxx11::basic_string<_CharT, _Traits, _Allocator>&, _CharT)[m[K’
[12.490s]  6464 |     [01;36m[Kgetline[m[K(basic_istream<_CharT, _Traits>&& __is,
[12.490s]       |     [01;36m[K^~~~~~~[m[K
[12.490s] [01m[K/usr/include/c++/9/bits/basic_string.h:6464:5:[m[K [01;36m[Knote: [m[K  template argument deduction/substitution failed:
[12.491s] [01m[K/root/deepracer_ws/aws-deepracer-launcher/aws-deepracer-inference-pkg/inference_pkg/src/intel_inference_eng.cpp:189:49:[m[K [01;36m[Knote: [m[K  mismatched types ‘[01m[Kstd::__cxx11::basic_string<_CharT, _Traits, _Allocator>[m[K’ and ‘[01m[Kfloat[m[K’
[12.491s]   189 |         for(float line; std::getline(input, line[01;36m[K)[m[K;)
[12.491s]       |                                                 [01;36m[K^[m[K
[12.492s] In file included from [01m[K/usr/include/c++/9/string:55[m[K,
[12.492s]                  from [01m[K/usr/include/c++/9/stdexcept:39[m[K,
[12.492s]                  from [01m[K/usr/include/c++/9/array:39[m[K,
[12.492s]                  from [01m[K/usr/include/c++/9/tuple:39[m[K,
[12.493s]                  from [01m[K/usr/include/c++/9/bits/unique_ptr.h:37[m[K,
[12.493s]                  from [01m[K/usr/include/c++/9/memory:80[m[K,
[12.493s]                  from [01m[K/opt/ros/foxy/include/rclcpp/rclcpp.hpp:144[m[K,
[12.502s]                  from [01m[K/root/deepracer_ws/aws-deepracer-launcher/aws-deepracer-inference-pkg/inference_pkg/include/inference_pkg/image_process.hpp:20[m[K,
[12.502s]                  from [01m[K/root/deepracer_ws/aws-deepracer-launcher/aws-deepracer-inference-pkg/inference_pkg/include/inference_pkg/inference_base.hpp:20[m[K,
[12.503s]                  from [01m[K/root/deepracer_ws/aws-deepracer-launcher/aws-deepracer-inference-pkg/inference_pkg/include/inference_pkg/intel_inference_eng.hpp:20[m[K,
[12.503s]                  from [01m[K/root/deepracer_ws/aws-deepracer-launcher/aws-deepracer-inference-pkg/inference_pkg/src/intel_inference_eng.cpp:17[m[K:
[12.503s] [01m[K/usr/include/c++/9/bits/basic_string.h:6471:5:[m[K [01;36m[Knote: [m[Kcandidate: ‘[01m[Ktemplate<class _CharT, class _Traits, class _Alloc> std::basic_istream<_CharT, _Traits>& std::getline(std::basic_istream<_CharT, _Traits>&&, std::__cxx11::basic_string<_CharT, _Traits, _Allocator>&)[m[K’
[12.504s]  6471 |     [01;36m[Kgetline[m[K(basic_istream<_CharT, _Traits>&& __is,
[12.504s]       |     [01;36m[K^~~~~~~[m[K
[12.504s] [01m[K/usr/include/c++/9/bits/basic_string.h:6471:5:[m[K [01;36m[Knote: [m[K  template argument deduction/substitution failed:
[12.504s] [01m[K/root/deepracer_ws/aws-deepracer-launcher/aws-deepracer-inference-pkg/inference_pkg/src/intel_inference_eng.cpp:189:49:[m[K [01;36m[Knote: [m[K  mismatched types ‘[01m[Kstd::__cxx11::basic_string<_CharT, _Traits, _Allocator>[m[K’ and ‘[01m[Kfloat[m[K’
[12.505s]   189 |         for(float line; std::getline(input, line[01;36m[K)[m[K;)
[12.505s]       |                                                 [01;36m[K^[m[K
[12.505s] [01m[K/root/deepracer_ws/aws-deepracer-launcher/aws-deepracer-inference-pkg/inference_pkg/src/intel_inference_eng.cpp:[m[K In function ‘[01m[Kvoid {anonymous}::loadLidarData(float*, const std::vector<float>&)[m[K’:
[12.506s] [01m[K/root/deepracer_ws/aws-deepracer-launcher/aws-deepracer-inference-pkg/inference_pkg/src/intel_inference_eng.cpp:265:25:[m[K [01;35m[Kwarning: [m[Kunused variable ‘[01m[Klidar_value[m[K’ [[01;35m[K-Wunused-variable[m[K]
[12.506s]   265 |         for(const auto& [01;35m[Klidar_value[m[K : lidar_data) {
[12.506s]       |                         [01;35m[K^~~~~~~~~~~[m[K
[23.847s] make[2]: *** [CMakeFiles/inference_node.dir/build.make:76: CMakeFiles/inference_node.dir/src/intel_inference_eng.cpp.o] Error 1
[23.848s] make[1]: *** [CMakeFiles/Makefile2:105: CMakeFiles/inference_node.dir/all] Error 2
[23.848s] make: *** [Makefile:141: all] Error 2
[23.864s] Invoked command in '/root/deepracer_ws/aws-deepracer-launcher/build/inference_pkg' returned '2': CMAKE_PREFIX_PATH=/root/deepracer_ws/aws-deepracer-launcher/install/deepracer_interfaces_pkg:/root/deepracer_ws/aws-deepracer-launcher/install/deepracer_launcher:/root/deepracer_ws/aws-deepracer-launcher/install/web_video_server:/root/deepracer_ws/aws-deepracer-launcher/install/ctrl_pkg:/root/deepracer_ws/aws-deepracer-launcher/install/servo_pkg:/root/deepracer_ws/aws-deepracer-launcher/install/sensor_fusion_pkg:/root/deepracer_ws/aws-deepracer-launcher/install/rplidar_ros2:/root/deepracer_ws/aws-deepracer-launcher/install/inference_pkg:/root/deepracer_ws/aws-deepracer-launcher/install/i2c_pkg:/root/deepracer_ws/aws-deepracer-launcher/install/camera_pkg:/root/deepracer_ws/aws-deepracer-launcher/install/webserver_pkg:/root/deepracer_ws/aws-deepracer-launcher/install/deepracer_systems_pkg:/root/deepracer_ws/aws-deepracer-launcher/install/usb_monitor_pkg:/root/deepracer_ws/aws-deepracer-launcher/install/status_led_pkg:/root/deepracer_ws/aws-deepracer-launcher/install/model_optimizer_pkg:/root/deepracer_ws/aws-deepracer-launcher/install/device_info_pkg:/root/deepracer_ws/aws-deepracer-launcher/install/deepracer_navigation_pkg:/opt/ros/foxy:/root/deepracer_ws/aws-deepracer-launcher/install/async_web_server_cpp LD_LIBRARY_PATH=/root/deepracer_ws/aws-deepracer-launcher/install/deepracer_interfaces_pkg/lib:/home/deepracer/intel/openvino_2022/tools/compile_tool:/home/deepracer/intel/openvino_2022/runtime/3rdparty/tbb/lib:/home/deepracer/intel/openvino_2022/runtime/3rdparty/hddl/lib:/home/deepracer/intel/openvino_2022/runtime/lib/intel64:/root/deepracer_ws/aws-deepracer-launcher/install/async_web_server_cpp/lib:/opt/ros/foxy/opt/yaml_cpp_vendor/lib:/opt/ros/foxy/opt/rviz_ogre_vendor/lib:/opt/ros/foxy/lib/x86_64-linux-gnu:/opt/ros/foxy/lib PYTHONPATH=/root/deepracer_ws/aws-deepracer-launcher/install/deepracer_interfaces_pkg/lib/python3.8/site-packages:/home/deepracer/intel/openvino_2022/python/python3.8:/home/deepracer/intel/openvino_2022/python/python3:/root/deepracer_ws/aws-deepracer-launcher/install/webserver_pkg/lib/python3.8/site-packages:/root/deepracer_ws/aws-deepracer-launcher/install/deepracer_systems_pkg/lib/python3.8/site-packages:/root/deepracer_ws/aws-deepracer-launcher/install/usb_monitor_pkg/lib/python3.8/site-packages:/root/deepracer_ws/aws-deepracer-launcher/install/status_led_pkg/lib/python3.8/site-packages:/root/deepracer_ws/aws-deepracer-launcher/install/model_optimizer_pkg/lib/python3.8/site-packages:/root/deepracer_ws/aws-deepracer-launcher/install/device_info_pkg/lib/python3.8/site-packages:/root/deepracer_ws/aws-deepracer-launcher/install/deepracer_navigation_pkg/lib/python3.8/site-packages:/opt/ros/foxy/lib/python3.8/site-packages /usr/bin/cmake --build /root/deepracer_ws/aws-deepracer-launcher/build/inference_pkg -- -j2 -l2
