[0.089s] Invoking command in '/root/deepracer_ws/aws-deepracer-launcher/build/async_web_server_cpp': /usr/bin/cmake --build /root/deepracer_ws/aws-deepracer-launcher/build/async_web_server_cpp -- -j2 -l2
[0.328s] [ 83%] Built target async_web_server_cpp
[0.448s] [100%] Built target test_web_server
[0.502s] Invoked command in '/root/deepracer_ws/aws-deepracer-launcher/build/async_web_server_cpp' returned '0': /usr/bin/cmake --build /root/deepracer_ws/aws-deepracer-launcher/build/async_web_server_cpp -- -j2 -l2
[1.026s] Invoking command in '/root/deepracer_ws/aws-deepracer-launcher/build/async_web_server_cpp': /usr/bin/cmake --install /root/deepracer_ws/aws-deepracer-launcher/build/async_web_server_cpp
[1.089s] -- Install configuration: ""
[1.089s] -- Up-to-date: /root/deepracer_ws/aws-deepracer-launcher/install/async_web_server_cpp/share/async_web_server_cpp/environment/library_path.sh
[1.089s] -- Up-to-date: /root/deepracer_ws/aws-deepracer-launcher/install/async_web_server_cpp/share/async_web_server_cpp/environment/library_path.dsv
[1.098s] -- Up-to-date: /root/deepracer_ws/aws-deepracer-launcher/install/async_web_server_cpp/share/ament_index/resource_index/package_run_dependencies/async_web_server_cpp
[1.099s] -- Up-to-date: /root/deepracer_ws/aws-deepracer-launcher/install/async_web_server_cpp/share/ament_index/resource_index/parent_prefix_path/async_web_server_cpp
[1.099s] -- Up-to-date: /root/deepracer_ws/aws-deepracer-launcher/install/async_web_server_cpp/share/async_web_server_cpp/environment/ament_prefix_path.sh
[1.099s] -- Up-to-date: /root/deepracer_ws/aws-deepracer-launcher/install/async_web_server_cpp/share/async_web_server_cpp/environment/ament_prefix_path.dsv
[1.100s] -- Up-to-date: /root/deepracer_ws/aws-deepracer-launcher/install/async_web_server_cpp/share/async_web_server_cpp/environment/path.sh
[1.100s] -- Up-to-date: /root/deepracer_ws/aws-deepracer-launcher/install/async_web_server_cpp/share/async_web_server_cpp/environment/path.dsv
[1.104s] -- Up-to-date: /root/deepracer_ws/aws-deepracer-launcher/install/async_web_server_cpp/share/async_web_server_cpp/local_setup.bash
[1.104s] -- Up-to-date: /root/deepracer_ws/aws-deepracer-launcher/install/async_web_server_cpp/share/async_web_server_cpp/local_setup.sh
[1.105s] -- Up-to-date: /root/deepracer_ws/aws-deepracer-launcher/install/async_web_server_cpp/share/async_web_server_cpp/local_setup.zsh
[1.111s] -- Up-to-date: /root/deepracer_ws/aws-deepracer-launcher/install/async_web_server_cpp/share/async_web_server_cpp/local_setup.dsv
[1.112s] -- Installing: /root/deepracer_ws/aws-deepracer-launcher/install/async_web_server_cpp/share/async_web_server_cpp/package.dsv
[1.114s] -- Up-to-date: /root/deepracer_ws/aws-deepracer-launcher/install/async_web_server_cpp/share/ament_index/resource_index/packages/async_web_server_cpp
[1.115s] -- Up-to-date: /root/deepracer_ws/aws-deepracer-launcher/install/async_web_server_cpp/share/async_web_server_cpp/cmake/ament_cmake_export_dependencies-extras.cmake
[1.115s] -- Up-to-date: /root/deepracer_ws/aws-deepracer-launcher/install/async_web_server_cpp/share/async_web_server_cpp/cmake/ament_cmake_export_include_directories-extras.cmake
[1.126s] -- Up-to-date: /root/deepracer_ws/aws-deepracer-launcher/install/async_web_server_cpp/share/async_web_server_cpp/cmake/ament_cmake_export_libraries-extras.cmake
[1.130s] -- Up-to-date: /root/deepracer_ws/aws-deepracer-launcher/install/async_web_server_cpp/share/async_web_server_cpp/cmake/async_web_server_cppConfig.cmake
[1.131s] -- Up-to-date: /root/deepracer_ws/aws-deepracer-launcher/install/async_web_server_cpp/share/async_web_server_cpp/cmake/async_web_server_cppConfig-version.cmake
[1.131s] -- Up-to-date: /root/deepracer_ws/aws-deepracer-launcher/install/async_web_server_cpp/share/async_web_server_cpp/package.xml
[1.132s] -- Up-to-date: /root/deepracer_ws/aws-deepracer-launcher/install/async_web_server_cpp/lib/libasync_web_server_cpp.so
[1.132s] -- Up-to-date: /root/deepracer_ws/aws-deepracer-launcher/install/async_web_server_cpp/include/async_web_server_cpp
[1.132s] -- Up-to-date: /root/deepracer_ws/aws-deepracer-launcher/install/async_web_server_cpp/include/async_web_server_cpp/http_header.hpp
[1.133s] -- Up-to-date: /root/deepracer_ws/aws-deepracer-launcher/install/async_web_server_cpp/include/async_web_server_cpp/http_request.hpp
[1.133s] -- Up-to-date: /root/deepracer_ws/aws-deepracer-launcher/install/async_web_server_cpp/include/async_web_server_cpp/http_request_handler.hpp
[1.133s] -- Up-to-date: /root/deepracer_ws/aws-deepracer-launcher/install/async_web_server_cpp/include/async_web_server_cpp/http_request_parser.hpp
[1.134s] -- Up-to-date: /root/deepracer_ws/aws-deepracer-launcher/install/async_web_server_cpp/include/async_web_server_cpp/http_server.hpp
[1.134s] -- Up-to-date: /root/deepracer_ws/aws-deepracer-launcher/install/async_web_server_cpp/include/async_web_server_cpp/websocket_connection.hpp
[1.134s] -- Up-to-date: /root/deepracer_ws/aws-deepracer-launcher/install/async_web_server_cpp/include/async_web_server_cpp/websocket_message.hpp
[1.134s] -- Up-to-date: /root/deepracer_ws/aws-deepracer-launcher/install/async_web_server_cpp/include/async_web_server_cpp/websocket_request_handler.hpp
[1.135s] -- Up-to-date: /root/deepracer_ws/aws-deepracer-launcher/install/async_web_server_cpp/include/async_web_server_cpp/http_connection.hpp
[1.135s] -- Up-to-date: /root/deepracer_ws/aws-deepracer-launcher/install/async_web_server_cpp/include/async_web_server_cpp/http_reply.hpp
[1.136s] Invoked command in '/root/deepracer_ws/aws-deepracer-launcher/build/async_web_server_cpp' returned '0': /usr/bin/cmake --install /root/deepracer_ws/aws-deepracer-launcher/build/async_web_server_cpp
