[1.499s] DEBUG:colcon:Command line arguments: ['/usr/bin/colcon', 'build', '--packages-select', 'inference_pkg']
[1.499s] DEBUG:colcon:Parsed command line arguments: Namespace(ament_cmake_args=None, base_paths=['.'], build_base='build', catkin_cmake_args=None, catkin_skip_building_tests=False, cmake_args=None, cmake_clean_cache=False, cmake_clean_first=False, cmake_force_configure=False, cmake_target=None, cmake_target_skip_unavailable=False, continue_on_error=False, event_handlers=None, executor='parallel', ignore_user_meta=False, install_base='install', log_base=None, log_level=None, main=<bound method BuildVerb.main of <colcon_core.verb.build.BuildVerb object at 0x7ff90efe8130>>, merge_install=False, metas=['./colcon.meta'], packages_above=None, packages_above_and_dependencies=None, packages_above_depth=None, packages_end=None, packages_ignore=None, packages_ignore_regex=None, packages_select=['inference_pkg'], packages_select_build_failed=False, packages_select_by_dep=None, packages_select_regex=None, packages_select_test_failures=False, packages_skip=None, packages_skip_build_finished=False, packages_skip_by_dep=None, packages_skip_regex=None, packages_skip_test_passed=False, packages_skip_up_to=None, packages_start=None, packages_up_to=None, packages_up_to_regex=None, parallel_workers=2, paths=None, symlink_install=False, test_result_base=None, verb_extension=<colcon_core.verb.build.BuildVerb object at 0x7ff90efe8130>, verb_name='build', verb_parser=<colcon_defaults.argument_parser.defaults.DefaultArgumentsDecorator object at 0x7ff90efe8670>)
[1.701s] Level 1:colcon.colcon_core.package_discovery:discover_packages(colcon_meta) check parameters
[1.701s] Level 1:colcon.colcon_core.package_discovery:discover_packages(recursive) check parameters
[1.702s] Level 1:colcon.colcon_core.package_discovery:discover_packages(ignore) check parameters
[1.702s] Level 1:colcon.colcon_core.package_discovery:discover_packages(path) check parameters
[1.702s] Level 1:colcon.colcon_core.package_discovery:discover_packages(colcon_meta) discover
[1.702s] Level 1:colcon.colcon_core.package_discovery:discover_packages(recursive) discover
[1.702s] INFO:colcon.colcon_core.package_discovery:Crawling recursively for packages in '/root/deepracer_ws/aws-deepracer-launcher'
[1.703s] Level 1:colcon.colcon_core.package_identification:_identify(.) by extensions ['ignore', 'ignore_ament_install']
[1.703s] Level 1:colcon.colcon_core.package_identification:_identify(.) by extension 'ignore'
[1.703s] Level 1:colcon.colcon_core.package_identification:_identify(.) by extension 'ignore_ament_install'
[1.704s] Level 1:colcon.colcon_core.package_identification:_identify(.) by extensions ['colcon_pkg']
[1.704s] Level 1:colcon.colcon_core.package_identification:_identify(.) by extension 'colcon_pkg'
[1.704s] Level 1:colcon.colcon_core.package_identification:_identify(.) by extensions ['colcon_meta']
[1.704s] Level 1:colcon.colcon_core.package_identification:_identify(.) by extension 'colcon_meta'
[1.704s] Level 1:colcon.colcon_core.package_identification:_identify(.) by extensions ['ros']
[1.704s] Level 1:colcon.colcon_core.package_identification:_identify(.) by extension 'ros'
[1.765s] Level 1:colcon.colcon_core.package_identification:_identify(.) by extensions ['cmake', 'python']
[1.765s] Level 1:colcon.colcon_core.package_identification:_identify(.) by extension 'cmake'
[1.766s] Level 1:colcon.colcon_core.package_identification:_identify(.) by extension 'python'
[1.766s] Level 1:colcon.colcon_core.package_identification:_identify(.) by extensions ['python_setup_py']
[1.766s] Level 1:colcon.colcon_core.package_identification:_identify(.) by extension 'python_setup_py'
[1.767s] Level 1:colcon.colcon_core.package_identification:_identify(async_web_server_cpp) by extensions ['ignore', 'ignore_ament_install']
[1.767s] Level 1:colcon.colcon_core.package_identification:_identify(async_web_server_cpp) by extension 'ignore'
[1.767s] Level 1:colcon.colcon_core.package_identification:_identify(async_web_server_cpp) by extension 'ignore_ament_install'
[1.768s] Level 1:colcon.colcon_core.package_identification:_identify(async_web_server_cpp) by extensions ['colcon_pkg']
[1.768s] Level 1:colcon.colcon_core.package_identification:_identify(async_web_server_cpp) by extension 'colcon_pkg'
[1.768s] Level 1:colcon.colcon_core.package_identification:_identify(async_web_server_cpp) by extensions ['colcon_meta']
[1.768s] Level 1:colcon.colcon_core.package_identification:_identify(async_web_server_cpp) by extension 'colcon_meta'
[1.768s] Level 1:colcon.colcon_core.package_identification:_identify(async_web_server_cpp) by extensions ['ros']
[1.768s] Level 1:colcon.colcon_core.package_identification:_identify(async_web_server_cpp) by extension 'ros'
[1.779s] DEBUG:colcon.colcon_core.package_identification:Package 'async_web_server_cpp' with type 'ros.catkin' and name 'async_web_server_cpp'
[1.779s] Level 1:colcon.colcon_core.package_identification:_identify(aws-deepracer-camera-pkg) by extensions ['ignore', 'ignore_ament_install']
[1.780s] Level 1:colcon.colcon_core.package_identification:_identify(aws-deepracer-camera-pkg) by extension 'ignore'
[1.781s] Level 1:colcon.colcon_core.package_identification:_identify(aws-deepracer-camera-pkg) by extension 'ignore_ament_install'
[1.781s] Level 1:colcon.colcon_core.package_identification:_identify(aws-deepracer-camera-pkg) by extensions ['colcon_pkg']
[1.781s] Level 1:colcon.colcon_core.package_identification:_identify(aws-deepracer-camera-pkg) by extension 'colcon_pkg'
[1.781s] Level 1:colcon.colcon_core.package_identification:_identify(aws-deepracer-camera-pkg) by extensions ['colcon_meta']
[1.781s] Level 1:colcon.colcon_core.package_identification:_identify(aws-deepracer-camera-pkg) by extension 'colcon_meta'
[1.782s] Level 1:colcon.colcon_core.package_identification:_identify(aws-deepracer-camera-pkg) by extensions ['ros']
[1.782s] Level 1:colcon.colcon_core.package_identification:_identify(aws-deepracer-camera-pkg) by extension 'ros'
[1.782s] Level 1:colcon.colcon_core.package_identification:_identify(aws-deepracer-camera-pkg) by extensions ['cmake', 'python']
[1.782s] Level 1:colcon.colcon_core.package_identification:_identify(aws-deepracer-camera-pkg) by extension 'cmake'
[1.783s] Level 1:colcon.colcon_core.package_identification:_identify(aws-deepracer-camera-pkg) by extension 'python'
[1.783s] Level 1:colcon.colcon_core.package_identification:_identify(aws-deepracer-camera-pkg) by extensions ['python_setup_py']
[1.783s] Level 1:colcon.colcon_core.package_identification:_identify(aws-deepracer-camera-pkg) by extension 'python_setup_py'
[1.783s] Level 1:colcon.colcon_core.package_identification:_identify(aws-deepracer-camera-pkg/camera_pkg) by extensions ['ignore', 'ignore_ament_install']
[1.784s] Level 1:colcon.colcon_core.package_identification:_identify(aws-deepracer-camera-pkg/camera_pkg) by extension 'ignore'
[1.784s] Level 1:colcon.colcon_core.package_identification:_identify(aws-deepracer-camera-pkg/camera_pkg) by extension 'ignore_ament_install'
[1.784s] Level 1:colcon.colcon_core.package_identification:_identify(aws-deepracer-camera-pkg/camera_pkg) by extensions ['colcon_pkg']
[1.784s] Level 1:colcon.colcon_core.package_identification:_identify(aws-deepracer-camera-pkg/camera_pkg) by extension 'colcon_pkg'
[1.785s] Level 1:colcon.colcon_core.package_identification:_identify(aws-deepracer-camera-pkg/camera_pkg) by extensions ['colcon_meta']
[1.785s] Level 1:colcon.colcon_core.package_identification:_identify(aws-deepracer-camera-pkg/camera_pkg) by extension 'colcon_meta'
[1.785s] Level 1:colcon.colcon_core.package_identification:_identify(aws-deepracer-camera-pkg/camera_pkg) by extensions ['ros']
[1.785s] Level 1:colcon.colcon_core.package_identification:_identify(aws-deepracer-camera-pkg/camera_pkg) by extension 'ros'
[1.789s] DEBUG:colcon.colcon_core.package_identification:Package 'aws-deepracer-camera-pkg/camera_pkg' with type 'ros.ament_cmake' and name 'camera_pkg'
[1.790s] Level 1:colcon.colcon_core.package_identification:_identify(aws-deepracer-ctrl-pkg) by extensions ['ignore', 'ignore_ament_install']
[1.790s] Level 1:colcon.colcon_core.package_identification:_identify(aws-deepracer-ctrl-pkg) by extension 'ignore'
[1.790s] Level 1:colcon.colcon_core.package_identification:_identify(aws-deepracer-ctrl-pkg) by extension 'ignore_ament_install'
[1.791s] Level 1:colcon.colcon_core.package_identification:_identify(aws-deepracer-ctrl-pkg) by extensions ['colcon_pkg']
[1.791s] Level 1:colcon.colcon_core.package_identification:_identify(aws-deepracer-ctrl-pkg) by extension 'colcon_pkg'
[1.791s] Level 1:colcon.colcon_core.package_identification:_identify(aws-deepracer-ctrl-pkg) by extensions ['colcon_meta']
[1.791s] Level 1:colcon.colcon_core.package_identification:_identify(aws-deepracer-ctrl-pkg) by extension 'colcon_meta'
[1.791s] Level 1:colcon.colcon_core.package_identification:_identify(aws-deepracer-ctrl-pkg) by extensions ['ros']
[1.791s] Level 1:colcon.colcon_core.package_identification:_identify(aws-deepracer-ctrl-pkg) by extension 'ros'
[1.792s] Level 1:colcon.colcon_core.package_identification:_identify(aws-deepracer-ctrl-pkg) by extensions ['cmake', 'python']
[1.792s] Level 1:colcon.colcon_core.package_identification:_identify(aws-deepracer-ctrl-pkg) by extension 'cmake'
[1.792s] Level 1:colcon.colcon_core.package_identification:_identify(aws-deepracer-ctrl-pkg) by extension 'python'
[1.792s] Level 1:colcon.colcon_core.package_identification:_identify(aws-deepracer-ctrl-pkg) by extensions ['python_setup_py']
[1.793s] Level 1:colcon.colcon_core.package_identification:_identify(aws-deepracer-ctrl-pkg) by extension 'python_setup_py'
[1.793s] Level 1:colcon.colcon_core.package_identification:_identify(aws-deepracer-ctrl-pkg/ctrl_pkg) by extensions ['ignore', 'ignore_ament_install']
[1.794s] Level 1:colcon.colcon_core.package_identification:_identify(aws-deepracer-ctrl-pkg/ctrl_pkg) by extension 'ignore'
[1.794s] Level 1:colcon.colcon_core.package_identification:_identify(aws-deepracer-ctrl-pkg/ctrl_pkg) by extension 'ignore_ament_install'
[1.794s] Level 1:colcon.colcon_core.package_identification:_identify(aws-deepracer-ctrl-pkg/ctrl_pkg) by extensions ['colcon_pkg']
[1.794s] Level 1:colcon.colcon_core.package_identification:_identify(aws-deepracer-ctrl-pkg/ctrl_pkg) by extension 'colcon_pkg'
[1.794s] Level 1:colcon.colcon_core.package_identification:_identify(aws-deepracer-ctrl-pkg/ctrl_pkg) by extensions ['colcon_meta']
[1.795s] Level 1:colcon.colcon_core.package_identification:_identify(aws-deepracer-ctrl-pkg/ctrl_pkg) by extension 'colcon_meta'
[1.795s] Level 1:colcon.colcon_core.package_identification:_identify(aws-deepracer-ctrl-pkg/ctrl_pkg) by extensions ['ros']
[1.795s] Level 1:colcon.colcon_core.package_identification:_identify(aws-deepracer-ctrl-pkg/ctrl_pkg) by extension 'ros'
[1.799s] DEBUG:colcon.colcon_core.package_identification:Package 'aws-deepracer-ctrl-pkg/ctrl_pkg' with type 'ros.ament_cmake' and name 'ctrl_pkg'
[1.800s] Level 1:colcon.colcon_core.package_identification:_identify(aws-deepracer-device-info-pkg) by extensions ['ignore', 'ignore_ament_install']
[1.800s] Level 1:colcon.colcon_core.package_identification:_identify(aws-deepracer-device-info-pkg) by extension 'ignore'
[1.800s] Level 1:colcon.colcon_core.package_identification:_identify(aws-deepracer-device-info-pkg) by extension 'ignore_ament_install'
[1.801s] Level 1:colcon.colcon_core.package_identification:_identify(aws-deepracer-device-info-pkg) by extensions ['colcon_pkg']
[1.801s] Level 1:colcon.colcon_core.package_identification:_identify(aws-deepracer-device-info-pkg) by extension 'colcon_pkg'
[1.801s] Level 1:colcon.colcon_core.package_identification:_identify(aws-deepracer-device-info-pkg) by extensions ['colcon_meta']
[1.801s] Level 1:colcon.colcon_core.package_identification:_identify(aws-deepracer-device-info-pkg) by extension 'colcon_meta'
[1.801s] Level 1:colcon.colcon_core.package_identification:_identify(aws-deepracer-device-info-pkg) by extensions ['ros']
[1.801s] Level 1:colcon.colcon_core.package_identification:_identify(aws-deepracer-device-info-pkg) by extension 'ros'
[1.802s] Level 1:colcon.colcon_core.package_identification:_identify(aws-deepracer-device-info-pkg) by extensions ['cmake', 'python']
[1.802s] Level 1:colcon.colcon_core.package_identification:_identify(aws-deepracer-device-info-pkg) by extension 'cmake'
[1.802s] Level 1:colcon.colcon_core.package_identification:_identify(aws-deepracer-device-info-pkg) by extension 'python'
[1.802s] Level 1:colcon.colcon_core.package_identification:_identify(aws-deepracer-device-info-pkg) by extensions ['python_setup_py']
[1.802s] Level 1:colcon.colcon_core.package_identification:_identify(aws-deepracer-device-info-pkg) by extension 'python_setup_py'
[1.803s] Level 1:colcon.colcon_core.package_identification:_identify(aws-deepracer-device-info-pkg/device_info_pkg) by extensions ['ignore', 'ignore_ament_install']
[1.803s] Level 1:colcon.colcon_core.package_identification:_identify(aws-deepracer-device-info-pkg/device_info_pkg) by extension 'ignore'
[1.804s] Level 1:colcon.colcon_core.package_identification:_identify(aws-deepracer-device-info-pkg/device_info_pkg) by extension 'ignore_ament_install'
[1.804s] Level 1:colcon.colcon_core.package_identification:_identify(aws-deepracer-device-info-pkg/device_info_pkg) by extensions ['colcon_pkg']
[1.804s] Level 1:colcon.colcon_core.package_identification:_identify(aws-deepracer-device-info-pkg/device_info_pkg) by extension 'colcon_pkg'
[1.804s] Level 1:colcon.colcon_core.package_identification:_identify(aws-deepracer-device-info-pkg/device_info_pkg) by extensions ['colcon_meta']
[1.804s] Level 1:colcon.colcon_core.package_identification:_identify(aws-deepracer-device-info-pkg/device_info_pkg) by extension 'colcon_meta'
[1.805s] Level 1:colcon.colcon_core.package_identification:_identify(aws-deepracer-device-info-pkg/device_info_pkg) by extensions ['ros']
[1.805s] Level 1:colcon.colcon_core.package_identification:_identify(aws-deepracer-device-info-pkg/device_info_pkg) by extension 'ros'
[1.808s] DEBUG:colcon.colcon_core.package_identification:Package 'aws-deepracer-device-info-pkg/device_info_pkg' with type 'ros.ament_python' and name 'device_info_pkg'
[1.808s] Level 1:colcon.colcon_core.package_identification:_identify(aws-deepracer-i2c-pkg) by extensions ['ignore', 'ignore_ament_install']
[1.809s] Level 1:colcon.colcon_core.package_identification:_identify(aws-deepracer-i2c-pkg) by extension 'ignore'
[1.809s] Level 1:colcon.colcon_core.package_identification:_identify(aws-deepracer-i2c-pkg) by extension 'ignore_ament_install'
[1.809s] Level 1:colcon.colcon_core.package_identification:_identify(aws-deepracer-i2c-pkg) by extensions ['colcon_pkg']
[1.809s] Level 1:colcon.colcon_core.package_identification:_identify(aws-deepracer-i2c-pkg) by extension 'colcon_pkg'
[1.809s] Level 1:colcon.colcon_core.package_identification:_identify(aws-deepracer-i2c-pkg) by extensions ['colcon_meta']
[1.810s] Level 1:colcon.colcon_core.package_identification:_identify(aws-deepracer-i2c-pkg) by extension 'colcon_meta'
[1.810s] Level 1:colcon.colcon_core.package_identification:_identify(aws-deepracer-i2c-pkg) by extensions ['ros']
[1.810s] Level 1:colcon.colcon_core.package_identification:_identify(aws-deepracer-i2c-pkg) by extension 'ros'
[1.810s] Level 1:colcon.colcon_core.package_identification:_identify(aws-deepracer-i2c-pkg) by extensions ['cmake', 'python']
[1.811s] Level 1:colcon.colcon_core.package_identification:_identify(aws-deepracer-i2c-pkg) by extension 'cmake'
[1.811s] Level 1:colcon.colcon_core.package_identification:_identify(aws-deepracer-i2c-pkg) by extension 'python'
[1.811s] Level 1:colcon.colcon_core.package_identification:_identify(aws-deepracer-i2c-pkg) by extensions ['python_setup_py']
[1.811s] Level 1:colcon.colcon_core.package_identification:_identify(aws-deepracer-i2c-pkg) by extension 'python_setup_py'
[1.811s] Level 1:colcon.colcon_core.package_identification:_identify(aws-deepracer-i2c-pkg/i2c_pkg) by extensions ['ignore', 'ignore_ament_install']
[1.812s] Level 1:colcon.colcon_core.package_identification:_identify(aws-deepracer-i2c-pkg/i2c_pkg) by extension 'ignore'
[1.812s] Level 1:colcon.colcon_core.package_identification:_identify(aws-deepracer-i2c-pkg/i2c_pkg) by extension 'ignore_ament_install'
[1.812s] Level 1:colcon.colcon_core.package_identification:_identify(aws-deepracer-i2c-pkg/i2c_pkg) by extensions ['colcon_pkg']
[1.813s] Level 1:colcon.colcon_core.package_identification:_identify(aws-deepracer-i2c-pkg/i2c_pkg) by extension 'colcon_pkg'
[1.813s] Level 1:colcon.colcon_core.package_identification:_identify(aws-deepracer-i2c-pkg/i2c_pkg) by extensions ['colcon_meta']
[1.813s] Level 1:colcon.colcon_core.package_identification:_identify(aws-deepracer-i2c-pkg/i2c_pkg) by extension 'colcon_meta'
[1.813s] Level 1:colcon.colcon_core.package_identification:_identify(aws-deepracer-i2c-pkg/i2c_pkg) by extensions ['ros']
[1.813s] Level 1:colcon.colcon_core.package_identification:_identify(aws-deepracer-i2c-pkg/i2c_pkg) by extension 'ros'
[1.817s] DEBUG:colcon.colcon_core.package_identification:Package 'aws-deepracer-i2c-pkg/i2c_pkg' with type 'ros.ament_cmake' and name 'i2c_pkg'
[1.818s] Level 1:colcon.colcon_core.package_identification:_identify(aws-deepracer-inference-pkg) by extensions ['ignore', 'ignore_ament_install']
[1.818s] Level 1:colcon.colcon_core.package_identification:_identify(aws-deepracer-inference-pkg) by extension 'ignore'
[1.818s] Level 1:colcon.colcon_core.package_identification:_identify(aws-deepracer-inference-pkg) by extension 'ignore_ament_install'
[1.819s] Level 1:colcon.colcon_core.package_identification:_identify(aws-deepracer-inference-pkg) by extensions ['colcon_pkg']
[1.819s] Level 1:colcon.colcon_core.package_identification:_identify(aws-deepracer-inference-pkg) by extension 'colcon_pkg'
[1.819s] Level 1:colcon.colcon_core.package_identification:_identify(aws-deepracer-inference-pkg) by extensions ['colcon_meta']
[1.819s] Level 1:colcon.colcon_core.package_identification:_identify(aws-deepracer-inference-pkg) by extension 'colcon_meta'
[1.819s] Level 1:colcon.colcon_core.package_identification:_identify(aws-deepracer-inference-pkg) by extensions ['ros']
[1.819s] Level 1:colcon.colcon_core.package_identification:_identify(aws-deepracer-inference-pkg) by extension 'ros'
[1.820s] Level 1:colcon.colcon_core.package_identification:_identify(aws-deepracer-inference-pkg) by extensions ['cmake', 'python']
[1.820s] Level 1:colcon.colcon_core.package_identification:_identify(aws-deepracer-inference-pkg) by extension 'cmake'
[1.820s] Level 1:colcon.colcon_core.package_identification:_identify(aws-deepracer-inference-pkg) by extension 'python'
[1.821s] Level 1:colcon.colcon_core.package_identification:_identify(aws-deepracer-inference-pkg) by extensions ['python_setup_py']
[1.821s] Level 1:colcon.colcon_core.package_identification:_identify(aws-deepracer-inference-pkg) by extension 'python_setup_py'
[1.821s] Level 1:colcon.colcon_core.package_identification:_identify(aws-deepracer-inference-pkg/inference_pkg) by extensions ['ignore', 'ignore_ament_install']
[1.822s] Level 1:colcon.colcon_core.package_identification:_identify(aws-deepracer-inference-pkg/inference_pkg) by extension 'ignore'
[1.822s] Level 1:colcon.colcon_core.package_identification:_identify(aws-deepracer-inference-pkg/inference_pkg) by extension 'ignore_ament_install'
[1.822s] Level 1:colcon.colcon_core.package_identification:_identify(aws-deepracer-inference-pkg/inference_pkg) by extensions ['colcon_pkg']
[1.822s] Level 1:colcon.colcon_core.package_identification:_identify(aws-deepracer-inference-pkg/inference_pkg) by extension 'colcon_pkg'
[1.822s] Level 1:colcon.colcon_core.package_identification:_identify(aws-deepracer-inference-pkg/inference_pkg) by extensions ['colcon_meta']
[1.823s] Level 1:colcon.colcon_core.package_identification:_identify(aws-deepracer-inference-pkg/inference_pkg) by extension 'colcon_meta'
[1.823s] Level 1:colcon.colcon_core.package_identification:_identify(aws-deepracer-inference-pkg/inference_pkg) by extensions ['ros']
[1.823s] Level 1:colcon.colcon_core.package_identification:_identify(aws-deepracer-inference-pkg/inference_pkg) by extension 'ros'
[1.827s] DEBUG:colcon.colcon_core.package_identification:Package 'aws-deepracer-inference-pkg/inference_pkg' with type 'ros.ament_cmake' and name 'inference_pkg'
[1.827s] Level 1:colcon.colcon_core.package_identification:_identify(aws-deepracer-interfaces-pkg) by extensions ['ignore', 'ignore_ament_install']
[1.828s] Level 1:colcon.colcon_core.package_identification:_identify(aws-deepracer-interfaces-pkg) by extension 'ignore'
[1.828s] Level 1:colcon.colcon_core.package_identification:_identify(aws-deepracer-interfaces-pkg) by extension 'ignore_ament_install'
[1.828s] Level 1:colcon.colcon_core.package_identification:_identify(aws-deepracer-interfaces-pkg) by extensions ['colcon_pkg']
[1.828s] Level 1:colcon.colcon_core.package_identification:_identify(aws-deepracer-interfaces-pkg) by extension 'colcon_pkg'
[1.828s] Level 1:colcon.colcon_core.package_identification:_identify(aws-deepracer-interfaces-pkg) by extensions ['colcon_meta']
[1.829s] Level 1:colcon.colcon_core.package_identification:_identify(aws-deepracer-interfaces-pkg) by extension 'colcon_meta'
[1.829s] Level 1:colcon.colcon_core.package_identification:_identify(aws-deepracer-interfaces-pkg) by extensions ['ros']
[1.829s] Level 1:colcon.colcon_core.package_identification:_identify(aws-deepracer-interfaces-pkg) by extension 'ros'
[1.829s] Level 1:colcon.colcon_core.package_identification:_identify(aws-deepracer-interfaces-pkg) by extensions ['cmake', 'python']
[1.829s] Level 1:colcon.colcon_core.package_identification:_identify(aws-deepracer-interfaces-pkg) by extension 'cmake'
[1.830s] Level 1:colcon.colcon_core.package_identification:_identify(aws-deepracer-interfaces-pkg) by extension 'python'
[1.830s] Level 1:colcon.colcon_core.package_identification:_identify(aws-deepracer-interfaces-pkg) by extensions ['python_setup_py']
[1.831s] Level 1:colcon.colcon_core.package_identification:_identify(aws-deepracer-interfaces-pkg) by extension 'python_setup_py'
[1.831s] Level 1:colcon.colcon_core.package_identification:_identify(aws-deepracer-interfaces-pkg/deepracer_interfaces_pkg) by extensions ['ignore', 'ignore_ament_install']
[1.832s] Level 1:colcon.colcon_core.package_identification:_identify(aws-deepracer-interfaces-pkg/deepracer_interfaces_pkg) by extension 'ignore'
[1.832s] Level 1:colcon.colcon_core.package_identification:_identify(aws-deepracer-interfaces-pkg/deepracer_interfaces_pkg) by extension 'ignore_ament_install'
[1.832s] Level 1:colcon.colcon_core.package_identification:_identify(aws-deepracer-interfaces-pkg/deepracer_interfaces_pkg) by extensions ['colcon_pkg']
[1.832s] Level 1:colcon.colcon_core.package_identification:_identify(aws-deepracer-interfaces-pkg/deepracer_interfaces_pkg) by extension 'colcon_pkg'
[1.832s] Level 1:colcon.colcon_core.package_identification:_identify(aws-deepracer-interfaces-pkg/deepracer_interfaces_pkg) by extensions ['colcon_meta']
[1.833s] Level 1:colcon.colcon_core.package_identification:_identify(aws-deepracer-interfaces-pkg/deepracer_interfaces_pkg) by extension 'colcon_meta'
[1.833s] Level 1:colcon.colcon_core.package_identification:_identify(aws-deepracer-interfaces-pkg/deepracer_interfaces_pkg) by extensions ['ros']
[1.833s] Level 1:colcon.colcon_core.package_identification:_identify(aws-deepracer-interfaces-pkg/deepracer_interfaces_pkg) by extension 'ros'
[1.836s] DEBUG:colcon.colcon_core.package_identification:Package 'aws-deepracer-interfaces-pkg/deepracer_interfaces_pkg' with type 'ros.ament_cmake' and name 'deepracer_interfaces_pkg'
[1.836s] Level 1:colcon.colcon_core.package_identification:_identify(aws-deepracer-model-optimizer-pkg) by extensions ['ignore', 'ignore_ament_install']
[1.837s] Level 1:colcon.colcon_core.package_identification:_identify(aws-deepracer-model-optimizer-pkg) by extension 'ignore'
[1.837s] Level 1:colcon.colcon_core.package_identification:_identify(aws-deepracer-model-optimizer-pkg) by extension 'ignore_ament_install'
[1.837s] Level 1:colcon.colcon_core.package_identification:_identify(aws-deepracer-model-optimizer-pkg) by extensions ['colcon_pkg']
[1.837s] Level 1:colcon.colcon_core.package_identification:_identify(aws-deepracer-model-optimizer-pkg) by extension 'colcon_pkg'
[1.837s] Level 1:colcon.colcon_core.package_identification:_identify(aws-deepracer-model-optimizer-pkg) by extensions ['colcon_meta']
[1.838s] Level 1:colcon.colcon_core.package_identification:_identify(aws-deepracer-model-optimizer-pkg) by extension 'colcon_meta'
[1.838s] Level 1:colcon.colcon_core.package_identification:_identify(aws-deepracer-model-optimizer-pkg) by extensions ['ros']
[1.838s] Level 1:colcon.colcon_core.package_identification:_identify(aws-deepracer-model-optimizer-pkg) by extension 'ros'
[1.838s] Level 1:colcon.colcon_core.package_identification:_identify(aws-deepracer-model-optimizer-pkg) by extensions ['cmake', 'python']
[1.839s] Level 1:colcon.colcon_core.package_identification:_identify(aws-deepracer-model-optimizer-pkg) by extension 'cmake'
[1.839s] Level 1:colcon.colcon_core.package_identification:_identify(aws-deepracer-model-optimizer-pkg) by extension 'python'
[1.839s] Level 1:colcon.colcon_core.package_identification:_identify(aws-deepracer-model-optimizer-pkg) by extensions ['python_setup_py']
[1.839s] Level 1:colcon.colcon_core.package_identification:_identify(aws-deepracer-model-optimizer-pkg) by extension 'python_setup_py'
[1.840s] Level 1:colcon.colcon_core.package_identification:_identify(aws-deepracer-model-optimizer-pkg/model_optimizer_pkg) by extensions ['ignore', 'ignore_ament_install']
[1.840s] Level 1:colcon.colcon_core.package_identification:_identify(aws-deepracer-model-optimizer-pkg/model_optimizer_pkg) by extension 'ignore'
[1.840s] Level 1:colcon.colcon_core.package_identification:_identify(aws-deepracer-model-optimizer-pkg/model_optimizer_pkg) by extension 'ignore_ament_install'
[1.841s] Level 1:colcon.colcon_core.package_identification:_identify(aws-deepracer-model-optimizer-pkg/model_optimizer_pkg) by extensions ['colcon_pkg']
[1.841s] Level 1:colcon.colcon_core.package_identification:_identify(aws-deepracer-model-optimizer-pkg/model_optimizer_pkg) by extension 'colcon_pkg'
[1.841s] Level 1:colcon.colcon_core.package_identification:_identify(aws-deepracer-model-optimizer-pkg/model_optimizer_pkg) by extensions ['colcon_meta']
[1.841s] Level 1:colcon.colcon_core.package_identification:_identify(aws-deepracer-model-optimizer-pkg/model_optimizer_pkg) by extension 'colcon_meta'
[1.841s] Level 1:colcon.colcon_core.package_identification:_identify(aws-deepracer-model-optimizer-pkg/model_optimizer_pkg) by extensions ['ros']
[1.841s] Level 1:colcon.colcon_core.package_identification:_identify(aws-deepracer-model-optimizer-pkg/model_optimizer_pkg) by extension 'ros'
[2.006s] DEBUG:colcon.colcon_core.package_identification:Package 'aws-deepracer-model-optimizer-pkg/model_optimizer_pkg' with type 'ros.ament_python' and name 'model_optimizer_pkg'
[2.007s] Level 1:colcon.colcon_core.package_identification:_identify(aws-deepracer-navigation-pkg) by extensions ['ignore', 'ignore_ament_install']
[2.007s] Level 1:colcon.colcon_core.package_identification:_identify(aws-deepracer-navigation-pkg) by extension 'ignore'
[2.007s] Level 1:colcon.colcon_core.package_identification:_identify(aws-deepracer-navigation-pkg) by extension 'ignore_ament_install'
[2.008s] Level 1:colcon.colcon_core.package_identification:_identify(aws-deepracer-navigation-pkg) by extensions ['colcon_pkg']
[2.008s] Level 1:colcon.colcon_core.package_identification:_identify(aws-deepracer-navigation-pkg) by extension 'colcon_pkg'
[2.008s] Level 1:colcon.colcon_core.package_identification:_identify(aws-deepracer-navigation-pkg) by extensions ['colcon_meta']
[2.008s] Level 1:colcon.colcon_core.package_identification:_identify(aws-deepracer-navigation-pkg) by extension 'colcon_meta'
[2.008s] Level 1:colcon.colcon_core.package_identification:_identify(aws-deepracer-navigation-pkg) by extensions ['ros']
[2.008s] Level 1:colcon.colcon_core.package_identification:_identify(aws-deepracer-navigation-pkg) by extension 'ros'
[2.009s] Level 1:colcon.colcon_core.package_identification:_identify(aws-deepracer-navigation-pkg) by extensions ['cmake', 'python']
[2.009s] Level 1:colcon.colcon_core.package_identification:_identify(aws-deepracer-navigation-pkg) by extension 'cmake'
[2.009s] Level 1:colcon.colcon_core.package_identification:_identify(aws-deepracer-navigation-pkg) by extension 'python'
[2.009s] Level 1:colcon.colcon_core.package_identification:_identify(aws-deepracer-navigation-pkg) by extensions ['python_setup_py']
[2.010s] Level 1:colcon.colcon_core.package_identification:_identify(aws-deepracer-navigation-pkg) by extension 'python_setup_py'
[2.010s] Level 1:colcon.colcon_core.package_identification:_identify(aws-deepracer-navigation-pkg/deepracer_navigation_pkg) by extensions ['ignore', 'ignore_ament_install']
[2.010s] Level 1:colcon.colcon_core.package_identification:_identify(aws-deepracer-navigation-pkg/deepracer_navigation_pkg) by extension 'ignore'
[2.011s] Level 1:colcon.colcon_core.package_identification:_identify(aws-deepracer-navigation-pkg/deepracer_navigation_pkg) by extension 'ignore_ament_install'
[2.011s] Level 1:colcon.colcon_core.package_identification:_identify(aws-deepracer-navigation-pkg/deepracer_navigation_pkg) by extensions ['colcon_pkg']
[2.011s] Level 1:colcon.colcon_core.package_identification:_identify(aws-deepracer-navigation-pkg/deepracer_navigation_pkg) by extension 'colcon_pkg'
[2.011s] Level 1:colcon.colcon_core.package_identification:_identify(aws-deepracer-navigation-pkg/deepracer_navigation_pkg) by extensions ['colcon_meta']
[2.012s] Level 1:colcon.colcon_core.package_identification:_identify(aws-deepracer-navigation-pkg/deepracer_navigation_pkg) by extension 'colcon_meta'
[2.012s] Level 1:colcon.colcon_core.package_identification:_identify(aws-deepracer-navigation-pkg/deepracer_navigation_pkg) by extensions ['ros']
[2.012s] Level 1:colcon.colcon_core.package_identification:_identify(aws-deepracer-navigation-pkg/deepracer_navigation_pkg) by extension 'ros'
[2.015s] DEBUG:colcon.colcon_core.package_identification:Package 'aws-deepracer-navigation-pkg/deepracer_navigation_pkg' with type 'ros.ament_python' and name 'deepracer_navigation_pkg'
[2.016s] Level 1:colcon.colcon_core.package_identification:_identify(aws-deepracer-sensor-fusion-pkg) by extensions ['ignore', 'ignore_ament_install']
[2.016s] Level 1:colcon.colcon_core.package_identification:_identify(aws-deepracer-sensor-fusion-pkg) by extension 'ignore'
[2.016s] Level 1:colcon.colcon_core.package_identification:_identify(aws-deepracer-sensor-fusion-pkg) by extension 'ignore_ament_install'
[2.017s] Level 1:colcon.colcon_core.package_identification:_identify(aws-deepracer-sensor-fusion-pkg) by extensions ['colcon_pkg']
[2.017s] Level 1:colcon.colcon_core.package_identification:_identify(aws-deepracer-sensor-fusion-pkg) by extension 'colcon_pkg'
[2.017s] Level 1:colcon.colcon_core.package_identification:_identify(aws-deepracer-sensor-fusion-pkg) by extensions ['colcon_meta']
[2.017s] Level 1:colcon.colcon_core.package_identification:_identify(aws-deepracer-sensor-fusion-pkg) by extension 'colcon_meta'
[2.017s] Level 1:colcon.colcon_core.package_identification:_identify(aws-deepracer-sensor-fusion-pkg) by extensions ['ros']
[2.017s] Level 1:colcon.colcon_core.package_identification:_identify(aws-deepracer-sensor-fusion-pkg) by extension 'ros'
[2.018s] Level 1:colcon.colcon_core.package_identification:_identify(aws-deepracer-sensor-fusion-pkg) by extensions ['cmake', 'python']
[2.018s] Level 1:colcon.colcon_core.package_identification:_identify(aws-deepracer-sensor-fusion-pkg) by extension 'cmake'
[2.018s] Level 1:colcon.colcon_core.package_identification:_identify(aws-deepracer-sensor-fusion-pkg) by extension 'python'
[2.018s] Level 1:colcon.colcon_core.package_identification:_identify(aws-deepracer-sensor-fusion-pkg) by extensions ['python_setup_py']
[2.019s] Level 1:colcon.colcon_core.package_identification:_identify(aws-deepracer-sensor-fusion-pkg) by extension 'python_setup_py'
[2.019s] Level 1:colcon.colcon_core.package_identification:_identify(aws-deepracer-sensor-fusion-pkg/sensor_fusion_pkg) by extensions ['ignore', 'ignore_ament_install']
[2.019s] Level 1:colcon.colcon_core.package_identification:_identify(aws-deepracer-sensor-fusion-pkg/sensor_fusion_pkg) by extension 'ignore'
[2.020s] Level 1:colcon.colcon_core.package_identification:_identify(aws-deepracer-sensor-fusion-pkg/sensor_fusion_pkg) by extension 'ignore_ament_install'
[2.020s] Level 1:colcon.colcon_core.package_identification:_identify(aws-deepracer-sensor-fusion-pkg/sensor_fusion_pkg) by extensions ['colcon_pkg']
[2.020s] Level 1:colcon.colcon_core.package_identification:_identify(aws-deepracer-sensor-fusion-pkg/sensor_fusion_pkg) by extension 'colcon_pkg'
[2.021s] Level 1:colcon.colcon_core.package_identification:_identify(aws-deepracer-sensor-fusion-pkg/sensor_fusion_pkg) by extensions ['colcon_meta']
[2.021s] Level 1:colcon.colcon_core.package_identification:_identify(aws-deepracer-sensor-fusion-pkg/sensor_fusion_pkg) by extension 'colcon_meta'
[2.021s] Level 1:colcon.colcon_core.package_identification:_identify(aws-deepracer-sensor-fusion-pkg/sensor_fusion_pkg) by extensions ['ros']
[2.021s] Level 1:colcon.colcon_core.package_identification:_identify(aws-deepracer-sensor-fusion-pkg/sensor_fusion_pkg) by extension 'ros'
[2.024s] DEBUG:colcon.colcon_core.package_identification:Package 'aws-deepracer-sensor-fusion-pkg/sensor_fusion_pkg' with type 'ros.ament_cmake' and name 'sensor_fusion_pkg'
[2.025s] Level 1:colcon.colcon_core.package_identification:_identify(aws-deepracer-servo-pkg) by extensions ['ignore', 'ignore_ament_install']
[2.025s] Level 1:colcon.colcon_core.package_identification:_identify(aws-deepracer-servo-pkg) by extension 'ignore'
[2.026s] Level 1:colcon.colcon_core.package_identification:_identify(aws-deepracer-servo-pkg) by extension 'ignore_ament_install'
[2.026s] Level 1:colcon.colcon_core.package_identification:_identify(aws-deepracer-servo-pkg) by extensions ['colcon_pkg']
[2.027s] Level 1:colcon.colcon_core.package_identification:_identify(aws-deepracer-servo-pkg) by extension 'colcon_pkg'
[2.027s] Level 1:colcon.colcon_core.package_identification:_identify(aws-deepracer-servo-pkg) by extensions ['colcon_meta']
[2.027s] Level 1:colcon.colcon_core.package_identification:_identify(aws-deepracer-servo-pkg) by extension 'colcon_meta'
[2.027s] Level 1:colcon.colcon_core.package_identification:_identify(aws-deepracer-servo-pkg) by extensions ['ros']
[2.027s] Level 1:colcon.colcon_core.package_identification:_identify(aws-deepracer-servo-pkg) by extension 'ros'
[2.028s] Level 1:colcon.colcon_core.package_identification:_identify(aws-deepracer-servo-pkg) by extensions ['cmake', 'python']
[2.028s] Level 1:colcon.colcon_core.package_identification:_identify(aws-deepracer-servo-pkg) by extension 'cmake'
[2.028s] Level 1:colcon.colcon_core.package_identification:_identify(aws-deepracer-servo-pkg) by extension 'python'
[2.028s] Level 1:colcon.colcon_core.package_identification:_identify(aws-deepracer-servo-pkg) by extensions ['python_setup_py']
[2.028s] Level 1:colcon.colcon_core.package_identification:_identify(aws-deepracer-servo-pkg) by extension 'python_setup_py'
[2.029s] Level 1:colcon.colcon_core.package_identification:_identify(aws-deepracer-servo-pkg/servo_pkg) by extensions ['ignore', 'ignore_ament_install']
[2.029s] Level 1:colcon.colcon_core.package_identification:_identify(aws-deepracer-servo-pkg/servo_pkg) by extension 'ignore'
[2.029s] Level 1:colcon.colcon_core.package_identification:_identify(aws-deepracer-servo-pkg/servo_pkg) by extension 'ignore_ament_install'
[2.030s] Level 1:colcon.colcon_core.package_identification:_identify(aws-deepracer-servo-pkg/servo_pkg) by extensions ['colcon_pkg']
[2.030s] Level 1:colcon.colcon_core.package_identification:_identify(aws-deepracer-servo-pkg/servo_pkg) by extension 'colcon_pkg'
[2.030s] Level 1:colcon.colcon_core.package_identification:_identify(aws-deepracer-servo-pkg/servo_pkg) by extensions ['colcon_meta']
[2.030s] Level 1:colcon.colcon_core.package_identification:_identify(aws-deepracer-servo-pkg/servo_pkg) by extension 'colcon_meta'
[2.030s] Level 1:colcon.colcon_core.package_identification:_identify(aws-deepracer-servo-pkg/servo_pkg) by extensions ['ros']
[2.031s] Level 1:colcon.colcon_core.package_identification:_identify(aws-deepracer-servo-pkg/servo_pkg) by extension 'ros'
[2.033s] DEBUG:colcon.colcon_core.package_identification:Package 'aws-deepracer-servo-pkg/servo_pkg' with type 'ros.ament_cmake' and name 'servo_pkg'
[2.034s] Level 1:colcon.colcon_core.package_identification:_identify(aws-deepracer-status-led-pkg) by extensions ['ignore', 'ignore_ament_install']
[2.034s] Level 1:colcon.colcon_core.package_identification:_identify(aws-deepracer-status-led-pkg) by extension 'ignore'
[2.034s] Level 1:colcon.colcon_core.package_identification:_identify(aws-deepracer-status-led-pkg) by extension 'ignore_ament_install'
[2.035s] Level 1:colcon.colcon_core.package_identification:_identify(aws-deepracer-status-led-pkg) by extensions ['colcon_pkg']
[2.035s] Level 1:colcon.colcon_core.package_identification:_identify(aws-deepracer-status-led-pkg) by extension 'colcon_pkg'
[2.035s] Level 1:colcon.colcon_core.package_identification:_identify(aws-deepracer-status-led-pkg) by extensions ['colcon_meta']
[2.035s] Level 1:colcon.colcon_core.package_identification:_identify(aws-deepracer-status-led-pkg) by extension 'colcon_meta'
[2.035s] Level 1:colcon.colcon_core.package_identification:_identify(aws-deepracer-status-led-pkg) by extensions ['ros']
[2.035s] Level 1:colcon.colcon_core.package_identification:_identify(aws-deepracer-status-led-pkg) by extension 'ros'
[2.036s] Level 1:colcon.colcon_core.package_identification:_identify(aws-deepracer-status-led-pkg) by extensions ['cmake', 'python']
[2.036s] Level 1:colcon.colcon_core.package_identification:_identify(aws-deepracer-status-led-pkg) by extension 'cmake'
[2.036s] Level 1:colcon.colcon_core.package_identification:_identify(aws-deepracer-status-led-pkg) by extension 'python'
[2.036s] Level 1:colcon.colcon_core.package_identification:_identify(aws-deepracer-status-led-pkg) by extensions ['python_setup_py']
[2.036s] Level 1:colcon.colcon_core.package_identification:_identify(aws-deepracer-status-led-pkg) by extension 'python_setup_py'
[2.037s] Level 1:colcon.colcon_core.package_identification:_identify(aws-deepracer-status-led-pkg/status_led_pkg) by extensions ['ignore', 'ignore_ament_install']
[2.037s] Level 1:colcon.colcon_core.package_identification:_identify(aws-deepracer-status-led-pkg/status_led_pkg) by extension 'ignore'
[2.038s] Level 1:colcon.colcon_core.package_identification:_identify(aws-deepracer-status-led-pkg/status_led_pkg) by extension 'ignore_ament_install'
[2.038s] Level 1:colcon.colcon_core.package_identification:_identify(aws-deepracer-status-led-pkg/status_led_pkg) by extensions ['colcon_pkg']
[2.038s] Level 1:colcon.colcon_core.package_identification:_identify(aws-deepracer-status-led-pkg/status_led_pkg) by extension 'colcon_pkg'
[2.038s] Level 1:colcon.colcon_core.package_identification:_identify(aws-deepracer-status-led-pkg/status_led_pkg) by extensions ['colcon_meta']
[2.038s] Level 1:colcon.colcon_core.package_identification:_identify(aws-deepracer-status-led-pkg/status_led_pkg) by extension 'colcon_meta'
[2.039s] Level 1:colcon.colcon_core.package_identification:_identify(aws-deepracer-status-led-pkg/status_led_pkg) by extensions ['ros']
[2.039s] Level 1:colcon.colcon_core.package_identification:_identify(aws-deepracer-status-led-pkg/status_led_pkg) by extension 'ros'
[2.042s] DEBUG:colcon.colcon_core.package_identification:Package 'aws-deepracer-status-led-pkg/status_led_pkg' with type 'ros.ament_python' and name 'status_led_pkg'
[2.042s] Level 1:colcon.colcon_core.package_identification:_identify(aws-deepracer-systems-pkg) by extensions ['ignore', 'ignore_ament_install']
[2.043s] Level 1:colcon.colcon_core.package_identification:_identify(aws-deepracer-systems-pkg) by extension 'ignore'
[2.043s] Level 1:colcon.colcon_core.package_identification:_identify(aws-deepracer-systems-pkg) by extension 'ignore_ament_install'
[2.043s] Level 1:colcon.colcon_core.package_identification:_identify(aws-deepracer-systems-pkg) by extensions ['colcon_pkg']
[2.043s] Level 1:colcon.colcon_core.package_identification:_identify(aws-deepracer-systems-pkg) by extension 'colcon_pkg'
[2.044s] Level 1:colcon.colcon_core.package_identification:_identify(aws-deepracer-systems-pkg) by extensions ['colcon_meta']
[2.044s] Level 1:colcon.colcon_core.package_identification:_identify(aws-deepracer-systems-pkg) by extension 'colcon_meta'
[2.044s] Level 1:colcon.colcon_core.package_identification:_identify(aws-deepracer-systems-pkg) by extensions ['ros']
[2.044s] Level 1:colcon.colcon_core.package_identification:_identify(aws-deepracer-systems-pkg) by extension 'ros'
[2.044s] Level 1:colcon.colcon_core.package_identification:_identify(aws-deepracer-systems-pkg) by extensions ['cmake', 'python']
[2.045s] Level 1:colcon.colcon_core.package_identification:_identify(aws-deepracer-systems-pkg) by extension 'cmake'
[2.045s] Level 1:colcon.colcon_core.package_identification:_identify(aws-deepracer-systems-pkg) by extension 'python'
[2.045s] Level 1:colcon.colcon_core.package_identification:_identify(aws-deepracer-systems-pkg) by extensions ['python_setup_py']
[2.045s] Level 1:colcon.colcon_core.package_identification:_identify(aws-deepracer-systems-pkg) by extension 'python_setup_py'
[2.046s] Level 1:colcon.colcon_core.package_identification:_identify(aws-deepracer-systems-pkg/deepracer_systems_pkg) by extensions ['ignore', 'ignore_ament_install']
[2.046s] Level 1:colcon.colcon_core.package_identification:_identify(aws-deepracer-systems-pkg/deepracer_systems_pkg) by extension 'ignore'
[2.046s] Level 1:colcon.colcon_core.package_identification:_identify(aws-deepracer-systems-pkg/deepracer_systems_pkg) by extension 'ignore_ament_install'
[2.047s] Level 1:colcon.colcon_core.package_identification:_identify(aws-deepracer-systems-pkg/deepracer_systems_pkg) by extensions ['colcon_pkg']
[2.047s] Level 1:colcon.colcon_core.package_identification:_identify(aws-deepracer-systems-pkg/deepracer_systems_pkg) by extension 'colcon_pkg'
[2.047s] Level 1:colcon.colcon_core.package_identification:_identify(aws-deepracer-systems-pkg/deepracer_systems_pkg) by extensions ['colcon_meta']
[2.047s] Level 1:colcon.colcon_core.package_identification:_identify(aws-deepracer-systems-pkg/deepracer_systems_pkg) by extension 'colcon_meta'
[2.047s] Level 1:colcon.colcon_core.package_identification:_identify(aws-deepracer-systems-pkg/deepracer_systems_pkg) by extensions ['ros']
[2.047s] Level 1:colcon.colcon_core.package_identification:_identify(aws-deepracer-systems-pkg/deepracer_systems_pkg) by extension 'ros'
[2.051s] DEBUG:colcon.colcon_core.package_identification:Package 'aws-deepracer-systems-pkg/deepracer_systems_pkg' with type 'ros.ament_python' and name 'deepracer_systems_pkg'
[2.051s] Level 1:colcon.colcon_core.package_identification:_identify(aws-deepracer-usb-monitor-pkg) by extensions ['ignore', 'ignore_ament_install']
[2.052s] Level 1:colcon.colcon_core.package_identification:_identify(aws-deepracer-usb-monitor-pkg) by extension 'ignore'
[2.052s] Level 1:colcon.colcon_core.package_identification:_identify(aws-deepracer-usb-monitor-pkg) by extension 'ignore_ament_install'
[2.052s] Level 1:colcon.colcon_core.package_identification:_identify(aws-deepracer-usb-monitor-pkg) by extensions ['colcon_pkg']
[2.052s] Level 1:colcon.colcon_core.package_identification:_identify(aws-deepracer-usb-monitor-pkg) by extension 'colcon_pkg'
[2.053s] Level 1:colcon.colcon_core.package_identification:_identify(aws-deepracer-usb-monitor-pkg) by extensions ['colcon_meta']
[2.053s] Level 1:colcon.colcon_core.package_identification:_identify(aws-deepracer-usb-monitor-pkg) by extension 'colcon_meta'
[2.053s] Level 1:colcon.colcon_core.package_identification:_identify(aws-deepracer-usb-monitor-pkg) by extensions ['ros']
[2.053s] Level 1:colcon.colcon_core.package_identification:_identify(aws-deepracer-usb-monitor-pkg) by extension 'ros'
[2.054s] Level 1:colcon.colcon_core.package_identification:_identify(aws-deepracer-usb-monitor-pkg) by extensions ['cmake', 'python']
[2.054s] Level 1:colcon.colcon_core.package_identification:_identify(aws-deepracer-usb-monitor-pkg) by extension 'cmake'
[2.054s] Level 1:colcon.colcon_core.package_identification:_identify(aws-deepracer-usb-monitor-pkg) by extension 'python'
[2.055s] Level 1:colcon.colcon_core.package_identification:_identify(aws-deepracer-usb-monitor-pkg) by extensions ['python_setup_py']
[2.055s] Level 1:colcon.colcon_core.package_identification:_identify(aws-deepracer-usb-monitor-pkg) by extension 'python_setup_py'
[2.055s] Level 1:colcon.colcon_core.package_identification:_identify(aws-deepracer-usb-monitor-pkg/usb_monitor_pkg) by extensions ['ignore', 'ignore_ament_install']
[2.056s] Level 1:colcon.colcon_core.package_identification:_identify(aws-deepracer-usb-monitor-pkg/usb_monitor_pkg) by extension 'ignore'
[2.056s] Level 1:colcon.colcon_core.package_identification:_identify(aws-deepracer-usb-monitor-pkg/usb_monitor_pkg) by extension 'ignore_ament_install'
[2.056s] Level 1:colcon.colcon_core.package_identification:_identify(aws-deepracer-usb-monitor-pkg/usb_monitor_pkg) by extensions ['colcon_pkg']
[2.056s] Level 1:colcon.colcon_core.package_identification:_identify(aws-deepracer-usb-monitor-pkg/usb_monitor_pkg) by extension 'colcon_pkg'
[2.056s] Level 1:colcon.colcon_core.package_identification:_identify(aws-deepracer-usb-monitor-pkg/usb_monitor_pkg) by extensions ['colcon_meta']
[2.057s] Level 1:colcon.colcon_core.package_identification:_identify(aws-deepracer-usb-monitor-pkg/usb_monitor_pkg) by extension 'colcon_meta'
[2.057s] Level 1:colcon.colcon_core.package_identification:_identify(aws-deepracer-usb-monitor-pkg/usb_monitor_pkg) by extensions ['ros']
[2.057s] Level 1:colcon.colcon_core.package_identification:_identify(aws-deepracer-usb-monitor-pkg/usb_monitor_pkg) by extension 'ros'
[2.060s] DEBUG:colcon.colcon_core.package_identification:Package 'aws-deepracer-usb-monitor-pkg/usb_monitor_pkg' with type 'ros.ament_python' and name 'usb_monitor_pkg'
[2.061s] Level 1:colcon.colcon_core.package_identification:_identify(aws-deepracer-webserver-pkg) by extensions ['ignore', 'ignore_ament_install']
[2.061s] Level 1:colcon.colcon_core.package_identification:_identify(aws-deepracer-webserver-pkg) by extension 'ignore'
[2.062s] Level 1:colcon.colcon_core.package_identification:_identify(aws-deepracer-webserver-pkg) by extension 'ignore_ament_install'
[2.062s] Level 1:colcon.colcon_core.package_identification:_identify(aws-deepracer-webserver-pkg) by extensions ['colcon_pkg']
[2.062s] Level 1:colcon.colcon_core.package_identification:_identify(aws-deepracer-webserver-pkg) by extension 'colcon_pkg'
[2.062s] Level 1:colcon.colcon_core.package_identification:_identify(aws-deepracer-webserver-pkg) by extensions ['colcon_meta']
[2.062s] Level 1:colcon.colcon_core.package_identification:_identify(aws-deepracer-webserver-pkg) by extension 'colcon_meta'
[2.063s] Level 1:colcon.colcon_core.package_identification:_identify(aws-deepracer-webserver-pkg) by extensions ['ros']
[2.063s] Level 1:colcon.colcon_core.package_identification:_identify(aws-deepracer-webserver-pkg) by extension 'ros'
[2.063s] Level 1:colcon.colcon_core.package_identification:_identify(aws-deepracer-webserver-pkg) by extensions ['cmake', 'python']
[2.063s] Level 1:colcon.colcon_core.package_identification:_identify(aws-deepracer-webserver-pkg) by extension 'cmake'
[2.064s] Level 1:colcon.colcon_core.package_identification:_identify(aws-deepracer-webserver-pkg) by extension 'python'
[2.064s] Level 1:colcon.colcon_core.package_identification:_identify(aws-deepracer-webserver-pkg) by extensions ['python_setup_py']
[2.064s] Level 1:colcon.colcon_core.package_identification:_identify(aws-deepracer-webserver-pkg) by extension 'python_setup_py'
[2.064s] Level 1:colcon.colcon_core.package_identification:_identify(aws-deepracer-webserver-pkg/webserver_pkg) by extensions ['ignore', 'ignore_ament_install']
[2.065s] Level 1:colcon.colcon_core.package_identification:_identify(aws-deepracer-webserver-pkg/webserver_pkg) by extension 'ignore'
[2.065s] Level 1:colcon.colcon_core.package_identification:_identify(aws-deepracer-webserver-pkg/webserver_pkg) by extension 'ignore_ament_install'
[2.065s] Level 1:colcon.colcon_core.package_identification:_identify(aws-deepracer-webserver-pkg/webserver_pkg) by extensions ['colcon_pkg']
[2.065s] Level 1:colcon.colcon_core.package_identification:_identify(aws-deepracer-webserver-pkg/webserver_pkg) by extension 'colcon_pkg'
[2.066s] Level 1:colcon.colcon_core.package_identification:_identify(aws-deepracer-webserver-pkg/webserver_pkg) by extensions ['colcon_meta']
[2.066s] Level 1:colcon.colcon_core.package_identification:_identify(aws-deepracer-webserver-pkg/webserver_pkg) by extension 'colcon_meta'
[2.066s] Level 1:colcon.colcon_core.package_identification:_identify(aws-deepracer-webserver-pkg/webserver_pkg) by extensions ['ros']
[2.066s] Level 1:colcon.colcon_core.package_identification:_identify(aws-deepracer-webserver-pkg/webserver_pkg) by extension 'ros'
[2.071s] DEBUG:colcon.colcon_core.package_identification:Package 'aws-deepracer-webserver-pkg/webserver_pkg' with type 'ros.ament_python' and name 'webserver_pkg'
[2.071s] Level 1:colcon.colcon_core.package_identification:_identify(build) by extensions ['ignore', 'ignore_ament_install']
[2.072s] Level 1:colcon.colcon_core.package_identification:_identify(build) by extension 'ignore'
[2.072s] Level 1:colcon.colcon_core.package_identification:_identify(build) ignored
[2.072s] Level 1:colcon.colcon_core.package_identification:_identify(deepracer_launcher) by extensions ['ignore', 'ignore_ament_install']
[2.073s] Level 1:colcon.colcon_core.package_identification:_identify(deepracer_launcher) by extension 'ignore'
[2.073s] Level 1:colcon.colcon_core.package_identification:_identify(deepracer_launcher) by extension 'ignore_ament_install'
[2.073s] Level 1:colcon.colcon_core.package_identification:_identify(deepracer_launcher) by extensions ['colcon_pkg']
[2.073s] Level 1:colcon.colcon_core.package_identification:_identify(deepracer_launcher) by extension 'colcon_pkg'
[2.073s] Level 1:colcon.colcon_core.package_identification:_identify(deepracer_launcher) by extensions ['colcon_meta']
[2.074s] Level 1:colcon.colcon_core.package_identification:_identify(deepracer_launcher) by extension 'colcon_meta'
[2.074s] Level 1:colcon.colcon_core.package_identification:_identify(deepracer_launcher) by extensions ['ros']
[2.074s] Level 1:colcon.colcon_core.package_identification:_identify(deepracer_launcher) by extension 'ros'
[2.081s] DEBUG:colcon.colcon_core.package_identification:Package 'deepracer_launcher' with type 'ros.ament_cmake' and name 'deepracer_launcher'
[2.082s] Level 1:colcon.colcon_core.package_identification:_identify(install) by extensions ['ignore', 'ignore_ament_install']
[2.082s] Level 1:colcon.colcon_core.package_identification:_identify(install) by extension 'ignore'
[2.083s] Level 1:colcon.colcon_core.package_identification:_identify(install) ignored
[2.083s] Level 1:colcon.colcon_core.package_identification:_identify(log) by extensions ['ignore', 'ignore_ament_install']
[2.083s] Level 1:colcon.colcon_core.package_identification:_identify(log) by extension 'ignore'
[2.084s] Level 1:colcon.colcon_core.package_identification:_identify(log) ignored
[2.084s] Level 1:colcon.colcon_core.package_identification:_identify(media) by extensions ['ignore', 'ignore_ament_install']
[2.084s] Level 1:colcon.colcon_core.package_identification:_identify(media) by extension 'ignore'
[2.085s] Level 1:colcon.colcon_core.package_identification:_identify(media) by extension 'ignore_ament_install'
[2.085s] Level 1:colcon.colcon_core.package_identification:_identify(media) by extensions ['colcon_pkg']
[2.085s] Level 1:colcon.colcon_core.package_identification:_identify(media) by extension 'colcon_pkg'
[2.085s] Level 1:colcon.colcon_core.package_identification:_identify(media) by extensions ['colcon_meta']
[2.085s] Level 1:colcon.colcon_core.package_identification:_identify(media) by extension 'colcon_meta'
[2.086s] Level 1:colcon.colcon_core.package_identification:_identify(media) by extensions ['ros']
[2.086s] Level 1:colcon.colcon_core.package_identification:_identify(media) by extension 'ros'
[2.086s] Level 1:colcon.colcon_core.package_identification:_identify(media) by extensions ['cmake', 'python']
[2.086s] Level 1:colcon.colcon_core.package_identification:_identify(media) by extension 'cmake'
[2.087s] Level 1:colcon.colcon_core.package_identification:_identify(media) by extension 'python'
[2.087s] Level 1:colcon.colcon_core.package_identification:_identify(media) by extensions ['python_setup_py']
[2.087s] Level 1:colcon.colcon_core.package_identification:_identify(media) by extension 'python_setup_py'
[2.088s] Level 1:colcon.colcon_core.package_identification:_identify(rplidar_ros) by extensions ['ignore', 'ignore_ament_install']
[2.088s] Level 1:colcon.colcon_core.package_identification:_identify(rplidar_ros) by extension 'ignore'
[2.088s] Level 1:colcon.colcon_core.package_identification:_identify(rplidar_ros) by extension 'ignore_ament_install'
[2.089s] Level 1:colcon.colcon_core.package_identification:_identify(rplidar_ros) by extensions ['colcon_pkg']
[2.089s] Level 1:colcon.colcon_core.package_identification:_identify(rplidar_ros) by extension 'colcon_pkg'
[2.089s] Level 1:colcon.colcon_core.package_identification:_identify(rplidar_ros) by extensions ['colcon_meta']
[2.089s] Level 1:colcon.colcon_core.package_identification:_identify(rplidar_ros) by extension 'colcon_meta'
[2.089s] Level 1:colcon.colcon_core.package_identification:_identify(rplidar_ros) by extensions ['ros']
[2.089s] Level 1:colcon.colcon_core.package_identification:_identify(rplidar_ros) by extension 'ros'
[2.092s] DEBUG:colcon.colcon_core.package_identification:Package 'rplidar_ros' with type 'ros.ament_cmake' and name 'rplidar_ros2'
[2.093s] Level 1:colcon.colcon_core.package_identification:_identify(web_video_server) by extensions ['ignore', 'ignore_ament_install']
[2.094s] Level 1:colcon.colcon_core.package_identification:_identify(web_video_server) by extension 'ignore'
[2.094s] Level 1:colcon.colcon_core.package_identification:_identify(web_video_server) by extension 'ignore_ament_install'
[2.094s] Level 1:colcon.colcon_core.package_identification:_identify(web_video_server) by extensions ['colcon_pkg']
[2.094s] Level 1:colcon.colcon_core.package_identification:_identify(web_video_server) by extension 'colcon_pkg'
[2.095s] Level 1:colcon.colcon_core.package_identification:_identify(web_video_server) by extensions ['colcon_meta']
[2.095s] Level 1:colcon.colcon_core.package_identification:_identify(web_video_server) by extension 'colcon_meta'
[2.095s] Level 1:colcon.colcon_core.package_identification:_identify(web_video_server) by extensions ['ros']
[2.095s] Level 1:colcon.colcon_core.package_identification:_identify(web_video_server) by extension 'ros'
[2.098s] DEBUG:colcon.colcon_core.package_identification:Package 'web_video_server' with type 'ros.ament_cmake' and name 'web_video_server'
[2.098s] Level 1:colcon.colcon_core.package_discovery:discover_packages(recursive) using defaults
[2.098s] Level 1:colcon.colcon_core.package_discovery:discover_packages(ignore) discover
[2.098s] Level 1:colcon.colcon_core.package_discovery:discover_packages(ignore) using defaults
[2.099s] Level 1:colcon.colcon_core.package_discovery:discover_packages(path) discover
[2.099s] Level 1:colcon.colcon_core.package_discovery:discover_packages(path) using defaults
[2.359s] INFO:colcon.colcon_core.package_selection:Skipping not selected package 'async_web_server_cpp' in 'async_web_server_cpp'
[2.359s] INFO:colcon.colcon_core.package_selection:Skipping not selected package 'deepracer_interfaces_pkg' in 'aws-deepracer-interfaces-pkg/deepracer_interfaces_pkg'
[2.360s] INFO:colcon.colcon_core.package_selection:Skipping not selected package 'rplidar_ros2' in 'rplidar_ros'
[2.360s] INFO:colcon.colcon_core.package_selection:Skipping not selected package 'camera_pkg' in 'aws-deepracer-camera-pkg/camera_pkg'
[2.360s] INFO:colcon.colcon_core.package_selection:Skipping not selected package 'deepracer_navigation_pkg' in 'aws-deepracer-navigation-pkg/deepracer_navigation_pkg'
[2.360s] INFO:colcon.colcon_core.package_selection:Skipping not selected package 'device_info_pkg' in 'aws-deepracer-device-info-pkg/device_info_pkg'
[2.360s] INFO:colcon.colcon_core.package_selection:Skipping not selected package 'i2c_pkg' in 'aws-deepracer-i2c-pkg/i2c_pkg'
[2.360s] INFO:colcon.colcon_core.package_selection:Skipping not selected package 'model_optimizer_pkg' in 'aws-deepracer-model-optimizer-pkg/model_optimizer_pkg'
[2.360s] INFO:colcon.colcon_core.package_selection:Skipping not selected package 'sensor_fusion_pkg' in 'aws-deepracer-sensor-fusion-pkg/sensor_fusion_pkg'
[2.360s] INFO:colcon.colcon_core.package_selection:Skipping not selected package 'servo_pkg' in 'aws-deepracer-servo-pkg/servo_pkg'
[2.360s] INFO:colcon.colcon_core.package_selection:Skipping not selected package 'status_led_pkg' in 'aws-deepracer-status-led-pkg/status_led_pkg'
[2.361s] INFO:colcon.colcon_core.package_selection:Skipping not selected package 'usb_monitor_pkg' in 'aws-deepracer-usb-monitor-pkg/usb_monitor_pkg'
[2.361s] INFO:colcon.colcon_core.package_selection:Skipping not selected package 'web_video_server' in 'web_video_server'
[2.361s] INFO:colcon.colcon_core.package_selection:Skipping not selected package 'ctrl_pkg' in 'aws-deepracer-ctrl-pkg/ctrl_pkg'
[2.361s] INFO:colcon.colcon_core.package_selection:Skipping not selected package 'deepracer_systems_pkg' in 'aws-deepracer-systems-pkg/deepracer_systems_pkg'
[2.361s] INFO:colcon.colcon_core.package_selection:Skipping not selected package 'webserver_pkg' in 'aws-deepracer-webserver-pkg/webserver_pkg'
[2.361s] INFO:colcon.colcon_core.package_selection:Skipping not selected package 'deepracer_launcher' in 'deepracer_launcher'
[2.375s] Level 5:colcon.colcon_core.verb:set package 'inference_pkg' build argument 'cmake_args' from command line to 'None'
[2.376s] Level 5:colcon.colcon_core.verb:set package 'inference_pkg' build argument 'cmake_target' from command line to 'None'
[2.376s] Level 5:colcon.colcon_core.verb:set package 'inference_pkg' build argument 'cmake_target_skip_unavailable' from command line to 'False'
[2.376s] Level 5:colcon.colcon_core.verb:set package 'inference_pkg' build argument 'cmake_clean_cache' from command line to 'False'
[2.376s] Level 5:colcon.colcon_core.verb:set package 'inference_pkg' build argument 'cmake_clean_first' from command line to 'False'
[2.376s] Level 5:colcon.colcon_core.verb:set package 'inference_pkg' build argument 'cmake_force_configure' from command line to 'False'
[2.376s] Level 5:colcon.colcon_core.verb:set package 'inference_pkg' build argument 'ament_cmake_args' from command line to 'None'
[2.376s] Level 5:colcon.colcon_core.verb:set package 'inference_pkg' build argument 'catkin_cmake_args' from command line to 'None'
[2.376s] Level 5:colcon.colcon_core.verb:set package 'inference_pkg' build argument 'catkin_skip_building_tests' from command line to 'False'
[2.377s] DEBUG:colcon.colcon_core.verb:Building package 'inference_pkg' with the following arguments: {'ament_cmake_args': None, 'build_base': '/root/deepracer_ws/aws-deepracer-launcher/build/inference_pkg', 'catkin_cmake_args': None, 'catkin_skip_building_tests': False, 'cmake_args': None, 'cmake_clean_cache': False, 'cmake_clean_first': False, 'cmake_force_configure': False, 'cmake_target': None, 'cmake_target_skip_unavailable': False, 'install_base': '/root/deepracer_ws/aws-deepracer-launcher/install/inference_pkg', 'merge_install': False, 'path': '/root/deepracer_ws/aws-deepracer-launcher/aws-deepracer-inference-pkg/inference_pkg', 'symlink_install': False, 'test_result_base': None}
[2.378s] INFO:colcon.colcon_core.executor:Executing jobs using 'parallel' executor
[2.389s] DEBUG:colcon.colcon_parallel_executor.executor.parallel:run_until_complete
[2.390s] INFO:colcon.colcon_ros.task.ament_cmake.build:Building ROS package in '/root/deepracer_ws/aws-deepracer-launcher/aws-deepracer-inference-pkg/inference_pkg' with build type 'ament_cmake'
[2.390s] INFO:colcon.colcon_cmake.task.cmake.build:Building CMake package in '/root/deepracer_ws/aws-deepracer-launcher/aws-deepracer-inference-pkg/inference_pkg'
[2.600s] INFO:colcon.colcon_core.plugin_system:Skipping extension 'colcon_core.shell.bat': Not used on non-Windows systems
[2.601s] INFO:colcon.colcon_core.shell:Skip shell extension 'powershell' for command environment: Not usable outside of PowerShell
[2.601s] DEBUG:colcon.colcon_core.shell:Skip shell extension 'dsv' for command environment
[2.621s] DEBUG:colcon.colcon_core.shell:Ignoring prefix path '/opt/ros/foxy'
[2.668s] DEBUG:colcon.colcon_core.event_handler.log_command:Invoking command in '/root/deepracer_ws/aws-deepracer-launcher/build/inference_pkg': CMAKE_PREFIX_PATH=/root/deepracer_ws/aws-deepracer-launcher/install/deepracer_interfaces_pkg:/root/deepracer_ws/aws-deepracer-launcher/install/deepracer_launcher:/root/deepracer_ws/aws-deepracer-launcher/install/web_video_server:/root/deepracer_ws/aws-deepracer-launcher/install/ctrl_pkg:/root/deepracer_ws/aws-deepracer-launcher/install/servo_pkg:/root/deepracer_ws/aws-deepracer-launcher/install/sensor_fusion_pkg:/root/deepracer_ws/aws-deepracer-launcher/install/rplidar_ros2:/root/deepracer_ws/aws-deepracer-launcher/install/inference_pkg:/root/deepracer_ws/aws-deepracer-launcher/install/i2c_pkg:/root/deepracer_ws/aws-deepracer-launcher/install/camera_pkg:/root/deepracer_ws/aws-deepracer-launcher/install/webserver_pkg:/root/deepracer_ws/aws-deepracer-launcher/install/deepracer_systems_pkg:/root/deepracer_ws/aws-deepracer-launcher/install/usb_monitor_pkg:/root/deepracer_ws/aws-deepracer-launcher/install/status_led_pkg:/root/deepracer_ws/aws-deepracer-launcher/install/model_optimizer_pkg:/root/deepracer_ws/aws-deepracer-launcher/install/device_info_pkg:/root/deepracer_ws/aws-deepracer-launcher/install/deepracer_navigation_pkg:/opt/ros/foxy:/root/deepracer_ws/aws-deepracer-launcher/install/async_web_server_cpp LD_LIBRARY_PATH=/root/deepracer_ws/aws-deepracer-launcher/install/deepracer_interfaces_pkg/lib:/home/deepracer/intel/openvino_2022/tools/compile_tool:/home/deepracer/intel/openvino_2022/runtime/3rdparty/tbb/lib:/home/deepracer/intel/openvino_2022/runtime/3rdparty/hddl/lib:/home/deepracer/intel/openvino_2022/runtime/lib/intel64:/opt/intel/openvino_2021/data_processing/dl_streamer/lib:/opt/intel/openvino_2021/data_processing/gstreamer/lib:/opt/intel/openvino_2021/opencv/lib:/opt/intel/openvino_2021/deployment_tools/ngraph/lib:/opt/intel/openvino_2021/deployment_tools/inference_engine/external/hddl_unite/lib:/opt/intel/openvino_2021/deployment_tools/inference_engine/external/hddl/lib:/opt/intel/openvino_2021/deployment_tools/inference_engine/external/gna/lib:/opt/intel/openvino_2021/deployment_tools/inference_engine/external/mkltiny_lnx/lib:/opt/intel/openvino_2021/deployment_tools/inference_engine/external/tbb/lib:/opt/intel/openvino_2021/deployment_tools/inference_engine/lib/intel64:/root/deepracer_ws/aws-deepracer-launcher/install/async_web_server_cpp/lib:/home/deepracer/intel/openvino_2022/tools/compile_tool:/home/deepracer/intel/openvino_2022/runtime/3rdparty/tbb/lib:/home/deepracer/intel/openvino_2022/runtime/3rdparty/hddl/lib:/home/deepracer/intel/openvino_2022/runtime/lib/intel64:/opt/ros/foxy/opt/yaml_cpp_vendor/lib:/opt/ros/foxy/opt/rviz_ogre_vendor/lib:/opt/ros/foxy/lib/x86_64-linux-gnu:/opt/ros/foxy/lib PYTHONPATH=/root/deepracer_ws/aws-deepracer-launcher/install/deepracer_interfaces_pkg/lib/python3.8/site-packages:/home/deepracer/intel/openvino_2022/python/python3.8:/home/deepracer/intel/openvino_2022/python/python3:/opt/intel/openvino_2021/python/python3.8:/opt/intel/openvino_2021/python/python3:/opt/intel/openvino_2021/deployment_tools/tools/post_training_optimization_toolkit:/opt/intel/openvino_2021/deployment_tools/open_model_zoo/tools/accuracy_checker:/opt/intel/openvino_2021/deployment_tools/model_optimizer:/opt/intel/openvino_2021/data_processing/dl_streamer/python:/opt/intel/openvino_2021/data_processing/gstreamer/lib/python3.6/site-packages:/root/deepracer_ws/aws-deepracer-launcher/install/webserver_pkg/lib/python3.8/site-packages:/root/deepracer_ws/aws-deepracer-launcher/install/deepracer_systems_pkg/lib/python3.8/site-packages:/root/deepracer_ws/aws-deepracer-launcher/install/usb_monitor_pkg/lib/python3.8/site-packages:/root/deepracer_ws/aws-deepracer-launcher/install/status_led_pkg/lib/python3.8/site-packages:/root/deepracer_ws/aws-deepracer-launcher/install/model_optimizer_pkg/lib/python3.8/site-packages:/root/deepracer_ws/aws-deepracer-launcher/install/device_info_pkg/lib/python3.8/site-packages:/root/deepracer_ws/aws-deepracer-launcher/install/deepracer_navigation_pkg/lib/python3.8/site-packages:/home/deepracer/intel/openvino_2022/python/python3.8:/home/deepracer/intel/openvino_2022/python/python3:/opt/ros/foxy/lib/python3.8/site-packages /usr/bin/cmake --build /root/deepracer_ws/aws-deepracer-launcher/build/inference_pkg -- -j2 -l2
[40.603s] DEBUG:colcon.colcon_core.event_handler.log_command:Invoked command in '/root/deepracer_ws/aws-deepracer-launcher/build/inference_pkg' returned '0': CMAKE_PREFIX_PATH=/root/deepracer_ws/aws-deepracer-launcher/install/deepracer_interfaces_pkg:/root/deepracer_ws/aws-deepracer-launcher/install/deepracer_launcher:/root/deepracer_ws/aws-deepracer-launcher/install/web_video_server:/root/deepracer_ws/aws-deepracer-launcher/install/ctrl_pkg:/root/deepracer_ws/aws-deepracer-launcher/install/servo_pkg:/root/deepracer_ws/aws-deepracer-launcher/install/sensor_fusion_pkg:/root/deepracer_ws/aws-deepracer-launcher/install/rplidar_ros2:/root/deepracer_ws/aws-deepracer-launcher/install/inference_pkg:/root/deepracer_ws/aws-deepracer-launcher/install/i2c_pkg:/root/deepracer_ws/aws-deepracer-launcher/install/camera_pkg:/root/deepracer_ws/aws-deepracer-launcher/install/webserver_pkg:/root/deepracer_ws/aws-deepracer-launcher/install/deepracer_systems_pkg:/root/deepracer_ws/aws-deepracer-launcher/install/usb_monitor_pkg:/root/deepracer_ws/aws-deepracer-launcher/install/status_led_pkg:/root/deepracer_ws/aws-deepracer-launcher/install/model_optimizer_pkg:/root/deepracer_ws/aws-deepracer-launcher/install/device_info_pkg:/root/deepracer_ws/aws-deepracer-launcher/install/deepracer_navigation_pkg:/opt/ros/foxy:/root/deepracer_ws/aws-deepracer-launcher/install/async_web_server_cpp LD_LIBRARY_PATH=/root/deepracer_ws/aws-deepracer-launcher/install/deepracer_interfaces_pkg/lib:/home/deepracer/intel/openvino_2022/tools/compile_tool:/home/deepracer/intel/openvino_2022/runtime/3rdparty/tbb/lib:/home/deepracer/intel/openvino_2022/runtime/3rdparty/hddl/lib:/home/deepracer/intel/openvino_2022/runtime/lib/intel64:/opt/intel/openvino_2021/data_processing/dl_streamer/lib:/opt/intel/openvino_2021/data_processing/gstreamer/lib:/opt/intel/openvino_2021/opencv/lib:/opt/intel/openvino_2021/deployment_tools/ngraph/lib:/opt/intel/openvino_2021/deployment_tools/inference_engine/external/hddl_unite/lib:/opt/intel/openvino_2021/deployment_tools/inference_engine/external/hddl/lib:/opt/intel/openvino_2021/deployment_tools/inference_engine/external/gna/lib:/opt/intel/openvino_2021/deployment_tools/inference_engine/external/mkltiny_lnx/lib:/opt/intel/openvino_2021/deployment_tools/inference_engine/external/tbb/lib:/opt/intel/openvino_2021/deployment_tools/inference_engine/lib/intel64:/root/deepracer_ws/aws-deepracer-launcher/install/async_web_server_cpp/lib:/home/deepracer/intel/openvino_2022/tools/compile_tool:/home/deepracer/intel/openvino_2022/runtime/3rdparty/tbb/lib:/home/deepracer/intel/openvino_2022/runtime/3rdparty/hddl/lib:/home/deepracer/intel/openvino_2022/runtime/lib/intel64:/opt/ros/foxy/opt/yaml_cpp_vendor/lib:/opt/ros/foxy/opt/rviz_ogre_vendor/lib:/opt/ros/foxy/lib/x86_64-linux-gnu:/opt/ros/foxy/lib PYTHONPATH=/root/deepracer_ws/aws-deepracer-launcher/install/deepracer_interfaces_pkg/lib/python3.8/site-packages:/home/deepracer/intel/openvino_2022/python/python3.8:/home/deepracer/intel/openvino_2022/python/python3:/opt/intel/openvino_2021/python/python3.8:/opt/intel/openvino_2021/python/python3:/opt/intel/openvino_2021/deployment_tools/tools/post_training_optimization_toolkit:/opt/intel/openvino_2021/deployment_tools/open_model_zoo/tools/accuracy_checker:/opt/intel/openvino_2021/deployment_tools/model_optimizer:/opt/intel/openvino_2021/data_processing/dl_streamer/python:/opt/intel/openvino_2021/data_processing/gstreamer/lib/python3.6/site-packages:/root/deepracer_ws/aws-deepracer-launcher/install/webserver_pkg/lib/python3.8/site-packages:/root/deepracer_ws/aws-deepracer-launcher/install/deepracer_systems_pkg/lib/python3.8/site-packages:/root/deepracer_ws/aws-deepracer-launcher/install/usb_monitor_pkg/lib/python3.8/site-packages:/root/deepracer_ws/aws-deepracer-launcher/install/status_led_pkg/lib/python3.8/site-packages:/root/deepracer_ws/aws-deepracer-launcher/install/model_optimizer_pkg/lib/python3.8/site-packages:/root/deepracer_ws/aws-deepracer-launcher/install/device_info_pkg/lib/python3.8/site-packages:/root/deepracer_ws/aws-deepracer-launcher/install/deepracer_navigation_pkg/lib/python3.8/site-packages:/home/deepracer/intel/openvino_2022/python/python3.8:/home/deepracer/intel/openvino_2022/python/python3:/opt/ros/foxy/lib/python3.8/site-packages /usr/bin/cmake --build /root/deepracer_ws/aws-deepracer-launcher/build/inference_pkg -- -j2 -l2
[40.945s] DEBUG:colcon.colcon_core.event_handler.log_command:Invoking command in '/root/deepracer_ws/aws-deepracer-launcher/build/inference_pkg': CMAKE_PREFIX_PATH=/root/deepracer_ws/aws-deepracer-launcher/install/deepracer_interfaces_pkg:/root/deepracer_ws/aws-deepracer-launcher/install/deepracer_launcher:/root/deepracer_ws/aws-deepracer-launcher/install/web_video_server:/root/deepracer_ws/aws-deepracer-launcher/install/ctrl_pkg:/root/deepracer_ws/aws-deepracer-launcher/install/servo_pkg:/root/deepracer_ws/aws-deepracer-launcher/install/sensor_fusion_pkg:/root/deepracer_ws/aws-deepracer-launcher/install/rplidar_ros2:/root/deepracer_ws/aws-deepracer-launcher/install/inference_pkg:/root/deepracer_ws/aws-deepracer-launcher/install/i2c_pkg:/root/deepracer_ws/aws-deepracer-launcher/install/camera_pkg:/root/deepracer_ws/aws-deepracer-launcher/install/webserver_pkg:/root/deepracer_ws/aws-deepracer-launcher/install/deepracer_systems_pkg:/root/deepracer_ws/aws-deepracer-launcher/install/usb_monitor_pkg:/root/deepracer_ws/aws-deepracer-launcher/install/status_led_pkg:/root/deepracer_ws/aws-deepracer-launcher/install/model_optimizer_pkg:/root/deepracer_ws/aws-deepracer-launcher/install/device_info_pkg:/root/deepracer_ws/aws-deepracer-launcher/install/deepracer_navigation_pkg:/opt/ros/foxy:/root/deepracer_ws/aws-deepracer-launcher/install/async_web_server_cpp LD_LIBRARY_PATH=/root/deepracer_ws/aws-deepracer-launcher/install/deepracer_interfaces_pkg/lib:/home/deepracer/intel/openvino_2022/tools/compile_tool:/home/deepracer/intel/openvino_2022/runtime/3rdparty/tbb/lib:/home/deepracer/intel/openvino_2022/runtime/3rdparty/hddl/lib:/home/deepracer/intel/openvino_2022/runtime/lib/intel64:/opt/intel/openvino_2021/data_processing/dl_streamer/lib:/opt/intel/openvino_2021/data_processing/gstreamer/lib:/opt/intel/openvino_2021/opencv/lib:/opt/intel/openvino_2021/deployment_tools/ngraph/lib:/opt/intel/openvino_2021/deployment_tools/inference_engine/external/hddl_unite/lib:/opt/intel/openvino_2021/deployment_tools/inference_engine/external/hddl/lib:/opt/intel/openvino_2021/deployment_tools/inference_engine/external/gna/lib:/opt/intel/openvino_2021/deployment_tools/inference_engine/external/mkltiny_lnx/lib:/opt/intel/openvino_2021/deployment_tools/inference_engine/external/tbb/lib:/opt/intel/openvino_2021/deployment_tools/inference_engine/lib/intel64:/root/deepracer_ws/aws-deepracer-launcher/install/async_web_server_cpp/lib:/home/deepracer/intel/openvino_2022/tools/compile_tool:/home/deepracer/intel/openvino_2022/runtime/3rdparty/tbb/lib:/home/deepracer/intel/openvino_2022/runtime/3rdparty/hddl/lib:/home/deepracer/intel/openvino_2022/runtime/lib/intel64:/opt/ros/foxy/opt/yaml_cpp_vendor/lib:/opt/ros/foxy/opt/rviz_ogre_vendor/lib:/opt/ros/foxy/lib/x86_64-linux-gnu:/opt/ros/foxy/lib PYTHONPATH=/root/deepracer_ws/aws-deepracer-launcher/install/deepracer_interfaces_pkg/lib/python3.8/site-packages:/home/deepracer/intel/openvino_2022/python/python3.8:/home/deepracer/intel/openvino_2022/python/python3:/opt/intel/openvino_2021/python/python3.8:/opt/intel/openvino_2021/python/python3:/opt/intel/openvino_2021/deployment_tools/tools/post_training_optimization_toolkit:/opt/intel/openvino_2021/deployment_tools/open_model_zoo/tools/accuracy_checker:/opt/intel/openvino_2021/deployment_tools/model_optimizer:/opt/intel/openvino_2021/data_processing/dl_streamer/python:/opt/intel/openvino_2021/data_processing/gstreamer/lib/python3.6/site-packages:/root/deepracer_ws/aws-deepracer-launcher/install/webserver_pkg/lib/python3.8/site-packages:/root/deepracer_ws/aws-deepracer-launcher/install/deepracer_systems_pkg/lib/python3.8/site-packages:/root/deepracer_ws/aws-deepracer-launcher/install/usb_monitor_pkg/lib/python3.8/site-packages:/root/deepracer_ws/aws-deepracer-launcher/install/status_led_pkg/lib/python3.8/site-packages:/root/deepracer_ws/aws-deepracer-launcher/install/model_optimizer_pkg/lib/python3.8/site-packages:/root/deepracer_ws/aws-deepracer-launcher/install/device_info_pkg/lib/python3.8/site-packages:/root/deepracer_ws/aws-deepracer-launcher/install/deepracer_navigation_pkg/lib/python3.8/site-packages:/home/deepracer/intel/openvino_2022/python/python3.8:/home/deepracer/intel/openvino_2022/python/python3:/opt/ros/foxy/lib/python3.8/site-packages /usr/bin/cmake --install /root/deepracer_ws/aws-deepracer-launcher/build/inference_pkg
[41.270s] Level 1:colcon.colcon_core.environment:create_environment_scripts_only(inference_pkg)
[41.279s] DEBUG:colcon.colcon_core.event_handler.log_command:Invoked command in '/root/deepracer_ws/aws-deepracer-launcher/build/inference_pkg' returned '0': CMAKE_PREFIX_PATH=/root/deepracer_ws/aws-deepracer-launcher/install/deepracer_interfaces_pkg:/root/deepracer_ws/aws-deepracer-launcher/install/deepracer_launcher:/root/deepracer_ws/aws-deepracer-launcher/install/web_video_server:/root/deepracer_ws/aws-deepracer-launcher/install/ctrl_pkg:/root/deepracer_ws/aws-deepracer-launcher/install/servo_pkg:/root/deepracer_ws/aws-deepracer-launcher/install/sensor_fusion_pkg:/root/deepracer_ws/aws-deepracer-launcher/install/rplidar_ros2:/root/deepracer_ws/aws-deepracer-launcher/install/inference_pkg:/root/deepracer_ws/aws-deepracer-launcher/install/i2c_pkg:/root/deepracer_ws/aws-deepracer-launcher/install/camera_pkg:/root/deepracer_ws/aws-deepracer-launcher/install/webserver_pkg:/root/deepracer_ws/aws-deepracer-launcher/install/deepracer_systems_pkg:/root/deepracer_ws/aws-deepracer-launcher/install/usb_monitor_pkg:/root/deepracer_ws/aws-deepracer-launcher/install/status_led_pkg:/root/deepracer_ws/aws-deepracer-launcher/install/model_optimizer_pkg:/root/deepracer_ws/aws-deepracer-launcher/install/device_info_pkg:/root/deepracer_ws/aws-deepracer-launcher/install/deepracer_navigation_pkg:/opt/ros/foxy:/root/deepracer_ws/aws-deepracer-launcher/install/async_web_server_cpp LD_LIBRARY_PATH=/root/deepracer_ws/aws-deepracer-launcher/install/deepracer_interfaces_pkg/lib:/home/deepracer/intel/openvino_2022/tools/compile_tool:/home/deepracer/intel/openvino_2022/runtime/3rdparty/tbb/lib:/home/deepracer/intel/openvino_2022/runtime/3rdparty/hddl/lib:/home/deepracer/intel/openvino_2022/runtime/lib/intel64:/opt/intel/openvino_2021/data_processing/dl_streamer/lib:/opt/intel/openvino_2021/data_processing/gstreamer/lib:/opt/intel/openvino_2021/opencv/lib:/opt/intel/openvino_2021/deployment_tools/ngraph/lib:/opt/intel/openvino_2021/deployment_tools/inference_engine/external/hddl_unite/lib:/opt/intel/openvino_2021/deployment_tools/inference_engine/external/hddl/lib:/opt/intel/openvino_2021/deployment_tools/inference_engine/external/gna/lib:/opt/intel/openvino_2021/deployment_tools/inference_engine/external/mkltiny_lnx/lib:/opt/intel/openvino_2021/deployment_tools/inference_engine/external/tbb/lib:/opt/intel/openvino_2021/deployment_tools/inference_engine/lib/intel64:/root/deepracer_ws/aws-deepracer-launcher/install/async_web_server_cpp/lib:/home/deepracer/intel/openvino_2022/tools/compile_tool:/home/deepracer/intel/openvino_2022/runtime/3rdparty/tbb/lib:/home/deepracer/intel/openvino_2022/runtime/3rdparty/hddl/lib:/home/deepracer/intel/openvino_2022/runtime/lib/intel64:/opt/ros/foxy/opt/yaml_cpp_vendor/lib:/opt/ros/foxy/opt/rviz_ogre_vendor/lib:/opt/ros/foxy/lib/x86_64-linux-gnu:/opt/ros/foxy/lib PYTHONPATH=/root/deepracer_ws/aws-deepracer-launcher/install/deepracer_interfaces_pkg/lib/python3.8/site-packages:/home/deepracer/intel/openvino_2022/python/python3.8:/home/deepracer/intel/openvino_2022/python/python3:/opt/intel/openvino_2021/python/python3.8:/opt/intel/openvino_2021/python/python3:/opt/intel/openvino_2021/deployment_tools/tools/post_training_optimization_toolkit:/opt/intel/openvino_2021/deployment_tools/open_model_zoo/tools/accuracy_checker:/opt/intel/openvino_2021/deployment_tools/model_optimizer:/opt/intel/openvino_2021/data_processing/dl_streamer/python:/opt/intel/openvino_2021/data_processing/gstreamer/lib/python3.6/site-packages:/root/deepracer_ws/aws-deepracer-launcher/install/webserver_pkg/lib/python3.8/site-packages:/root/deepracer_ws/aws-deepracer-launcher/install/deepracer_systems_pkg/lib/python3.8/site-packages:/root/deepracer_ws/aws-deepracer-launcher/install/usb_monitor_pkg/lib/python3.8/site-packages:/root/deepracer_ws/aws-deepracer-launcher/install/status_led_pkg/lib/python3.8/site-packages:/root/deepracer_ws/aws-deepracer-launcher/install/model_optimizer_pkg/lib/python3.8/site-packages:/root/deepracer_ws/aws-deepracer-launcher/install/device_info_pkg/lib/python3.8/site-packages:/root/deepracer_ws/aws-deepracer-launcher/install/deepracer_navigation_pkg/lib/python3.8/site-packages:/home/deepracer/intel/openvino_2022/python/python3.8:/home/deepracer/intel/openvino_2022/python/python3:/opt/ros/foxy/lib/python3.8/site-packages /usr/bin/cmake --install /root/deepracer_ws/aws-deepracer-launcher/build/inference_pkg
[41.298s] Level 1:colcon.colcon_core.environment:checking '/root/deepracer_ws/aws-deepracer-launcher/install/inference_pkg' for CMake module files
[41.301s] Level 1:colcon.colcon_core.environment:checking '/root/deepracer_ws/aws-deepracer-launcher/install/inference_pkg' for CMake config files
[41.302s] Level 1:colcon.colcon_core.shell:create_environment_hook('inference_pkg', 'cmake_prefix_path')
[41.305s] INFO:colcon.colcon_core.shell:Creating environment hook '/root/deepracer_ws/aws-deepracer-launcher/install/inference_pkg/share/inference_pkg/hook/cmake_prefix_path.ps1'
[41.307s] INFO:colcon.colcon_core.shell:Creating environment descriptor '/root/deepracer_ws/aws-deepracer-launcher/install/inference_pkg/share/inference_pkg/hook/cmake_prefix_path.dsv'
[41.309s] INFO:colcon.colcon_core.shell:Creating environment hook '/root/deepracer_ws/aws-deepracer-launcher/install/inference_pkg/share/inference_pkg/hook/cmake_prefix_path.sh'
[41.313s] Level 1:colcon.colcon_core.environment:checking '/root/deepracer_ws/aws-deepracer-launcher/install/inference_pkg/lib'
[41.314s] Level 1:colcon.colcon_core.environment:checking '/root/deepracer_ws/aws-deepracer-launcher/install/inference_pkg/bin'
[41.315s] Level 1:colcon.colcon_core.environment:checking '/root/deepracer_ws/aws-deepracer-launcher/install/inference_pkg/lib/pkgconfig/inference_pkg.pc'
[41.315s] Level 1:colcon.colcon_core.environment:checking '/root/deepracer_ws/aws-deepracer-launcher/install/inference_pkg/lib/python3.8/site-packages'
[41.317s] INFO:colcon.colcon_core.shell:Creating package script '/root/deepracer_ws/aws-deepracer-launcher/install/inference_pkg/share/inference_pkg/package.ps1'
[41.325s] INFO:colcon.colcon_core.shell:Creating package descriptor '/root/deepracer_ws/aws-deepracer-launcher/install/inference_pkg/share/inference_pkg/package.dsv'
[41.332s] INFO:colcon.colcon_core.shell:Creating package script '/root/deepracer_ws/aws-deepracer-launcher/install/inference_pkg/share/inference_pkg/package.sh'
[41.336s] INFO:colcon.colcon_core.shell:Creating package script '/root/deepracer_ws/aws-deepracer-launcher/install/inference_pkg/share/inference_pkg/package.bash'
[41.339s] INFO:colcon.colcon_core.shell:Creating package script '/root/deepracer_ws/aws-deepracer-launcher/install/inference_pkg/share/inference_pkg/package.zsh'
[41.342s] Level 1:colcon.colcon_core.environment:create_file_with_runtime_dependencies(/root/deepracer_ws/aws-deepracer-launcher/install/inference_pkg/share/colcon-core/packages/inference_pkg)
[41.471s] Level 1:colcon.colcon_core.environment:create_environment_scripts_only(inference_pkg)
[41.475s] Level 1:colcon.colcon_core.environment:checking '/root/deepracer_ws/aws-deepracer-launcher/install/inference_pkg' for CMake module files
[41.478s] Level 1:colcon.colcon_core.environment:checking '/root/deepracer_ws/aws-deepracer-launcher/install/inference_pkg' for CMake config files
[41.479s] Level 1:colcon.colcon_core.shell:create_environment_hook('inference_pkg', 'cmake_prefix_path')
[41.481s] INFO:colcon.colcon_core.shell:Creating environment hook '/root/deepracer_ws/aws-deepracer-launcher/install/inference_pkg/share/inference_pkg/hook/cmake_prefix_path.ps1'
[41.483s] INFO:colcon.colcon_core.shell:Creating environment descriptor '/root/deepracer_ws/aws-deepracer-launcher/install/inference_pkg/share/inference_pkg/hook/cmake_prefix_path.dsv'
[41.484s] INFO:colcon.colcon_core.shell:Creating environment hook '/root/deepracer_ws/aws-deepracer-launcher/install/inference_pkg/share/inference_pkg/hook/cmake_prefix_path.sh'
[41.491s] Level 1:colcon.colcon_core.environment:checking '/root/deepracer_ws/aws-deepracer-launcher/install/inference_pkg/lib'
[41.492s] Level 1:colcon.colcon_core.environment:checking '/root/deepracer_ws/aws-deepracer-launcher/install/inference_pkg/bin'
[41.492s] Level 1:colcon.colcon_core.environment:checking '/root/deepracer_ws/aws-deepracer-launcher/install/inference_pkg/lib/pkgconfig/inference_pkg.pc'
[41.492s] Level 1:colcon.colcon_core.environment:checking '/root/deepracer_ws/aws-deepracer-launcher/install/inference_pkg/lib/python3.8/site-packages'
[41.499s] INFO:colcon.colcon_core.shell:Creating package script '/root/deepracer_ws/aws-deepracer-launcher/install/inference_pkg/share/inference_pkg/package.ps1'
[41.501s] INFO:colcon.colcon_core.shell:Creating package descriptor '/root/deepracer_ws/aws-deepracer-launcher/install/inference_pkg/share/inference_pkg/package.dsv'
[41.503s] INFO:colcon.colcon_core.shell:Creating package script '/root/deepracer_ws/aws-deepracer-launcher/install/inference_pkg/share/inference_pkg/package.sh'
[41.505s] INFO:colcon.colcon_core.shell:Creating package script '/root/deepracer_ws/aws-deepracer-launcher/install/inference_pkg/share/inference_pkg/package.bash'
[41.507s] INFO:colcon.colcon_core.shell:Creating package script '/root/deepracer_ws/aws-deepracer-launcher/install/inference_pkg/share/inference_pkg/package.zsh'
[41.509s] Level 1:colcon.colcon_core.environment:create_file_with_runtime_dependencies(/root/deepracer_ws/aws-deepracer-launcher/install/inference_pkg/share/colcon-core/packages/inference_pkg)
[41.511s] DEBUG:colcon.colcon_parallel_executor.executor.parallel:closing loop
[41.514s] DEBUG:colcon.colcon_parallel_executor.executor.parallel:loop closed
[41.514s] DEBUG:colcon.colcon_parallel_executor.executor.parallel:run_until_complete finished with '0'
[41.514s] DEBUG:colcon.colcon_core.event_reactor:joining thread
[41.684s] INFO:colcon.colcon_core.plugin_system:Skipping extension 'colcon_notification.desktop_notification.terminal_notifier': Not used on non-Darwin systems
[41.684s] INFO:colcon.colcon_core.plugin_system:Skipping extension 'colcon_notification.desktop_notification.win32': Not used on non-Windows systems
[41.684s] INFO:colcon.colcon_notification.desktop_notification:Sending desktop notification using 'notify2'
[41.710s] DEBUG:colcon.colcon_notification.desktop_notification.notify2:Failed to initialize notify2: org.freedesktop.DBus.Error.ServiceUnknown: The name org.freedesktop.Notifications was not provided by any .service files
[41.710s] DEBUG:colcon.colcon_core.event_reactor:joined thread
[41.714s] INFO:colcon.colcon_core.shell:Creating prefix script '/root/deepracer_ws/aws-deepracer-launcher/install/local_setup.ps1'
[41.719s] INFO:colcon.colcon_core.shell:Creating prefix util module '/root/deepracer_ws/aws-deepracer-launcher/install/_local_setup_util_ps1.py'
[41.725s] INFO:colcon.colcon_core.shell:Creating prefix chain script '/root/deepracer_ws/aws-deepracer-launcher/install/setup.ps1'
[41.737s] INFO:colcon.colcon_core.shell:Creating prefix script '/root/deepracer_ws/aws-deepracer-launcher/install/local_setup.sh'
[41.741s] INFO:colcon.colcon_core.shell:Creating prefix util module '/root/deepracer_ws/aws-deepracer-launcher/install/_local_setup_util_sh.py'
[41.743s] INFO:colcon.colcon_core.shell:Creating prefix chain script '/root/deepracer_ws/aws-deepracer-launcher/install/setup.sh'
[41.755s] INFO:colcon.colcon_core.shell:Creating prefix script '/root/deepracer_ws/aws-deepracer-launcher/install/local_setup.bash'
[41.759s] INFO:colcon.colcon_core.shell:Creating prefix chain script '/root/deepracer_ws/aws-deepracer-launcher/install/setup.bash'
[41.771s] INFO:colcon.colcon_core.shell:Creating prefix script '/root/deepracer_ws/aws-deepracer-launcher/install/local_setup.zsh'
[41.774s] INFO:colcon.colcon_core.shell:Creating prefix chain script '/root/deepracer_ws/aws-deepracer-launcher/install/setup.zsh'
