[1.106s] DEBUG:colcon:Command line arguments: ['/usr/bin/colcon', 'build', '--packages-select', 'aws-deepracer-inference-pkg', 'inference_pkg']
[1.107s] DEBUG:colcon:Parsed command line arguments: Namespace(ament_cmake_args=None, base_paths=['.'], build_base='build', catkin_cmake_args=None, catkin_skip_building_tests=False, cmake_args=None, cmake_clean_cache=False, cmake_clean_first=False, cmake_force_configure=False, cmake_target=None, cmake_target_skip_unavailable=False, continue_on_error=False, event_handlers=None, executor='parallel', ignore_user_meta=False, install_base='install', log_base=None, log_level=None, main=<bound method BuildVerb.main of <colcon_core.verb.build.BuildVerb object at 0x7f2cda9cd520>>, merge_install=False, metas=['./colcon.meta'], packages_above=None, packages_above_and_dependencies=None, packages_above_depth=None, packages_end=None, packages_ignore=None, packages_ignore_regex=None, packages_select=['aws-deepracer-inference-pkg', 'inference_pkg'], packages_select_build_failed=False, packages_select_by_dep=None, packages_select_regex=None, packages_select_test_failures=False, packages_skip=None, packages_skip_build_finished=False, packages_skip_by_dep=None, packages_skip_regex=None, packages_skip_test_passed=False, packages_skip_up_to=None, packages_start=None, packages_up_to=None, packages_up_to_regex=None, parallel_workers=2, paths=None, symlink_install=False, test_result_base=None, verb_extension=<colcon_core.verb.build.BuildVerb object at 0x7f2cda9cd520>, verb_name='build', verb_parser=<colcon_defaults.argument_parser.defaults.DefaultArgumentsDecorator object at 0x7f2cda9cda60>)
[1.134s] Level 1:colcon.colcon_core.package_discovery:discover_packages(colcon_meta) check parameters
[1.134s] Level 1:colcon.colcon_core.package_discovery:discover_packages(recursive) check parameters
[1.134s] Level 1:colcon.colcon_core.package_discovery:discover_packages(ignore) check parameters
[1.135s] Level 1:colcon.colcon_core.package_discovery:discover_packages(path) check parameters
[1.135s] Level 1:colcon.colcon_core.package_discovery:discover_packages(colcon_meta) discover
[1.135s] Level 1:colcon.colcon_core.package_discovery:discover_packages(recursive) discover
[1.135s] INFO:colcon.colcon_core.package_discovery:Crawling recursively for packages in '/root/deepracer_ws/aws-deepracer-launcher'
[1.136s] Level 1:colcon.colcon_core.package_identification:_identify(.) by extensions ['ignore', 'ignore_ament_install']
[1.136s] Level 1:colcon.colcon_core.package_identification:_identify(.) by extension 'ignore'
[1.136s] Level 1:colcon.colcon_core.package_identification:_identify(.) by extension 'ignore_ament_install'
[1.138s] Level 1:colcon.colcon_core.package_identification:_identify(.) by extensions ['colcon_pkg']
[1.139s] Level 1:colcon.colcon_core.package_identification:_identify(.) by extension 'colcon_pkg'
[1.139s] Level 1:colcon.colcon_core.package_identification:_identify(.) by extensions ['colcon_meta']
[1.139s] Level 1:colcon.colcon_core.package_identification:_identify(.) by extension 'colcon_meta'
[1.140s] Level 1:colcon.colcon_core.package_identification:_identify(.) by extensions ['ros']
[1.140s] Level 1:colcon.colcon_core.package_identification:_identify(.) by extension 'ros'
[1.189s] Level 1:colcon.colcon_core.package_identification:_identify(.) by extensions ['cmake', 'python']
[1.189s] Level 1:colcon.colcon_core.package_identification:_identify(.) by extension 'cmake'
[1.189s] Level 1:colcon.colcon_core.package_identification:_identify(.) by extension 'python'
[1.189s] Level 1:colcon.colcon_core.package_identification:_identify(.) by extensions ['python_setup_py']
[1.189s] Level 1:colcon.colcon_core.package_identification:_identify(.) by extension 'python_setup_py'
[1.190s] Level 1:colcon.colcon_core.package_identification:_identify(async_web_server_cpp) by extensions ['ignore', 'ignore_ament_install']
[1.190s] Level 1:colcon.colcon_core.package_identification:_identify(async_web_server_cpp) by extension 'ignore'
[1.191s] Level 1:colcon.colcon_core.package_identification:_identify(async_web_server_cpp) by extension 'ignore_ament_install'
[1.191s] Level 1:colcon.colcon_core.package_identification:_identify(async_web_server_cpp) by extensions ['colcon_pkg']
[1.191s] Level 1:colcon.colcon_core.package_identification:_identify(async_web_server_cpp) by extension 'colcon_pkg'
[1.191s] Level 1:colcon.colcon_core.package_identification:_identify(async_web_server_cpp) by extensions ['colcon_meta']
[1.191s] Level 1:colcon.colcon_core.package_identification:_identify(async_web_server_cpp) by extension 'colcon_meta'
[1.192s] Level 1:colcon.colcon_core.package_identification:_identify(async_web_server_cpp) by extensions ['ros']
[1.192s] Level 1:colcon.colcon_core.package_identification:_identify(async_web_server_cpp) by extension 'ros'
[1.362s] DEBUG:colcon.colcon_core.package_identification:Package 'async_web_server_cpp' with type 'ros.catkin' and name 'async_web_server_cpp'
[1.362s] Level 1:colcon.colcon_core.package_identification:_identify(aws-deepracer-camera-pkg) by extensions ['ignore', 'ignore_ament_install']
[1.363s] Level 1:colcon.colcon_core.package_identification:_identify(aws-deepracer-camera-pkg) by extension 'ignore'
[1.363s] Level 1:colcon.colcon_core.package_identification:_identify(aws-deepracer-camera-pkg) by extension 'ignore_ament_install'
[1.363s] Level 1:colcon.colcon_core.package_identification:_identify(aws-deepracer-camera-pkg) by extensions ['colcon_pkg']
[1.363s] Level 1:colcon.colcon_core.package_identification:_identify(aws-deepracer-camera-pkg) by extension 'colcon_pkg'
[1.364s] Level 1:colcon.colcon_core.package_identification:_identify(aws-deepracer-camera-pkg) by extensions ['colcon_meta']
[1.364s] Level 1:colcon.colcon_core.package_identification:_identify(aws-deepracer-camera-pkg) by extension 'colcon_meta'
[1.364s] Level 1:colcon.colcon_core.package_identification:_identify(aws-deepracer-camera-pkg) by extensions ['ros']
[1.364s] Level 1:colcon.colcon_core.package_identification:_identify(aws-deepracer-camera-pkg) by extension 'ros'
[1.364s] Level 1:colcon.colcon_core.package_identification:_identify(aws-deepracer-camera-pkg) by extensions ['cmake', 'python']
[1.365s] Level 1:colcon.colcon_core.package_identification:_identify(aws-deepracer-camera-pkg) by extension 'cmake'
[1.365s] Level 1:colcon.colcon_core.package_identification:_identify(aws-deepracer-camera-pkg) by extension 'python'
[1.365s] Level 1:colcon.colcon_core.package_identification:_identify(aws-deepracer-camera-pkg) by extensions ['python_setup_py']
[1.365s] Level 1:colcon.colcon_core.package_identification:_identify(aws-deepracer-camera-pkg) by extension 'python_setup_py'
[1.366s] Level 1:colcon.colcon_core.package_identification:_identify(aws-deepracer-camera-pkg/camera_pkg) by extensions ['ignore', 'ignore_ament_install']
[1.366s] Level 1:colcon.colcon_core.package_identification:_identify(aws-deepracer-camera-pkg/camera_pkg) by extension 'ignore'
[1.376s] Level 1:colcon.colcon_core.package_identification:_identify(aws-deepracer-camera-pkg/camera_pkg) by extension 'ignore_ament_install'
[1.376s] Level 1:colcon.colcon_core.package_identification:_identify(aws-deepracer-camera-pkg/camera_pkg) by extensions ['colcon_pkg']
[1.376s] Level 1:colcon.colcon_core.package_identification:_identify(aws-deepracer-camera-pkg/camera_pkg) by extension 'colcon_pkg'
[1.377s] Level 1:colcon.colcon_core.package_identification:_identify(aws-deepracer-camera-pkg/camera_pkg) by extensions ['colcon_meta']
[1.377s] Level 1:colcon.colcon_core.package_identification:_identify(aws-deepracer-camera-pkg/camera_pkg) by extension 'colcon_meta'
[1.377s] Level 1:colcon.colcon_core.package_identification:_identify(aws-deepracer-camera-pkg/camera_pkg) by extensions ['ros']
[1.377s] Level 1:colcon.colcon_core.package_identification:_identify(aws-deepracer-camera-pkg/camera_pkg) by extension 'ros'
[1.381s] DEBUG:colcon.colcon_core.package_identification:Package 'aws-deepracer-camera-pkg/camera_pkg' with type 'ros.ament_cmake' and name 'camera_pkg'
[1.382s] Level 1:colcon.colcon_core.package_identification:_identify(aws-deepracer-ctrl-pkg) by extensions ['ignore', 'ignore_ament_install']
[1.382s] Level 1:colcon.colcon_core.package_identification:_identify(aws-deepracer-ctrl-pkg) by extension 'ignore'
[1.382s] Level 1:colcon.colcon_core.package_identification:_identify(aws-deepracer-ctrl-pkg) by extension 'ignore_ament_install'
[1.382s] Level 1:colcon.colcon_core.package_identification:_identify(aws-deepracer-ctrl-pkg) by extensions ['colcon_pkg']
[1.383s] Level 1:colcon.colcon_core.package_identification:_identify(aws-deepracer-ctrl-pkg) by extension 'colcon_pkg'
[1.394s] Level 1:colcon.colcon_core.package_identification:_identify(aws-deepracer-ctrl-pkg) by extensions ['colcon_meta']
[1.395s] Level 1:colcon.colcon_core.package_identification:_identify(aws-deepracer-ctrl-pkg) by extension 'colcon_meta'
[1.395s] Level 1:colcon.colcon_core.package_identification:_identify(aws-deepracer-ctrl-pkg) by extensions ['ros']
[1.395s] Level 1:colcon.colcon_core.package_identification:_identify(aws-deepracer-ctrl-pkg) by extension 'ros'
[1.395s] Level 1:colcon.colcon_core.package_identification:_identify(aws-deepracer-ctrl-pkg) by extensions ['cmake', 'python']
[1.395s] Level 1:colcon.colcon_core.package_identification:_identify(aws-deepracer-ctrl-pkg) by extension 'cmake'
[1.396s] Level 1:colcon.colcon_core.package_identification:_identify(aws-deepracer-ctrl-pkg) by extension 'python'
[1.396s] Level 1:colcon.colcon_core.package_identification:_identify(aws-deepracer-ctrl-pkg) by extensions ['python_setup_py']
[1.396s] Level 1:colcon.colcon_core.package_identification:_identify(aws-deepracer-ctrl-pkg) by extension 'python_setup_py'
[1.396s] Level 1:colcon.colcon_core.package_identification:_identify(aws-deepracer-ctrl-pkg/ctrl_pkg) by extensions ['ignore', 'ignore_ament_install']
[1.397s] Level 1:colcon.colcon_core.package_identification:_identify(aws-deepracer-ctrl-pkg/ctrl_pkg) by extension 'ignore'
[1.397s] Level 1:colcon.colcon_core.package_identification:_identify(aws-deepracer-ctrl-pkg/ctrl_pkg) by extension 'ignore_ament_install'
[1.397s] Level 1:colcon.colcon_core.package_identification:_identify(aws-deepracer-ctrl-pkg/ctrl_pkg) by extensions ['colcon_pkg']
[1.397s] Level 1:colcon.colcon_core.package_identification:_identify(aws-deepracer-ctrl-pkg/ctrl_pkg) by extension 'colcon_pkg'
[1.398s] Level 1:colcon.colcon_core.package_identification:_identify(aws-deepracer-ctrl-pkg/ctrl_pkg) by extensions ['colcon_meta']
[1.398s] Level 1:colcon.colcon_core.package_identification:_identify(aws-deepracer-ctrl-pkg/ctrl_pkg) by extension 'colcon_meta'
[1.398s] Level 1:colcon.colcon_core.package_identification:_identify(aws-deepracer-ctrl-pkg/ctrl_pkg) by extensions ['ros']
[1.398s] Level 1:colcon.colcon_core.package_identification:_identify(aws-deepracer-ctrl-pkg/ctrl_pkg) by extension 'ros'
[1.412s] DEBUG:colcon.colcon_core.package_identification:Package 'aws-deepracer-ctrl-pkg/ctrl_pkg' with type 'ros.ament_cmake' and name 'ctrl_pkg'
[1.413s] Level 1:colcon.colcon_core.package_identification:_identify(aws-deepracer-device-info-pkg) by extensions ['ignore', 'ignore_ament_install']
[1.413s] Level 1:colcon.colcon_core.package_identification:_identify(aws-deepracer-device-info-pkg) by extension 'ignore'
[1.417s] Level 1:colcon.colcon_core.package_identification:_identify(aws-deepracer-device-info-pkg) by extension 'ignore_ament_install'
[1.417s] Level 1:colcon.colcon_core.package_identification:_identify(aws-deepracer-device-info-pkg) by extensions ['colcon_pkg']
[1.418s] Level 1:colcon.colcon_core.package_identification:_identify(aws-deepracer-device-info-pkg) by extension 'colcon_pkg'
[1.418s] Level 1:colcon.colcon_core.package_identification:_identify(aws-deepracer-device-info-pkg) by extensions ['colcon_meta']
[1.418s] Level 1:colcon.colcon_core.package_identification:_identify(aws-deepracer-device-info-pkg) by extension 'colcon_meta'
[1.418s] Level 1:colcon.colcon_core.package_identification:_identify(aws-deepracer-device-info-pkg) by extensions ['ros']
[1.418s] Level 1:colcon.colcon_core.package_identification:_identify(aws-deepracer-device-info-pkg) by extension 'ros'
[1.419s] Level 1:colcon.colcon_core.package_identification:_identify(aws-deepracer-device-info-pkg) by extensions ['cmake', 'python']
[1.419s] Level 1:colcon.colcon_core.package_identification:_identify(aws-deepracer-device-info-pkg) by extension 'cmake'
[1.419s] Level 1:colcon.colcon_core.package_identification:_identify(aws-deepracer-device-info-pkg) by extension 'python'
[1.419s] Level 1:colcon.colcon_core.package_identification:_identify(aws-deepracer-device-info-pkg) by extensions ['python_setup_py']
[1.419s] Level 1:colcon.colcon_core.package_identification:_identify(aws-deepracer-device-info-pkg) by extension 'python_setup_py'
[1.420s] Level 1:colcon.colcon_core.package_identification:_identify(aws-deepracer-device-info-pkg/device_info_pkg) by extensions ['ignore', 'ignore_ament_install']
[1.420s] Level 1:colcon.colcon_core.package_identification:_identify(aws-deepracer-device-info-pkg/device_info_pkg) by extension 'ignore'
[1.420s] Level 1:colcon.colcon_core.package_identification:_identify(aws-deepracer-device-info-pkg/device_info_pkg) by extension 'ignore_ament_install'
[1.421s] Level 1:colcon.colcon_core.package_identification:_identify(aws-deepracer-device-info-pkg/device_info_pkg) by extensions ['colcon_pkg']
[1.421s] Level 1:colcon.colcon_core.package_identification:_identify(aws-deepracer-device-info-pkg/device_info_pkg) by extension 'colcon_pkg'
[1.421s] Level 1:colcon.colcon_core.package_identification:_identify(aws-deepracer-device-info-pkg/device_info_pkg) by extensions ['colcon_meta']
[1.421s] Level 1:colcon.colcon_core.package_identification:_identify(aws-deepracer-device-info-pkg/device_info_pkg) by extension 'colcon_meta'
[1.421s] Level 1:colcon.colcon_core.package_identification:_identify(aws-deepracer-device-info-pkg/device_info_pkg) by extensions ['ros']
[1.421s] Level 1:colcon.colcon_core.package_identification:_identify(aws-deepracer-device-info-pkg/device_info_pkg) by extension 'ros'
[1.577s] DEBUG:colcon.colcon_core.package_identification:Package 'aws-deepracer-device-info-pkg/device_info_pkg' with type 'ros.ament_python' and name 'device_info_pkg'
[1.578s] Level 1:colcon.colcon_core.package_identification:_identify(aws-deepracer-i2c-pkg) by extensions ['ignore', 'ignore_ament_install']
[1.578s] Level 1:colcon.colcon_core.package_identification:_identify(aws-deepracer-i2c-pkg) by extension 'ignore'
[1.579s] Level 1:colcon.colcon_core.package_identification:_identify(aws-deepracer-i2c-pkg) by extension 'ignore_ament_install'
[1.579s] Level 1:colcon.colcon_core.package_identification:_identify(aws-deepracer-i2c-pkg) by extensions ['colcon_pkg']
[1.579s] Level 1:colcon.colcon_core.package_identification:_identify(aws-deepracer-i2c-pkg) by extension 'colcon_pkg'
[1.579s] Level 1:colcon.colcon_core.package_identification:_identify(aws-deepracer-i2c-pkg) by extensions ['colcon_meta']
[1.579s] Level 1:colcon.colcon_core.package_identification:_identify(aws-deepracer-i2c-pkg) by extension 'colcon_meta'
[1.580s] Level 1:colcon.colcon_core.package_identification:_identify(aws-deepracer-i2c-pkg) by extensions ['ros']
[1.580s] Level 1:colcon.colcon_core.package_identification:_identify(aws-deepracer-i2c-pkg) by extension 'ros'
[1.580s] Level 1:colcon.colcon_core.package_identification:_identify(aws-deepracer-i2c-pkg) by extensions ['cmake', 'python']
[1.580s] Level 1:colcon.colcon_core.package_identification:_identify(aws-deepracer-i2c-pkg) by extension 'cmake'
[1.580s] Level 1:colcon.colcon_core.package_identification:_identify(aws-deepracer-i2c-pkg) by extension 'python'
[1.581s] Level 1:colcon.colcon_core.package_identification:_identify(aws-deepracer-i2c-pkg) by extensions ['python_setup_py']
[1.581s] Level 1:colcon.colcon_core.package_identification:_identify(aws-deepracer-i2c-pkg) by extension 'python_setup_py'
[1.581s] Level 1:colcon.colcon_core.package_identification:_identify(aws-deepracer-i2c-pkg/i2c_pkg) by extensions ['ignore', 'ignore_ament_install']
[1.582s] Level 1:colcon.colcon_core.package_identification:_identify(aws-deepracer-i2c-pkg/i2c_pkg) by extension 'ignore'
[1.582s] Level 1:colcon.colcon_core.package_identification:_identify(aws-deepracer-i2c-pkg/i2c_pkg) by extension 'ignore_ament_install'
[1.582s] Level 1:colcon.colcon_core.package_identification:_identify(aws-deepracer-i2c-pkg/i2c_pkg) by extensions ['colcon_pkg']
[1.582s] Level 1:colcon.colcon_core.package_identification:_identify(aws-deepracer-i2c-pkg/i2c_pkg) by extension 'colcon_pkg'
[1.582s] Level 1:colcon.colcon_core.package_identification:_identify(aws-deepracer-i2c-pkg/i2c_pkg) by extensions ['colcon_meta']
[1.583s] Level 1:colcon.colcon_core.package_identification:_identify(aws-deepracer-i2c-pkg/i2c_pkg) by extension 'colcon_meta'
[1.583s] Level 1:colcon.colcon_core.package_identification:_identify(aws-deepracer-i2c-pkg/i2c_pkg) by extensions ['ros']
[1.583s] Level 1:colcon.colcon_core.package_identification:_identify(aws-deepracer-i2c-pkg/i2c_pkg) by extension 'ros'
[1.587s] DEBUG:colcon.colcon_core.package_identification:Package 'aws-deepracer-i2c-pkg/i2c_pkg' with type 'ros.ament_cmake' and name 'i2c_pkg'
[1.588s] Level 1:colcon.colcon_core.package_identification:_identify(aws-deepracer-inference-pkg) by extensions ['ignore', 'ignore_ament_install']
[1.588s] Level 1:colcon.colcon_core.package_identification:_identify(aws-deepracer-inference-pkg) by extension 'ignore'
[1.588s] Level 1:colcon.colcon_core.package_identification:_identify(aws-deepracer-inference-pkg) by extension 'ignore_ament_install'
[1.589s] Level 1:colcon.colcon_core.package_identification:_identify(aws-deepracer-inference-pkg) by extensions ['colcon_pkg']
[1.589s] Level 1:colcon.colcon_core.package_identification:_identify(aws-deepracer-inference-pkg) by extension 'colcon_pkg'
[1.593s] Level 1:colcon.colcon_core.package_identification:_identify(aws-deepracer-inference-pkg) by extensions ['colcon_meta']
[1.593s] Level 1:colcon.colcon_core.package_identification:_identify(aws-deepracer-inference-pkg) by extension 'colcon_meta'
[1.594s] Level 1:colcon.colcon_core.package_identification:_identify(aws-deepracer-inference-pkg) by extensions ['ros']
[1.594s] Level 1:colcon.colcon_core.package_identification:_identify(aws-deepracer-inference-pkg) by extension 'ros'
[1.594s] Level 1:colcon.colcon_core.package_identification:_identify(aws-deepracer-inference-pkg) by extensions ['cmake', 'python']
[1.594s] Level 1:colcon.colcon_core.package_identification:_identify(aws-deepracer-inference-pkg) by extension 'cmake'
[1.594s] Level 1:colcon.colcon_core.package_identification:_identify(aws-deepracer-inference-pkg) by extension 'python'
[1.595s] Level 1:colcon.colcon_core.package_identification:_identify(aws-deepracer-inference-pkg) by extensions ['python_setup_py']
[1.595s] Level 1:colcon.colcon_core.package_identification:_identify(aws-deepracer-inference-pkg) by extension 'python_setup_py'
[1.595s] Level 1:colcon.colcon_core.package_identification:_identify(aws-deepracer-inference-pkg/inference_pkg) by extensions ['ignore', 'ignore_ament_install']
[1.596s] Level 1:colcon.colcon_core.package_identification:_identify(aws-deepracer-inference-pkg/inference_pkg) by extension 'ignore'
[1.596s] Level 1:colcon.colcon_core.package_identification:_identify(aws-deepracer-inference-pkg/inference_pkg) by extension 'ignore_ament_install'
[1.596s] Level 1:colcon.colcon_core.package_identification:_identify(aws-deepracer-inference-pkg/inference_pkg) by extensions ['colcon_pkg']
[1.596s] Level 1:colcon.colcon_core.package_identification:_identify(aws-deepracer-inference-pkg/inference_pkg) by extension 'colcon_pkg'
[1.596s] Level 1:colcon.colcon_core.package_identification:_identify(aws-deepracer-inference-pkg/inference_pkg) by extensions ['colcon_meta']
[1.597s] Level 1:colcon.colcon_core.package_identification:_identify(aws-deepracer-inference-pkg/inference_pkg) by extension 'colcon_meta'
[1.597s] Level 1:colcon.colcon_core.package_identification:_identify(aws-deepracer-inference-pkg/inference_pkg) by extensions ['ros']
[1.597s] Level 1:colcon.colcon_core.package_identification:_identify(aws-deepracer-inference-pkg/inference_pkg) by extension 'ros'
[1.600s] DEBUG:colcon.colcon_core.package_identification:Package 'aws-deepracer-inference-pkg/inference_pkg' with type 'ros.ament_cmake' and name 'inference_pkg'
[1.607s] Level 1:colcon.colcon_core.package_identification:_identify(aws-deepracer-inference-pkg/inference_pkg_new) by extensions ['ignore', 'ignore_ament_install']
[1.607s] Level 1:colcon.colcon_core.package_identification:_identify(aws-deepracer-inference-pkg/inference_pkg_new) by extension 'ignore'
[1.608s] Level 1:colcon.colcon_core.package_identification:_identify(aws-deepracer-inference-pkg/inference_pkg_new) by extension 'ignore_ament_install'
[1.608s] Level 1:colcon.colcon_core.package_identification:_identify(aws-deepracer-inference-pkg/inference_pkg_new) by extensions ['colcon_pkg']
[1.608s] Level 1:colcon.colcon_core.package_identification:_identify(aws-deepracer-inference-pkg/inference_pkg_new) by extension 'colcon_pkg'
[1.608s] Level 1:colcon.colcon_core.package_identification:_identify(aws-deepracer-inference-pkg/inference_pkg_new) by extensions ['colcon_meta']
[1.608s] Level 1:colcon.colcon_core.package_identification:_identify(aws-deepracer-inference-pkg/inference_pkg_new) by extension 'colcon_meta'
[1.609s] Level 1:colcon.colcon_core.package_identification:_identify(aws-deepracer-inference-pkg/inference_pkg_new) by extensions ['ros']
[1.612s] Level 1:colcon.colcon_core.package_identification:_identify(aws-deepracer-inference-pkg/inference_pkg_new) by extension 'ros'
[1.615s] DEBUG:colcon.colcon_core.package_identification:Package 'aws-deepracer-inference-pkg/inference_pkg_new' with type 'ros.ament_cmake' and name 'inference_pkg'
[1.616s] Level 1:colcon.colcon_core.package_identification:_identify(aws-deepracer-interfaces-pkg) by extensions ['ignore', 'ignore_ament_install']
[1.616s] Level 1:colcon.colcon_core.package_identification:_identify(aws-deepracer-interfaces-pkg) by extension 'ignore'
[1.617s] Level 1:colcon.colcon_core.package_identification:_identify(aws-deepracer-interfaces-pkg) by extension 'ignore_ament_install'
[1.620s] Level 1:colcon.colcon_core.package_identification:_identify(aws-deepracer-interfaces-pkg) by extensions ['colcon_pkg']
[1.620s] Level 1:colcon.colcon_core.package_identification:_identify(aws-deepracer-interfaces-pkg) by extension 'colcon_pkg'
[1.621s] Level 1:colcon.colcon_core.package_identification:_identify(aws-deepracer-interfaces-pkg) by extensions ['colcon_meta']
[1.621s] Level 1:colcon.colcon_core.package_identification:_identify(aws-deepracer-interfaces-pkg) by extension 'colcon_meta'
[1.621s] Level 1:colcon.colcon_core.package_identification:_identify(aws-deepracer-interfaces-pkg) by extensions ['ros']
[1.621s] Level 1:colcon.colcon_core.package_identification:_identify(aws-deepracer-interfaces-pkg) by extension 'ros'
[1.622s] Level 1:colcon.colcon_core.package_identification:_identify(aws-deepracer-interfaces-pkg) by extensions ['cmake', 'python']
[1.622s] Level 1:colcon.colcon_core.package_identification:_identify(aws-deepracer-interfaces-pkg) by extension 'cmake'
[1.622s] Level 1:colcon.colcon_core.package_identification:_identify(aws-deepracer-interfaces-pkg) by extension 'python'
[1.622s] Level 1:colcon.colcon_core.package_identification:_identify(aws-deepracer-interfaces-pkg) by extensions ['python_setup_py']
[1.622s] Level 1:colcon.colcon_core.package_identification:_identify(aws-deepracer-interfaces-pkg) by extension 'python_setup_py'
[1.623s] Level 1:colcon.colcon_core.package_identification:_identify(aws-deepracer-interfaces-pkg/deepracer_interfaces_pkg) by extensions ['ignore', 'ignore_ament_install']
[1.623s] Level 1:colcon.colcon_core.package_identification:_identify(aws-deepracer-interfaces-pkg/deepracer_interfaces_pkg) by extension 'ignore'
[1.624s] Level 1:colcon.colcon_core.package_identification:_identify(aws-deepracer-interfaces-pkg/deepracer_interfaces_pkg) by extension 'ignore_ament_install'
[1.624s] Level 1:colcon.colcon_core.package_identification:_identify(aws-deepracer-interfaces-pkg/deepracer_interfaces_pkg) by extensions ['colcon_pkg']
[1.624s] Level 1:colcon.colcon_core.package_identification:_identify(aws-deepracer-interfaces-pkg/deepracer_interfaces_pkg) by extension 'colcon_pkg'
[1.624s] Level 1:colcon.colcon_core.package_identification:_identify(aws-deepracer-interfaces-pkg/deepracer_interfaces_pkg) by extensions ['colcon_meta']
[1.624s] Level 1:colcon.colcon_core.package_identification:_identify(aws-deepracer-interfaces-pkg/deepracer_interfaces_pkg) by extension 'colcon_meta'
[1.625s] Level 1:colcon.colcon_core.package_identification:_identify(aws-deepracer-interfaces-pkg/deepracer_interfaces_pkg) by extensions ['ros']
[1.625s] Level 1:colcon.colcon_core.package_identification:_identify(aws-deepracer-interfaces-pkg/deepracer_interfaces_pkg) by extension 'ros'
[1.634s] DEBUG:colcon.colcon_core.package_identification:Package 'aws-deepracer-interfaces-pkg/deepracer_interfaces_pkg' with type 'ros.ament_cmake' and name 'deepracer_interfaces_pkg'
[1.634s] Level 1:colcon.colcon_core.package_identification:_identify(aws-deepracer-model-optimizer-pkg) by extensions ['ignore', 'ignore_ament_install']
[1.635s] Level 1:colcon.colcon_core.package_identification:_identify(aws-deepracer-model-optimizer-pkg) by extension 'ignore'
[1.635s] Level 1:colcon.colcon_core.package_identification:_identify(aws-deepracer-model-optimizer-pkg) by extension 'ignore_ament_install'
[1.635s] Level 1:colcon.colcon_core.package_identification:_identify(aws-deepracer-model-optimizer-pkg) by extensions ['colcon_pkg']
[1.635s] Level 1:colcon.colcon_core.package_identification:_identify(aws-deepracer-model-optimizer-pkg) by extension 'colcon_pkg'
[1.636s] Level 1:colcon.colcon_core.package_identification:_identify(aws-deepracer-model-optimizer-pkg) by extensions ['colcon_meta']
[1.636s] Level 1:colcon.colcon_core.package_identification:_identify(aws-deepracer-model-optimizer-pkg) by extension 'colcon_meta'
[1.636s] Level 1:colcon.colcon_core.package_identification:_identify(aws-deepracer-model-optimizer-pkg) by extensions ['ros']
[1.636s] Level 1:colcon.colcon_core.package_identification:_identify(aws-deepracer-model-optimizer-pkg) by extension 'ros'
[1.636s] Level 1:colcon.colcon_core.package_identification:_identify(aws-deepracer-model-optimizer-pkg) by extensions ['cmake', 'python']
[1.637s] Level 1:colcon.colcon_core.package_identification:_identify(aws-deepracer-model-optimizer-pkg) by extension 'cmake'
[1.637s] Level 1:colcon.colcon_core.package_identification:_identify(aws-deepracer-model-optimizer-pkg) by extension 'python'
[1.637s] Level 1:colcon.colcon_core.package_identification:_identify(aws-deepracer-model-optimizer-pkg) by extensions ['python_setup_py']
[1.637s] Level 1:colcon.colcon_core.package_identification:_identify(aws-deepracer-model-optimizer-pkg) by extension 'python_setup_py'
[1.638s] Level 1:colcon.colcon_core.package_identification:_identify(aws-deepracer-model-optimizer-pkg/model_optimizer_pkg) by extensions ['ignore', 'ignore_ament_install']
[1.638s] Level 1:colcon.colcon_core.package_identification:_identify(aws-deepracer-model-optimizer-pkg/model_optimizer_pkg) by extension 'ignore'
[1.638s] Level 1:colcon.colcon_core.package_identification:_identify(aws-deepracer-model-optimizer-pkg/model_optimizer_pkg) by extension 'ignore_ament_install'
[1.638s] Level 1:colcon.colcon_core.package_identification:_identify(aws-deepracer-model-optimizer-pkg/model_optimizer_pkg) by extensions ['colcon_pkg']
[1.639s] Level 1:colcon.colcon_core.package_identification:_identify(aws-deepracer-model-optimizer-pkg/model_optimizer_pkg) by extension 'colcon_pkg'
[1.639s] Level 1:colcon.colcon_core.package_identification:_identify(aws-deepracer-model-optimizer-pkg/model_optimizer_pkg) by extensions ['colcon_meta']
[1.639s] Level 1:colcon.colcon_core.package_identification:_identify(aws-deepracer-model-optimizer-pkg/model_optimizer_pkg) by extension 'colcon_meta'
[1.639s] Level 1:colcon.colcon_core.package_identification:_identify(aws-deepracer-model-optimizer-pkg/model_optimizer_pkg) by extensions ['ros']
[1.639s] Level 1:colcon.colcon_core.package_identification:_identify(aws-deepracer-model-optimizer-pkg/model_optimizer_pkg) by extension 'ros'
[1.807s] DEBUG:colcon.colcon_core.package_identification:Package 'aws-deepracer-model-optimizer-pkg/model_optimizer_pkg' with type 'ros.ament_python' and name 'model_optimizer_pkg'
[1.807s] Level 1:colcon.colcon_core.package_identification:_identify(aws-deepracer-navigation-pkg) by extensions ['ignore', 'ignore_ament_install']
[1.808s] Level 1:colcon.colcon_core.package_identification:_identify(aws-deepracer-navigation-pkg) by extension 'ignore'
[1.808s] Level 1:colcon.colcon_core.package_identification:_identify(aws-deepracer-navigation-pkg) by extension 'ignore_ament_install'
[1.808s] Level 1:colcon.colcon_core.package_identification:_identify(aws-deepracer-navigation-pkg) by extensions ['colcon_pkg']
[1.808s] Level 1:colcon.colcon_core.package_identification:_identify(aws-deepracer-navigation-pkg) by extension 'colcon_pkg'
[1.809s] Level 1:colcon.colcon_core.package_identification:_identify(aws-deepracer-navigation-pkg) by extensions ['colcon_meta']
[1.809s] Level 1:colcon.colcon_core.package_identification:_identify(aws-deepracer-navigation-pkg) by extension 'colcon_meta'
[1.809s] Level 1:colcon.colcon_core.package_identification:_identify(aws-deepracer-navigation-pkg) by extensions ['ros']
[1.809s] Level 1:colcon.colcon_core.package_identification:_identify(aws-deepracer-navigation-pkg) by extension 'ros'
[1.809s] Level 1:colcon.colcon_core.package_identification:_identify(aws-deepracer-navigation-pkg) by extensions ['cmake', 'python']
[1.810s] Level 1:colcon.colcon_core.package_identification:_identify(aws-deepracer-navigation-pkg) by extension 'cmake'
[1.810s] Level 1:colcon.colcon_core.package_identification:_identify(aws-deepracer-navigation-pkg) by extension 'python'
[1.810s] Level 1:colcon.colcon_core.package_identification:_identify(aws-deepracer-navigation-pkg) by extensions ['python_setup_py']
[1.810s] Level 1:colcon.colcon_core.package_identification:_identify(aws-deepracer-navigation-pkg) by extension 'python_setup_py'
[1.811s] Level 1:colcon.colcon_core.package_identification:_identify(aws-deepracer-navigation-pkg/deepracer_navigation_pkg) by extensions ['ignore', 'ignore_ament_install']
[1.812s] Level 1:colcon.colcon_core.package_identification:_identify(aws-deepracer-navigation-pkg/deepracer_navigation_pkg) by extension 'ignore'
[1.812s] Level 1:colcon.colcon_core.package_identification:_identify(aws-deepracer-navigation-pkg/deepracer_navigation_pkg) by extension 'ignore_ament_install'
[1.812s] Level 1:colcon.colcon_core.package_identification:_identify(aws-deepracer-navigation-pkg/deepracer_navigation_pkg) by extensions ['colcon_pkg']
[1.812s] Level 1:colcon.colcon_core.package_identification:_identify(aws-deepracer-navigation-pkg/deepracer_navigation_pkg) by extension 'colcon_pkg'
[1.812s] Level 1:colcon.colcon_core.package_identification:_identify(aws-deepracer-navigation-pkg/deepracer_navigation_pkg) by extensions ['colcon_meta']
[1.813s] Level 1:colcon.colcon_core.package_identification:_identify(aws-deepracer-navigation-pkg/deepracer_navigation_pkg) by extension 'colcon_meta'
[1.813s] Level 1:colcon.colcon_core.package_identification:_identify(aws-deepracer-navigation-pkg/deepracer_navigation_pkg) by extensions ['ros']
[1.813s] Level 1:colcon.colcon_core.package_identification:_identify(aws-deepracer-navigation-pkg/deepracer_navigation_pkg) by extension 'ros'
[1.819s] DEBUG:colcon.colcon_core.package_identification:Package 'aws-deepracer-navigation-pkg/deepracer_navigation_pkg' with type 'ros.ament_python' and name 'deepracer_navigation_pkg'
[1.820s] Level 1:colcon.colcon_core.package_identification:_identify(aws-deepracer-sensor-fusion-pkg) by extensions ['ignore', 'ignore_ament_install']
[1.820s] Level 1:colcon.colcon_core.package_identification:_identify(aws-deepracer-sensor-fusion-pkg) by extension 'ignore'
[1.820s] Level 1:colcon.colcon_core.package_identification:_identify(aws-deepracer-sensor-fusion-pkg) by extension 'ignore_ament_install'
[1.821s] Level 1:colcon.colcon_core.package_identification:_identify(aws-deepracer-sensor-fusion-pkg) by extensions ['colcon_pkg']
[1.821s] Level 1:colcon.colcon_core.package_identification:_identify(aws-deepracer-sensor-fusion-pkg) by extension 'colcon_pkg'
[1.821s] Level 1:colcon.colcon_core.package_identification:_identify(aws-deepracer-sensor-fusion-pkg) by extensions ['colcon_meta']
[1.821s] Level 1:colcon.colcon_core.package_identification:_identify(aws-deepracer-sensor-fusion-pkg) by extension 'colcon_meta'
[1.821s] Level 1:colcon.colcon_core.package_identification:_identify(aws-deepracer-sensor-fusion-pkg) by extensions ['ros']
[1.821s] Level 1:colcon.colcon_core.package_identification:_identify(aws-deepracer-sensor-fusion-pkg) by extension 'ros'
[1.822s] Level 1:colcon.colcon_core.package_identification:_identify(aws-deepracer-sensor-fusion-pkg) by extensions ['cmake', 'python']
[1.822s] Level 1:colcon.colcon_core.package_identification:_identify(aws-deepracer-sensor-fusion-pkg) by extension 'cmake'
[1.822s] Level 1:colcon.colcon_core.package_identification:_identify(aws-deepracer-sensor-fusion-pkg) by extension 'python'
[1.822s] Level 1:colcon.colcon_core.package_identification:_identify(aws-deepracer-sensor-fusion-pkg) by extensions ['python_setup_py']
[1.822s] Level 1:colcon.colcon_core.package_identification:_identify(aws-deepracer-sensor-fusion-pkg) by extension 'python_setup_py'
[1.823s] Level 1:colcon.colcon_core.package_identification:_identify(aws-deepracer-sensor-fusion-pkg/sensor_fusion_pkg) by extensions ['ignore', 'ignore_ament_install']
[1.823s] Level 1:colcon.colcon_core.package_identification:_identify(aws-deepracer-sensor-fusion-pkg/sensor_fusion_pkg) by extension 'ignore'
[1.823s] Level 1:colcon.colcon_core.package_identification:_identify(aws-deepracer-sensor-fusion-pkg/sensor_fusion_pkg) by extension 'ignore_ament_install'
[1.824s] Level 1:colcon.colcon_core.package_identification:_identify(aws-deepracer-sensor-fusion-pkg/sensor_fusion_pkg) by extensions ['colcon_pkg']
[1.824s] Level 1:colcon.colcon_core.package_identification:_identify(aws-deepracer-sensor-fusion-pkg/sensor_fusion_pkg) by extension 'colcon_pkg'
[1.824s] Level 1:colcon.colcon_core.package_identification:_identify(aws-deepracer-sensor-fusion-pkg/sensor_fusion_pkg) by extensions ['colcon_meta']
[1.824s] Level 1:colcon.colcon_core.package_identification:_identify(aws-deepracer-sensor-fusion-pkg/sensor_fusion_pkg) by extension 'colcon_meta'
[1.824s] Level 1:colcon.colcon_core.package_identification:_identify(aws-deepracer-sensor-fusion-pkg/sensor_fusion_pkg) by extensions ['ros']
[1.824s] Level 1:colcon.colcon_core.package_identification:_identify(aws-deepracer-sensor-fusion-pkg/sensor_fusion_pkg) by extension 'ros'
[1.830s] DEBUG:colcon.colcon_core.package_identification:Package 'aws-deepracer-sensor-fusion-pkg/sensor_fusion_pkg' with type 'ros.ament_cmake' and name 'sensor_fusion_pkg'
[1.835s] Level 1:colcon.colcon_core.package_identification:_identify(aws-deepracer-servo-pkg) by extensions ['ignore', 'ignore_ament_install']
[1.836s] Level 1:colcon.colcon_core.package_identification:_identify(aws-deepracer-servo-pkg) by extension 'ignore'
[1.836s] Level 1:colcon.colcon_core.package_identification:_identify(aws-deepracer-servo-pkg) by extension 'ignore_ament_install'
[1.836s] Level 1:colcon.colcon_core.package_identification:_identify(aws-deepracer-servo-pkg) by extensions ['colcon_pkg']
[1.836s] Level 1:colcon.colcon_core.package_identification:_identify(aws-deepracer-servo-pkg) by extension 'colcon_pkg'
[1.837s] Level 1:colcon.colcon_core.package_identification:_identify(aws-deepracer-servo-pkg) by extensions ['colcon_meta']
[1.837s] Level 1:colcon.colcon_core.package_identification:_identify(aws-deepracer-servo-pkg) by extension 'colcon_meta'
[1.837s] Level 1:colcon.colcon_core.package_identification:_identify(aws-deepracer-servo-pkg) by extensions ['ros']
[1.837s] Level 1:colcon.colcon_core.package_identification:_identify(aws-deepracer-servo-pkg) by extension 'ros'
[1.837s] Level 1:colcon.colcon_core.package_identification:_identify(aws-deepracer-servo-pkg) by extensions ['cmake', 'python']
[1.837s] Level 1:colcon.colcon_core.package_identification:_identify(aws-deepracer-servo-pkg) by extension 'cmake'
[1.838s] Level 1:colcon.colcon_core.package_identification:_identify(aws-deepracer-servo-pkg) by extension 'python'
[1.838s] Level 1:colcon.colcon_core.package_identification:_identify(aws-deepracer-servo-pkg) by extensions ['python_setup_py']
[1.838s] Level 1:colcon.colcon_core.package_identification:_identify(aws-deepracer-servo-pkg) by extension 'python_setup_py'
[1.838s] Level 1:colcon.colcon_core.package_identification:_identify(aws-deepracer-servo-pkg/servo_pkg) by extensions ['ignore', 'ignore_ament_install']
[1.839s] Level 1:colcon.colcon_core.package_identification:_identify(aws-deepracer-servo-pkg/servo_pkg) by extension 'ignore'
[1.839s] Level 1:colcon.colcon_core.package_identification:_identify(aws-deepracer-servo-pkg/servo_pkg) by extension 'ignore_ament_install'
[1.839s] Level 1:colcon.colcon_core.package_identification:_identify(aws-deepracer-servo-pkg/servo_pkg) by extensions ['colcon_pkg']
[1.840s] Level 1:colcon.colcon_core.package_identification:_identify(aws-deepracer-servo-pkg/servo_pkg) by extension 'colcon_pkg'
[1.840s] Level 1:colcon.colcon_core.package_identification:_identify(aws-deepracer-servo-pkg/servo_pkg) by extensions ['colcon_meta']
[1.840s] Level 1:colcon.colcon_core.package_identification:_identify(aws-deepracer-servo-pkg/servo_pkg) by extension 'colcon_meta'
[1.840s] Level 1:colcon.colcon_core.package_identification:_identify(aws-deepracer-servo-pkg/servo_pkg) by extensions ['ros']
[1.840s] Level 1:colcon.colcon_core.package_identification:_identify(aws-deepracer-servo-pkg/servo_pkg) by extension 'ros'
[1.846s] DEBUG:colcon.colcon_core.package_identification:Package 'aws-deepracer-servo-pkg/servo_pkg' with type 'ros.ament_cmake' and name 'servo_pkg'
[1.847s] Level 1:colcon.colcon_core.package_identification:_identify(aws-deepracer-status-led-pkg) by extensions ['ignore', 'ignore_ament_install']
[1.847s] Level 1:colcon.colcon_core.package_identification:_identify(aws-deepracer-status-led-pkg) by extension 'ignore'
[1.847s] Level 1:colcon.colcon_core.package_identification:_identify(aws-deepracer-status-led-pkg) by extension 'ignore_ament_install'
[1.848s] Level 1:colcon.colcon_core.package_identification:_identify(aws-deepracer-status-led-pkg) by extensions ['colcon_pkg']
[1.848s] Level 1:colcon.colcon_core.package_identification:_identify(aws-deepracer-status-led-pkg) by extension 'colcon_pkg'
[1.848s] Level 1:colcon.colcon_core.package_identification:_identify(aws-deepracer-status-led-pkg) by extensions ['colcon_meta']
[1.848s] Level 1:colcon.colcon_core.package_identification:_identify(aws-deepracer-status-led-pkg) by extension 'colcon_meta'
[1.848s] Level 1:colcon.colcon_core.package_identification:_identify(aws-deepracer-status-led-pkg) by extensions ['ros']
[1.848s] Level 1:colcon.colcon_core.package_identification:_identify(aws-deepracer-status-led-pkg) by extension 'ros'
[1.852s] Level 1:colcon.colcon_core.package_identification:_identify(aws-deepracer-status-led-pkg) by extensions ['cmake', 'python']
[1.853s] Level 1:colcon.colcon_core.package_identification:_identify(aws-deepracer-status-led-pkg) by extension 'cmake'
[1.853s] Level 1:colcon.colcon_core.package_identification:_identify(aws-deepracer-status-led-pkg) by extension 'python'
[1.853s] Level 1:colcon.colcon_core.package_identification:_identify(aws-deepracer-status-led-pkg) by extensions ['python_setup_py']
[1.853s] Level 1:colcon.colcon_core.package_identification:_identify(aws-deepracer-status-led-pkg) by extension 'python_setup_py'
[1.854s] Level 1:colcon.colcon_core.package_identification:_identify(aws-deepracer-status-led-pkg/status_led_pkg) by extensions ['ignore', 'ignore_ament_install']
[1.854s] Level 1:colcon.colcon_core.package_identification:_identify(aws-deepracer-status-led-pkg/status_led_pkg) by extension 'ignore'
[1.855s] Level 1:colcon.colcon_core.package_identification:_identify(aws-deepracer-status-led-pkg/status_led_pkg) by extension 'ignore_ament_install'
[1.855s] Level 1:colcon.colcon_core.package_identification:_identify(aws-deepracer-status-led-pkg/status_led_pkg) by extensions ['colcon_pkg']
[1.855s] Level 1:colcon.colcon_core.package_identification:_identify(aws-deepracer-status-led-pkg/status_led_pkg) by extension 'colcon_pkg'
[1.855s] Level 1:colcon.colcon_core.package_identification:_identify(aws-deepracer-status-led-pkg/status_led_pkg) by extensions ['colcon_meta']
[1.855s] Level 1:colcon.colcon_core.package_identification:_identify(aws-deepracer-status-led-pkg/status_led_pkg) by extension 'colcon_meta'
[1.856s] Level 1:colcon.colcon_core.package_identification:_identify(aws-deepracer-status-led-pkg/status_led_pkg) by extensions ['ros']
[1.856s] Level 1:colcon.colcon_core.package_identification:_identify(aws-deepracer-status-led-pkg/status_led_pkg) by extension 'ros'
[1.865s] DEBUG:colcon.colcon_core.package_identification:Package 'aws-deepracer-status-led-pkg/status_led_pkg' with type 'ros.ament_python' and name 'status_led_pkg'
[1.866s] Level 1:colcon.colcon_core.package_identification:_identify(aws-deepracer-systems-pkg) by extensions ['ignore', 'ignore_ament_install']
[1.866s] Level 1:colcon.colcon_core.package_identification:_identify(aws-deepracer-systems-pkg) by extension 'ignore'
[1.866s] Level 1:colcon.colcon_core.package_identification:_identify(aws-deepracer-systems-pkg) by extension 'ignore_ament_install'
[1.867s] Level 1:colcon.colcon_core.package_identification:_identify(aws-deepracer-systems-pkg) by extensions ['colcon_pkg']
[1.867s] Level 1:colcon.colcon_core.package_identification:_identify(aws-deepracer-systems-pkg) by extension 'colcon_pkg'
[1.872s] Level 1:colcon.colcon_core.package_identification:_identify(aws-deepracer-systems-pkg) by extensions ['colcon_meta']
[1.872s] Level 1:colcon.colcon_core.package_identification:_identify(aws-deepracer-systems-pkg) by extension 'colcon_meta'
[1.872s] Level 1:colcon.colcon_core.package_identification:_identify(aws-deepracer-systems-pkg) by extensions ['ros']
[1.872s] Level 1:colcon.colcon_core.package_identification:_identify(aws-deepracer-systems-pkg) by extension 'ros'
[1.873s] Level 1:colcon.colcon_core.package_identification:_identify(aws-deepracer-systems-pkg) by extensions ['cmake', 'python']
[1.873s] Level 1:colcon.colcon_core.package_identification:_identify(aws-deepracer-systems-pkg) by extension 'cmake'
[1.873s] Level 1:colcon.colcon_core.package_identification:_identify(aws-deepracer-systems-pkg) by extension 'python'
[1.873s] Level 1:colcon.colcon_core.package_identification:_identify(aws-deepracer-systems-pkg) by extensions ['python_setup_py']
[1.874s] Level 1:colcon.colcon_core.package_identification:_identify(aws-deepracer-systems-pkg) by extension 'python_setup_py'
[1.874s] Level 1:colcon.colcon_core.package_identification:_identify(aws-deepracer-systems-pkg/deepracer_systems_pkg) by extensions ['ignore', 'ignore_ament_install']
[1.874s] Level 1:colcon.colcon_core.package_identification:_identify(aws-deepracer-systems-pkg/deepracer_systems_pkg) by extension 'ignore'
[1.875s] Level 1:colcon.colcon_core.package_identification:_identify(aws-deepracer-systems-pkg/deepracer_systems_pkg) by extension 'ignore_ament_install'
[1.875s] Level 1:colcon.colcon_core.package_identification:_identify(aws-deepracer-systems-pkg/deepracer_systems_pkg) by extensions ['colcon_pkg']
[1.875s] Level 1:colcon.colcon_core.package_identification:_identify(aws-deepracer-systems-pkg/deepracer_systems_pkg) by extension 'colcon_pkg'
[1.875s] Level 1:colcon.colcon_core.package_identification:_identify(aws-deepracer-systems-pkg/deepracer_systems_pkg) by extensions ['colcon_meta']
[1.875s] Level 1:colcon.colcon_core.package_identification:_identify(aws-deepracer-systems-pkg/deepracer_systems_pkg) by extension 'colcon_meta'
[1.876s] Level 1:colcon.colcon_core.package_identification:_identify(aws-deepracer-systems-pkg/deepracer_systems_pkg) by extensions ['ros']
[1.876s] Level 1:colcon.colcon_core.package_identification:_identify(aws-deepracer-systems-pkg/deepracer_systems_pkg) by extension 'ros'
[1.884s] DEBUG:colcon.colcon_core.package_identification:Package 'aws-deepracer-systems-pkg/deepracer_systems_pkg' with type 'ros.ament_python' and name 'deepracer_systems_pkg'
[1.884s] Level 1:colcon.colcon_core.package_identification:_identify(aws-deepracer-usb-monitor-pkg) by extensions ['ignore', 'ignore_ament_install']
[1.885s] Level 1:colcon.colcon_core.package_identification:_identify(aws-deepracer-usb-monitor-pkg) by extension 'ignore'
[1.885s] Level 1:colcon.colcon_core.package_identification:_identify(aws-deepracer-usb-monitor-pkg) by extension 'ignore_ament_install'
[1.885s] Level 1:colcon.colcon_core.package_identification:_identify(aws-deepracer-usb-monitor-pkg) by extensions ['colcon_pkg']
[1.885s] Level 1:colcon.colcon_core.package_identification:_identify(aws-deepracer-usb-monitor-pkg) by extension 'colcon_pkg'
[1.886s] Level 1:colcon.colcon_core.package_identification:_identify(aws-deepracer-usb-monitor-pkg) by extensions ['colcon_meta']
[1.886s] Level 1:colcon.colcon_core.package_identification:_identify(aws-deepracer-usb-monitor-pkg) by extension 'colcon_meta'
[1.886s] Level 1:colcon.colcon_core.package_identification:_identify(aws-deepracer-usb-monitor-pkg) by extensions ['ros']
[1.886s] Level 1:colcon.colcon_core.package_identification:_identify(aws-deepracer-usb-monitor-pkg) by extension 'ros'
[1.886s] Level 1:colcon.colcon_core.package_identification:_identify(aws-deepracer-usb-monitor-pkg) by extensions ['cmake', 'python']
[1.887s] Level 1:colcon.colcon_core.package_identification:_identify(aws-deepracer-usb-monitor-pkg) by extension 'cmake'
[1.887s] Level 1:colcon.colcon_core.package_identification:_identify(aws-deepracer-usb-monitor-pkg) by extension 'python'
[1.887s] Level 1:colcon.colcon_core.package_identification:_identify(aws-deepracer-usb-monitor-pkg) by extensions ['python_setup_py']
[1.887s] Level 1:colcon.colcon_core.package_identification:_identify(aws-deepracer-usb-monitor-pkg) by extension 'python_setup_py'
[1.888s] Level 1:colcon.colcon_core.package_identification:_identify(aws-deepracer-usb-monitor-pkg/usb_monitor_pkg) by extensions ['ignore', 'ignore_ament_install']
[1.888s] Level 1:colcon.colcon_core.package_identification:_identify(aws-deepracer-usb-monitor-pkg/usb_monitor_pkg) by extension 'ignore'
[1.888s] Level 1:colcon.colcon_core.package_identification:_identify(aws-deepracer-usb-monitor-pkg/usb_monitor_pkg) by extension 'ignore_ament_install'
[1.888s] Level 1:colcon.colcon_core.package_identification:_identify(aws-deepracer-usb-monitor-pkg/usb_monitor_pkg) by extensions ['colcon_pkg']
[1.889s] Level 1:colcon.colcon_core.package_identification:_identify(aws-deepracer-usb-monitor-pkg/usb_monitor_pkg) by extension 'colcon_pkg'
[1.891s] Level 1:colcon.colcon_core.package_identification:_identify(aws-deepracer-usb-monitor-pkg/usb_monitor_pkg) by extensions ['colcon_meta']
[1.891s] Level 1:colcon.colcon_core.package_identification:_identify(aws-deepracer-usb-monitor-pkg/usb_monitor_pkg) by extension 'colcon_meta'
[1.891s] Level 1:colcon.colcon_core.package_identification:_identify(aws-deepracer-usb-monitor-pkg/usb_monitor_pkg) by extensions ['ros']
[1.892s] Level 1:colcon.colcon_core.package_identification:_identify(aws-deepracer-usb-monitor-pkg/usb_monitor_pkg) by extension 'ros'
[1.895s] DEBUG:colcon.colcon_core.package_identification:Package 'aws-deepracer-usb-monitor-pkg/usb_monitor_pkg' with type 'ros.ament_python' and name 'usb_monitor_pkg'
[1.895s] Level 1:colcon.colcon_core.package_identification:_identify(aws-deepracer-webserver-pkg) by extensions ['ignore', 'ignore_ament_install']
[1.896s] Level 1:colcon.colcon_core.package_identification:_identify(aws-deepracer-webserver-pkg) by extension 'ignore'
[1.896s] Level 1:colcon.colcon_core.package_identification:_identify(aws-deepracer-webserver-pkg) by extension 'ignore_ament_install'
[1.896s] Level 1:colcon.colcon_core.package_identification:_identify(aws-deepracer-webserver-pkg) by extensions ['colcon_pkg']
[1.896s] Level 1:colcon.colcon_core.package_identification:_identify(aws-deepracer-webserver-pkg) by extension 'colcon_pkg'
[1.896s] Level 1:colcon.colcon_core.package_identification:_identify(aws-deepracer-webserver-pkg) by extensions ['colcon_meta']
[1.896s] Level 1:colcon.colcon_core.package_identification:_identify(aws-deepracer-webserver-pkg) by extension 'colcon_meta'
[1.903s] Level 1:colcon.colcon_core.package_identification:_identify(aws-deepracer-webserver-pkg) by extensions ['ros']
[1.903s] Level 1:colcon.colcon_core.package_identification:_identify(aws-deepracer-webserver-pkg) by extension 'ros'
[1.904s] Level 1:colcon.colcon_core.package_identification:_identify(aws-deepracer-webserver-pkg) by extensions ['cmake', 'python']
[1.904s] Level 1:colcon.colcon_core.package_identification:_identify(aws-deepracer-webserver-pkg) by extension 'cmake'
[1.904s] Level 1:colcon.colcon_core.package_identification:_identify(aws-deepracer-webserver-pkg) by extension 'python'
[1.904s] Level 1:colcon.colcon_core.package_identification:_identify(aws-deepracer-webserver-pkg) by extensions ['python_setup_py']
[1.904s] Level 1:colcon.colcon_core.package_identification:_identify(aws-deepracer-webserver-pkg) by extension 'python_setup_py'
[1.905s] Level 1:colcon.colcon_core.package_identification:_identify(aws-deepracer-webserver-pkg/webserver_pkg) by extensions ['ignore', 'ignore_ament_install']
[1.905s] Level 1:colcon.colcon_core.package_identification:_identify(aws-deepracer-webserver-pkg/webserver_pkg) by extension 'ignore'
[1.906s] Level 1:colcon.colcon_core.package_identification:_identify(aws-deepracer-webserver-pkg/webserver_pkg) by extension 'ignore_ament_install'
[1.906s] Level 1:colcon.colcon_core.package_identification:_identify(aws-deepracer-webserver-pkg/webserver_pkg) by extensions ['colcon_pkg']
[1.906s] Level 1:colcon.colcon_core.package_identification:_identify(aws-deepracer-webserver-pkg/webserver_pkg) by extension 'colcon_pkg'
[1.906s] Level 1:colcon.colcon_core.package_identification:_identify(aws-deepracer-webserver-pkg/webserver_pkg) by extensions ['colcon_meta']
[1.906s] Level 1:colcon.colcon_core.package_identification:_identify(aws-deepracer-webserver-pkg/webserver_pkg) by extension 'colcon_meta'
[1.906s] Level 1:colcon.colcon_core.package_identification:_identify(aws-deepracer-webserver-pkg/webserver_pkg) by extensions ['ros']
[1.907s] Level 1:colcon.colcon_core.package_identification:_identify(aws-deepracer-webserver-pkg/webserver_pkg) by extension 'ros'
[1.918s] DEBUG:colcon.colcon_core.package_identification:Package 'aws-deepracer-webserver-pkg/webserver_pkg' with type 'ros.ament_python' and name 'webserver_pkg'
[1.919s] Level 1:colcon.colcon_core.package_identification:_identify(build) by extensions ['ignore', 'ignore_ament_install']
[1.919s] Level 1:colcon.colcon_core.package_identification:_identify(build) by extension 'ignore'
[1.920s] Level 1:colcon.colcon_core.package_identification:_identify(build) ignored
[1.920s] Level 1:colcon.colcon_core.package_identification:_identify(deepracer_launcher) by extensions ['ignore', 'ignore_ament_install']
[1.921s] Level 1:colcon.colcon_core.package_identification:_identify(deepracer_launcher) by extension 'ignore'
[1.921s] Level 1:colcon.colcon_core.package_identification:_identify(deepracer_launcher) by extension 'ignore_ament_install'
[1.921s] Level 1:colcon.colcon_core.package_identification:_identify(deepracer_launcher) by extensions ['colcon_pkg']
[1.921s] Level 1:colcon.colcon_core.package_identification:_identify(deepracer_launcher) by extension 'colcon_pkg'
[1.921s] Level 1:colcon.colcon_core.package_identification:_identify(deepracer_launcher) by extensions ['colcon_meta']
[1.922s] Level 1:colcon.colcon_core.package_identification:_identify(deepracer_launcher) by extension 'colcon_meta'
[1.922s] Level 1:colcon.colcon_core.package_identification:_identify(deepracer_launcher) by extensions ['ros']
[1.922s] Level 1:colcon.colcon_core.package_identification:_identify(deepracer_launcher) by extension 'ros'
[1.932s] DEBUG:colcon.colcon_core.package_identification:Package 'deepracer_launcher' with type 'ros.ament_cmake' and name 'deepracer_launcher'
[1.933s] Level 1:colcon.colcon_core.package_identification:_identify(install) by extensions ['ignore', 'ignore_ament_install']
[1.933s] Level 1:colcon.colcon_core.package_identification:_identify(install) by extension 'ignore'
[1.933s] Level 1:colcon.colcon_core.package_identification:_identify(install) ignored
[1.934s] Level 1:colcon.colcon_core.package_identification:_identify(log) by extensions ['ignore', 'ignore_ament_install']
[1.934s] Level 1:colcon.colcon_core.package_identification:_identify(log) by extension 'ignore'
[1.934s] Level 1:colcon.colcon_core.package_identification:_identify(log) ignored
[1.935s] Level 1:colcon.colcon_core.package_identification:_identify(media) by extensions ['ignore', 'ignore_ament_install']
[1.935s] Level 1:colcon.colcon_core.package_identification:_identify(media) by extension 'ignore'
[1.935s] Level 1:colcon.colcon_core.package_identification:_identify(media) by extension 'ignore_ament_install'
[1.936s] Level 1:colcon.colcon_core.package_identification:_identify(media) by extensions ['colcon_pkg']
[1.936s] Level 1:colcon.colcon_core.package_identification:_identify(media) by extension 'colcon_pkg'
[1.936s] Level 1:colcon.colcon_core.package_identification:_identify(media) by extensions ['colcon_meta']
[1.936s] Level 1:colcon.colcon_core.package_identification:_identify(media) by extension 'colcon_meta'
[1.936s] Level 1:colcon.colcon_core.package_identification:_identify(media) by extensions ['ros']
[1.936s] Level 1:colcon.colcon_core.package_identification:_identify(media) by extension 'ros'
[1.945s] Level 1:colcon.colcon_core.package_identification:_identify(media) by extensions ['cmake', 'python']
[1.945s] Level 1:colcon.colcon_core.package_identification:_identify(media) by extension 'cmake'
[1.946s] Level 1:colcon.colcon_core.package_identification:_identify(media) by extension 'python'
[1.946s] Level 1:colcon.colcon_core.package_identification:_identify(media) by extensions ['python_setup_py']
[1.946s] Level 1:colcon.colcon_core.package_identification:_identify(media) by extension 'python_setup_py'
[1.946s] Level 1:colcon.colcon_core.package_identification:_identify(rplidar_ros) by extensions ['ignore', 'ignore_ament_install']
[1.947s] Level 1:colcon.colcon_core.package_identification:_identify(rplidar_ros) by extension 'ignore'
[1.947s] Level 1:colcon.colcon_core.package_identification:_identify(rplidar_ros) by extension 'ignore_ament_install'
[1.947s] Level 1:colcon.colcon_core.package_identification:_identify(rplidar_ros) by extensions ['colcon_pkg']
[1.947s] Level 1:colcon.colcon_core.package_identification:_identify(rplidar_ros) by extension 'colcon_pkg'
[1.948s] Level 1:colcon.colcon_core.package_identification:_identify(rplidar_ros) by extensions ['colcon_meta']
[1.948s] Level 1:colcon.colcon_core.package_identification:_identify(rplidar_ros) by extension 'colcon_meta'
[1.948s] Level 1:colcon.colcon_core.package_identification:_identify(rplidar_ros) by extensions ['ros']
[1.948s] Level 1:colcon.colcon_core.package_identification:_identify(rplidar_ros) by extension 'ros'
[1.952s] DEBUG:colcon.colcon_core.package_identification:Package 'rplidar_ros' with type 'ros.ament_cmake' and name 'rplidar_ros2'
[1.952s] Level 1:colcon.colcon_core.package_identification:_identify(web_video_server) by extensions ['ignore', 'ignore_ament_install']
[1.953s] Level 1:colcon.colcon_core.package_identification:_identify(web_video_server) by extension 'ignore'
[1.954s] Level 1:colcon.colcon_core.package_identification:_identify(web_video_server) by extension 'ignore_ament_install'
[1.954s] Level 1:colcon.colcon_core.package_identification:_identify(web_video_server) by extensions ['colcon_pkg']
[1.957s] Level 1:colcon.colcon_core.package_identification:_identify(web_video_server) by extension 'colcon_pkg'
[1.957s] Level 1:colcon.colcon_core.package_identification:_identify(web_video_server) by extensions ['colcon_meta']
[1.957s] Level 1:colcon.colcon_core.package_identification:_identify(web_video_server) by extension 'colcon_meta'
[1.958s] Level 1:colcon.colcon_core.package_identification:_identify(web_video_server) by extensions ['ros']
[1.958s] Level 1:colcon.colcon_core.package_identification:_identify(web_video_server) by extension 'ros'
[1.961s] DEBUG:colcon.colcon_core.package_identification:Package 'web_video_server' with type 'ros.ament_cmake' and name 'web_video_server'
[1.964s] Level 1:colcon.colcon_core.package_discovery:discover_packages(recursive) using defaults
[1.964s] Level 1:colcon.colcon_core.package_discovery:discover_packages(ignore) discover
[1.964s] Level 1:colcon.colcon_core.package_discovery:discover_packages(ignore) using defaults
[1.964s] Level 1:colcon.colcon_core.package_discovery:discover_packages(path) discover
[1.965s] Level 1:colcon.colcon_core.package_discovery:discover_packages(path) using defaults
[1.971s] WARNING:colcon.colcon_core.package_selection:ignoring unknown package 'aws-deepracer-inference-pkg' in --packages-select
[2.124s] INFO:colcon.colcon_core.package_selection:Skipping not selected package 'async_web_server_cpp' in 'async_web_server_cpp'
[2.124s] INFO:colcon.colcon_core.package_selection:Skipping not selected package 'deepracer_interfaces_pkg' in 'aws-deepracer-interfaces-pkg/deepracer_interfaces_pkg'
[2.125s] INFO:colcon.colcon_core.package_selection:Skipping not selected package 'rplidar_ros2' in 'rplidar_ros'
[2.125s] INFO:colcon.colcon_core.package_selection:Skipping not selected package 'camera_pkg' in 'aws-deepracer-camera-pkg/camera_pkg'
[2.125s] INFO:colcon.colcon_core.package_selection:Skipping not selected package 'deepracer_navigation_pkg' in 'aws-deepracer-navigation-pkg/deepracer_navigation_pkg'
[2.125s] INFO:colcon.colcon_core.package_selection:Skipping not selected package 'device_info_pkg' in 'aws-deepracer-device-info-pkg/device_info_pkg'
[2.125s] INFO:colcon.colcon_core.package_selection:Skipping not selected package 'i2c_pkg' in 'aws-deepracer-i2c-pkg/i2c_pkg'
[2.125s] INFO:colcon.colcon_core.package_selection:Skipping not selected package 'model_optimizer_pkg' in 'aws-deepracer-model-optimizer-pkg/model_optimizer_pkg'
[2.125s] INFO:colcon.colcon_core.package_selection:Skipping not selected package 'sensor_fusion_pkg' in 'aws-deepracer-sensor-fusion-pkg/sensor_fusion_pkg'
[2.125s] INFO:colcon.colcon_core.package_selection:Skipping not selected package 'servo_pkg' in 'aws-deepracer-servo-pkg/servo_pkg'
[2.125s] INFO:colcon.colcon_core.package_selection:Skipping not selected package 'status_led_pkg' in 'aws-deepracer-status-led-pkg/status_led_pkg'
[2.127s] INFO:colcon.colcon_core.package_selection:Skipping not selected package 'usb_monitor_pkg' in 'aws-deepracer-usb-monitor-pkg/usb_monitor_pkg'
[2.127s] INFO:colcon.colcon_core.package_selection:Skipping not selected package 'web_video_server' in 'web_video_server'
[2.127s] INFO:colcon.colcon_core.package_selection:Skipping not selected package 'ctrl_pkg' in 'aws-deepracer-ctrl-pkg/ctrl_pkg'
[2.127s] INFO:colcon.colcon_core.package_selection:Skipping not selected package 'deepracer_systems_pkg' in 'aws-deepracer-systems-pkg/deepracer_systems_pkg'
[2.127s] INFO:colcon.colcon_core.package_selection:Skipping not selected package 'webserver_pkg' in 'aws-deepracer-webserver-pkg/webserver_pkg'
[2.128s] INFO:colcon.colcon_core.package_selection:Skipping not selected package 'deepracer_launcher' in 'deepracer_launcher'
[2.128s] ERROR:colcon:colcon build: Duplicate package names not supported:
- inference_pkg:
  - aws-deepracer-inference-pkg/inference_pkg
  - aws-deepracer-inference-pkg/inference_pkg_new
