[0.165s] Invoking command in '/root/deepracer_ws/aws-deepracer-launcher/build/rplidar_ros2': CMAKE_PREFIX_PATH=/root/deepracer_ws/aws-deepracer-launcher/install/deepracer_launcher:/root/deepracer_ws/aws-deepracer-launcher/install/web_video_server:/root/deepracer_ws/aws-deepracer-launcher/install/ctrl_pkg:/root/deepracer_ws/aws-deepracer-launcher/install/servo_pkg:/root/deepracer_ws/aws-deepracer-launcher/install/sensor_fusion_pkg:/root/deepracer_ws/aws-deepracer-launcher/install/rplidar_ros2:/root/deepracer_ws/aws-deepracer-launcher/install/inference_pkg:/root/deepracer_ws/aws-deepracer-launcher/install/i2c_pkg:/root/deepracer_ws/aws-deepracer-launcher/install/camera_pkg:/root/deepracer_ws/aws-deepracer-launcher/install/deepracer_interfaces_pkg:/root/deepracer_ws/aws-deepracer-launcher/install/webserver_pkg:/root/deepracer_ws/aws-deepracer-launcher/install/deepracer_systems_pkg:/root/deepracer_ws/aws-deepracer-launcher/install/usb_monitor_pkg:/root/deepracer_ws/aws-deepracer-launcher/install/status_led_pkg:/root/deepracer_ws/aws-deepracer-launcher/install/model_optimizer_pkg:/root/deepracer_ws/aws-deepracer-launcher/install/device_info_pkg:/root/deepracer_ws/aws-deepracer-launcher/install/deepracer_navigation_pkg:/opt/ros/foxy:/root/deepracer_ws/aws-deepracer-launcher/install/async_web_server_cpp /usr/bin/cmake --build /root/deepracer_ws/aws-deepracer-launcher/build/rplidar_ros2 -- -j2 -l2
[1.145s] [100%] Built target rplidar_scan_publisher
[1.185s] Invoked command in '/root/deepracer_ws/aws-deepracer-launcher/build/rplidar_ros2' returned '0': CMAKE_PREFIX_PATH=/root/deepracer_ws/aws-deepracer-launcher/install/deepracer_launcher:/root/deepracer_ws/aws-deepracer-launcher/install/web_video_server:/root/deepracer_ws/aws-deepracer-launcher/install/ctrl_pkg:/root/deepracer_ws/aws-deepracer-launcher/install/servo_pkg:/root/deepracer_ws/aws-deepracer-launcher/install/sensor_fusion_pkg:/root/deepracer_ws/aws-deepracer-launcher/install/rplidar_ros2:/root/deepracer_ws/aws-deepracer-launcher/install/inference_pkg:/root/deepracer_ws/aws-deepracer-launcher/install/i2c_pkg:/root/deepracer_ws/aws-deepracer-launcher/install/camera_pkg:/root/deepracer_ws/aws-deepracer-launcher/install/deepracer_interfaces_pkg:/root/deepracer_ws/aws-deepracer-launcher/install/webserver_pkg:/root/deepracer_ws/aws-deepracer-launcher/install/deepracer_systems_pkg:/root/deepracer_ws/aws-deepracer-launcher/install/usb_monitor_pkg:/root/deepracer_ws/aws-deepracer-launcher/install/status_led_pkg:/root/deepracer_ws/aws-deepracer-launcher/install/model_optimizer_pkg:/root/deepracer_ws/aws-deepracer-launcher/install/device_info_pkg:/root/deepracer_ws/aws-deepracer-launcher/install/deepracer_navigation_pkg:/opt/ros/foxy:/root/deepracer_ws/aws-deepracer-launcher/install/async_web_server_cpp /usr/bin/cmake --build /root/deepracer_ws/aws-deepracer-launcher/build/rplidar_ros2 -- -j2 -l2
[1.355s] Invoking command in '/root/deepracer_ws/aws-deepracer-launcher/build/rplidar_ros2': CMAKE_PREFIX_PATH=/root/deepracer_ws/aws-deepracer-launcher/install/deepracer_launcher:/root/deepracer_ws/aws-deepracer-launcher/install/web_video_server:/root/deepracer_ws/aws-deepracer-launcher/install/ctrl_pkg:/root/deepracer_ws/aws-deepracer-launcher/install/servo_pkg:/root/deepracer_ws/aws-deepracer-launcher/install/sensor_fusion_pkg:/root/deepracer_ws/aws-deepracer-launcher/install/rplidar_ros2:/root/deepracer_ws/aws-deepracer-launcher/install/inference_pkg:/root/deepracer_ws/aws-deepracer-launcher/install/i2c_pkg:/root/deepracer_ws/aws-deepracer-launcher/install/camera_pkg:/root/deepracer_ws/aws-deepracer-launcher/install/deepracer_interfaces_pkg:/root/deepracer_ws/aws-deepracer-launcher/install/webserver_pkg:/root/deepracer_ws/aws-deepracer-launcher/install/deepracer_systems_pkg:/root/deepracer_ws/aws-deepracer-launcher/install/usb_monitor_pkg:/root/deepracer_ws/aws-deepracer-launcher/install/status_led_pkg:/root/deepracer_ws/aws-deepracer-launcher/install/model_optimizer_pkg:/root/deepracer_ws/aws-deepracer-launcher/install/device_info_pkg:/root/deepracer_ws/aws-deepracer-launcher/install/deepracer_navigation_pkg:/opt/ros/foxy:/root/deepracer_ws/aws-deepracer-launcher/install/async_web_server_cpp /usr/bin/cmake --install /root/deepracer_ws/aws-deepracer-launcher/build/rplidar_ros2
[1.497s] -- Install configuration: ""
[1.498s] -- Up-to-date: /root/deepracer_ws/aws-deepracer-launcher/install/rplidar_ros2/share/rplidar_ros2/launch
[1.499s] -- Up-to-date: /root/deepracer_ws/aws-deepracer-launcher/install/rplidar_ros2/share/rplidar_ros2/launch/rplidar_a3_launch.py
[1.500s] -- Up-to-date: /root/deepracer_ws/aws-deepracer-launcher/install/rplidar_ros2/share/rplidar_ros2/launch/rplidar_launch.py
[1.515s] -- Up-to-date: /root/deepracer_ws/aws-deepracer-launcher/install/rplidar_ros2/share/rplidar_ros2/launch/rplidar_s1_launch.py
[1.515s] -- Up-to-date: /root/deepracer_ws/aws-deepracer-launcher/install/rplidar_ros2/share/rplidar_ros2/launch/rplidar_s1_tcp_launch.py
[1.516s] -- Up-to-date: /root/deepracer_ws/aws-deepracer-launcher/install/rplidar_ros2/share/rplidar_ros2/launch/view_rplidar_a3_launch.py
[1.518s] -- Up-to-date: /root/deepracer_ws/aws-deepracer-launcher/install/rplidar_ros2/share/rplidar_ros2/launch/view_rplidar_launch.py
[1.528s] -- Up-to-date: /root/deepracer_ws/aws-deepracer-launcher/install/rplidar_ros2/share/rplidar_ros2/launch/view_rplidar_s1_launch.py
[1.528s] -- Up-to-date: /root/deepracer_ws/aws-deepracer-launcher/install/rplidar_ros2/share/rplidar_ros2/launch/view_rplidar_s1_tcp_launch.py
[1.549s] -- Up-to-date: /root/deepracer_ws/aws-deepracer-launcher/install/rplidar_ros2/share/rplidar_ros2/rviz
[1.549s] -- Up-to-date: /root/deepracer_ws/aws-deepracer-launcher/install/rplidar_ros2/share/rplidar_ros2/rviz/rplidar_ros2.rviz
[1.549s] -- Up-to-date: /root/deepracer_ws/aws-deepracer-launcher/install/rplidar_ros2/lib/rplidar_ros2/rplidar_scan_publisher
[1.550s] -- Up-to-date: /root/deepracer_ws/aws-deepracer-launcher/install/rplidar_ros2/share/ament_index/resource_index/package_run_dependencies/rplidar_ros2
[1.550s] -- Up-to-date: /root/deepracer_ws/aws-deepracer-launcher/install/rplidar_ros2/share/ament_index/resource_index/parent_prefix_path/rplidar_ros2
[1.550s] -- Up-to-date: /root/deepracer_ws/aws-deepracer-launcher/install/rplidar_ros2/share/rplidar_ros2/environment/ament_prefix_path.sh
[1.550s] -- Up-to-date: /root/deepracer_ws/aws-deepracer-launcher/install/rplidar_ros2/share/rplidar_ros2/environment/ament_prefix_path.dsv
[1.551s] -- Up-to-date: /root/deepracer_ws/aws-deepracer-launcher/install/rplidar_ros2/share/rplidar_ros2/environment/path.sh
[1.561s] -- Up-to-date: /root/deepracer_ws/aws-deepracer-launcher/install/rplidar_ros2/share/rplidar_ros2/environment/path.dsv
[1.561s] -- Up-to-date: /root/deepracer_ws/aws-deepracer-launcher/install/rplidar_ros2/share/rplidar_ros2/local_setup.bash
[1.562s] -- Up-to-date: /root/deepracer_ws/aws-deepracer-launcher/install/rplidar_ros2/share/rplidar_ros2/local_setup.sh
[1.562s] -- Up-to-date: /root/deepracer_ws/aws-deepracer-launcher/install/rplidar_ros2/share/rplidar_ros2/local_setup.zsh
[1.562s] -- Up-to-date: /root/deepracer_ws/aws-deepracer-launcher/install/rplidar_ros2/share/rplidar_ros2/local_setup.dsv
[1.563s] -- Installing: /root/deepracer_ws/aws-deepracer-launcher/install/rplidar_ros2/share/rplidar_ros2/package.dsv
[1.563s] -- Up-to-date: /root/deepracer_ws/aws-deepracer-launcher/install/rplidar_ros2/share/ament_index/resource_index/packages/rplidar_ros2
[1.563s] -- Up-to-date: /root/deepracer_ws/aws-deepracer-launcher/install/rplidar_ros2/share/rplidar_ros2/cmake/ament_cmake_export_dependencies-extras.cmake
[1.564s] -- Up-to-date: /root/deepracer_ws/aws-deepracer-launcher/install/rplidar_ros2/share/rplidar_ros2/cmake/ament_cmake_export_include_directories-extras.cmake
[1.573s] -- Up-to-date: /root/deepracer_ws/aws-deepracer-launcher/install/rplidar_ros2/share/rplidar_ros2/cmake/rplidar_ros2Config.cmake
[1.573s] -- Up-to-date: /root/deepracer_ws/aws-deepracer-launcher/install/rplidar_ros2/share/rplidar_ros2/cmake/rplidar_ros2Config-version.cmake
[1.574s] -- Up-to-date: /root/deepracer_ws/aws-deepracer-launcher/install/rplidar_ros2/share/rplidar_ros2/package.xml
[1.574s] Invoked command in '/root/deepracer_ws/aws-deepracer-launcher/build/rplidar_ros2' returned '0': CMAKE_PREFIX_PATH=/root/deepracer_ws/aws-deepracer-launcher/install/deepracer_launcher:/root/deepracer_ws/aws-deepracer-launcher/install/web_video_server:/root/deepracer_ws/aws-deepracer-launcher/install/ctrl_pkg:/root/deepracer_ws/aws-deepracer-launcher/install/servo_pkg:/root/deepracer_ws/aws-deepracer-launcher/install/sensor_fusion_pkg:/root/deepracer_ws/aws-deepracer-launcher/install/rplidar_ros2:/root/deepracer_ws/aws-deepracer-launcher/install/inference_pkg:/root/deepracer_ws/aws-deepracer-launcher/install/i2c_pkg:/root/deepracer_ws/aws-deepracer-launcher/install/camera_pkg:/root/deepracer_ws/aws-deepracer-launcher/install/deepracer_interfaces_pkg:/root/deepracer_ws/aws-deepracer-launcher/install/webserver_pkg:/root/deepracer_ws/aws-deepracer-launcher/install/deepracer_systems_pkg:/root/deepracer_ws/aws-deepracer-launcher/install/usb_monitor_pkg:/root/deepracer_ws/aws-deepracer-launcher/install/status_led_pkg:/root/deepracer_ws/aws-deepracer-launcher/install/model_optimizer_pkg:/root/deepracer_ws/aws-deepracer-launcher/install/device_info_pkg:/root/deepracer_ws/aws-deepracer-launcher/install/deepracer_navigation_pkg:/opt/ros/foxy:/root/deepracer_ws/aws-deepracer-launcher/install/async_web_server_cpp /usr/bin/cmake --install /root/deepracer_ws/aws-deepracer-launcher/build/rplidar_ros2
