[0.244s] Invoking command in '/root/deepracer_ws/aws-deepracer-launcher/build/inference_pkg': AMENT_PREFIX_PATH=/root/deepracer_ws/aws-deepracer-launcher/install/deepracer_interfaces_pkg CMAKE_PREFIX_PATH=/root/deepracer_ws/aws-deepracer-launcher/install/deepracer_interfaces_pkg LD_LIBRARY_PATH=/root/deepracer_ws/aws-deepracer-launcher/install/deepracer_interfaces_pkg/lib PYTHONPATH=/root/deepracer_ws/aws-deepracer-launcher/install/deepracer_interfaces_pkg/lib/python3.8/site-packages /usr/bin/cmake --build /root/deepracer_ws/aws-deepracer-launcher/build/inference_pkg -- -j2 -l2
[0.435s] [35m[1mScanning dependencies of target inference_node[0m
[0.732s] [ 25%] [32mBuilding CXX object CMakeFiles/inference_node.dir/src/intel_inference_eng.cpp.o[0m
[37.511s] [ 50%] [32m[1mLinking CXX executable inference_node[0m
[43.498s] [100%] Built target inference_node
[43.547s] Invoked command in '/root/deepracer_ws/aws-deepracer-launcher/build/inference_pkg' returned '0': AMENT_PREFIX_PATH=/root/deepracer_ws/aws-deepracer-launcher/install/deepracer_interfaces_pkg CMAKE_PREFIX_PATH=/root/deepracer_ws/aws-deepracer-launcher/install/deepracer_interfaces_pkg LD_LIBRARY_PATH=/root/deepracer_ws/aws-deepracer-launcher/install/deepracer_interfaces_pkg/lib PYTHONPATH=/root/deepracer_ws/aws-deepracer-launcher/install/deepracer_interfaces_pkg/lib/python3.8/site-packages /usr/bin/cmake --build /root/deepracer_ws/aws-deepracer-launcher/build/inference_pkg -- -j2 -l2
[43.646s] Invoking command in '/root/deepracer_ws/aws-deepracer-launcher/build/inference_pkg': AMENT_PREFIX_PATH=/root/deepracer_ws/aws-deepracer-launcher/install/deepracer_interfaces_pkg CMAKE_PREFIX_PATH=/root/deepracer_ws/aws-deepracer-launcher/install/deepracer_interfaces_pkg LD_LIBRARY_PATH=/root/deepracer_ws/aws-deepracer-launcher/install/deepracer_interfaces_pkg/lib PYTHONPATH=/root/deepracer_ws/aws-deepracer-launcher/install/deepracer_interfaces_pkg/lib/python3.8/site-packages /usr/bin/cmake --install /root/deepracer_ws/aws-deepracer-launcher/build/inference_pkg
[43.827s] -- Install configuration: ""
[43.828s] -- Installing: /root/deepracer_ws/aws-deepracer-launcher/install/inference_pkg/lib/inference_pkg/inference_node
[43.861s] -- Set runtime path of "/root/deepracer_ws/aws-deepracer-launcher/install/inference_pkg/lib/inference_pkg/inference_node" to ""
[43.861s] -- Up-to-date: /root/deepracer_ws/aws-deepracer-launcher/install/inference_pkg/include
[43.862s] -- Up-to-date: /root/deepracer_ws/aws-deepracer-launcher/install/inference_pkg/include/inference_pkg
[43.863s] -- Up-to-date: /root/deepracer_ws/aws-deepracer-launcher/install/inference_pkg/include/inference_pkg/image_process.hpp
[43.864s] -- Up-to-date: /root/deepracer_ws/aws-deepracer-launcher/install/inference_pkg/include/inference_pkg/inference_base.hpp
[43.869s] -- Up-to-date: /root/deepracer_ws/aws-deepracer-launcher/install/inference_pkg/include/inference_pkg/intel_inference_eng.hpp
[43.876s] -- Up-to-date: /root/deepracer_ws/aws-deepracer-launcher/install/inference_pkg/share/inference_pkg//launch
[43.877s] -- Up-to-date: /root/deepracer_ws/aws-deepracer-launcher/install/inference_pkg/share/inference_pkg//launch/inference_pkg_launch.py
[43.877s] -- Up-to-date: /root/deepracer_ws/aws-deepracer-launcher/install/inference_pkg/share/inference_pkg//launch/log
[43.886s] -- Up-to-date: /root/deepracer_ws/aws-deepracer-launcher/install/inference_pkg/share/inference_pkg//launch/log/build_2022-06-18_03-00-47
[43.886s] -- Up-to-date: /root/deepracer_ws/aws-deepracer-launcher/install/inference_pkg/share/inference_pkg//launch/log/build_2022-06-18_03-00-47/logger_all.log
[43.887s] -- Up-to-date: /root/deepracer_ws/aws-deepracer-launcher/install/inference_pkg/share/inference_pkg//launch/log/build_2022-06-18_03-00-47/events.log
[43.887s] -- Up-to-date: /root/deepracer_ws/aws-deepracer-launcher/install/inference_pkg/share/inference_pkg//launch/log/COLCON_IGNORE
[43.888s] -- Up-to-date: /root/deepracer_ws/aws-deepracer-launcher/install/inference_pkg/share/inference_pkg//launch/log/latest_build
[43.889s] -- Up-to-date: /root/deepracer_ws/aws-deepracer-launcher/install/inference_pkg/share/inference_pkg//launch/log/latest
[43.889s] -- Up-to-date: /root/deepracer_ws/aws-deepracer-launcher/install/inference_pkg/share/inference_pkg//launch/build
[43.890s] -- Up-to-date: /root/deepracer_ws/aws-deepracer-launcher/install/inference_pkg/share/inference_pkg//launch/build/.built_by
[43.891s] -- Up-to-date: /root/deepracer_ws/aws-deepracer-launcher/install/inference_pkg/share/inference_pkg//launch/build/COLCON_IGNORE
[43.892s] -- Up-to-date: /root/deepracer_ws/aws-deepracer-launcher/install/inference_pkg/share/inference_pkg//launch/install
[43.892s] -- Up-to-date: /root/deepracer_ws/aws-deepracer-launcher/install/inference_pkg/share/inference_pkg//launch/install/.colcon_install_layout
[43.892s] -- Up-to-date: /root/deepracer_ws/aws-deepracer-launcher/install/inference_pkg/share/inference_pkg//launch/install/COLCON_IGNORE
[43.893s] -- Up-to-date: /root/deepracer_ws/aws-deepracer-launcher/install/inference_pkg/share/inference_pkg//launch/install/local_setup.ps1
[43.893s] -- Up-to-date: /root/deepracer_ws/aws-deepracer-launcher/install/inference_pkg/share/inference_pkg//launch/install/_local_setup_util_ps1.py
[43.894s] -- Up-to-date: /root/deepracer_ws/aws-deepracer-launcher/install/inference_pkg/share/inference_pkg//launch/install/setup.ps1
[43.894s] -- Up-to-date: /root/deepracer_ws/aws-deepracer-launcher/install/inference_pkg/share/inference_pkg//launch/install/local_setup.sh
[43.895s] -- Up-to-date: /root/deepracer_ws/aws-deepracer-launcher/install/inference_pkg/share/inference_pkg//launch/install/_local_setup_util_sh.py
[43.895s] -- Up-to-date: /root/deepracer_ws/aws-deepracer-launcher/install/inference_pkg/share/inference_pkg//launch/install/setup.sh
[43.896s] -- Up-to-date: /root/deepracer_ws/aws-deepracer-launcher/install/inference_pkg/share/inference_pkg//launch/install/local_setup.bash
[43.896s] -- Up-to-date: /root/deepracer_ws/aws-deepracer-launcher/install/inference_pkg/share/inference_pkg//launch/install/setup.bash
[43.896s] -- Up-to-date: /root/deepracer_ws/aws-deepracer-launcher/install/inference_pkg/share/inference_pkg//launch/install/local_setup.zsh
[43.897s] -- Up-to-date: /root/deepracer_ws/aws-deepracer-launcher/install/inference_pkg/share/inference_pkg//launch/install/setup.zsh
[43.898s] -- Up-to-date: /root/deepracer_ws/aws-deepracer-launcher/install/inference_pkg/share/ament_index/resource_index/package_run_dependencies/inference_pkg
[43.899s] -- Up-to-date: /root/deepracer_ws/aws-deepracer-launcher/install/inference_pkg/share/ament_index/resource_index/parent_prefix_path/inference_pkg
[43.899s] -- Up-to-date: /root/deepracer_ws/aws-deepracer-launcher/install/inference_pkg/share/inference_pkg/environment/ament_prefix_path.sh
[43.899s] -- Up-to-date: /root/deepracer_ws/aws-deepracer-launcher/install/inference_pkg/share/inference_pkg/environment/ament_prefix_path.dsv
[43.900s] -- Up-to-date: /root/deepracer_ws/aws-deepracer-launcher/install/inference_pkg/share/inference_pkg/environment/path.sh
[43.900s] -- Up-to-date: /root/deepracer_ws/aws-deepracer-launcher/install/inference_pkg/share/inference_pkg/environment/path.dsv
[43.900s] -- Up-to-date: /root/deepracer_ws/aws-deepracer-launcher/install/inference_pkg/share/inference_pkg/local_setup.bash
[43.900s] -- Up-to-date: /root/deepracer_ws/aws-deepracer-launcher/install/inference_pkg/share/inference_pkg/local_setup.sh
[43.901s] -- Up-to-date: /root/deepracer_ws/aws-deepracer-launcher/install/inference_pkg/share/inference_pkg/local_setup.zsh
[43.901s] -- Up-to-date: /root/deepracer_ws/aws-deepracer-launcher/install/inference_pkg/share/inference_pkg/local_setup.dsv
[43.901s] -- Installing: /root/deepracer_ws/aws-deepracer-launcher/install/inference_pkg/share/inference_pkg/package.dsv
[43.902s] -- Up-to-date: /root/deepracer_ws/aws-deepracer-launcher/install/inference_pkg/share/ament_index/resource_index/packages/inference_pkg
[43.902s] -- Up-to-date: /root/deepracer_ws/aws-deepracer-launcher/install/inference_pkg/share/inference_pkg/cmake/ament_cmake_export_include_directories-extras.cmake
[43.903s] -- Up-to-date: /root/deepracer_ws/aws-deepracer-launcher/install/inference_pkg/share/inference_pkg/cmake/ament_cmake_export_dependencies-extras.cmake
[43.903s] -- Up-to-date: /root/deepracer_ws/aws-deepracer-launcher/install/inference_pkg/share/inference_pkg/cmake/inference_pkgConfig.cmake
[43.904s] -- Up-to-date: /root/deepracer_ws/aws-deepracer-launcher/install/inference_pkg/share/inference_pkg/cmake/inference_pkgConfig-version.cmake
[43.904s] -- Up-to-date: /root/deepracer_ws/aws-deepracer-launcher/install/inference_pkg/share/inference_pkg/package.xml
[43.904s] Invoked command in '/root/deepracer_ws/aws-deepracer-launcher/build/inference_pkg' returned '0': AMENT_PREFIX_PATH=/root/deepracer_ws/aws-deepracer-launcher/install/deepracer_interfaces_pkg CMAKE_PREFIX_PATH=/root/deepracer_ws/aws-deepracer-launcher/install/deepracer_interfaces_pkg LD_LIBRARY_PATH=/root/deepracer_ws/aws-deepracer-launcher/install/deepracer_interfaces_pkg/lib PYTHONPATH=/root/deepracer_ws/aws-deepracer-launcher/install/deepracer_interfaces_pkg/lib/python3.8/site-packages /usr/bin/cmake --install /root/deepracer_ws/aws-deepracer-launcher/build/inference_pkg
